#
# There is insufficient memory for the Java Runtime Environment to continue.
# Native memory allocation (malloc) failed to allocate 85458944 bytes for committing reserved memory.
# Possible reasons:
#   The system is out of physical RAM or swap space
#   In 32 bit mode, the process size limit was hit
# Possible solutions:
#   Reduce memory load on the system
#   Increase physical memory or swap space
#   Check if swap backing store is full
#   Use 64 bit Java on a 64 bit OS
#   Decrease Java heap size (-Xmx/-Xms)
#   Decrease number of Java threads
#   Decrease Java thread stack sizes (-Xss)
#   Set larger code cache with -XX:ReservedCodeCacheSize=
# This output file may be truncated or incomplete.
#
#  Out of Memory Error (os_linux.cpp:2756), pid=633, tid=139671204165376
#
# JRE version: Java(TM) SE Runtime Environment (7.0_76-b13) (build 1.7.0_76-b13)
# Java VM: Java HotSpot(TM) 64-Bit Server VM (24.76-b04 mixed mode linux-amd64 compressed oops)
# Failed to write core dump. Core dumps have been disabled. To enable core dumping, try "ulimit -c unlimited" before starting Java again
#

---------------  T H R E A D  ---------------

Current thread (0x00007f07c4130800):  VMThread [stack: 0x00007f07bc727000,0x00007f07bc828000] [id=646]

Stack: [0x00007f07bc727000,0x00007f07bc828000],  sp=0x00007f07bc8260c0,  free space=1020k
Native frames: (J=compiled Java code, j=interpreted, Vv=VM code, C=native code)
V  [libjvm.so+0x9a32ba]  VMError::report_and_die()+0x2ea
V  [libjvm.so+0x497f7b]  report_vm_out_of_memory(char const*, int, unsigned long, char const*)+0x9b
V  [libjvm.so+0x81fcce]  os::Linux::commit_memory_impl(char*, unsigned long, bool)+0xfe
V  [libjvm.so+0x820219]  os::pd_commit_memory(char*, unsigned long, unsigned long, bool)+0x29
V  [libjvm.so+0x819faa]  os::commit_memory(char*, unsigned long, unsigned long, bool)+0x2a
V  [libjvm.so+0x88d843]  PSVirtualSpace::expand_by(unsigned long)+0x53
V  [libjvm.so+0x88ec18]  PSYoungGen::resize_generation(unsigned long, unsigned long)+0xf8
V  [libjvm.so+0x88dd82]  PSYoungGen::resize(unsigned long, unsigned long)+0x22
V  [libjvm.so+0x88b13d]  PSScavenge::invoke_no_policy()+0xf3d
V  [libjvm.so+0x88b981]  PSScavenge::invoke()+0x41
V  [libjvm.so+0x842300]  ParallelScavengeHeap::failed_mem_allocate(unsigned long)+0x70
V  [libjvm.so+0x9a4b47]  VM_ParallelGCFailedAllocation::doit()+0x97
V  [libjvm.so+0x9abfe5]  VM_Operation::evaluate()+0x55
V  [libjvm.so+0x9aa3aa]  VMThread::evaluate_operation(VM_Operation*)+0xba
V  [libjvm.so+0x9aa72e]  VMThread::loop()+0x1ce
V  [libjvm.so+0x9aaba0]  VMThread::run()+0x70
V  [libjvm.so+0x821ca8]  java_start(Thread*)+0x108

VM_Operation (0x00007f07ca49e4c0): ParallelGCFailedAllocation, mode: safepoint, requested by thread 0x00007f07c400a000


---------------  P R O C E S S  ---------------

Java Threads: ( => current thread )
  0x00007f07c415f800 JavaThread "Service Thread" daemon [_thread_blocked, id=652, stack(0x00007f07bc121000,0x00007f07bc222000)]
  0x00007f07c415d000 JavaThread "C2 CompilerThread1" daemon [_thread_in_native, id=651, stack(0x00007f07bc222000,0x00007f07bc323000)]
  0x00007f07c415a000 JavaThread "C2 CompilerThread0" daemon [_thread_blocked, id=650, stack(0x00007f07bc323000,0x00007f07bc424000)]
  0x00007f07c4158000 JavaThread "Signal Dispatcher" daemon [_thread_blocked, id=649, stack(0x00007f07bc424000,0x00007f07bc525000)]
  0x00007f07c4137000 JavaThread "Finalizer" daemon [_thread_blocked, id=648, stack(0x00007f07bc525000,0x00007f07bc626000)]
  0x00007f07c4135000 JavaThread "Reference Handler" daemon [_thread_blocked, id=647, stack(0x00007f07bc626000,0x00007f07bc727000)]
  0x00007f07c400a000 JavaThread "main" [_thread_blocked, id=641, stack(0x00007f07ca39f000,0x00007f07ca4a0000)]

Other Threads:
=>0x00007f07c4130800 VMThread [stack: 0x00007f07bc727000,0x00007f07bc828000] [id=646]
  0x00007f07c416a000 WatcherThread [stack: 0x00007f07bc020000,0x00007f07bc121000] [id=653]

VM state:at safepoint (normal execution)

VM Mutex/Monitor currently owned by a thread:  ([mutex/lock_event])
[0x00007f07c4006360] Threads_lock - owner thread: 0x00007f07c4130800
[0x00007f07c4006860] Heap_lock - owner thread: 0x00007f07c400a000

Heap
 PSYoungGen      total 97792K, used 3555K [0x00000000eaa80000, 0x00000000f0d80000, 0x0000000100000000)
  eden space 94208K, 0% used [0x00000000eaa80000,0x00000000eaa80000,0x00000000f0680000)
  from space 3584K, 99% used [0x00000000f0680000,0x00000000f09f8ff8,0x00000000f0a00000)
  to   space 3584K, 0% used [0x00000000f0a00000,0x00000000f0a00000,0x00000000f0d80000)
 ParOldGen       total 72192K, used 27725K [0x00000000c0000000, 0x00000000c4680000, 0x00000000eaa80000)
  object space 72192K, 38% used [0x00000000c0000000,0x00000000c1b136b8,0x00000000c4680000)
 PSPermGen       total 21504K, used 6702K [0x00000000bae00000, 0x00000000bc300000, 0x00000000c0000000)
  object space 21504K, 31% used [0x00000000bae00000,0x00000000bb48bbc8,0x00000000bc300000)

Card table byte_map: [0x00007f07c037f000,0x00007f07c05a9000] byte_map_base: 0x00007f07bfda8000

Polling page: 0x00007f07ca4c0000

Code Cache  [0x00007f07c05a9000, 0x00007f07c0819000, 0x00007f07c35a9000)
 total_blobs=999 nmethods=751 adapters=202 free_code_cache=47066Kb largest_free_block=48151936

Compilation events (10 events):
Event: 5.916 Thread 0x00007f07c415d000  756             com.android.dx.io.instructions.InstructionCodec$14::decode (53 bytes)
Event: 5.919 Thread 0x00007f07c415a000 nmethod 754 0x00007f07c07980d0 code [0x00007f07c0798220, 0x00007f07c07983d8]
Event: 5.919 Thread 0x00007f07c415a000  757             com.android.dx.io.instructions.InstructionCodec$14::encode (29 bytes)
Event: 5.919 Thread 0x00007f07c415d000 nmethod 756 0x00007f07c0797c10 code [0x00007f07c0797d60, 0x00007f07c0797f38]
Event: 5.923 Thread 0x00007f07c415a000 nmethod 757 0x00007f07c0797590 code [0x00007f07c0797700, 0x00007f07c0797918]
Event: 6.100 Thread 0x00007f07c415d000  758             com.android.dx.merge.DexMerger::transformClassDef (160 bytes)
Event: 6.100 Thread 0x00007f07c415a000  759             com.android.dx.merge.IndexMap::adjustAnnotationDirectory (18 bytes)
Event: 6.105 Thread 0x00007f07c415a000 nmethod 759 0x00007f07c0796e10 code [0x00007f07c0796f80, 0x00007f07c0797238]
Event: 6.105 Thread 0x00007f07c415a000  760             com.android.dx.merge.IndexMap::adjustStaticValues (18 bytes)
Event: 6.111 Thread 0x00007f07c415a000 nmethod 760 0x00007f07c079a090 code [0x00007f07c079a200, 0x00007f07c079a4b8]

GC Heap History (10 events):
Event: 2.104 GC heap after
Heap after GC invocations=1 (full 0):
 PSYoungGen      total 27136K, used 3553K [0x00000000eaa80000, 0x00000000edf80000, 0x0000000100000000)
  eden space 23552K, 0% used [0x00000000eaa80000,0x00000000eaa80000,0x00000000ec180000)
  from space 3584K, 99% used [0x00000000ec180000,0x00000000ec4f8708,0x00000000ec500000)
  to   space 3584K, 0% used [0x00000000edc00000,0x00000000edc00000,0x00000000edf80000)
 ParOldGen       total 61440K, used 6618K [0x00000000c0000000, 0x00000000c3c00000, 0x00000000eaa80000)
  object space 61440K, 10% used [0x00000000c0000000,0x00000000c0676870,0x00000000c3c00000)
 PSPermGen       total 21504K, used 4549K [0x00000000bae00000, 0x00000000bc300000, 0x00000000c0000000)
  object space 21504K, 21% used [0x00000000bae00000,0x00000000bb271558,0x00000000bc300000)
}
Event: 2.721 GC heap before
{Heap before GC invocations=2 (full 0):
 PSYoungGen      total 27136K, used 24619K [0x00000000eaa80000, 0x00000000edf80000, 0x0000000100000000)
  eden space 23552K, 89% used [0x00000000eaa80000,0x00000000ebf12560,0x00000000ec180000)
  from space 3584K, 99% used [0x00000000ec180000,0x00000000ec4f8708,0x00000000ec500000)
  to   space 3584K, 0% used [0x00000000edc00000,0x00000000edc00000,0x00000000edf80000)
 ParOldGen       total 61440K, used 6618K [0x00000000c0000000, 0x00000000c3c00000, 0x00000000eaa80000)
  object space 61440K, 10% used [0x00000000c0000000,0x00000000c0676870,0x00000000c3c00000)
 PSPermGen       total 21504K, used 4947K [0x00000000bae00000, 0x00000000bc300000, 0x00000000c0000000)
  object space 21504K, 23% used [0x00000000bae00000,0x00000000bb2d4e88,0x00000000bc300000)
Event: 2.752 GC heap after
Heap after GC invocations=2 (full 0):
 PSYoungGen      total 50688K, used 3568K [0x00000000eaa80000, 0x00000000edf80000, 0x0000000100000000)
  eden space 47104K, 0% used [0x00000000eaa80000,0x00000000eaa80000,0x00000000ed880000)
  from space 3584K, 99% used [0x00000000edc00000,0x00000000edf7c088,0x00000000edf80000)
  to   space 3584K, 0% used [0x00000000ed880000,0x00000000ed880000,0x00000000edc00000)
 ParOldGen       total 61440K, used 14714K [0x00000000c0000000, 0x00000000c3c00000, 0x00000000eaa80000)
  object space 61440K, 23% used [0x00000000c0000000,0x00000000c0e5e9c8,0x00000000c3c00000)
 PSPermGen       total 21504K, used 4947K [0x00000000bae00000, 0x00000000bc300000, 0x00000000c0000000)
  object space 21504K, 23% used [0x00000000bae00000,0x00000000bb2d4e88,0x00000000bc300000)
}
Event: 4.754 GC heap before
{Heap before GC invocations=3 (full 0):
 PSYoungGen      total 50688K, used 50672K [0x00000000eaa80000, 0x00000000edf80000, 0x0000000100000000)
  eden space 47104K, 100% used [0x00000000eaa80000,0x00000000ed880000,0x00000000ed880000)
  from space 3584K, 99% used [0x00000000edc00000,0x00000000edf7c088,0x00000000edf80000)
  to   space 3584K, 0% used [0x00000000ed880000,0x00000000ed880000,0x00000000edc00000)
 ParOldGen       total 61440K, used 14714K [0x00000000c0000000, 0x00000000c3c00000, 0x00000000eaa80000)
  object space 61440K, 23% used [0x00000000c0000000,0x00000000c0e5e9c8,0x00000000c3c00000)
 PSPermGen       total 21504K, used 6646K [0x00000000bae00000, 0x00000000bc300000, 0x00000000c0000000)
  object space 21504K, 30% used [0x00000000bae00000,0x00000000bb47db28,0x00000000bc300000)
Event: 4.782 GC heap after
Heap after GC invocations=3 (full 0):
 PSYoungGen      total 50688K, used 3569K [0x00000000eaa80000, 0x00000000f0d80000, 0x0000000100000000)
  eden space 47104K, 0% used [0x00000000eaa80000,0x00000000eaa80000,0x00000000ed880000)
  from space 3584K, 99% used [0x00000000ed880000,0x00000000edbfc648,0x00000000edc00000)
  to   space 3584K, 0% used [0x00000000f0a00000,0x00000000f0a00000,0x00000000f0d80000)
 ParOldGen       total 61440K, used 32709K [0x00000000c0000000, 0x00000000c3c00000, 0x00000000eaa80000)
  object space 61440K, 53% used [0x00000000c0000000,0x00000000c1ff1740,0x00000000c3c00000)
 PSPermGen       total 21504K, used 6646K [0x00000000bae00000, 0x00000000bc300000, 0x00000000c0000000)
  object space 21504K, 30% used [0x00000000bae00000,0x00000000bb47db28,0x00000000bc300000)
}
Event: 5.211 GC heap before
{Heap before GC invocations=4 (full 0):
 PSYoungGen      total 50688K, used 50673K [0x00000000eaa80000, 0x00000000f0d80000, 0x0000000100000000)
  eden space 47104K, 100% used [0x00000000eaa80000,0x00000000ed880000,0x00000000ed880000)
  from space 3584K, 99% used [0x00000000ed880000,0x00000000edbfc648,0x00000000edc00000)
  to   space 3584K, 0% used [0x00000000f0a00000,0x00000000f0a00000,0x00000000f0d80000)
 ParOldGen       total 61440K, used 32709K [0x00000000c0000000, 0x00000000c3c00000, 0x00000000eaa80000)
  object space 61440K, 53% used [0x00000000c0000000,0x00000000c1ff1740,0x00000000c3c00000)
 PSPermGen       total 21504K, used 6686K [0x00000000bae00000, 0x00000000bc300000, 0x00000000c0000000)
  object space 21504K, 31% used [0x00000000bae00000,0x00000000bb487948,0x00000000bc300000)
Event: 5.230 GC heap after
Heap after GC invocations=4 (full 0):
 PSYoungGen      total 97792K, used 3569K [0x00000000eaa80000, 0x00000000f0d80000, 0x0000000100000000)
  eden space 94208K, 0% used [0x00000000eaa80000,0x00000000eaa80000,0x00000000f0680000)
  from space 3584K, 99% used [0x00000000f0a00000,0x00000000f0d7c648,0x00000000f0d80000)
  to   space 3584K, 0% used [0x00000000f0680000,0x00000000f0680000,0x00000000f0a00000)
 ParOldGen       total 61440K, used 45001K [0x00000000c0000000, 0x00000000c3c00000, 0x00000000eaa80000)
  object space 61440K, 73% used [0x00000000c0000000,0x00000000c2bf2500,0x00000000c3c00000)
 PSPermGen       total 21504K, used 6686K [0x00000000bae00000, 0x00000000bc300000, 0x00000000c0000000)
  object space 21504K, 31% used [0x00000000bae00000,0x00000000bb487948,0x00000000bc300000)
}
Event: 5.231 GC heap before
{Heap before GC invocations=5 (full 1):
 PSYoungGen      total 97792K, used 3569K [0x00000000eaa80000, 0x00000000f0d80000, 0x0000000100000000)
  eden space 94208K, 0% used [0x00000000eaa80000,0x00000000eaa80000,0x00000000f0680000)
  from space 3584K, 99% used [0x00000000f0a00000,0x00000000f0d7c648,0x00000000f0d80000)
  to   space 3584K, 0% used [0x00000000f0680000,0x00000000f0680000,0x00000000f0a00000)
 ParOldGen       total 61440K, used 45001K [0x00000000c0000000, 0x00000000c3c00000, 0x00000000eaa80000)
  object space 61440K, 73% used [0x00000000c0000000,0x00000000c2bf2500,0x00000000c3c00000)
 PSPermGen       total 21504K, used 6686K [0x00000000bae00000, 0x00000000bc300000, 0x00000000c0000000)
  object space 21504K, 31% used [0x00000000bae00000,0x00000000bb487948,0x00000000bc300000)
Event: 5.363 GC heap after
Heap after GC invocations=5 (full 1):
 PSYoungGen      total 97792K, used 0K [0x00000000eaa80000, 0x00000000f0d80000, 0x0000000100000000)
  eden space 94208K, 0% used [0x00000000eaa80000,0x00000000eaa80000,0x00000000f0680000)
  from space 3584K, 0% used [0x00000000f0a00000,0x00000000f0a00000,0x00000000f0d80000)
  to   space 3584K, 0% used [0x00000000f0680000,0x00000000f0680000,0x00000000f0a00000)
 ParOldGen       total 72192K, used 19843K [0x00000000c0000000, 0x00000000c4680000, 0x00000000eaa80000)
  object space 72192K, 27% used [0x00000000c0000000,0x00000000c1360dd8,0x00000000c4680000)
 PSPermGen       total 21504K, used 6682K [0x00000000bae00000, 0x00000000bc300000, 0x00000000c0000000)
  object space 21504K, 31% used [0x00000000bae00000,0x00000000bb486af8,0x00000000bc300000)
}
Event: 6.213 GC heap before
{Heap before GC invocations=6 (full 1):
 PSYoungGen      total 97792K, used 91998K [0x00000000eaa80000, 0x00000000f0d80000, 0x0000000100000000)
  eden space 94208K, 97% used [0x00000000eaa80000,0x00000000f0457858,0x00000000f0680000)
  from space 3584K, 0% used [0x00000000f0a00000,0x00000000f0a00000,0x00000000f0d80000)
  to   space 3584K, 0% used [0x00000000f0680000,0x00000000f0680000,0x00000000f0a00000)
 ParOldGen       total 72192K, used 19843K [0x00000000c0000000, 0x00000000c4680000, 0x00000000eaa80000)
  object space 72192K, 27% used [0x00000000c0000000,0x00000000c1360dd8,0x00000000c4680000)
 PSPermGen       total 21504K, used 6702K [0x00000000bae00000, 0x00000000bc300000, 0x00000000c0000000)
  object space 21504K, 31% used [0x00000000bae00000,0x00000000bb48bbc8,0x00000000bc300000)

Deoptimization events (10 events):
Event: 3.968 Thread 0x00007f07c400a000 Uncommon trap: reason=class_check action=maybe_recompile pc=0x00007f07c06fb5f8 method=com.android.dex.Leb128.writeUnsignedLeb128(Lcom/android/dex/util/ByteOutput;I)V @ 40
Event: 3.968 Thread 0x00007f07c400a000 Uncommon trap: reason=class_check action=maybe_recompile pc=0x00007f07c06fb5f8 method=com.android.dex.Leb128.writeUnsignedLeb128(Lcom/android/dex/util/ByteOutput;I)V @ 40
Event: 4.116 Thread 0x00007f07c400a000 Uncommon trap: reason=predicate action=maybe_recompile pc=0x00007f07c070bba4 method=com.android.dex.Leb128.writeUnsignedLeb128(Lcom/android/dex/util/ByteOutput;I)V @ 9
Event: 4.317 Thread 0x00007f07c400a000 Uncommon trap: reason=class_check action=maybe_recompile pc=0x00007f07c0643aac method=java.io.DataInputStream.readUnsignedShort()I @ 4
Event: 4.317 Thread 0x00007f07c400a000 Uncommon trap: reason=class_check action=maybe_recompile pc=0x00007f07c0643aac method=java.io.DataInputStream.readUnsignedShort()I @ 4
Event: 4.317 Thread 0x00007f07c400a000 Uncommon trap: reason=class_check action=maybe_recompile pc=0x00007f07c0643aac method=java.io.DataInputStream.readUnsignedShort()I @ 4
Event: 4.317 Thread 0x00007f07c400a000 Uncommon trap: reason=class_check action=maybe_recompile pc=0x00007f07c0643aac method=java.io.DataInputStream.readUnsignedShort()I @ 4
Event: 4.365 Thread 0x00007f07c400a000 Uncommon trap: reason=predicate action=maybe_recompile pc=0x00007f07c070e3b8 method=com.android.dex.Leb128.readUnsignedLeb128(Lcom/android/dex/util/ByteInput;)I @ 41
Event: 5.447 Thread 0x00007f07c400a000 Uncommon trap: reason=predicate action=maybe_recompile pc=0x00007f07c067c638 method=java.util.ComparableTimSort.binarySort([Ljava/lang/Object;III)V @ 37
Event: 5.686 Thread 0x00007f07c400a000 Uncommon trap: reason=predicate action=maybe_recompile pc=0x00007f07c0672258 method=java.util.TimSort.binarySort([Ljava/lang/Object;IIILjava/util/Comparator;)V @ 37

Internal exceptions (10 events):
Event: 4.144 Thread 0x00007f07c400a000 Threw 0x00000000ebe11078 at /HUDSON/workspace/7u-2-build-linux-amd64/jdk7u76/1941/hotspot/src/share/vm/prims/jvm.cpp:1304
Event: 4.145 Thread 0x00007f07c400a000 Threw 0x00000000ebe13f78 at /HUDSON/workspace/7u-2-build-linux-amd64/jdk7u76/1941/hotspot/src/share/vm/prims/jvm.cpp:1304
Event: 4.145 Thread 0x00007f07c400a000 Threw 0x00000000ebe17290 at /HUDSON/workspace/7u-2-build-linux-amd64/jdk7u76/1941/hotspot/src/share/vm/prims/jvm.cpp:1304
Event: 4.149 Thread 0x00007f07c400a000 Threw 0x00000000ebe5e350 at /HUDSON/workspace/7u-2-build-linux-amd64/jdk7u76/1941/hotspot/src/share/vm/prims/jvm.cpp:1304
Event: 4.150 Thread 0x00007f07c400a000 Threw 0x00000000ebe603d0 at /HUDSON/workspace/7u-2-build-linux-amd64/jdk7u76/1941/hotspot/src/share/vm/prims/jvm.cpp:1304
Event: 4.290 Thread 0x00007f07c400a000 Threw 0x00000000ec0676e8 at /HUDSON/workspace/7u-2-build-linux-amd64/jdk7u76/1941/hotspot/src/share/vm/prims/jvm.cpp:1304
Event: 4.290 Thread 0x00007f07c400a000 Threw 0x00000000ec067810 at /HUDSON/workspace/7u-2-build-linux-amd64/jdk7u76/1941/hotspot/src/share/vm/prims/jvm.cpp:1304
Event: 4.291 Thread 0x00007f07c400a000 Threw 0x00000000ec069b80 at /HUDSON/workspace/7u-2-build-linux-amd64/jdk7u76/1941/hotspot/src/share/vm/prims/jvm.cpp:1304
Event: 4.291 Thread 0x00007f07c400a000 Threw 0x00000000ec069ca8 at /HUDSON/workspace/7u-2-build-linux-amd64/jdk7u76/1941/hotspot/src/share/vm/prims/jvm.cpp:1304
Event: 4.643 Thread 0x00007f07c400a000 Threw 0x00000000ecf2b228 at /HUDSON/workspace/7u-2-build-linux-amd64/jdk7u76/1941/hotspot/src/share/vm/prims/jvm.cpp:1304

Events (10 events):
Event: 5.370 Executing VM operation: RevokeBias done
Event: 5.387 Thread 0x00007f07c415d000 flushing nmethod 0x00007f07c0655e10
Event: 5.404 Thread 0x00007f07c415d000 flushing nmethod 0x00007f07c06d9fd0
Event: 5.447 Thread 0x00007f07c400a000 Uncommon trap: trap_request=0xffffff86 fr.pc=0x00007f07c067c638
Event: 5.447 Thread 0x00007f07c400a000 DEOPT PACKING pc=0x00007f07c067c638 sp=0x00007f07ca49e410
Event: 5.447 Thread 0x00007f07c400a000 DEOPT UNPACKING pc=0x00007f07c05e2045 sp=0x00007f07ca49e400 mode 2
Event: 5.686 Thread 0x00007f07c400a000 Uncommon trap: trap_request=0xffffff86 fr.pc=0x00007f07c0672258
Event: 5.686 Thread 0x00007f07c400a000 DEOPT PACKING pc=0x00007f07c0672258 sp=0x00007f07ca49e450
Event: 5.687 Thread 0x00007f07c400a000 DEOPT UNPACKING pc=0x00007f07c05e2045 sp=0x00007f07ca49e440 mode 2
Event: 6.208 Executing VM operation: ParallelGCFailedAllocation


Dynamic libraries:
00400000-00401000 r-xp 00000000 08:01 3818624                            /usr/lib/jvm/java-7-oracle/jre/bin/java
00600000-00601000 rw-p 00000000 08:01 3818624                            /usr/lib/jvm/java-7-oracle/jre/bin/java
0112d000-0114e000 rw-p 00000000 00:00 0                                  [heap]
bae00000-bc300000 rw-p 00000000 00:00 0 
bc300000-c0000000 rw-p 00000000 00:00 0 
c0000000-c4680000 rw-p 00000000 00:00 0 
c4680000-eaa80000 rw-p 00000000 00:00 0 
eaa80000-f0d80000 rw-p 00000000 00:00 0 
f5f00000-100000000 rw-p 00000000 00:00 0 
7f0788000000-7f0788021000 rw-p 00000000 00:00 0 
7f0788021000-7f078c000000 ---p 00000000 00:00 0 
7f078c000000-7f078c021000 rw-p 00000000 00:00 0 
7f078c021000-7f0790000000 ---p 00000000 00:00 0 
7f0790000000-7f0790c70000 rw-p 00000000 00:00 0 
7f0790c70000-7f0794000000 ---p 00000000 00:00 0 
7f0794000000-7f0794be9000 rw-p 00000000 00:00 0 
7f0794be9000-7f0798000000 ---p 00000000 00:00 0 
7f0798000000-7f0798021000 rw-p 00000000 00:00 0 
7f0798021000-7f079c000000 ---p 00000000 00:00 0 
7f079c000000-7f079c021000 rw-p 00000000 00:00 0 
7f079c021000-7f07a0000000 ---p 00000000 00:00 0 
7f07a0000000-7f07a00e5000 rw-p 00000000 00:00 0 
7f07a00e5000-7f07a4000000 ---p 00000000 00:00 0 
7f07a4000000-7f07a4021000 rw-p 00000000 00:00 0 
7f07a4021000-7f07a8000000 ---p 00000000 00:00 0 
7f07a8000000-7f07a8021000 rw-p 00000000 00:00 0 
7f07a8021000-7f07ac000000 ---p 00000000 00:00 0 
7f07ac000000-7f07ac021000 rw-p 00000000 00:00 0 
7f07ac021000-7f07b0000000 ---p 00000000 00:00 0 
7f07b0000000-7f07b0021000 rw-p 00000000 00:00 0 
7f07b0021000-7f07b4000000 ---p 00000000 00:00 0 
7f07b7232000-7f07b739f000 rw-p 00000000 00:00 0 
7f07b739f000-7f07b73c5000 r--p 00000000 08:01 4460467                    /usr/share/locale-langpack/ko/LC_MESSAGES/libc.mo
7f07b73c5000-7f07b73db000 r-xp 00000000 08:01 3818469                    /usr/lib/jvm/java-7-oracle/jre/lib/amd64/libnet.so
7f07b73db000-7f07b75db000 ---p 00016000 08:01 3818469                    /usr/lib/jvm/java-7-oracle/jre/lib/amd64/libnet.so
7f07b75db000-7f07b75dc000 rw-p 00016000 08:01 3818469                    /usr/lib/jvm/java-7-oracle/jre/lib/amd64/libnet.so
7f07b75dc000-7f07b75ec000 r-xp 00000000 08:01 3815879                    /usr/lib/jvm/java-7-oracle/jre/lib/amd64/libnio.so
7f07b75ec000-7f07b77ec000 ---p 00010000 08:01 3815879                    /usr/lib/jvm/java-7-oracle/jre/lib/amd64/libnio.so
7f07b77ec000-7f07b77ed000 rw-p 00010000 08:01 3815879                    /usr/lib/jvm/java-7-oracle/jre/lib/amd64/libnio.so
7f07b77ed000-7f07b8000000 r--p 00000000 08:01 3808254                    /usr/lib/locale/locale-archive
7f07b8000000-7f07b8021000 rw-p 00000000 00:00 0 
7f07b8021000-7f07bc000000 ---p 00000000 00:00 0 
7f07bc020000-7f07bc021000 ---p 00000000 00:00 0 
7f07bc021000-7f07bc121000 rw-p 00000000 00:00 0                          [stack:653]
7f07bc121000-7f07bc124000 ---p 00000000 00:00 0 
7f07bc124000-7f07bc222000 rw-p 00000000 00:00 0                          [stack:652]
7f07bc222000-7f07bc225000 ---p 00000000 00:00 0 
7f07bc225000-7f07bc323000 rw-p 00000000 00:00 0                          [stack:651]
7f07bc323000-7f07bc326000 ---p 00000000 00:00 0 
7f07bc326000-7f07bc424000 rw-p 00000000 00:00 0                          [stack:650]
7f07bc424000-7f07bc427000 ---p 00000000 00:00 0 
7f07bc427000-7f07bc525000 rw-p 00000000 00:00 0                          [stack:649]
7f07bc525000-7f07bc528000 ---p 00000000 00:00 0 
7f07bc528000-7f07bc626000 rw-p 00000000 00:00 0                          [stack:648]
7f07bc626000-7f07bc629000 ---p 00000000 00:00 0 
7f07bc629000-7f07bc727000 rw-p 00000000 00:00 0                          [stack:647]
7f07bc727000-7f07bc728000 ---p 00000000 00:00 0 
7f07bc728000-7f07bd737000 rw-p 00000000 00:00 0                          [stack:646]
7f07bd737000-7f07bd8f6000 r--s 039f0000 08:01 3815342                    /usr/lib/jvm/java-7-oracle/jre/lib/rt.jar
7f07bd8f6000-7f07bfe25000 rw-p 00000000 00:00 0 
7f07bfe25000-7f07bfe26000 ---p 00000000 00:00 0 
7f07bfe26000-7f07bff26000 rw-p 00000000 00:00 0                          [stack:645]
7f07bff26000-7f07bff27000 ---p 00000000 00:00 0 
7f07bff27000-7f07c0027000 rw-p 00000000 00:00 0                          [stack:644]
7f07c0027000-7f07c0028000 ---p 00000000 00:00 0 
7f07c0028000-7f07c0128000 rw-p 00000000 00:00 0                          [stack:643]
7f07c0128000-7f07c0129000 ---p 00000000 00:00 0 
7f07c0129000-7f07c024d000 rw-p 00000000 00:00 0                          [stack:642]
7f07c024d000-7f07c037f000 rw-p 00000000 00:00 0 
7f07c037f000-7f07c038a000 rw-p 00000000 00:00 0 
7f07c038a000-7f07c03a8000 rw-p 00000000 00:00 0 
7f07c03a8000-7f07c03cc000 rw-p 00000000 00:00 0 
7f07c03cc000-7f07c04fd000 rw-p 00000000 00:00 0 
7f07c04fd000-7f07c052f000 rw-p 00000000 00:00 0 
7f07c052f000-7f07c05a8000 rw-p 00000000 00:00 0 
7f07c05a8000-7f07c05a9000 rw-p 00000000 00:00 0 
7f07c05a9000-7f07c0819000 rwxp 00000000 00:00 0 
7f07c0819000-7f07c35a9000 rw-p 00000000 00:00 0 
7f07c35a9000-7f07c35c3000 r-xp 00000000 08:01 3815891                    /usr/lib/jvm/java-7-oracle/jre/lib/amd64/libzip.so
7f07c35c3000-7f07c37c3000 ---p 0001a000 08:01 3815891                    /usr/lib/jvm/java-7-oracle/jre/lib/amd64/libzip.so
7f07c37c3000-7f07c37c4000 rw-p 0001a000 08:01 3815891                    /usr/lib/jvm/java-7-oracle/jre/lib/amd64/libzip.so
7f07c37c4000-7f07c37cf000 r-xp 00000000 08:01 4609338                    /lib/x86_64-linux-gnu/libnss_files-2.19.so
7f07c37cf000-7f07c39ce000 ---p 0000b000 08:01 4609338                    /lib/x86_64-linux-gnu/libnss_files-2.19.so
7f07c39ce000-7f07c39cf000 r--p 0000a000 08:01 4609338                    /lib/x86_64-linux-gnu/libnss_files-2.19.so
7f07c39cf000-7f07c39d0000 rw-p 0000b000 08:01 4609338                    /lib/x86_64-linux-gnu/libnss_files-2.19.so
7f07c39d0000-7f07c39db000 r-xp 00000000 08:01 4609358                    /lib/x86_64-linux-gnu/libnss_nis-2.19.so
7f07c39db000-7f07c3bda000 ---p 0000b000 08:01 4609358                    /lib/x86_64-linux-gnu/libnss_nis-2.19.so
7f07c3bda000-7f07c3bdb000 r--p 0000a000 08:01 4609358                    /lib/x86_64-linux-gnu/libnss_nis-2.19.so
7f07c3bdb000-7f07c3bdc000 rw-p 0000b000 08:01 4609358                    /lib/x86_64-linux-gnu/libnss_nis-2.19.so
7f07c3bdc000-7f07c3bf3000 r-xp 00000000 08:01 4609347                    /lib/x86_64-linux-gnu/libnsl-2.19.so
7f07c3bf3000-7f07c3df2000 ---p 00017000 08:01 4609347                    /lib/x86_64-linux-gnu/libnsl-2.19.so
7f07c3df2000-7f07c3df3000 r--p 00016000 08:01 4609347                    /lib/x86_64-linux-gnu/libnsl-2.19.so
7f07c3df3000-7f07c3df4000 rw-p 00017000 08:01 4609347                    /lib/x86_64-linux-gnu/libnsl-2.19.so
7f07c3df4000-7f07c3df6000 rw-p 00000000 00:00 0 
7f07c3df6000-7f07c3dff000 r-xp 00000000 08:01 4609346                    /lib/x86_64-linux-gnu/libnss_compat-2.19.so
7f07c3dff000-7f07c3ffe000 ---p 00009000 08:01 4609346                    /lib/x86_64-linux-gnu/libnss_compat-2.19.so
7f07c3ffe000-7f07c3fff000 r--p 00008000 08:01 4609346                    /lib/x86_64-linux-gnu/libnss_compat-2.19.so
7f07c3fff000-7f07c4000000 rw-p 00009000 08:01 4609346                    /lib/x86_64-linux-gnu/libnss_compat-2.19.so
7f07c4000000-7f07c4303000 rw-p 00000000 00:00 0 
7f07c4303000-7f07c8000000 ---p 00000000 00:00 0 
7f07c800c000-7f07c8013000 r--s 00000000 08:01 4075464                    /usr/lib/x86_64-linux-gnu/gconv/gconv-modules.cache
7f07c8013000-7f07c80c4000 rw-p 00000000 00:00 0 
7f07c80c4000-7f07c80e2000 rw-p 00000000 00:00 0 
7f07c80e2000-7f07c810b000 r-xp 00000000 08:01 3815892                    /usr/lib/jvm/java-7-oracle/jre/lib/amd64/libjava.so
7f07c810b000-7f07c830b000 ---p 00029000 08:01 3815892                    /usr/lib/jvm/java-7-oracle/jre/lib/amd64/libjava.so
7f07c830b000-7f07c830d000 rw-p 00029000 08:01 3815892                    /usr/lib/jvm/java-7-oracle/jre/lib/amd64/libjava.so
7f07c830d000-7f07c831a000 r-xp 00000000 08:01 3815883                    /usr/lib/jvm/java-7-oracle/jre/lib/amd64/libverify.so
7f07c831a000-7f07c8519000 ---p 0000d000 08:01 3815883                    /usr/lib/jvm/java-7-oracle/jre/lib/amd64/libverify.so
7f07c8519000-7f07c851b000 rw-p 0000c000 08:01 3815883                    /usr/lib/jvm/java-7-oracle/jre/lib/amd64/libverify.so
7f07c851b000-7f07c8522000 r-xp 00000000 08:01 4609355                    /lib/x86_64-linux-gnu/librt-2.19.so
7f07c8522000-7f07c8721000 ---p 00007000 08:01 4609355                    /lib/x86_64-linux-gnu/librt-2.19.so
7f07c8721000-7f07c8722000 r--p 00006000 08:01 4609355                    /lib/x86_64-linux-gnu/librt-2.19.so
7f07c8722000-7f07c8723000 rw-p 00007000 08:01 4609355                    /lib/x86_64-linux-gnu/librt-2.19.so
7f07c8723000-7f07c8828000 r-xp 00000000 08:01 4594610                    /lib/x86_64-linux-gnu/libm-2.19.so
7f07c8828000-7f07c8a27000 ---p 00105000 08:01 4594610                    /lib/x86_64-linux-gnu/libm-2.19.so
7f07c8a27000-7f07c8a28000 r--p 00104000 08:01 4594610                    /lib/x86_64-linux-gnu/libm-2.19.so
7f07c8a28000-7f07c8a29000 rw-p 00105000 08:01 4594610                    /lib/x86_64-linux-gnu/libm-2.19.so
7f07c8a29000-7f07c959e000 r-xp 00000000 08:01 3818475                    /usr/lib/jvm/java-7-oracle/jre/lib/amd64/server/libjvm.so
7f07c959e000-7f07c979e000 ---p 00b75000 08:01 3818475                    /usr/lib/jvm/java-7-oracle/jre/lib/amd64/server/libjvm.so
7f07c979e000-7f07c9862000 rw-p 00b75000 08:01 3818475                    /usr/lib/jvm/java-7-oracle/jre/lib/amd64/server/libjvm.so
7f07c9862000-7f07c98a3000 rw-p 00000000 00:00 0 
7f07c98a3000-7f07c9a5e000 r-xp 00000000 08:01 4609352                    /lib/x86_64-linux-gnu/libc-2.19.so
7f07c9a5e000-7f07c9c5d000 ---p 001bb000 08:01 4609352                    /lib/x86_64-linux-gnu/libc-2.19.so
7f07c9c5d000-7f07c9c61000 r--p 001ba000 08:01 4609352                    /lib/x86_64-linux-gnu/libc-2.19.so
7f07c9c61000-7f07c9c63000 rw-p 001be000 08:01 4609352                    /lib/x86_64-linux-gnu/libc-2.19.so
7f07c9c63000-7f07c9c68000 rw-p 00000000 00:00 0 
7f07c9c68000-7f07c9c6b000 r-xp 00000000 08:01 4609341                    /lib/x86_64-linux-gnu/libdl-2.19.so
7f07c9c6b000-7f07c9e6a000 ---p 00003000 08:01 4609341                    /lib/x86_64-linux-gnu/libdl-2.19.so
7f07c9e6a000-7f07c9e6b000 r--p 00002000 08:01 4609341                    /lib/x86_64-linux-gnu/libdl-2.19.so
7f07c9e6b000-7f07c9e6c000 rw-p 00003000 08:01 4609341                    /lib/x86_64-linux-gnu/libdl-2.19.so
7f07c9e6c000-7f07c9e82000 r-xp 00000000 08:01 3815454                    /usr/lib/jvm/java-7-oracle/jre/lib/amd64/jli/libjli.so
7f07c9e82000-7f07ca082000 ---p 00016000 08:01 3815454                    /usr/lib/jvm/java-7-oracle/jre/lib/amd64/jli/libjli.so
7f07ca082000-7f07ca083000 rw-p 00016000 08:01 3815454                    /usr/lib/jvm/java-7-oracle/jre/lib/amd64/jli/libjli.so
7f07ca083000-7f07ca09c000 r-xp 00000000 08:01 4609353                    /lib/x86_64-linux-gnu/libpthread-2.19.so
7f07ca09c000-7f07ca29b000 ---p 00019000 08:01 4609353                    /lib/x86_64-linux-gnu/libpthread-2.19.so
7f07ca29b000-7f07ca29c000 r--p 00018000 08:01 4609353                    /lib/x86_64-linux-gnu/libpthread-2.19.so
7f07ca29c000-7f07ca29d000 rw-p 00019000 08:01 4609353                    /lib/x86_64-linux-gnu/libpthread-2.19.so
7f07ca29d000-7f07ca2a1000 rw-p 00000000 00:00 0 
7f07ca2a1000-7f07ca2c4000 r-xp 00000000 08:01 4609349                    /lib/x86_64-linux-gnu/ld-2.19.so
7f07ca2c4000-7f07ca2c5000 rw-p 00000000 00:00 0 
7f07ca2c5000-7f07ca2c9000 r--s 000f7000 08:01 3818490                    /usr/lib/jvm/java-7-oracle/jre/lib/ext/localedata.jar
7f07ca2c9000-7f07ca2e9000 rw-p 00000000 00:00 0 
7f07ca2e9000-7f07ca39f000 rw-p 00000000 00:00 0 
7f07ca39f000-7f07ca3a2000 ---p 00000000 00:00 0 
7f07ca3a2000-7f07ca4a4000 rw-p 00000000 00:00 0                          [stack:641]
7f07ca4a4000-7f07ca4a8000 r--s 0008b000 08:01 3818495                    /usr/lib/jvm/java-7-oracle/jre/lib/jsse.jar
7f07ca4a8000-7f07ca4b7000 r--s 000dd000 00:22 156718                     /home/johnny/Android/Sdk/build-tools/21.1.2/lib/dx.jar
7f07ca4b7000-7f07ca4bf000 rw-s 00000000 08:01 3285543                    /tmp/hsperfdata_johnny/633
7f07ca4bf000-7f07ca4c0000 rw-p 00000000 00:00 0 
7f07ca4c0000-7f07ca4c1000 ---p 00000000 00:00 0 
7f07ca4c1000-7f07ca4c3000 rw-p 00000000 00:00 0 
7f07ca4c3000-7f07ca4c4000 r--p 00022000 08:01 4609349                    /lib/x86_64-linux-gnu/ld-2.19.so
7f07ca4c4000-7f07ca4c5000 rw-p 00023000 08:01 4609349                    /lib/x86_64-linux-gnu/ld-2.19.so
7f07ca4c5000-7f07ca4c6000 rw-p 00000000 00:00 0 
7fffe61c2000-7fffe61e3000 rw-p 00000000 00:00 0                          [stack]
7fffe61f5000-7fffe61f7000 r-xp 00000000 00:00 0                          [vdso]
ffffffffff600000-ffffffffff601000 r-xp 00000000 00:00 0                  [vsyscall]

VM Arguments:
jvm_args: -Xmx1024M 
java_command: /home/johnny/Android/Sdk/build-tools/21.1.2/lib/dx.jar --dex --no-optimize --output /home/johnny/AndroidStudioProjects/FlagMon5/app/build/intermediates/dex/debug --input-list=/home/johnny/AndroidStudioProjects/FlagMon5/app/build/intermediates/tmp/dex/debug/inputList.txt
Launcher Type: SUN_STANDARD

Environment Variables:
CLASSPATH=/home/johnny/android-studio/bin/../lib/bootstrap.jar:/home/johnny/android-studio/bin/../lib/extensions.jar:/home/johnny/android-studio/bin/../lib/util.jar:/home/johnny/android-studio/bin/../lib/jdom.jar:/home/johnny/android-studio/bin/../lib/log4j.jar:/home/johnny/android-studio/bin/../lib/trove4j.jar:/home/johnny/android-studio/bin/../lib/jna.jar:/usr/lib/jvm/java-7-oracle/lib/tools.jar
PATH=/usr/local/sbin:/usr/local/bin:/usr/sbin:/usr/bin:/sbin:/bin:/usr/games:/usr/local/games
LD_LIBRARY_PATH=/home/johnny/android-studio/bin:
SHELL=/bin/bash
DISPLAY=:0

Signal Handlers:
SIGSEGV: [libjvm.so+0x9a3bd0], sa_mask[0]=0x7ffbfeff, sa_flags=0x10000004
SIGBUS: [libjvm.so+0x9a3bd0], sa_mask[0]=0x7ffbfeff, sa_flags=0x10000004
SIGFPE: [libjvm.so+0x81cb60], sa_mask[0]=0x7ffbfeff, sa_flags=0x10000004
SIGPIPE: [libjvm.so+0x81cb60], sa_mask[0]=0x7ffbfeff, sa_flags=0x10000004
SIGXFSZ: [libjvm.so+0x81cb60], sa_mask[0]=0x7ffbfeff, sa_flags=0x10000004
SIGILL: [libjvm.so+0x81cb60], sa_mask[0]=0x7ffbfeff, sa_flags=0x10000004
SIGUSR1: SIG_DFL, sa_mask[0]=0x00000000, sa_flags=0x00000000
SIGUSR2: [libjvm.so+0x81e360], sa_mask[0]=0x00000004, sa_flags=0x10000004
SIGHUP: [libjvm.so+0x81f480], sa_mask[0]=0x7ffbfeff, sa_flags=0x10000004
SIGINT: [libjvm.so+0x81f480], sa_mask[0]=0x7ffbfeff, sa_flags=0x10000004
SIGTERM: [libjvm.so+0x81f480], sa_mask[0]=0x7ffbfeff, sa_flags=0x10000004
SIGQUIT: [libjvm.so+0x81f480], sa_mask[0]=0x7ffbfeff, sa_flags=0x10000004


---------------  S Y S T E M  ---------------

OS:jessie/sid

uname:Linux 3.13.0-46-generic #77-Ubuntu SMP Mon Mar 2 18:23:39 UTC 2015 x86_64
libc:glibc 2.19 NPTL 2.19 
rlimit: STACK 8192k, CORE 0k, NPROC 45903, NOFILE 4096, AS infinity
load average:1.51 0.71 0.65

/proc/meminfo:
MemTotal:        5905412 kB
MemFree:          112084 kB
Buffers:             388 kB
Cached:           719936 kB
SwapCached:            0 kB
Active:          4073936 kB
Inactive:         699004 kB
Active(anon):    4069808 kB
Inactive(anon):   694928 kB
Active(file):       4128 kB
Inactive(file):     4076 kB
Unevictable:          32 kB
Mlocked:              32 kB
SwapTotal:             0 kB
SwapFree:              0 kB
Dirty:                36 kB
Writeback:             0 kB
AnonPages:       4053084 kB
Mapped:           903140 kB
Shmem:            711684 kB
Slab:             106136 kB
SReclaimable:      43840 kB
SUnreclaim:        62296 kB
KernelStack:        5472 kB
PageTables:        42204 kB
NFS_Unstable:          0 kB
Bounce:                0 kB
WritebackTmp:          0 kB
CommitLimit:     2952704 kB
Committed_AS:    9239692 kB
VmallocTotal:   34359738367 kB
VmallocUsed:      554704 kB
VmallocChunk:   34359173244 kB
HardwareCorrupted:     0 kB
AnonHugePages:    940032 kB
HugePages_Total:       0
HugePages_Free:        0
HugePages_Rsvd:        0
HugePages_Surp:        0
Hugepagesize:       2048 kB
DirectMap4k:       80128 kB
DirectMap2M:     6004736 kB


CPU:total 4 (2 cores per cpu, 2 threads per core) family 6 model 37 stepping 5, cmov, cx8, fxsr, mmx, sse, sse2, sse3, ssse3, sse4.1, sse4.2, popcnt, ht, tsc, tscinvbit

/proc/cpuinfo:
processor	: 0
vendor_id	: GenuineIntel
cpu family	: 6
model		: 37
model name	: Intel(R) Core(TM) i3 CPU       M 370  @ 2.40GHz
stepping	: 5
microcode	: 0x2
cpu MHz		: 2399.000
cache size	: 3072 KB
physical id	: 0
siblings	: 4
core id		: 0
cpu cores	: 2
apicid		: 0
initial apicid	: 0
fpu		: yes
fpu_exception	: yes
cpuid level	: 11
wp		: yes
flags		: fpu vme de pse tsc msr pae mce cx8 apic sep mtrr pge mca cmov pat pse36 clflush dts acpi mmx fxsr sse sse2 ss ht tm pbe syscall nx rdtscp lm constant_tsc arch_perfmon pebs bts rep_good nopl xtopology nonstop_tsc aperfmperf pni dtes64 monitor ds_cpl vmx est tm2 ssse3 cx16 xtpr pdcm pcid sse4_1 sse4_2 popcnt lahf_lm arat dtherm tpr_shadow vnmi flexpriority ept vpid
bogomips	: 4787.70
clflush size	: 64
cache_alignment	: 64
address sizes	: 36 bits physical, 48 bits virtual
power management:

processor	: 1
vendor_id	: GenuineIntel
cpu family	: 6
model		: 37
model name	: Intel(R) Core(TM) i3 CPU       M 370  @ 2.40GHz
stepping	: 5
microcode	: 0x2
cpu MHz		: 933.000
cache size	: 3072 KB
physical id	: 0
siblings	: 4
core id		: 0
cpu cores	: 2
apicid		: 1
initial apicid	: 1
fpu		: yes
fpu_exception	: yes
cpuid level	: 11
wp		: yes
flags		: fpu vme de pse tsc msr pae mce cx8 apic sep mtrr pge mca cmov pat pse36 clflush dts acpi mmx fxsr sse sse2 ss ht tm pbe syscall nx rdtscp lm constant_tsc arch_perfmon pebs bts rep_good nopl xtopology nonstop_tsc aperfmperf pni dtes64 monitor ds_cpl vmx est tm2 ssse3 cx16 xtpr pdcm pcid sse4_1 sse4_2 popcnt lahf_lm arat dtherm tpr_shadow vnmi flexpriority ept vpid
bogomips	: 4787.70
clflush size	: 64
cache_alignment	: 64
address sizes	: 36 bits physical, 48 bits virtual
power management:

processor	: 2
vendor_id	: GenuineIntel
cpu family	: 6
model		: 37
model name	: Intel(R) Core(TM) i3 CPU       M 370  @ 2.40GHz
stepping	: 5
microcode	: 0x2
cpu MHz		: 2399.000
cache size	: 3072 KB
physical id	: 0
siblings	: 4
core id		: 2
cpu cores	: 2
apicid		: 4
initial apicid	: 4
fpu		: yes
fpu_exception	: yes
cpuid level	: 11
wp		: yes
flags		: fpu vme de pse tsc msr pae mce cx8 apic sep mtrr pge mca cmov pat pse36 clflush dts acpi mmx fxsr sse sse2 ss ht tm pbe syscall nx rdtscp lm constant_tsc arch_perfmon pebs bts rep_good nopl xtopology nonstop_tsc aperfmperf pni dtes64 monitor ds_cpl vmx est tm2 ssse3 cx16 xtpr pdcm pcid sse4_1 sse4_2 popcnt lahf_lm arat dtherm tpr_shadow vnmi flexpriority ept vpid
bogomips	: 4787.70
clflush size	: 64
cache_alignment	: 64
address sizes	: 36 bits physical, 48 bits virtual
power management:

processor	: 3
vendor_id	: GenuineIntel
cpu family	: 6
model		: 37
model name	: Intel(R) Core(TM) i3 CPU       M 370  @ 2.40GHz
stepping	: 5
microcode	: 0x2
cpu MHz		: 2399.000
cache size	: 3072 KB
physical id	: 0
siblings	: 4
core id		: 2
cpu cores	: 2
apicid		: 5
initial apicid	: 5
fpu		: yes
fpu_exception	: yes
cpuid level	: 11
wp		: yes
flags		: fpu vme de pse tsc msr pae mce cx8 apic sep mtrr pge mca cmov pat pse36 clflush dts acpi mmx fxsr sse sse2 ss ht tm pbe syscall nx rdtscp lm constant_tsc arch_perfmon pebs bts rep_good nopl xtopology nonstop_tsc aperfmperf pni dtes64 monitor ds_cpl vmx est tm2 ssse3 cx16 xtpr pdcm pcid sse4_1 sse4_2 popcnt lahf_lm arat dtherm tpr_shadow vnmi flexpriority ept vpid
bogomips	: 4787.70
clflush size	: 64
cache_alignment	: 64
address sizes	: 36 bits physical, 48 bits virtual
power management:



Memory: 4k page, physical 5905412k(113316k free), swap 0k(0k free)

vm_info: Java HotSpot(TM) 64-Bit Server VM (24.76-b04) for linux-amd64 JRE (1.7.0_76-b13), built on Dec 18 2014 16:58:39 by "java_re" with gcc 4.3.0 20080428 (Red Hat 4.3.0-8)

time: Mon Mar  9 21:54:22 2015
elapsed time: 6 seconds

