#
# There is insufficient memory for the Java Runtime Environment to continue.
# Native memory allocation (malloc) failed to allocate 142606336 bytes for committing reserved memory.
# Possible reasons:
#   The system is out of physical RAM or swap space
#   In 32 bit mode, the process size limit was hit
# Possible solutions:
#   Reduce memory load on the system
#   Increase physical memory or swap space
#   Check if swap backing store is full
#   Use 64 bit Java on a 64 bit OS
#   Decrease Java heap size (-Xmx/-Xms)
#   Decrease number of Java threads
#   Decrease Java thread stack sizes (-Xss)
#   Set larger code cache with -XX:ReservedCodeCacheSize=
# This output file may be truncated or incomplete.
#
#  Out of Memory Error (os_linux.cpp:2756), pid=20824, tid=139871320524544
#
# JRE version: Java(TM) SE Runtime Environment (7.0_76-b13) (build 1.7.0_76-b13)
# Java VM: Java HotSpot(TM) 64-Bit Server VM (24.76-b04 mixed mode linux-amd64 compressed oops)
# Failed to write core dump. Core dumps have been disabled. To enable core dumping, try "ulimit -c unlimited" before starting Java again
#

---------------  T H R E A D  ---------------

Current thread (0x00007f365c130800):  VMThread [stack: 0x00007f36544fc000,0x00007f36545fd000] [id=20837]

Stack: [0x00007f36544fc000,0x00007f36545fd000],  sp=0x00007f36545fb140,  free space=1020k
Native frames: (J=compiled Java code, j=interpreted, Vv=VM code, C=native code)
V  [libjvm.so+0x9a32ba]  VMError::report_and_die()+0x2ea
V  [libjvm.so+0x497f7b]  report_vm_out_of_memory(char const*, int, unsigned long, char const*)+0x9b
V  [libjvm.so+0x81fcce]  os::Linux::commit_memory_impl(char*, unsigned long, bool)+0xfe
V  [libjvm.so+0x820219]  os::pd_commit_memory(char*, unsigned long, unsigned long, bool)+0x29
V  [libjvm.so+0x819faa]  os::commit_memory(char*, unsigned long, unsigned long, bool)+0x2a
V  [libjvm.so+0x88d843]  PSVirtualSpace::expand_by(unsigned long)+0x53
V  [libjvm.so+0x88ec18]  PSYoungGen::resize_generation(unsigned long, unsigned long)+0xf8
V  [libjvm.so+0x88dd82]  PSYoungGen::resize(unsigned long, unsigned long)+0x22
V  [libjvm.so+0x88b13d]  PSScavenge::invoke_no_policy()+0xf3d
V  [libjvm.so+0x88b981]  PSScavenge::invoke()+0x41
V  [libjvm.so+0x842300]  ParallelScavengeHeap::failed_mem_allocate(unsigned long)+0x70
V  [libjvm.so+0x9a4b47]  VM_ParallelGCFailedAllocation::doit()+0x97
V  [libjvm.so+0x9abfe5]  VM_Operation::evaluate()+0x55
V  [libjvm.so+0x9aa3aa]  VMThread::evaluate_operation(VM_Operation*)+0xba
V  [libjvm.so+0x9aa72e]  VMThread::loop()+0x1ce
V  [libjvm.so+0x9aaba0]  VMThread::run()+0x70
V  [libjvm.so+0x821ca8]  java_start(Thread*)+0x108

VM_Operation (0x00007f3662260220): ParallelGCFailedAllocation, mode: safepoint, requested by thread 0x00007f365c00a000


---------------  P R O C E S S  ---------------

Java Threads: ( => current thread )
  0x00007f365c15f800 JavaThread "Service Thread" daemon [_thread_blocked, id=20843, stack(0x00007f364f5eb000,0x00007f364f6ec000)]
  0x00007f365c15d000 JavaThread "C2 CompilerThread1" daemon [_thread_blocked, id=20842, stack(0x00007f364f6ec000,0x00007f364f7ed000)]
  0x00007f365c15a000 JavaThread "C2 CompilerThread0" daemon [_thread_blocked, id=20841, stack(0x00007f36540f8000,0x00007f36541f9000)]
  0x00007f365c158000 JavaThread "Signal Dispatcher" daemon [_thread_blocked, id=20840, stack(0x00007f36541f9000,0x00007f36542fa000)]
  0x00007f365c137000 JavaThread "Finalizer" daemon [_thread_blocked, id=20839, stack(0x00007f36542fa000,0x00007f36543fb000)]
  0x00007f365c135000 JavaThread "Reference Handler" daemon [_thread_blocked, id=20838, stack(0x00007f36543fb000,0x00007f36544fc000)]
  0x00007f365c00a000 JavaThread "main" [_thread_blocked, id=20832, stack(0x00007f3662161000,0x00007f3662262000)]

Other Threads:
=>0x00007f365c130800 VMThread [stack: 0x00007f36544fc000,0x00007f36545fd000] [id=20837]
  0x00007f365c172000 WatcherThread [stack: 0x00007f364f4ea000,0x00007f364f5eb000] [id=20844]

VM state:at safepoint (normal execution)

VM Mutex/Monitor currently owned by a thread:  ([mutex/lock_event])
[0x00007f365c006330] Threads_lock - owner thread: 0x00007f365c130800
[0x00007f365c006830] Heap_lock - owner thread: 0x00007f365c00a000

Heap
 PSYoungGen      total 97792K, used 3555K [0x00000000eaa80000, 0x00000000f0d80000, 0x0000000100000000)
  eden space 94208K, 0% used [0x00000000eaa80000,0x00000000eaa80000,0x00000000f0680000)
  from space 3584K, 99% used [0x00000000f0680000,0x00000000f09f8ca0,0x00000000f0a00000)
  to   space 3584K, 0% used [0x00000000f0a00000,0x00000000f0a00000,0x00000000f0d80000)
 ParOldGen       total 61440K, used 42697K [0x00000000c0000000, 0x00000000c3c00000, 0x00000000eaa80000)
  object space 61440K, 69% used [0x00000000c0000000,0x00000000c29b2548,0x00000000c3c00000)
 PSPermGen       total 21504K, used 7178K [0x00000000bae00000, 0x00000000bc300000, 0x00000000c0000000)
  object space 21504K, 33% used [0x00000000bae00000,0x00000000bb502ba0,0x00000000bc300000)

Card table byte_map: [0x00007f3658154000,0x00007f365837e000] byte_map_base: 0x00007f3657b7d000

Polling page: 0x00007f3662282000

Code Cache  [0x00007f365837e000, 0x00007f36585fe000, 0x00007f365b37e000)
 total_blobs=1113 nmethods=864 adapters=203 free_code_cache=46689Kb largest_free_block=47772352

Compilation events (10 events):
Event: 6.349 Thread 0x00007f365c15a000 nmethod 871 0x00007f36585e9490 code [0x00007f36585e95e0, 0x00007f36585e9738]
Event: 6.349 Thread 0x00007f365c15a000  872             com.android.dx.io.instructions.DecodedInstruction::getTargetByte (48 bytes)
Event: 6.350 Thread 0x00007f365c15a000 nmethod 872 0x00007f36585e6710 code [0x00007f36585e6840, 0x00007f36585e68b8]
Event: 6.350 Thread 0x00007f365c15a000  873             com.android.dx.merge.InstructionTransformer$StringVisitor::visit (63 bytes)
Event: 6.358 Thread 0x00007f365c15a000 nmethod 873 0x00007f36585e8bd0 code [0x00007f36585e8d40, 0x00007f36585e9098]
Event: 6.358 Thread 0x00007f365c15a000  874             com.android.dx.io.instructions.InstructionCodec$3::decode (35 bytes)
Event: 6.360 Thread 0x00007f365c15a000 nmethod 874 0x00007f36585e88d0 code [0x00007f36585e8a20, 0x00007f36585e8b38]
Event: 6.360 Thread 0x00007f365c15a000  875             com.android.dx.io.instructions.InstructionCodec$3::encode (25 bytes)
Event: 6.363 Thread 0x00007f365c15a000 nmethod 875 0x00007f36585e7bd0 code [0x00007f36585e7d40, 0x00007f36585e7ef8]
Event: 6.363 Thread 0x00007f365c15a000  876             com.android.dx.io.instructions.ThreeRegisterDecodedInstruction::withIndex (41 bytes)

GC Heap History (9 events):
Event: 1.514 GC heap before
{Heap before GC invocations=1 (full 0):
 PSYoungGen      total 27136K, used 23552K [0x00000000eaa80000, 0x00000000ec880000, 0x0000000100000000)
  eden space 23552K, 100% used [0x00000000eaa80000,0x00000000ec180000,0x00000000ec180000)
  from space 3584K, 0% used [0x00000000ec500000,0x00000000ec500000,0x00000000ec880000)
  to   space 3584K, 0% used [0x00000000ec180000,0x00000000ec180000,0x00000000ec500000)
 ParOldGen       total 61440K, used 0K [0x00000000c0000000, 0x00000000c3c00000, 0x00000000eaa80000)
  object space 61440K, 0% used [0x00000000c0000000,0x00000000c0000000,0x00000000c3c00000)
 PSPermGen       total 21504K, used 4966K [0x00000000bae00000, 0x00000000bc300000, 0x00000000c0000000)
  object space 21504K, 23% used [0x00000000bae00000,0x00000000bb2d9af8,0x00000000bc300000)
Event: 1.692 GC heap after
Heap after GC invocations=1 (full 0):
 PSYoungGen      total 27136K, used 3552K [0x00000000eaa80000, 0x00000000edf80000, 0x0000000100000000)
  eden space 23552K, 0% used [0x00000000eaa80000,0x00000000eaa80000,0x00000000ec180000)
  from space 3584K, 99% used [0x00000000ec180000,0x00000000ec4f8038,0x00000000ec500000)
  to   space 3584K, 0% used [0x00000000edc00000,0x00000000edc00000,0x00000000edf80000)
 ParOldGen       total 61440K, used 2053K [0x00000000c0000000, 0x00000000c3c00000, 0x00000000eaa80000)
  object space 61440K, 3% used [0x00000000c0000000,0x00000000c02014b8,0x00000000c3c00000)
 PSPermGen       total 21504K, used 4966K [0x00000000bae00000, 0x00000000bc300000, 0x00000000c0000000)
  object space 21504K, 23% used [0x00000000bae00000,0x00000000bb2d9af8,0x00000000bc300000)
}
Event: 2.682 GC heap before
{Heap before GC invocations=2 (full 0):
 PSYoungGen      total 27136K, used 27104K [0x00000000eaa80000, 0x00000000edf80000, 0x0000000100000000)
  eden space 23552K, 100% used [0x00000000eaa80000,0x00000000ec180000,0x00000000ec180000)
  from space 3584K, 99% used [0x00000000ec180000,0x00000000ec4f8038,0x00000000ec500000)
  to   space 3584K, 0% used [0x00000000edc00000,0x00000000edc00000,0x00000000edf80000)
 ParOldGen       total 61440K, used 2053K [0x00000000c0000000, 0x00000000c3c00000, 0x00000000eaa80000)
  object space 61440K, 3% used [0x00000000c0000000,0x00000000c02014b8,0x00000000c3c00000)
 PSPermGen       total 21504K, used 5090K [0x00000000bae00000, 0x00000000bc300000, 0x00000000c0000000)
  object space 21504K, 23% used [0x00000000bae00000,0x00000000bb2f89b8,0x00000000bc300000)
Event: 2.713 GC heap after
Heap after GC invocations=2 (full 0):
 PSYoungGen      total 50688K, used 3553K [0x00000000eaa80000, 0x00000000edf80000, 0x0000000100000000)
  eden space 47104K, 0% used [0x00000000eaa80000,0x00000000eaa80000,0x00000000ed880000)
  from space 3584K, 99% used [0x00000000edc00000,0x00000000edf78680,0x00000000edf80000)
  to   space 3584K, 0% used [0x00000000ed880000,0x00000000ed880000,0x00000000edc00000)
 ParOldGen       total 61440K, used 5768K [0x00000000c0000000, 0x00000000c3c00000, 0x00000000eaa80000)
  object space 61440K, 9% used [0x00000000c0000000,0x00000000c05a2398,0x00000000c3c00000)
 PSPermGen       total 21504K, used 5090K [0x00000000bae00000, 0x00000000bc300000, 0x00000000c0000000)
  object space 21504K, 23% used [0x00000000bae00000,0x00000000bb2f89b8,0x00000000bc300000)
}
Event: 4.741 GC heap before
{Heap before GC invocations=3 (full 0):
 PSYoungGen      total 50688K, used 50657K [0x00000000eaa80000, 0x00000000edf80000, 0x0000000100000000)
  eden space 47104K, 100% used [0x00000000eaa80000,0x00000000ed880000,0x00000000ed880000)
  from space 3584K, 99% used [0x00000000edc00000,0x00000000edf78680,0x00000000edf80000)
  to   space 3584K, 0% used [0x00000000ed880000,0x00000000ed880000,0x00000000edc00000)
 ParOldGen       total 61440K, used 5768K [0x00000000c0000000, 0x00000000c3c00000, 0x00000000eaa80000)
  object space 61440K, 9% used [0x00000000c0000000,0x00000000c05a2398,0x00000000c3c00000)
 PSPermGen       total 21504K, used 6320K [0x00000000bae00000, 0x00000000bc300000, 0x00000000c0000000)
  object space 21504K, 29% used [0x00000000bae00000,0x00000000bb42c088,0x00000000bc300000)
Event: 4.760 GC heap after
Heap after GC invocations=3 (full 0):
 PSYoungGen      total 50688K, used 3555K [0x00000000eaa80000, 0x00000000f0d80000, 0x0000000100000000)
  eden space 47104K, 0% used [0x00000000eaa80000,0x00000000eaa80000,0x00000000ed880000)
  from space 3584K, 99% used [0x00000000ed880000,0x00000000edbf8ca0,0x00000000edc00000)
  to   space 3584K, 0% used [0x00000000f0a00000,0x00000000f0a00000,0x00000000f0d80000)
 ParOldGen       total 61440K, used 13977K [0x00000000c0000000, 0x00000000c3c00000, 0x00000000eaa80000)
  object space 61440K, 22% used [0x00000000c0000000,0x00000000c0da6588,0x00000000c3c00000)
 PSPermGen       total 21504K, used 6320K [0x00000000bae00000, 0x00000000bc300000, 0x00000000c0000000)
  object space 21504K, 29% used [0x00000000bae00000,0x00000000bb42c088,0x00000000bc300000)
}
Event: 5.686 GC heap before
{Heap before GC invocations=4 (full 0):
 PSYoungGen      total 50688K, used 50659K [0x00000000eaa80000, 0x00000000f0d80000, 0x0000000100000000)
  eden space 47104K, 100% used [0x00000000eaa80000,0x00000000ed880000,0x00000000ed880000)
  from space 3584K, 99% used [0x00000000ed880000,0x00000000edbf8ca0,0x00000000edc00000)
  to   space 3584K, 0% used [0x00000000f0a00000,0x00000000f0a00000,0x00000000f0d80000)
 ParOldGen       total 61440K, used 13977K [0x00000000c0000000, 0x00000000c3c00000, 0x00000000eaa80000)
  object space 61440K, 22% used [0x00000000c0000000,0x00000000c0da6588,0x00000000c3c00000)
 PSPermGen       total 21504K, used 7149K [0x00000000bae00000, 0x00000000bc300000, 0x00000000c0000000)
  object space 21504K, 33% used [0x00000000bae00000,0x00000000bb4fb4b0,0x00000000bc300000)
Event: 5.717 GC heap after
Heap after GC invocations=4 (full 0):
 PSYoungGen      total 97792K, used 3569K [0x00000000eaa80000, 0x00000000f0d80000, 0x0000000100000000)
  eden space 94208K, 0% used [0x00000000eaa80000,0x00000000eaa80000,0x00000000f0680000)
  from space 3584K, 99% used [0x00000000f0a00000,0x00000000f0d7c658,0x00000000f0d80000)
  to   space 3584K, 0% used [0x00000000f0680000,0x00000000f0680000,0x00000000f0a00000)
 ParOldGen       total 61440K, used 17109K [0x00000000c0000000, 0x00000000c3c00000, 0x00000000eaa80000)
  object space 61440K, 27% used [0x00000000c0000000,0x00000000c10b5560,0x00000000c3c00000)
 PSPermGen       total 21504K, used 7149K [0x00000000bae00000, 0x00000000bc300000, 0x00000000c0000000)
  object space 21504K, 33% used [0x00000000bae00000,0x00000000bb4fb4b0,0x00000000bc300000)
}
Event: 6.365 GC heap before
{Heap before GC invocations=5 (full 0):
 PSYoungGen      total 97792K, used 97777K [0x00000000eaa80000, 0x00000000f0d80000, 0x0000000100000000)
  eden space 94208K, 100% used [0x00000000eaa80000,0x00000000f0680000,0x00000000f0680000)
  from space 3584K, 99% used [0x00000000f0a00000,0x00000000f0d7c658,0x00000000f0d80000)
  to   space 3584K, 0% used [0x00000000f0680000,0x00000000f0680000,0x00000000f0a00000)
 ParOldGen       total 61440K, used 17109K [0x00000000c0000000, 0x00000000c3c00000, 0x00000000eaa80000)
  object space 61440K, 27% used [0x00000000c0000000,0x00000000c10b5560,0x00000000c3c00000)
 PSPermGen       total 21504K, used 7178K [0x00000000bae00000, 0x00000000bc300000, 0x00000000c0000000)
  object space 21504K, 33% used [0x00000000bae00000,0x00000000bb502ba0,0x00000000bc300000)

Deoptimization events (10 events):
Event: 4.524 Thread 0x00007f365c00a000 Uncommon trap: reason=class_check action=maybe_recompile pc=0x00007f365854cfc4 method=com.android.dex.Leb128.writeUnsignedLeb128(Lcom/android/dex/util/ByteOutput;I)V @ 40
Event: 4.597 Thread 0x00007f365c00a000 Uncommon trap: reason=predicate action=maybe_recompile pc=0x00007f3658562724 method=com.android.dex.Leb128.writeUnsignedLeb128(Lcom/android/dex/util/ByteOutput;I)V @ 9
Event: 4.905 Thread 0x00007f365c00a000 Uncommon trap: reason=class_check action=maybe_recompile pc=0x00007f3658449fb8 method=java.util.HashMap.<init>(IF)V @ 115
Event: 4.906 Thread 0x00007f365c00a000 Uncommon trap: reason=class_check action=maybe_recompile pc=0x00007f3658449924 method=java.util.HashMap.<init>(IF)V @ 115
Event: 4.920 Thread 0x00007f365c00a000 Uncommon trap: reason=class_check action=maybe_recompile pc=0x00007f365842f0e0 method=java.util.ArrayList.<init>(Ljava/util/Collection;)V @ 6
Event: 4.938 Thread 0x00007f365c00a000 Uncommon trap: reason=class_check action=maybe_recompile pc=0x00007f3658449fb8 method=java.util.HashMap.<init>(IF)V @ 115
Event: 4.938 Thread 0x00007f365c00a000 Uncommon trap: reason=class_check action=maybe_recompile pc=0x00007f365842f0e0 method=java.util.ArrayList.<init>(Ljava/util/Collection;)V @ 6
Event: 4.987 Thread 0x00007f365c00a000 Uncommon trap: reason=predicate action=maybe_recompile pc=0x00007f3658474f10 method=com.android.dex.Leb128.readUnsignedLeb128(Lcom/android/dex/util/ByteInput;)I @ 41
Event: 5.948 Thread 0x00007f365c00a000 Uncommon trap: reason=predicate action=maybe_recompile pc=0x00007f365845a738 method=java.util.ComparableTimSort.binarySort([Ljava/lang/Object;III)V @ 37
Event: 6.141 Thread 0x00007f365c00a000 Uncommon trap: reason=predicate action=maybe_recompile pc=0x00007f36585abd98 method=java.util.TimSort.binarySort([Ljava/lang/Object;IIILjava/util/Comparator;)V @ 37

Internal exceptions (10 events):
Event: 4.787 Thread 0x00007f365c00a000 Threw 0x00000000eab28de0 at /HUDSON/workspace/7u-2-build-linux-amd64/jdk7u76/1941/hotspot/src/share/vm/prims/jvm.cpp:1304
Event: 4.787 Thread 0x00007f365c00a000 Threw 0x00000000eab2bce0 at /HUDSON/workspace/7u-2-build-linux-amd64/jdk7u76/1941/hotspot/src/share/vm/prims/jvm.cpp:1304
Event: 4.788 Thread 0x00007f365c00a000 Threw 0x00000000eab2eff8 at /HUDSON/workspace/7u-2-build-linux-amd64/jdk7u76/1941/hotspot/src/share/vm/prims/jvm.cpp:1304
Event: 4.791 Thread 0x00007f365c00a000 Threw 0x00000000eab36000 at /HUDSON/workspace/7u-2-build-linux-amd64/jdk7u76/1941/hotspot/src/share/vm/prims/jvm.cpp:1304
Event: 4.791 Thread 0x00007f365c00a000 Threw 0x00000000eab38080 at /HUDSON/workspace/7u-2-build-linux-amd64/jdk7u76/1941/hotspot/src/share/vm/prims/jvm.cpp:1304
Event: 4.912 Thread 0x00007f365c00a000 Threw 0x00000000eace17f8 at /HUDSON/workspace/7u-2-build-linux-amd64/jdk7u76/1941/hotspot/src/share/vm/prims/jvm.cpp:1304
Event: 4.912 Thread 0x00007f365c00a000 Threw 0x00000000eace1920 at /HUDSON/workspace/7u-2-build-linux-amd64/jdk7u76/1941/hotspot/src/share/vm/prims/jvm.cpp:1304
Event: 4.912 Thread 0x00007f365c00a000 Threw 0x00000000eace3c90 at /HUDSON/workspace/7u-2-build-linux-amd64/jdk7u76/1941/hotspot/src/share/vm/prims/jvm.cpp:1304
Event: 4.913 Thread 0x00007f365c00a000 Threw 0x00000000eace3db8 at /HUDSON/workspace/7u-2-build-linux-amd64/jdk7u76/1941/hotspot/src/share/vm/prims/jvm.cpp:1304
Event: 5.287 Thread 0x00007f365c00a000 Threw 0x00000000eb9d7280 at /HUDSON/workspace/7u-2-build-linux-amd64/jdk7u76/1941/hotspot/src/share/vm/prims/jvm.cpp:1304

Events (10 events):
Event: 5.791 Thread 0x00007f365c15d000 flushing nmethod 0x00007f3658458ed0
Event: 5.791 Thread 0x00007f365c15d000 flushing nmethod 0x00007f3658491490
Event: 5.792 Thread 0x00007f365c15d000 flushing nmethod 0x00007f365849fa10
Event: 5.948 Thread 0x00007f365c00a000 Uncommon trap: trap_request=0xffffff86 fr.pc=0x00007f365845a738
Event: 5.948 Thread 0x00007f365c00a000 DEOPT PACKING pc=0x00007f365845a738 sp=0x00007f3662260410
Event: 5.948 Thread 0x00007f365c00a000 DEOPT UNPACKING pc=0x00007f36583b7045 sp=0x00007f3662260400 mode 2
Event: 6.141 Thread 0x00007f365c00a000 Uncommon trap: trap_request=0xffffff86 fr.pc=0x00007f36585abd98
Event: 6.141 Thread 0x00007f365c00a000 DEOPT PACKING pc=0x00007f36585abd98 sp=0x00007f3662260450
Event: 6.141 Thread 0x00007f365c00a000 DEOPT UNPACKING pc=0x00007f36583b7045 sp=0x00007f3662260440 mode 2
Event: 6.365 Executing VM operation: ParallelGCFailedAllocation


Dynamic libraries:
00400000-00401000 r-xp 00000000 08:01 3818624                            /usr/lib/jvm/java-7-oracle/jre/bin/java
00600000-00601000 rw-p 00000000 08:01 3818624                            /usr/lib/jvm/java-7-oracle/jre/bin/java
019ab000-019cc000 rw-p 00000000 00:00 0                                  [heap]
bae00000-bc300000 rw-p 00000000 00:00 0 
bc300000-c0000000 rw-p 00000000 00:00 0 
c0000000-c3c00000 rw-p 00000000 00:00 0 
c3c00000-eaa80000 rw-p 00000000 00:00 0 
eaa80000-f0d80000 rw-p 00000000 00:00 0 
f9580000-100000000 rw-p 00000000 00:00 0 
7f3620000000-7f3620021000 rw-p 00000000 00:00 0 
7f3620021000-7f3624000000 ---p 00000000 00:00 0 
7f3624000000-7f3624021000 rw-p 00000000 00:00 0 
7f3624021000-7f3628000000 ---p 00000000 00:00 0 
7f3628000000-7f3628b7b000 rw-p 00000000 00:00 0 
7f3628b7b000-7f362c000000 ---p 00000000 00:00 0 
7f362c000000-7f362c967000 rw-p 00000000 00:00 0 
7f362c967000-7f3630000000 ---p 00000000 00:00 0 
7f3630000000-7f3630021000 rw-p 00000000 00:00 0 
7f3630021000-7f3634000000 ---p 00000000 00:00 0 
7f3634000000-7f3634021000 rw-p 00000000 00:00 0 
7f3634021000-7f3638000000 ---p 00000000 00:00 0 
7f3638000000-7f36380e5000 rw-p 00000000 00:00 0 
7f36380e5000-7f363c000000 ---p 00000000 00:00 0 
7f363c000000-7f363c021000 rw-p 00000000 00:00 0 
7f363c021000-7f3640000000 ---p 00000000 00:00 0 
7f3640000000-7f3640021000 rw-p 00000000 00:00 0 
7f3640021000-7f3644000000 ---p 00000000 00:00 0 
7f3644000000-7f3644021000 rw-p 00000000 00:00 0 
7f3644021000-7f3648000000 ---p 00000000 00:00 0 
7f3648000000-7f3648021000 rw-p 00000000 00:00 0 
7f3648021000-7f364c000000 ---p 00000000 00:00 0 
7f364ef55000-7f364f0c2000 rw-p 00000000 00:00 0 
7f364f0c2000-7f364f0d8000 r-xp 00000000 08:01 3818469                    /usr/lib/jvm/java-7-oracle/jre/lib/amd64/libnet.so
7f364f0d8000-7f364f2d8000 ---p 00016000 08:01 3818469                    /usr/lib/jvm/java-7-oracle/jre/lib/amd64/libnet.so
7f364f2d8000-7f364f2d9000 rw-p 00016000 08:01 3818469                    /usr/lib/jvm/java-7-oracle/jre/lib/amd64/libnet.so
7f364f2d9000-7f364f2e9000 r-xp 00000000 08:01 3815879                    /usr/lib/jvm/java-7-oracle/jre/lib/amd64/libnio.so
7f364f2e9000-7f364f4e9000 ---p 00010000 08:01 3815879                    /usr/lib/jvm/java-7-oracle/jre/lib/amd64/libnio.so
7f364f4e9000-7f364f4ea000 rw-p 00010000 08:01 3815879                    /usr/lib/jvm/java-7-oracle/jre/lib/amd64/libnio.so
7f364f4ea000-7f364f4eb000 ---p 00000000 00:00 0 
7f364f4eb000-7f364f5eb000 rw-p 00000000 00:00 0                          [stack:20844]
7f364f5eb000-7f364f5ee000 ---p 00000000 00:00 0 
7f364f5ee000-7f364f6ec000 rw-p 00000000 00:00 0                          [stack:20843]
7f364f6ec000-7f364f6ef000 ---p 00000000 00:00 0 
7f364f6ef000-7f364f7ed000 rw-p 00000000 00:00 0                          [stack:20842]
7f364f7ed000-7f3650000000 r--p 00000000 08:01 3808254                    /usr/lib/locale/locale-archive
7f3650000000-7f3650021000 rw-p 00000000 00:00 0 
7f3650021000-7f3654000000 ---p 00000000 00:00 0 
7f36540cb000-7f36540d2000 r--s 00000000 08:01 4075464                    /usr/lib/x86_64-linux-gnu/gconv/gconv-modules.cache
7f36540d2000-7f36540f8000 r--p 00000000 08:01 4460467                    /usr/share/locale-langpack/ko/LC_MESSAGES/libc.mo
7f36540f8000-7f36540fb000 ---p 00000000 00:00 0 
7f36540fb000-7f36541f9000 rw-p 00000000 00:00 0                          [stack:20841]
7f36541f9000-7f36541fc000 ---p 00000000 00:00 0 
7f36541fc000-7f36542fa000 rw-p 00000000 00:00 0                          [stack:20840]
7f36542fa000-7f36542fd000 ---p 00000000 00:00 0 
7f36542fd000-7f36543fb000 rw-p 00000000 00:00 0                          [stack:20839]
7f36543fb000-7f36543fe000 ---p 00000000 00:00 0 
7f36543fe000-7f36544fc000 rw-p 00000000 00:00 0                          [stack:20838]
7f36544fc000-7f36544fd000 ---p 00000000 00:00 0 
7f36544fd000-7f365550c000 rw-p 00000000 00:00 0                          [stack:20837]
7f365550c000-7f36556cb000 r--s 039f0000 08:01 3815342                    /usr/lib/jvm/java-7-oracle/jre/lib/rt.jar
7f36556cb000-7f3657bfa000 rw-p 00000000 00:00 0 
7f3657bfa000-7f3657bfb000 ---p 00000000 00:00 0 
7f3657bfb000-7f3657cfb000 rw-p 00000000 00:00 0                          [stack:20836]
7f3657cfb000-7f3657cfc000 ---p 00000000 00:00 0 
7f3657cfc000-7f3657dfc000 rw-p 00000000 00:00 0                          [stack:20835]
7f3657dfc000-7f3657dfd000 ---p 00000000 00:00 0 
7f3657dfd000-7f3657efd000 rw-p 00000000 00:00 0                          [stack:20834]
7f3657efd000-7f3657efe000 ---p 00000000 00:00 0 
7f3657efe000-7f365801c000 rw-p 00000000 00:00 0                          [stack:20833]
7f365801c000-7f3658154000 rw-p 00000000 00:00 0 
7f3658154000-7f365815f000 rw-p 00000000 00:00 0 
7f365815f000-7f365817d000 rw-p 00000000 00:00 0 
7f365817d000-7f365819b000 rw-p 00000000 00:00 0 
7f365819b000-7f36582d2000 rw-p 00000000 00:00 0 
7f36582d2000-7f3658304000 rw-p 00000000 00:00 0 
7f3658304000-7f365837d000 rw-p 00000000 00:00 0 
7f365837d000-7f365837e000 rw-p 00000000 00:00 0 
7f365837e000-7f36585fe000 rwxp 00000000 00:00 0 
7f36585fe000-7f365b37e000 rw-p 00000000 00:00 0 
7f365b37e000-7f365b398000 r-xp 00000000 08:01 3815891                    /usr/lib/jvm/java-7-oracle/jre/lib/amd64/libzip.so
7f365b398000-7f365b598000 ---p 0001a000 08:01 3815891                    /usr/lib/jvm/java-7-oracle/jre/lib/amd64/libzip.so
7f365b598000-7f365b599000 rw-p 0001a000 08:01 3815891                    /usr/lib/jvm/java-7-oracle/jre/lib/amd64/libzip.so
7f365b599000-7f365b5a4000 r-xp 00000000 08:01 4609338                    /lib/x86_64-linux-gnu/libnss_files-2.19.so
7f365b5a4000-7f365b7a3000 ---p 0000b000 08:01 4609338                    /lib/x86_64-linux-gnu/libnss_files-2.19.so
7f365b7a3000-7f365b7a4000 r--p 0000a000 08:01 4609338                    /lib/x86_64-linux-gnu/libnss_files-2.19.so
7f365b7a4000-7f365b7a5000 rw-p 0000b000 08:01 4609338                    /lib/x86_64-linux-gnu/libnss_files-2.19.so
7f365b7a5000-7f365b7b0000 r-xp 00000000 08:01 4609358                    /lib/x86_64-linux-gnu/libnss_nis-2.19.so
7f365b7b0000-7f365b9af000 ---p 0000b000 08:01 4609358                    /lib/x86_64-linux-gnu/libnss_nis-2.19.so
7f365b9af000-7f365b9b0000 r--p 0000a000 08:01 4609358                    /lib/x86_64-linux-gnu/libnss_nis-2.19.so
7f365b9b0000-7f365b9b1000 rw-p 0000b000 08:01 4609358                    /lib/x86_64-linux-gnu/libnss_nis-2.19.so
7f365b9b1000-7f365b9c8000 r-xp 00000000 08:01 4609347                    /lib/x86_64-linux-gnu/libnsl-2.19.so
7f365b9c8000-7f365bbc7000 ---p 00017000 08:01 4609347                    /lib/x86_64-linux-gnu/libnsl-2.19.so
7f365bbc7000-7f365bbc8000 r--p 00016000 08:01 4609347                    /lib/x86_64-linux-gnu/libnsl-2.19.so
7f365bbc8000-7f365bbc9000 rw-p 00017000 08:01 4609347                    /lib/x86_64-linux-gnu/libnsl-2.19.so
7f365bbc9000-7f365bbcb000 rw-p 00000000 00:00 0 
7f365bbcb000-7f365bbd4000 r-xp 00000000 08:01 4609346                    /lib/x86_64-linux-gnu/libnss_compat-2.19.so
7f365bbd4000-7f365bdd3000 ---p 00009000 08:01 4609346                    /lib/x86_64-linux-gnu/libnss_compat-2.19.so
7f365bdd3000-7f365bdd4000 r--p 00008000 08:01 4609346                    /lib/x86_64-linux-gnu/libnss_compat-2.19.so
7f365bdd4000-7f365bdd5000 rw-p 00009000 08:01 4609346                    /lib/x86_64-linux-gnu/libnss_compat-2.19.so
7f365bdd5000-7f365bdfe000 r-xp 00000000 08:01 3815892                    /usr/lib/jvm/java-7-oracle/jre/lib/amd64/libjava.so
7f365bdfe000-7f365bffe000 ---p 00029000 08:01 3815892                    /usr/lib/jvm/java-7-oracle/jre/lib/amd64/libjava.so
7f365bffe000-7f365c000000 rw-p 00029000 08:01 3815892                    /usr/lib/jvm/java-7-oracle/jre/lib/amd64/libjava.so
7f365c000000-7f365c32b000 rw-p 00000000 00:00 0 
7f365c32b000-7f3660000000 ---p 00000000 00:00 0 
7f3660000000-7f36600b1000 rw-p 00000000 00:00 0 
7f36600b1000-7f36600cf000 rw-p 00000000 00:00 0 
7f36600cf000-7f36600dc000 r-xp 00000000 08:01 3815883                    /usr/lib/jvm/java-7-oracle/jre/lib/amd64/libverify.so
7f36600dc000-7f36602db000 ---p 0000d000 08:01 3815883                    /usr/lib/jvm/java-7-oracle/jre/lib/amd64/libverify.so
7f36602db000-7f36602dd000 rw-p 0000c000 08:01 3815883                    /usr/lib/jvm/java-7-oracle/jre/lib/amd64/libverify.so
7f36602dd000-7f36602e4000 r-xp 00000000 08:01 4609355                    /lib/x86_64-linux-gnu/librt-2.19.so
7f36602e4000-7f36604e3000 ---p 00007000 08:01 4609355                    /lib/x86_64-linux-gnu/librt-2.19.so
7f36604e3000-7f36604e4000 r--p 00006000 08:01 4609355                    /lib/x86_64-linux-gnu/librt-2.19.so
7f36604e4000-7f36604e5000 rw-p 00007000 08:01 4609355                    /lib/x86_64-linux-gnu/librt-2.19.so
7f36604e5000-7f36605ea000 r-xp 00000000 08:01 4594610                    /lib/x86_64-linux-gnu/libm-2.19.so
7f36605ea000-7f36607e9000 ---p 00105000 08:01 4594610                    /lib/x86_64-linux-gnu/libm-2.19.so
7f36607e9000-7f36607ea000 r--p 00104000 08:01 4594610                    /lib/x86_64-linux-gnu/libm-2.19.so
7f36607ea000-7f36607eb000 rw-p 00105000 08:01 4594610                    /lib/x86_64-linux-gnu/libm-2.19.so
7f36607eb000-7f3661360000 r-xp 00000000 08:01 3818475                    /usr/lib/jvm/java-7-oracle/jre/lib/amd64/server/libjvm.so
7f3661360000-7f3661560000 ---p 00b75000 08:01 3818475                    /usr/lib/jvm/java-7-oracle/jre/lib/amd64/server/libjvm.so
7f3661560000-7f3661624000 rw-p 00b75000 08:01 3818475                    /usr/lib/jvm/java-7-oracle/jre/lib/amd64/server/libjvm.so
7f3661624000-7f3661665000 rw-p 00000000 00:00 0 
7f3661665000-7f3661820000 r-xp 00000000 08:01 4609352                    /lib/x86_64-linux-gnu/libc-2.19.so
7f3661820000-7f3661a1f000 ---p 001bb000 08:01 4609352                    /lib/x86_64-linux-gnu/libc-2.19.so
7f3661a1f000-7f3661a23000 r--p 001ba000 08:01 4609352                    /lib/x86_64-linux-gnu/libc-2.19.so
7f3661a23000-7f3661a25000 rw-p 001be000 08:01 4609352                    /lib/x86_64-linux-gnu/libc-2.19.so
7f3661a25000-7f3661a2a000 rw-p 00000000 00:00 0 
7f3661a2a000-7f3661a2d000 r-xp 00000000 08:01 4609341                    /lib/x86_64-linux-gnu/libdl-2.19.so
7f3661a2d000-7f3661c2c000 ---p 00003000 08:01 4609341                    /lib/x86_64-linux-gnu/libdl-2.19.so
7f3661c2c000-7f3661c2d000 r--p 00002000 08:01 4609341                    /lib/x86_64-linux-gnu/libdl-2.19.so
7f3661c2d000-7f3661c2e000 rw-p 00003000 08:01 4609341                    /lib/x86_64-linux-gnu/libdl-2.19.so
7f3661c2e000-7f3661c44000 r-xp 00000000 08:01 3815454                    /usr/lib/jvm/java-7-oracle/jre/lib/amd64/jli/libjli.so
7f3661c44000-7f3661e44000 ---p 00016000 08:01 3815454                    /usr/lib/jvm/java-7-oracle/jre/lib/amd64/jli/libjli.so
7f3661e44000-7f3661e45000 rw-p 00016000 08:01 3815454                    /usr/lib/jvm/java-7-oracle/jre/lib/amd64/jli/libjli.so
7f3661e45000-7f3661e5e000 r-xp 00000000 08:01 4609353                    /lib/x86_64-linux-gnu/libpthread-2.19.so
7f3661e5e000-7f366205d000 ---p 00019000 08:01 4609353                    /lib/x86_64-linux-gnu/libpthread-2.19.so
7f366205d000-7f366205e000 r--p 00018000 08:01 4609353                    /lib/x86_64-linux-gnu/libpthread-2.19.so
7f366205e000-7f366205f000 rw-p 00019000 08:01 4609353                    /lib/x86_64-linux-gnu/libpthread-2.19.so
7f366205f000-7f3662063000 rw-p 00000000 00:00 0 
7f3662063000-7f3662086000 r-xp 00000000 08:01 4609349                    /lib/x86_64-linux-gnu/ld-2.19.so
7f3662086000-7f3662087000 rw-p 00000000 00:00 0 
7f3662087000-7f366208b000 r--s 000f7000 08:01 3818490                    /usr/lib/jvm/java-7-oracle/jre/lib/ext/localedata.jar
7f366208b000-7f36620ab000 rw-p 00000000 00:00 0 
7f36620ab000-7f3662161000 rw-p 00000000 00:00 0 
7f3662161000-7f3662164000 ---p 00000000 00:00 0 
7f3662164000-7f3662266000 rw-p 00000000 00:00 0                          [stack:20832]
7f3662266000-7f366226a000 r--s 0008b000 08:01 3818495                    /usr/lib/jvm/java-7-oracle/jre/lib/jsse.jar
7f366226a000-7f3662279000 r--s 000dd000 00:22 156718                     /home/johnny/Android/Sdk/build-tools/21.1.2/lib/dx.jar
7f3662279000-7f3662281000 rw-s 00000000 08:01 3285891                    /tmp/hsperfdata_johnny/20824
7f3662281000-7f3662282000 rw-p 00000000 00:00 0 
7f3662282000-7f3662283000 ---p 00000000 00:00 0 
7f3662283000-7f3662285000 rw-p 00000000 00:00 0 
7f3662285000-7f3662286000 r--p 00022000 08:01 4609349                    /lib/x86_64-linux-gnu/ld-2.19.so
7f3662286000-7f3662287000 rw-p 00023000 08:01 4609349                    /lib/x86_64-linux-gnu/ld-2.19.so
7f3662287000-7f3662288000 rw-p 00000000 00:00 0 
7fff92a8a000-7fff92aab000 rw-p 00000000 00:00 0                          [stack]
7fff92b89000-7fff92b8b000 r-xp 00000000 00:00 0                          [vdso]
ffffffffff600000-ffffffffff601000 r-xp 00000000 00:00 0                  [vsyscall]

VM Arguments:
jvm_args: -Xmx1024M 
java_command: /home/johnny/Android/Sdk/build-tools/21.1.2/lib/dx.jar --dex --output /home/johnny/AndroidStudioProjects/FlagMon5/app/build/intermediates/dex/release --input-list=/home/johnny/AndroidStudioProjects/FlagMon5/app/build/intermediates/tmp/dex/release/inputList.txt
Launcher Type: SUN_STANDARD

Environment Variables:
CLASSPATH=/home/johnny/android-studio/bin/../lib/bootstrap.jar:/home/johnny/android-studio/bin/../lib/extensions.jar:/home/johnny/android-studio/bin/../lib/util.jar:/home/johnny/android-studio/bin/../lib/jdom.jar:/home/johnny/android-studio/bin/../lib/log4j.jar:/home/johnny/android-studio/bin/../lib/trove4j.jar:/home/johnny/android-studio/bin/../lib/jna.jar:/usr/lib/jvm/java-7-oracle/lib/tools.jar
PATH=/usr/local/sbin:/usr/local/bin:/usr/sbin:/usr/bin:/sbin:/bin:/usr/games:/usr/local/games
LD_LIBRARY_PATH=/home/johnny/android-studio/bin:
SHELL=/bin/bash
DISPLAY=:0

Signal Handlers:
SIGSEGV: [libjvm.so+0x9a3bd0], sa_mask[0]=0x7ffbfeff, sa_flags=0x10000004
SIGBUS: [libjvm.so+0x9a3bd0], sa_mask[0]=0x7ffbfeff, sa_flags=0x10000004
SIGFPE: [libjvm.so+0x81cb60], sa_mask[0]=0x7ffbfeff, sa_flags=0x10000004
SIGPIPE: [libjvm.so+0x81cb60], sa_mask[0]=0x7ffbfeff, sa_flags=0x10000004
SIGXFSZ: [libjvm.so+0x81cb60], sa_mask[0]=0x7ffbfeff, sa_flags=0x10000004
SIGILL: [libjvm.so+0x81cb60], sa_mask[0]=0x7ffbfeff, sa_flags=0x10000004
SIGUSR1: SIG_DFL, sa_mask[0]=0x00000000, sa_flags=0x00000000
SIGUSR2: [libjvm.so+0x81e360], sa_mask[0]=0x00000004, sa_flags=0x10000004
SIGHUP: [libjvm.so+0x81f480], sa_mask[0]=0x7ffbfeff, sa_flags=0x10000004
SIGINT: [libjvm.so+0x81f480], sa_mask[0]=0x7ffbfeff, sa_flags=0x10000004
SIGTERM: [libjvm.so+0x81f480], sa_mask[0]=0x7ffbfeff, sa_flags=0x10000004
SIGQUIT: [libjvm.so+0x81f480], sa_mask[0]=0x7ffbfeff, sa_flags=0x10000004


---------------  S Y S T E M  ---------------

OS:jessie/sid

uname:Linux 3.13.0-46-generic #77-Ubuntu SMP Mon Mar 2 18:23:39 UTC 2015 x86_64
libc:glibc 2.19 NPTL 2.19 
rlimit: STACK 8192k, CORE 0k, NPROC 45903, NOFILE 4096, AS infinity
load average:1.60 0.96 1.08

/proc/meminfo:
MemTotal:        5905412 kB
MemFree:          121492 kB
Buffers:             820 kB
Cached:          1288540 kB
SwapCached:            0 kB
Active:          4327504 kB
Inactive:        1223044 kB
Active(anon):    4308820 kB
Inactive(anon):  1201368 kB
Active(file):      18684 kB
Inactive(file):    21676 kB
Unevictable:          32 kB
Mlocked:              32 kB
SwapTotal:             0 kB
SwapFree:              0 kB
Dirty:              2364 kB
Writeback:           184 kB
AnonPages:       4261428 kB
Mapped:           211020 kB
Shmem:           1248728 kB
Slab:             106012 kB
SReclaimable:      42676 kB
SUnreclaim:        63336 kB
KernelStack:        5328 kB
PageTables:        42244 kB
NFS_Unstable:          0 kB
Bounce:                0 kB
WritebackTmp:          0 kB
CommitLimit:     2952704 kB
Committed_AS:   11000168 kB
VmallocTotal:   34359738367 kB
VmallocUsed:      555948 kB
VmallocChunk:   34359173236 kB
HardwareCorrupted:     0 kB
AnonHugePages:   1206272 kB
HugePages_Total:       0
HugePages_Free:        0
HugePages_Rsvd:        0
HugePages_Surp:        0
Hugepagesize:       2048 kB
DirectMap4k:       84224 kB
DirectMap2M:     6000640 kB


CPU:total 4 (2 cores per cpu, 2 threads per core) family 6 model 37 stepping 5, cmov, cx8, fxsr, mmx, sse, sse2, sse3, ssse3, sse4.1, sse4.2, popcnt, ht, tsc, tscinvbit

/proc/cpuinfo:
processor	: 0
vendor_id	: GenuineIntel
cpu family	: 6
model		: 37
model name	: Intel(R) Core(TM) i3 CPU       M 370  @ 2.40GHz
stepping	: 5
microcode	: 0x2
cpu MHz		: 1066.000
cache size	: 3072 KB
physical id	: 0
siblings	: 4
core id		: 0
cpu cores	: 2
apicid		: 0
initial apicid	: 0
fpu		: yes
fpu_exception	: yes
cpuid level	: 11
wp		: yes
flags		: fpu vme de pse tsc msr pae mce cx8 apic sep mtrr pge mca cmov pat pse36 clflush dts acpi mmx fxsr sse sse2 ss ht tm pbe syscall nx rdtscp lm constant_tsc arch_perfmon pebs bts rep_good nopl xtopology nonstop_tsc aperfmperf pni dtes64 monitor ds_cpl vmx est tm2 ssse3 cx16 xtpr pdcm pcid sse4_1 sse4_2 popcnt lahf_lm arat dtherm tpr_shadow vnmi flexpriority ept vpid
bogomips	: 4787.59
clflush size	: 64
cache_alignment	: 64
address sizes	: 36 bits physical, 48 bits virtual
power management:

processor	: 1
vendor_id	: GenuineIntel
cpu family	: 6
model		: 37
model name	: Intel(R) Core(TM) i3 CPU       M 370  @ 2.40GHz
stepping	: 5
microcode	: 0x2
cpu MHz		: 933.000
cache size	: 3072 KB
physical id	: 0
siblings	: 4
core id		: 0
cpu cores	: 2
apicid		: 1
initial apicid	: 1
fpu		: yes
fpu_exception	: yes
cpuid level	: 11
wp		: yes
flags		: fpu vme de pse tsc msr pae mce cx8 apic sep mtrr pge mca cmov pat pse36 clflush dts acpi mmx fxsr sse sse2 ss ht tm pbe syscall nx rdtscp lm constant_tsc arch_perfmon pebs bts rep_good nopl xtopology nonstop_tsc aperfmperf pni dtes64 monitor ds_cpl vmx est tm2 ssse3 cx16 xtpr pdcm pcid sse4_1 sse4_2 popcnt lahf_lm arat dtherm tpr_shadow vnmi flexpriority ept vpid
bogomips	: 4787.59
clflush size	: 64
cache_alignment	: 64
address sizes	: 36 bits physical, 48 bits virtual
power management:

processor	: 2
vendor_id	: GenuineIntel
cpu family	: 6
model		: 37
model name	: Intel(R) Core(TM) i3 CPU       M 370  @ 2.40GHz
stepping	: 5
microcode	: 0x2
cpu MHz		: 2399.000
cache size	: 3072 KB
physical id	: 0
siblings	: 4
core id		: 2
cpu cores	: 2
apicid		: 4
initial apicid	: 4
fpu		: yes
fpu_exception	: yes
cpuid level	: 11
wp		: yes
flags		: fpu vme de pse tsc msr pae mce cx8 apic sep mtrr pge mca cmov pat pse36 clflush dts acpi mmx fxsr sse sse2 ss ht tm pbe syscall nx rdtscp lm constant_tsc arch_perfmon pebs bts rep_good nopl xtopology nonstop_tsc aperfmperf pni dtes64 monitor ds_cpl vmx est tm2 ssse3 cx16 xtpr pdcm pcid sse4_1 sse4_2 popcnt lahf_lm arat dtherm tpr_shadow vnmi flexpriority ept vpid
bogomips	: 4787.59
clflush size	: 64
cache_alignment	: 64
address sizes	: 36 bits physical, 48 bits virtual
power management:

processor	: 3
vendor_id	: GenuineIntel
cpu family	: 6
model		: 37
model name	: Intel(R) Core(TM) i3 CPU       M 370  @ 2.40GHz
stepping	: 5
microcode	: 0x2
cpu MHz		: 2399.000
cache size	: 3072 KB
physical id	: 0
siblings	: 4
core id		: 2
cpu cores	: 2
apicid		: 5
initial apicid	: 5
fpu		: yes
fpu_exception	: yes
cpuid level	: 11
wp		: yes
flags		: fpu vme de pse tsc msr pae mce cx8 apic sep mtrr pge mca cmov pat pse36 clflush dts acpi mmx fxsr sse sse2 ss ht tm pbe syscall nx rdtscp lm constant_tsc arch_perfmon pebs bts rep_good nopl xtopology nonstop_tsc aperfmperf pni dtes64 monitor ds_cpl vmx est tm2 ssse3 cx16 xtpr pdcm pcid sse4_1 sse4_2 popcnt lahf_lm arat dtherm tpr_shadow vnmi flexpriority ept vpid
bogomips	: 4787.59
clflush size	: 64
cache_alignment	: 64
address sizes	: 36 bits physical, 48 bits virtual
power management:



Memory: 4k page, physical 5905412k(124204k free), swap 0k(0k free)

vm_info: Java HotSpot(TM) 64-Bit Server VM (24.76-b04) for linux-amd64 JRE (1.7.0_76-b13), built on Dec 18 2014 16:58:39 by "java_re" with gcc 4.3.0 20080428 (Red Hat 4.3.0-8)

time: Wed Mar  4 22:18:19 2015
elapsed time: 6 seconds

