#
# There is insufficient memory for the Java Runtime Environment to continue.
# Native memory allocation (mmap) failed to map 99090432 bytes for committing reserved memory.
# Possible reasons:
#   The system is out of physical RAM or swap space
#   In 32 bit mode, the process size limit was hit
# Possible solutions:
#   Reduce memory load on the system
#   Increase physical memory or swap space
#   Check if swap backing store is full
#   Use 64 bit Java on a 64 bit OS
#   Decrease Java heap size (-Xmx/-Xms)
#   Decrease number of Java threads
#   Decrease Java thread stack sizes (-Xss)
#   Set larger code cache with -XX:ReservedCodeCacheSize=
# This output file may be truncated or incomplete.
#
#  Out of Memory Error (os_linux.cpp:2671), pid=17192, tid=140608388663040
#
# JRE version: Java(TM) SE Runtime Environment (8.0_25-b17) (build 1.8.0_25-b17)
# Java VM: Java HotSpot(TM) 64-Bit Server VM (25.25-b02 mixed mode linux-amd64 compressed oops)
# Failed to write core dump. Core dumps have been disabled. To enable core dumping, try "ulimit -c unlimited" before starting Java again
#

---------------  T H R E A D  ---------------

Current thread (0x00007fe208073000):  VMThread [stack: 0x00007fe1f0ff0000,0x00007fe1f10f1000] [id=17199]

Stack: [0x00007fe1f0ff0000,0x00007fe1f10f1000],  sp=0x00007fe1f10ef170,  free space=1020k
Native frames: (J=compiled Java code, j=interpreted, Vv=VM code, C=native code)
V  [libjvm.so+0xa7923a]  VMError::report_and_die()+0x2ca
V  [libjvm.so+0x4e552b]  report_vm_out_of_memory(char const*, int, unsigned long, VMErrorType, char const*)+0x8b
V  [libjvm.so+0x8e5613]  os::Linux::commit_memory_impl(char*, unsigned long, bool)+0x103
V  [libjvm.so+0x8e5b69]  os::pd_commit_memory(char*, unsigned long, unsigned long, bool)+0x29
V  [libjvm.so+0x8df83a]  os::commit_memory(char*, unsigned long, unsigned long, bool)+0x2a
V  [libjvm.so+0x94f923]  PSVirtualSpace::expand_by(unsigned long)+0x53
V  [libjvm.so+0x940640]  PSOldGen::expand(unsigned long)+0x170
V  [libjvm.so+0x94084b]  PSOldGen::resize(unsigned long)+0x1cb
V  [libjvm.so+0x948441]  PSParallelCompact::invoke_no_policy(bool)+0x9d1
V  [libjvm.so+0x94da4d]  PSScavenge::invoke()+0x1ad
V  [libjvm.so+0x907800]  ParallelScavengeHeap::failed_mem_allocate(unsigned long)+0x70
V  [libjvm.so+0xa7a8b7]  VM_ParallelGCFailedAllocation::doit()+0x97
V  [libjvm.so+0xa81fd5]  VM_Operation::evaluate()+0x55
V  [libjvm.so+0xa803aa]  VMThread::evaluate_operation(VM_Operation*)+0xba
V  [libjvm.so+0xa8072e]  VMThread::loop()+0x1ce
V  [libjvm.so+0xa80ba0]  VMThread::run()+0x70
V  [libjvm.so+0x8e7d48]  java_start(Thread*)+0x108

VM_Operation (0x00007fe1eabd81e0): ParallelGCFailedAllocation, mode: safepoint, requested by thread 0x00007fe1b8017800


---------------  P R O C E S S  ---------------

Java Threads: ( => current thread )
  0x00007fe1a8001800 JavaThread "process reaper" daemon [_thread_blocked, id=17540, stack(0x00007fe1e8015000,0x00007fe1e804e000)]
  0x00007fe1b0001000 JavaThread "process reaper" daemon [_thread_blocked, id=17536, stack(0x00007fe1e804e000,0x00007fe1e8087000)]
  0x00007fe18c001000 JavaThread "process reaper" daemon [_thread_blocked, id=17529, stack(0x00007fe1e8087000,0x00007fe1e80c0000)]
  0x00007fe184002000 JavaThread "process reaper" daemon [_thread_blocked, id=17528, stack(0x00007fe1ea228000,0x00007fe1ea261000)]
  0x00007fe188518800 JavaThread "pool-2-thread-4" [_thread_blocked, id=17525, stack(0x00007fe1e80c0000,0x00007fe1e81c1000)]
  0x00007fe188517800 JavaThread "pool-2-thread-3" [_thread_blocked, id=17524, stack(0x00007fe19bbfe000,0x00007fe19bcff000)]
  0x00007fe188517000 JavaThread "pool-2-thread-2" [_thread_blocked, id=17523, stack(0x00007fe19bcff000,0x00007fe19be00000)]
  0x00007fe188516000 JavaThread "pool-2-thread-1" [_thread_blocked, id=17522, stack(0x00007fe19bafd000,0x00007fe19bbfe000)]
  0x00007fe188001000 JavaThread "Stdin handler" [_thread_blocked, id=17494, stack(0x00007fe1ea8da000,0x00007fe1ea9db000)]
  0x00007fe1b8017800 JavaThread "Daemon worker Thread 2" [_thread_blocked, id=17491, stack(0x00007fe1eaadc000,0x00007fe1eabdd000)]
  0x00007fe1b800a800 JavaThread "Cancel handler" [_thread_blocked, id=17490, stack(0x00007fe1eaddd000,0x00007fe1eaede000)]
  0x00007fe1b8003800 JavaThread "Handler for socket connection from /127.0.0.1:51472 to /127.0.0.1:39912" [_thread_in_native, id=17489, stack(0x00007fe1ea9db000,0x00007fe1eaadc000)]
  0x00007fe1b4003000 JavaThread "Daemon Thread 2" [_thread_blocked, id=17488, stack(0x00007fe1eaede000,0x00007fe1eafdf000)]
  0x00007fe1a4784800 JavaThread "File lock request listener" [_thread_in_native, id=17219, stack(0x00007fe1e9b27000,0x00007fe1e9c28000)]
  0x00007fe208aca000 JavaThread "Incoming local TCP Connector on port 51472" [_thread_in_native, id=17208, stack(0x00007fe1eafdf000,0x00007fe1eb0e0000)]
  0x00007fe2080d0000 JavaThread "Service Thread" daemon [_thread_blocked, id=17206, stack(0x00007fe1f00d6000,0x00007fe1f01d7000)]
  0x00007fe2080b0000 JavaThread "C1 CompilerThread2" daemon [_thread_blocked, id=17205, stack(0x00007fe1f01d7000,0x00007fe1f02d8000)]
  0x00007fe2080ae800 JavaThread "C2 CompilerThread1" daemon [_thread_blocked, id=17204, stack(0x00007fe1f02d8000,0x00007fe1f03d9000)]
  0x00007fe2080ab800 JavaThread "C2 CompilerThread0" daemon [_thread_blocked, id=17203, stack(0x00007fe1f03d9000,0x00007fe1f04da000)]
  0x00007fe2080a9800 JavaThread "Signal Dispatcher" daemon [_thread_blocked, id=17202, stack(0x00007fe1f04da000,0x00007fe1f05db000)]
  0x00007fe20807c800 JavaThread "Finalizer" daemon [_thread_blocked, id=17201, stack(0x00007fe1f0dee000,0x00007fe1f0eef000)]
  0x00007fe20807a000 JavaThread "Reference Handler" daemon [_thread_blocked, id=17200, stack(0x00007fe1f0eef000,0x00007fe1f0ff0000)]
  0x00007fe20800a000 JavaThread "main" [_thread_blocked, id=17194, stack(0x00007fe20f699000,0x00007fe20f79a000)]

Other Threads:
=>0x00007fe208073000 VMThread [stack: 0x00007fe1f0ff0000,0x00007fe1f10f1000] [id=17199]
  0x00007fe2080d2000 WatcherThread [stack: 0x00007fe1ebeff000,0x00007fe1ec000000] [id=17207]

VM state:at safepoint (normal execution)

VM Mutex/Monitor currently owned by a thread:  ([mutex/lock_event])
[0x00007fe208005e90] ExpandHeap_lock - owner thread: 0x00007fe208073000
[0x00007fe208006510] Threads_lock - owner thread: 0x00007fe208073000
[0x00007fe208006a10] Heap_lock - owner thread: 0x00007fe1b8017800

Heap:
 PSYoungGen      total 311808K, used 10467K [0x00000000eab00000, 0x0000000100000000, 0x0000000100000000)
  eden space 274432K, 0% used [0x00000000eab00000,0x00000000eab00000,0x00000000fb700000)
  from space 37376K, 28% used [0x00000000fb700000,0x00000000fc138f88,0x00000000fdb80000)
  to   space 36352K, 0% used [0x00000000fdc80000,0x00000000fdc80000,0x0000000100000000)
 ParOldGen       total 93184K, used 92968K [0x00000000c0000000, 0x00000000c5b00000, 0x00000000eab00000)
  object space 93184K, 99% used [0x00000000c0000000,0x00000000c5aca278,0x00000000c5b00000)
 Metaspace       used 70752K, capacity 74480K, committed 74752K, reserved 1114112K
  class space    used 9181K, capacity 10450K, committed 10496K, reserved 1048576K

Card table byte_map: [0x00007fe20c2b9000,0x00007fe20c4ba000] byte_map_base: 0x00007fe20bcb9000

Marking Bits: (ParMarkBitMap*) 0x00007fe20eb742c0
 Begin Bits: [0x00007fe1f2000000, 0x00007fe1f3000000)
 End Bits:   [0x00007fe1f3000000, 0x00007fe1f4000000)

Polling page: 0x00007fe20f7ba000

CodeCache: size=245760Kb used=36171Kb max_used=36183Kb free=209588Kb
 bounds [0x00007fe1f9000000, 0x00007fe1fb380000, 0x00007fe208000000]
 total_blobs=10610 nmethods=9884 adapters=638
 compilation: enabled

Compilation events (10 events):
Event: 152.896 Thread 0x00007fe2080ae800 12126       4       com.android.tools.lint.client.api.LintDriver$ClassEntry::compareTo (9 bytes)
Event: 152.904 Thread 0x00007fe2080b0000 12128 %     3       org.objectweb.asm.ClassReader::accept @ 191 (5770 bytes)
Event: 152.916 Thread 0x00007fe2080ae800 nmethod 12126 0x00007fe1fb36fcd0 code [0x00007fe1fb36fe40, 0x00007fe1fb370258]
Event: 152.916 Thread 0x00007fe2080ae800 12127       4       org.objectweb.asm.ClassVisitor::visitMethod (24 bytes)
Event: 152.917 Thread 0x00007fe2080ae800 nmethod 12127 0x00007fe1fac454d0 code [0x00007fe1fac45620, 0x00007fe1fac456b8]
Event: 152.929 Thread 0x00007fe2080ae800 12133       4       org.objectweb.asm.ClassVisitor::visitInnerClass (20 bytes)
Event: 152.930 Thread 0x00007fe2080ae800 nmethod 12133 0x00007fe1fac75590 code [0x00007fe1fac756e0, 0x00007fe1fac75778]
Event: 152.932 Thread 0x00007fe2080ae800 12134       4       org.objectweb.asm.ClassVisitor::visitField (24 bytes)
Event: 152.933 Thread 0x00007fe2080ae800 nmethod 12134 0x00007fe1fb075dd0 code [0x00007fe1fb075f20, 0x00007fe1fb075fb8]
Event: 152.956 Thread 0x00007fe2080ae800 12136 %     4       org.objectweb.asm.tree.MethodNode::getLabelNodes @ 8 (51 bytes)

GC Heap History (10 events):
Event: 42.025 GC heap after
Heap after GC invocations=14 (full 2):
 PSYoungGen      total 275968K, used 20371K [0x00000000eab00000, 0x00000000fd580000, 0x0000000100000000)
  eden space 253952K, 0% used [0x00000000eab00000,0x00000000eab00000,0x00000000fa300000)
  from space 22016K, 92% used [0x00000000fbb00000,0x00000000fcee4c18,0x00000000fd080000)
  to   space 24576K, 0% used [0x00000000fa300000,0x00000000fa300000,0x00000000fbb00000)
 ParOldGen       total 91648K, used 48944K [0x00000000c0000000, 0x00000000c5980000, 0x00000000eab00000)
  object space 91648K, 53% used [0x00000000c0000000,0x00000000c2fcc288,0x00000000c5980000)
 Metaspace       used 52414K, capacity 54707K, committed 54784K, reserved 1095680K
  class space    used 7062K, capacity 7891K, committed 7936K, reserved 1048576K
}
Event: 42.025 GC heap before
{Heap before GC invocations=15 (full 3):
 PSYoungGen      total 275968K, used 20371K [0x00000000eab00000, 0x00000000fd580000, 0x0000000100000000)
  eden space 253952K, 0% used [0x00000000eab00000,0x00000000eab00000,0x00000000fa300000)
  from space 22016K, 92% used [0x00000000fbb00000,0x00000000fcee4c18,0x00000000fd080000)
  to   space 24576K, 0% used [0x00000000fa300000,0x00000000fa300000,0x00000000fbb00000)
 ParOldGen       total 91648K, used 48944K [0x00000000c0000000, 0x00000000c5980000, 0x00000000eab00000)
  object space 91648K, 53% used [0x00000000c0000000,0x00000000c2fcc288,0x00000000c5980000)
 Metaspace       used 52414K, capacity 54707K, committed 54784K, reserved 1095680K
  class space    used 7062K, capacity 7891K, committed 7936K, reserved 1048576K
Event: 42.593 GC heap after
Heap after GC invocations=15 (full 3):
 PSYoungGen      total 275968K, used 0K [0x00000000eab00000, 0x00000000fd580000, 0x0000000100000000)
  eden space 253952K, 0% used [0x00000000eab00000,0x00000000eab00000,0x00000000fa300000)
  from space 22016K, 0% used [0x00000000fbb00000,0x00000000fbb00000,0x00000000fd080000)
  to   space 24576K, 0% used [0x00000000fa300000,0x00000000fa300000,0x00000000fbb00000)
 ParOldGen       total 91648K, used 52775K [0x00000000c0000000, 0x00000000c5980000, 0x00000000eab00000)
  object space 91648K, 57% used [0x00000000c0000000,0x00000000c3389d30,0x00000000c5980000)
 Metaspace       used 52379K, capacity 54591K, committed 54784K, reserved 1095680K
  class space    used 7053K, capacity 7856K, committed 7936K, reserved 1048576K
}
Event: 135.677 GC heap before
{Heap before GC invocations=16 (full 3):
 PSYoungGen      total 275968K, used 253952K [0x00000000eab00000, 0x00000000fd580000, 0x0000000100000000)
  eden space 253952K, 100% used [0x00000000eab00000,0x00000000fa300000,0x00000000fa300000)
  from space 22016K, 0% used [0x00000000fbb00000,0x00000000fbb00000,0x00000000fd080000)
  to   space 24576K, 0% used [0x00000000fa300000,0x00000000fa300000,0x00000000fbb00000)
 ParOldGen       total 91648K, used 52775K [0x00000000c0000000, 0x00000000c5980000, 0x00000000eab00000)
  object space 91648K, 57% used [0x00000000c0000000,0x00000000c3389d30,0x00000000c5980000)
 Metaspace       used 59451K, capacity 62540K, committed 62720K, reserved 1103872K
  class space    used 8031K, capacity 9168K, committed 9216K, reserved 1048576K
Event: 135.762 GC heap after
Heap after GC invocations=16 (full 3):
 PSYoungGen      total 278528K, used 24560K [0x00000000eab00000, 0x0000000100000000, 0x0000000100000000)
  eden space 253952K, 0% used [0x00000000eab00000,0x00000000eab00000,0x00000000fa300000)
  from space 24576K, 99% used [0x00000000fa300000,0x00000000fbafc120,0x00000000fbb00000)
  to   space 28672K, 0% used [0x00000000fe400000,0x00000000fe400000,0x0000000100000000)
 ParOldGen       total 91648K, used 53312K [0x00000000c0000000, 0x00000000c5980000, 0x00000000eab00000)
  object space 91648K, 58% used [0x00000000c0000000,0x00000000c34101a0,0x00000000c5980000)
 Metaspace       used 59451K, capacity 62540K, committed 62720K, reserved 1103872K
  class space    used 8031K, capacity 9168K, committed 9216K, reserved 1048576K
}
Event: 145.961 GC heap before
{Heap before GC invocations=17 (full 3):
 PSYoungGen      total 278528K, used 278512K [0x00000000eab00000, 0x0000000100000000, 0x0000000100000000)
  eden space 253952K, 100% used [0x00000000eab00000,0x00000000fa300000,0x00000000fa300000)
  from space 24576K, 99% used [0x00000000fa300000,0x00000000fbafc120,0x00000000fbb00000)
  to   space 28672K, 0% used [0x00000000fe400000,0x00000000fe400000,0x0000000100000000)
 ParOldGen       total 91648K, used 53312K [0x00000000c0000000, 0x00000000c5980000, 0x00000000eab00000)
  object space 91648K, 58% used [0x00000000c0000000,0x00000000c34101a0,0x00000000c5980000)
 Metaspace       used 65120K, capacity 68814K, committed 68992K, reserved 1107968K
  class space    used 8810K, capacity 10096K, committed 10112K, reserved 1048576K
Event: 146.084 GC heap after
Heap after GC invocations=17 (full 3):
 PSYoungGen      total 303104K, used 28661K [0x00000000eab00000, 0x0000000100000000, 0x0000000100000000)
  eden space 274432K, 0% used [0x00000000eab00000,0x00000000eab00000,0x00000000fb700000)
  from space 28672K, 99% used [0x00000000fe400000,0x00000000ffffd5c0,0x0000000100000000)
  to   space 37376K, 0% used [0x00000000fb700000,0x00000000fb700000,0x00000000fdb80000)
 ParOldGen       total 91648K, used 64207K [0x00000000c0000000, 0x00000000c5980000, 0x00000000eab00000)
  object space 91648K, 70% used [0x00000000c0000000,0x00000000c3eb3f90,0x00000000c5980000)
 Metaspace       used 65120K, capacity 68814K, committed 68992K, reserved 1107968K
  class space    used 8810K, capacity 10096K, committed 10112K, reserved 1048576K
}
Event: 152.976 GC heap before
{Heap before GC invocations=18 (full 3):
 PSYoungGen      total 303104K, used 303093K [0x00000000eab00000, 0x0000000100000000, 0x0000000100000000)
  eden space 274432K, 100% used [0x00000000eab00000,0x00000000fb700000,0x00000000fb700000)
  from space 28672K, 99% used [0x00000000fe400000,0x00000000ffffd5c0,0x0000000100000000)
  to   space 37376K, 0% used [0x00000000fb700000,0x00000000fb700000,0x00000000fdb80000)
 ParOldGen       total 91648K, used 64207K [0x00000000c0000000, 0x00000000c5980000, 0x00000000eab00000)
  object space 91648K, 70% used [0x00000000c0000000,0x00000000c3eb3f90,0x00000000c5980000)
 Metaspace       used 70752K, capacity 74480K, committed 74752K, reserved 1114112K
  class space    used 9181K, capacity 10450K, committed 10496K, reserved 1048576K
Event: 153.086 GC heap after
Heap after GC invocations=18 (full 3):
 PSYoungGen      total 311808K, used 18229K [0x00000000eab00000, 0x0000000100000000, 0x0000000100000000)
  eden space 274432K, 0% used [0x00000000eab00000,0x00000000eab00000,0x00000000fb700000)
  from space 37376K, 48% used [0x00000000fb700000,0x00000000fc8cd6c8,0x00000000fdb80000)
  to   space 36352K, 0% used [0x00000000fdc80000,0x00000000fdc80000,0x0000000100000000)
 ParOldGen       total 93184K, used 92884K [0x00000000c0000000, 0x00000000c5b00000, 0x00000000eab00000)
  object space 93184K, 99% used [0x00000000c0000000,0x00000000c5ab51b8,0x00000000c5b00000)
 Metaspace       used 70752K, capacity 74480K, committed 74752K, reserved 1114112K
  class space    used 9181K, capacity 10450K, committed 10496K, reserved 1048576K
}
Event: 153.087 GC heap before
{Heap before GC invocations=19 (full 4):
 PSYoungGen      total 311808K, used 18229K [0x00000000eab00000, 0x0000000100000000, 0x0000000100000000)
  eden space 274432K, 0% used [0x00000000eab00000,0x00000000eab00000,0x00000000fb700000)
  from space 37376K, 48% used [0x00000000fb700000,0x00000000fc8cd6c8,0x00000000fdb80000)
  to   space 36352K, 0% used [0x00000000fdc80000,0x00000000fdc80000,0x0000000100000000)
 ParOldGen       total 93184K, used 92884K [0x00000000c0000000, 0x00000000c5b00000, 0x00000000eab00000)
  object space 93184K, 99% used [0x00000000c0000000,0x00000000c5ab51b8,0x00000000c5b00000)
 Metaspace       used 70752K, capacity 74480K, committed 74752K, reserved 1114112K
  class space    used 9181K, capacity 10450K, committed 10496K, reserved 1048576K

Deoptimization events (10 events):
Event: 145.475 Thread 0x00007fe1b8017800 Uncommon trap: reason=class_check action=maybe_recompile pc=0x00007fe1fac37950 method=com.google.common.collect.AbstractMapBasedMultimap$WrappedCollection.size()I @ 8
Event: 145.481 Thread 0x00007fe1b8017800 Uncommon trap: reason=class_check action=maybe_recompile pc=0x00007fe1fac37950 method=com.google.common.collect.AbstractMapBasedMultimap$WrappedCollection.size()I @ 8
Event: 145.601 Thread 0x00007fe1b8017800 Uncommon trap: reason=class_check action=maybe_recompile pc=0x00007fe1f9cfed94 method=java.lang.AbstractStringBuilder.append(Ljava/lang/CharSequence;)Ljava/lang/AbstractStringBuilder; @ 26
Event: 145.604 Thread 0x00007fe1b8017800 Uncommon trap: reason=class_check action=maybe_recompile pc=0x00007fe1f9cbe488 method=java.lang.AbstractStringBuilder.append(Ljava/lang/CharSequence;)Ljava/lang/AbstractStringBuilder; @ 26
Event: 146.509 Thread 0x00007fe1b8017800 Uncommon trap: reason=bimorphic action=maybe_recompile pc=0x00007fe1fa083c7c method=java.util.AbstractList$Itr.next()Ljava/lang/Object; @ 14
Event: 146.509 Thread 0x00007fe1b8017800 Uncommon trap: reason=bimorphic action=maybe_recompile pc=0x00007fe1fa083c7c method=java.util.AbstractList$Itr.next()Ljava/lang/Object; @ 14
Event: 146.531 Thread 0x00007fe1b8017800 Uncommon trap: reason=class_check action=maybe_recompile pc=0x00007fe1fac75a50 method=com.sun.org.apache.xerces.internal.dom.ParentNode.checkNormalizationAfterInsert(Lcom/sun/org/apache/xerces/internal/dom/ChildNode;)V @ 23
Event: 146.614 Thread 0x00007fe1b8017800 Uncommon trap: reason=class_check action=maybe_recompile pc=0x00007fe1fac75a50 method=com.sun.org.apache.xerces.internal.dom.ParentNode.checkNormalizationAfterInsert(Lcom/sun/org/apache/xerces/internal/dom/ChildNode;)V @ 23
Event: 146.614 Thread 0x00007fe1b8017800 Uncommon trap: reason=class_check action=maybe_recompile pc=0x00007fe1fac75a50 method=com.sun.org.apache.xerces.internal.dom.ParentNode.checkNormalizationAfterInsert(Lcom/sun/org/apache/xerces/internal/dom/ChildNode;)V @ 23
Event: 146.615 Thread 0x00007fe1b8017800 Uncommon trap: reason=class_check action=maybe_recompile pc=0x00007fe1fac75a50 method=com.sun.org.apache.xerces.internal.dom.ParentNode.checkNormalizationAfterInsert(Lcom/sun/org/apache/xerces/internal/dom/ChildNode;)V @ 23

Internal exceptions (10 events):
Event: 150.372 Thread 0x00007fe1b8017800 Exception <a 'java/security/PrivilegedActionException'> (0x00000000f1ddd958) thrown at [/HUDSON/workspace/8-2-build-linux-amd64/jdk8u25/1514/hotspot/src/share/vm/prims/jvm.cpp, line 1312]
Event: 150.373 Thread 0x00007fe1b8017800 Exception <a 'java/security/PrivilegedActionException'> (0x00000000f1dec688) thrown at [/HUDSON/workspace/8-2-build-linux-amd64/jdk8u25/1514/hotspot/src/share/vm/prims/jvm.cpp, line 1312]
Event: 150.375 Thread 0x00007fe1b8017800 Exception <a 'java/security/PrivilegedActionException'> (0x00000000f1df2e70) thrown at [/HUDSON/workspace/8-2-build-linux-amd64/jdk8u25/1514/hotspot/src/share/vm/prims/jvm.cpp, line 1312]
Event: 150.379 Thread 0x00007fe1b8017800 Exception <a 'java/security/PrivilegedActionException'> (0x00000000f1e00d00) thrown at [/HUDSON/workspace/8-2-build-linux-amd64/jdk8u25/1514/hotspot/src/share/vm/prims/jvm.cpp, line 1312]
Event: 150.380 Thread 0x00007fe1b8017800 Exception <a 'java/security/PrivilegedActionException'> (0x00000000f1e07508) thrown at [/HUDSON/workspace/8-2-build-linux-amd64/jdk8u25/1514/hotspot/src/share/vm/prims/jvm.cpp, line 1312]
Event: 150.381 Thread 0x00007fe1b8017800 Exception <a 'java/security/PrivilegedActionException'> (0x00000000f1e0f878) thrown at [/HUDSON/workspace/8-2-build-linux-amd64/jdk8u25/1514/hotspot/src/share/vm/prims/jvm.cpp, line 1312]
Event: 150.418 Thread 0x00007fe1b8017800 Exception <a 'java/security/PrivilegedActionException'> (0x00000000f1ec5c30) thrown at [/HUDSON/workspace/8-2-build-linux-amd64/jdk8u25/1514/hotspot/src/share/vm/prims/jvm.cpp, line 1312]
Event: 150.526 Thread 0x00007fe1b8017800 Exception <a 'java/security/PrivilegedActionException'> (0x00000000f215d650) thrown at [/HUDSON/workspace/8-2-build-linux-amd64/jdk8u25/1514/hotspot/src/share/vm/prims/jvm.cpp, line 1312]
Event: 150.914 Thread 0x00007fe1b8017800 Exception <a 'java/security/PrivilegedActionException'> (0x00000000f2cff270) thrown at [/HUDSON/workspace/8-2-build-linux-amd64/jdk8u25/1514/hotspot/src/share/vm/prims/jvm.cpp, line 1312]
Event: 151.561 Thread 0x00007fe1b8017800 Exception <a 'java/security/PrivilegedActionException'> (0x00000000f4395040) thrown at [/HUDSON/workspace/8-2-build-linux-amd64/jdk8u25/1514/hotspot/src/share/vm/prims/jvm.cpp, line 1312]

Events (10 events):
Event: 152.924 Thread 0x00007fe1b8017800 DEOPT UNPACKING pc=0x00007fe1f9046f73 sp=0x00007fe1eabd84a8 mode 0
Event: 152.931 Thread 0x00007fe1b8017800 DEOPT PACKING pc=0x00007fe1fb17bcce sp=0x00007fe1eabd83f0
Event: 152.931 Thread 0x00007fe1b8017800 DEOPT UNPACKING pc=0x00007fe1f9046f73 sp=0x00007fe1eabd84a8 mode 0
Event: 152.937 Thread 0x00007fe1b8017800 DEOPT PACKING pc=0x00007fe1fb17b91b sp=0x00007fe1eabd83f0
Event: 152.937 Thread 0x00007fe1b8017800 DEOPT UNPACKING pc=0x00007fe1f9046f73 sp=0x00007fe1eabd84a8 mode 0
Event: 152.942 Thread 0x00007fe1b8017800 DEOPT PACKING pc=0x00007fe1fb17bcce sp=0x00007fe1eabd83f0
Event: 152.942 Thread 0x00007fe1b8017800 DEOPT UNPACKING pc=0x00007fe1f9046f73 sp=0x00007fe1eabd84a8 mode 0
Event: 152.951 Thread 0x00007fe1b8017800 DEOPT PACKING pc=0x00007fe1fb17b91b sp=0x00007fe1eabd83f0
Event: 152.951 Thread 0x00007fe1b8017800 DEOPT UNPACKING pc=0x00007fe1f9046f73 sp=0x00007fe1eabd84a8 mode 0
Event: 152.976 Executing VM operation: ParallelGCFailedAllocation


Dynamic libraries:
00400000-00401000 r-xp 00000000 08:01 3813986                            /usr/lib/jvm/jdk1.8.0/bin/java
00600000-00601000 rw-p 00000000 08:01 3813986                            /usr/lib/jvm/jdk1.8.0/bin/java
00ad1000-00af2000 rw-p 00000000 00:00 0                                  [heap]
c0000000-c5b00000 rw-p 00000000 00:00 0 
cb980000-eab00000 ---p 00000000 00:00 0 
eab00000-100000000 rw-p 00000000 00:00 0 
100000000-100a40000 rw-p 00000000 00:00 0 
100a40000-140000000 ---p 00000000 00:00 0 
7fe174000000-7fe174021000 rw-p 00000000 00:00 0 
7fe174021000-7fe178000000 ---p 00000000 00:00 0 
7fe178000000-7fe178021000 rw-p 00000000 00:00 0 
7fe178021000-7fe17c000000 ---p 00000000 00:00 0 
7fe17c000000-7fe17c021000 rw-p 00000000 00:00 0 
7fe17c021000-7fe180000000 ---p 00000000 00:00 0 
7fe180000000-7fe180021000 rw-p 00000000 00:00 0 
7fe180021000-7fe184000000 ---p 00000000 00:00 0 
7fe184000000-7fe184021000 rw-p 00000000 00:00 0 
7fe184021000-7fe188000000 ---p 00000000 00:00 0 
7fe188000000-7fe188821000 rw-p 00000000 00:00 0 
7fe188821000-7fe18c000000 ---p 00000000 00:00 0 
7fe18c000000-7fe18c021000 rw-p 00000000 00:00 0 
7fe18c021000-7fe190000000 ---p 00000000 00:00 0 
7fe190000000-7fe190021000 rw-p 00000000 00:00 0 
7fe190021000-7fe194000000 ---p 00000000 00:00 0 
7fe194000000-7fe194021000 rw-p 00000000 00:00 0 
7fe194021000-7fe198000000 ---p 00000000 00:00 0 
7fe199a96000-7fe199b56000 rw-p 00000000 00:00 0 
7fe199b56000-7fe199c96000 ---p 00000000 00:00 0 
7fe199c96000-7fe199e96000 rw-p 00000000 00:00 0 
7fe199e96000-7fe199e9a000 r--s 00023000 00:22 2242640                    /home/johnny/AndroidStudioProjects/FlagMon5/app/build/intermediates/exploded-aar/FlagMon5/plusLibrary/unspecified/libs/universal-image-loader-1.9.2.jar
7fe199e9a000-7fe199ea3000 r--s 00073000 00:22 2242595                    /home/johnny/AndroidStudioProjects/FlagMon5/app/build/intermediates/exploded-aar/com.android.support/appcompat-v7/21.0.3/classes.jar
7fe199ea3000-7fe199eaa000 r--s 0002d000 00:22 2370134                    /home/johnny/AndroidStudioProjects/FlagMon5/app/build/intermediates/exploded-aar/com.android.support/support-v4/21.0.3/libs/internal_impl-21.0.3.jar
7fe199eaa000-7fe199f00000 r--s 00303000 00:22 2112611                    /home/johnny/AndroidStudioProjects/FlagMon5/app/build/intermediates/exploded-aar/com.google.android.gms/play-services/6.5.87/classes.jar
7fe199f00000-7fe199ff6000 r--s 017b0000 00:22 157990                     /home/johnny/Android/Sdk/platforms/android-21/android.jar
7fe199ff6000-7fe19a1f6000 rw-p 00000000 00:00 0 
7fe19a1f6000-7fe19a3f6000 rw-p 00000000 00:00 0 
7fe19a3f6000-7fe19a5f6000 rw-p 00000000 00:00 0 
7fe19a5f6000-7fe19a5f9000 ---p 00000000 00:00 0 
7fe19a5f9000-7fe19a6f7000 rw-p 00000000 00:00 0 
7fe19a6f7000-7fe19a6fa000 ---p 00000000 00:00 0 
7fe19a6fa000-7fe19a7f8000 rw-p 00000000 00:00 0 
7fe19a7f8000-7fe19a7fb000 ---p 00000000 00:00 0 
7fe19a7fb000-7fe19aaf9000 rw-p 00000000 00:00 0 
7fe19aaf9000-7fe19acf9000 rw-p 00000000 00:00 0 
7fe19acf9000-7fe19aef9000 rw-p 00000000 00:00 0 
7fe19aef9000-7fe19b0f9000 rw-p 00000000 00:00 0 
7fe19b0f9000-7fe19b2f9000 rw-p 00000000 00:00 0 
7fe19b2f9000-7fe19b4f9000 rw-p 00000000 00:00 0 
7fe19b4f9000-7fe19b6f9000 rw-p 00000000 00:00 0 
7fe19b6f9000-7fe19b6fc000 ---p 00000000 00:00 0 
7fe19b6fc000-7fe19b7fa000 rw-p 00000000 00:00 0 
7fe19b7fa000-7fe19b7fd000 ---p 00000000 00:00 0 
7fe19b7fd000-7fe19b8fb000 rw-p 00000000 00:00 0 
7fe19b8fb000-7fe19b8fe000 ---p 00000000 00:00 0 
7fe19b8fe000-7fe19b9fc000 rw-p 00000000 00:00 0 
7fe19b9fc000-7fe19b9ff000 ---p 00000000 00:00 0 
7fe19b9ff000-7fe19bafd000 rw-p 00000000 00:00 0 
7fe19bafd000-7fe19bb00000 ---p 00000000 00:00 0 
7fe19bb00000-7fe19bbfe000 rw-p 00000000 00:00 0                          [stack:17522]
7fe19bbfe000-7fe19bc01000 ---p 00000000 00:00 0 
7fe19bc01000-7fe19bcff000 rw-p 00000000 00:00 0                          [stack:17524]
7fe19bcff000-7fe19bd02000 ---p 00000000 00:00 0 
7fe19bd02000-7fe19c000000 rw-p 00000000 00:00 0                          [stack:17523]
7fe19c000000-7fe19c021000 rw-p 00000000 00:00 0 
7fe19c021000-7fe1a0000000 ---p 00000000 00:00 0 
7fe1a0000000-7fe1a0021000 rw-p 00000000 00:00 0 
7fe1a0021000-7fe1a4000000 ---p 00000000 00:00 0 
7fe1a4000000-7fe1a4ebd000 rw-p 00000000 00:00 0 
7fe1a4ebd000-7fe1a8000000 ---p 00000000 00:00 0 
7fe1a8000000-7fe1a8021000 rw-p 00000000 00:00 0 
7fe1a8021000-7fe1ac000000 ---p 00000000 00:00 0 
7fe1ac000000-7fe1ac021000 rw-p 00000000 00:00 0 
7fe1ac021000-7fe1b0000000 ---p 00000000 00:00 0 
7fe1b0000000-7fe1b0021000 rw-p 00000000 00:00 0 
7fe1b0021000-7fe1b4000000 ---p 00000000 00:00 0 
7fe1b4000000-7fe1b402c000 rw-p 00000000 00:00 0 
7fe1b402c000-7fe1b8000000 ---p 00000000 00:00 0 
7fe1b8000000-7fe1b8021000 rw-p 00000000 00:00 0 
7fe1b8021000-7fe1bc000000 ---p 00000000 00:00 0 
7fe1bc000000-7fe1bc021000 rw-p 00000000 00:00 0 
7fe1bc021000-7fe1c0000000 ---p 00000000 00:00 0 
7fe1c0000000-7fe1c0021000 rw-p 00000000 00:00 0 
7fe1c0021000-7fe1c4000000 ---p 00000000 00:00 0 
7fe1c4000000-7fe1c57e8000 rw-p 00000000 00:00 0 
7fe1c57e8000-7fe1c8000000 ---p 00000000 00:00 0 
7fe1c8000000-7fe1c9994000 rw-p 00000000 00:00 0 
7fe1c9994000-7fe1cc000000 ---p 00000000 00:00 0 
7fe1cc000000-7fe1cc021000 rw-p 00000000 00:00 0 
7fe1cc021000-7fe1d0000000 ---p 00000000 00:00 0 
7fe1d0000000-7fe1d2332000 rw-p 00000000 00:00 0 
7fe1d2332000-7fe1d4000000 ---p 00000000 00:00 0 
7fe1d4000000-7fe1d4021000 rw-p 00000000 00:00 0 
7fe1d4021000-7fe1d8000000 ---p 00000000 00:00 0 
7fe1d8000000-7fe1d8021000 rw-p 00000000 00:00 0 
7fe1d8021000-7fe1dc000000 ---p 00000000 00:00 0 
7fe1dc000000-7fe1dc021000 rw-p 00000000 00:00 0 
7fe1dc021000-7fe1e0000000 ---p 00000000 00:00 0 
7fe1e0000000-7fe1e0571000 rw-p 00000000 00:00 0 
7fe1e0571000-7fe1e4000000 ---p 00000000 00:00 0 
7fe1e4000000-7fe1e4026000 rw-p 00000000 00:00 0 
7fe1e4026000-7fe1e8000000 ---p 00000000 00:00 0 
7fe1e8002000-7fe1e8003000 rw-p 00000000 00:00 0 
7fe1e8003000-7fe1e8004000 r--s 00002000 00:22 262544                     /home/johnny/Android/Sdk/extras/android/m2repository/com/android/support/support-annotations/21.0.3/support-annotations-21.0.3.jar
7fe1e8004000-7fe1e8015000 r--s 000aa000 00:22 2112587                    /home/johnny/AndroidStudioProjects/FlagMon5/app/build/intermediates/exploded-aar/com.android.support/support-v4/21.0.3/classes.jar
7fe1e8015000-7fe1e8018000 ---p 00000000 00:00 0 
7fe1e8018000-7fe1e804e000 rw-p 00000000 00:00 0                          [stack:17540]
7fe1e804e000-7fe1e8051000 ---p 00000000 00:00 0 
7fe1e8051000-7fe1e8087000 rw-p 00000000 00:00 0                          [stack:17536]
7fe1e8087000-7fe1e808a000 ---p 00000000 00:00 0 
7fe1e808a000-7fe1e80c0000 rw-p 00000000 00:00 0                          [stack:17529]
7fe1e80c0000-7fe1e80c3000 ---p 00000000 00:00 0 
7fe1e80c3000-7fe1e83c1000 rw-p 00000000 00:00 0                          [stack:17525]
7fe1e83c1000-7fe1e85c1000 rw-p 00000000 00:00 0 
7fe1e85c1000-7fe1e87c1000 rw-p 00000000 00:00 0 
7fe1e87c1000-7fe1e87d8000 r-xp 00000000 08:01 4592170                    /lib/x86_64-linux-gnu/libresolv-2.19.so
7fe1e87d8000-7fe1e89d8000 ---p 00017000 08:01 4592170                    /lib/x86_64-linux-gnu/libresolv-2.19.so
7fe1e89d8000-7fe1e89d9000 r--p 00017000 08:01 4592170                    /lib/x86_64-linux-gnu/libresolv-2.19.so
7fe1e89d9000-7fe1e89da000 rw-p 00018000 08:01 4592170                    /lib/x86_64-linux-gnu/libresolv-2.19.so
7fe1e89da000-7fe1e89dc000 rw-p 00000000 00:00 0 
7fe1e89dc000-7fe1e89e1000 r-xp 00000000 08:01 4609340                    /lib/x86_64-linux-gnu/libnss_dns-2.19.so
7fe1e89e1000-7fe1e8be0000 ---p 00005000 08:01 4609340                    /lib/x86_64-linux-gnu/libnss_dns-2.19.so
7fe1e8be0000-7fe1e8be1000 r--p 00004000 08:01 4609340                    /lib/x86_64-linux-gnu/libnss_dns-2.19.so
7fe1e8be1000-7fe1e8be2000 rw-p 00005000 08:01 4609340                    /lib/x86_64-linux-gnu/libnss_dns-2.19.so
7fe1e8be2000-7fe1e8be4000 r-xp 00000000 08:01 4591631                    /lib/x86_64-linux-gnu/libnss_mdns4_minimal.so.2
7fe1e8be4000-7fe1e8de3000 ---p 00002000 08:01 4591631                    /lib/x86_64-linux-gnu/libnss_mdns4_minimal.so.2
7fe1e8de3000-7fe1e8de4000 r--p 00001000 08:01 4591631                    /lib/x86_64-linux-gnu/libnss_mdns4_minimal.so.2
7fe1e8de4000-7fe1e8de5000 rw-p 00002000 08:01 4591631                    /lib/x86_64-linux-gnu/libnss_mdns4_minimal.so.2
7fe1e8de5000-7fe1e8de7000 r--s 00005000 00:22 2242639                    /home/johnny/AndroidStudioProjects/FlagMon5/app/build/intermediates/exploded-aar/FlagMon5/plusLibrary/unspecified/libs/httpmime-4.2.1.jar
7fe1e8de7000-7fe1e8dea000 r--s 00012000 00:22 2112744                    /home/johnny/AndroidStudioProjects/FlagMon5/app/build/intermediates/exploded-aar/FlagMon5/plusLibrary/unspecified/classes.jar
7fe1e8dea000-7fe1e8dfd000 r--s 00344000 08:01 3814161                    /usr/lib/jvm/jdk1.8.0/jre/lib/resources.jar
7fe1e8dfd000-7fe1e8e02000 r--s 0003f000 08:01 4202843                    /usr/lib/jvm/jdk1.8.0/jre/lib/ext/sunjce_provider.jar
7fe1e8e02000-7fe1e9002000 rw-p 00000000 00:00 0 
7fe1e9002000-7fe1e9034000 r-xp 00000000 08:01 3814110                    /usr/lib/jvm/jdk1.8.0/jre/lib/amd64/libsunec.so
7fe1e9034000-7fe1e9233000 ---p 00032000 08:01 3814110                    /usr/lib/jvm/jdk1.8.0/jre/lib/amd64/libsunec.so
7fe1e9233000-7fe1e9239000 rw-p 00031000 08:01 3814110                    /usr/lib/jvm/jdk1.8.0/jre/lib/amd64/libsunec.so
7fe1e9239000-7fe1e9249000 rw-p 00000000 00:00 0 
7fe1e9249000-7fe1e924a000 r--s 00009000 08:01 4202844                    /usr/lib/jvm/jdk1.8.0/jre/lib/ext/sunec.jar
7fe1e924a000-7fe1e924c000 r--s 0001a000 08:01 3814155                    /usr/lib/jvm/jdk1.8.0/jre/lib/jce.jar
7fe1e924c000-7fe1e944c000 rw-p 00000000 00:00 0 
7fe1e944c000-7fe1e964c000 rw-p 00000000 00:00 0 
7fe1e964c000-7fe1e964e000 r--s 00001000 08:01 4202838                    /usr/lib/jvm/jdk1.8.0/jre/lib/ext/dnsns.jar
7fe1e964e000-7fe1e984e000 rw-p 00000000 00:00 0 
7fe1e984e000-7fe1e9850000 r--s 0000d000 00:22 154895                     /home/johnny/android-studio/gradle/m2repository/commons-codec/commons-codec/1.4/commons-codec-1.4.jar
7fe1e9850000-7fe1e9852000 r--s 0000d000 00:22 129484                     /home/johnny/android-studio/gradle/m2repository/commons-logging/commons-logging/1.1.1/commons-logging-1.1.1.jar
7fe1e9852000-7fe1e9857000 r--s 00028000 00:22 154515                     /home/johnny/android-studio/gradle/m2repository/org/apache/httpcomponents/httpcore/4.1/httpcore-4.1.jar
7fe1e9857000-7fe1e9859000 r--s 00004000 00:22 154580                     /home/johnny/android-studio/gradle/m2repository/org/ow2/asm/asm-tree/4.0/asm-tree-4.0.jar
7fe1e9859000-7fe1e9862000 r--s 000a7000 00:22 154631                     /home/johnny/android-studio/gradle/m2repository/com/android/tools/external/lombok/lombok-ast/0.2.2/lombok-ast-0.2.2.jar
7fe1e9862000-7fe1e9864000 r--s 0000a000 00:22 154577                     /home/johnny/android-studio/gradle/m2repository/org/ow2/asm/asm/4.0/asm-4.0.jar
7fe1e9864000-7fe1e9865000 r--s 0000a000 00:22 154891                     /home/johnny/android-studio/gradle/m2repository/net/sf/kxml/kxml2/2.3.0/kxml2-2.3.0.jar
7fe1e9865000-7fe1e9890000 r--s 001f9000 00:22 154602                     /home/johnny/android-studio/gradle/m2repository/com/google/guava/guava/17.0/guava-17.0.jar
7fe1e9890000-7fe1e9897000 r--s 00053000 00:22 154532                     /home/johnny/android-studio/gradle/m2repository/org/apache/commons/commons-compress/1.8.1/commons-compress-1.8.1.jar
7fe1e9897000-7fe1e989a000 r--s 00011000 00:22 154636                     /home/johnny/android-studio/gradle/m2repository/com/android/tools/layoutlib/layoutlib-api/24.0.0/layoutlib-api-24.0.0.jar
7fe1e989a000-7fe1e989c000 r--s 00005000 00:22 154508                     /home/johnny/android-studio/gradle/m2repository/org/apache/httpcomponents/httpmime/4.1/httpmime-4.1.jar
7fe1e989c000-7fe1e98a4000 r--s 0004e000 00:22 154524                     /home/johnny/android-studio/gradle/m2repository/org/apache/httpcomponents/httpclient/4.1.1/httpclient-4.1.1.jar
7fe1e98a4000-7fe1e98a5000 r--s 00005000 00:22 154647                     /home/johnny/android-studio/gradle/m2repository/com/android/tools/dvlib/24.0.0/dvlib-24.0.0.jar
7fe1e98a5000-7fe1e98a6000 r--s 00004000 00:22 154569                     /home/johnny/android-studio/gradle/m2repository/org/ow2/asm/asm-analysis/4.0/asm-analysis-4.0.jar
7fe1e98a6000-7fe1e98a9000 r--s 00029000 00:22 154623                     /home/johnny/android-studio/gradle/m2repository/com/android/tools/lint/lint-api/24.0.0/lint-api-24.0.0.jar
7fe1e98a9000-7fe1e98b9000 r--s 000d3000 00:22 154873                     /home/johnny/android-studio/gradle/m2repository/net/sf/proguard/proguard-base/5.1/proguard-base-5.1.jar
7fe1e98b9000-7fe1e98c7000 r--s 00081000 00:22 154550                     /home/johnny/android-studio/gradle/m2repository/org/bouncycastle/bcpkix-jdk15on/1.48/bcpkix-jdk15on-1.48.jar
7fe1e98c7000-7fe1e98c9000 r--s 00003000 00:22 154847                     /home/johnny/android-studio/gradle/m2repository/com/android/tools/build/builder-model/1.0.0/builder-model-1.0.0.jar
7fe1e98c9000-7fe1e98cc000 r--s 00029000 00:22 154864                     /home/johnny/android-studio/gradle/m2repository/com/android/tools/build/manifest-merger/24.0.0/manifest-merger-24.0.0.jar
7fe1e98cc000-7fe1e98d1000 r--s 00042000 00:22 154837                     /home/johnny/android-studio/gradle/m2repository/com/android/tools/ddms/ddmlib/24.0.0/ddmlib-24.0.0.jar
7fe1e98d1000-7fe1e98d2000 r--s 00000000 00:22 154854                     /home/johnny/android-studio/gradle/m2repository/com/android/tools/build/builder-test-api/1.0.0/builder-test-api-1.0.0.jar
7fe1e98d2000-7fe1e98d4000 r--s 00002000 00:22 154592                     /home/johnny/android-studio/gradle/m2repository/com/squareup/javawriter/2.5.0/javawriter-2.5.0.jar
7fe1e98d4000-7fe1e98d6000 r--s 00014000 00:22 154650                     /home/johnny/android-studio/gradle/m2repository/com/android/tools/common/24.0.0/common-24.0.0.jar
7fe1e98d6000-7fe1e98e0000 r--s 000a8000 00:22 154867                     /home/johnny/android-studio/gradle/m2repository/com/android/tools/sdklib/24.0.0/sdklib-24.0.0.jar
7fe1e98e0000-7fe1e9913000 r--s 00203000 00:22 154556                     /home/johnny/android-studio/gradle/m2repository/org/bouncycastle/bcprov-jdk15on/1.48/bcprov-jdk15on-1.48.jar
7fe1e9913000-7fe1e9918000 r--s 00047000 00:22 154640                     /home/johnny/android-studio/gradle/m2repository/com/android/tools/sdk-common/24.0.0/sdk-common-24.0.0.jar
7fe1e9918000-7fe1e9927000 r--s 001a9000 00:22 154494                     /home/johnny/android-studio/gradle/m2repository/org/eclipse/jdt/core/compiler/ecj/4.2.2/ecj-4.2.2.jar
7fe1e9927000-7fe1e9b27000 rw-p 00000000 00:00 0 
7fe1e9b27000-7fe1e9b2a000 ---p 00000000 00:00 0 
7fe1e9b2a000-7fe1e9e28000 rw-p 00000000 00:00 0                          [stack:17219]
7fe1e9e28000-7fe1ea028000 rw-p 00000000 00:00 0 
7fe1ea028000-7fe1ea228000 rw-p 00000000 00:00 0 
7fe1ea228000-7fe1ea22b000 ---p 00000000 00:00 0 
7fe1ea22b000-7fe1ea461000 rw-p 00000000 00:00 0                          [stack:17528]
7fe1ea461000-7fe1ea661000 rw-p 00000000 00:00 0 
7fe1ea661000-7fe1ea861000 rw-p 00000000 00:00 0 
7fe1ea861000-7fe1ea8da000 r--s 010df000 08:01 4462045                    /usr/lib/jvm/jdk1.8.0/lib/tools.jar
7fe1ea8da000-7fe1ea8dd000 ---p 00000000 00:00 0 
7fe1ea8dd000-7fe1ea9db000 rw-p 00000000 00:00 0                          [stack:17494]
7fe1ea9db000-7fe1ea9de000 ---p 00000000 00:00 0 
7fe1ea9de000-7fe1eaadc000 rw-p 00000000 00:00 0                          [stack:17489]
7fe1eaadc000-7fe1eaadf000 ---p 00000000 00:00 0 
7fe1eaadf000-7fe1eaddd000 rw-p 00000000 00:00 0                          [stack:17491]
7fe1eaddd000-7fe1eade0000 ---p 00000000 00:00 0 
7fe1eade0000-7fe1eaede000 rw-p 00000000 00:00 0                          [stack:17490]
7fe1eaede000-7fe1eaee1000 ---p 00000000 00:00 0 
7fe1eaee1000-7fe1eafdf000 rw-p 00000000 00:00 0                          [stack:17488]
7fe1eafdf000-7fe1eafe2000 ---p 00000000 00:00 0 
7fe1eafe2000-7fe1eb0e0000 rw-p 00000000 00:00 0                          [stack:17208]
7fe1eb0e0000-7fe1eb0f1000 r-xp 00000000 08:01 3814116                    /usr/lib/jvm/jdk1.8.0/jre/lib/amd64/libnio.so
7fe1eb0f1000-7fe1eb2f0000 ---p 00011000 08:01 3814116                    /usr/lib/jvm/jdk1.8.0/jre/lib/amd64/libnio.so
7fe1eb2f0000-7fe1eb2f1000 rw-p 00010000 08:01 3814116                    /usr/lib/jvm/jdk1.8.0/jre/lib/amd64/libnio.so
7fe1eb2f1000-7fe1eb307000 r-xp 00000000 08:01 3814112                    /usr/lib/jvm/jdk1.8.0/jre/lib/amd64/libnet.so
7fe1eb307000-7fe1eb507000 ---p 00016000 08:01 3814112                    /usr/lib/jvm/jdk1.8.0/jre/lib/amd64/libnet.so
7fe1eb507000-7fe1eb508000 rw-p 00016000 08:01 3814112                    /usr/lib/jvm/jdk1.8.0/jre/lib/amd64/libnet.so
7fe1eb508000-7fe1eb51e000 r-xp 00000000 08:01 4591527                    /lib/x86_64-linux-gnu/libgcc_s.so.1
7fe1eb51e000-7fe1eb71d000 ---p 00016000 08:01 4591527                    /lib/x86_64-linux-gnu/libgcc_s.so.1
7fe1eb71d000-7fe1eb71e000 rw-p 00015000 08:01 4591527                    /lib/x86_64-linux-gnu/libgcc_s.so.1
7fe1eb71e000-7fe1eb804000 r-xp 00000000 08:01 3810241                    /usr/lib/x86_64-linux-gnu/libstdc++.so.6.0.19
7fe1eb804000-7fe1eba03000 ---p 000e6000 08:01 3810241                    /usr/lib/x86_64-linux-gnu/libstdc++.so.6.0.19
7fe1eba03000-7fe1eba0b000 r--p 000e5000 08:01 3810241                    /usr/lib/x86_64-linux-gnu/libstdc++.so.6.0.19
7fe1eba0b000-7fe1eba0d000 rw-p 000ed000 08:01 3810241                    /usr/lib/x86_64-linux-gnu/libstdc++.so.6.0.19
7fe1eba0d000-7fe1eba22000 rw-p 00000000 00:00 0 
7fe1eba22000-7fe1eba27000 r--s 0008c000 00:22 154618                     /home/johnny/android-studio/gradle/m2repository/com/android/tools/lint/lint-checks/24.0.0/lint-checks-24.0.0.jar
7fe1eba27000-7fe1eba28000 r--s 00002000 00:22 154878                     /home/johnny/android-studio/gradle/m2repository/net/sf/proguard/proguard-gradle/5.1/proguard-gradle-5.1.jar
7fe1eba28000-7fe1eba2c000 r--s 00031000 00:22 154844                     /home/johnny/android-studio/gradle/m2repository/com/android/tools/build/builder/1.0.0/builder-1.0.0.jar
7fe1eba2c000-7fe1eba2e000 r--s 00018000 00:22 154613                     /home/johnny/android-studio/gradle/m2repository/com/android/tools/lint/lint/24.0.0/lint-24.0.0.jar
7fe1eba2e000-7fe1eba3e000 r--s 00138000 00:22 154859                     /home/johnny/android-studio/gradle/m2repository/com/android/tools/build/gradle/1.0.0/gradle-1.0.0.jar
7fe1eba3e000-7fe1eba3f000 r--p 00000000 00:00 0 
7fe1eba3f000-7fe1eba43000 r-xp 00000000 08:01 3285830                    /tmp/native-platform4020283409882945862dir/libnative-platform.so
7fe1eba43000-7fe1ebc42000 ---p 00004000 08:01 3285830                    /tmp/native-platform4020283409882945862dir/libnative-platform.so
7fe1ebc42000-7fe1ebc43000 rw-p 00003000 08:01 3285830                    /tmp/native-platform4020283409882945862dir/libnative-platform.so
7fe1ebc43000-7fe1ebc47000 r--s 00093000 08:01 3814158                    /usr/lib/jvm/jdk1.8.0/jre/lib/jsse.jar
7fe1ebc47000-7fe1ebc48000 r--s 00001000 00:22 123194                     /home/johnny/android-studio/gradle/gradle-2.2.1/lib/plugins/gradle-plugin-development-2.2.1.jar
7fe1ebc48000-7fe1ebc4a000 r--s 00002000 00:22 123115                     /home/johnny/android-studio/gradle/gradle-2.2.1/lib/plugins/gradle-cunit-2.2.1.jar
7fe1ebc4a000-7fe1ebc4f000 r--s 00036000 00:22 123183                     /home/johnny/android-studio/gradle/gradle-2.2.1/lib/plugins/gradle-ide-native-2.2.1.jar
7fe1ebc4f000-7fe1ebc54000 r--s 00013000 00:22 123153                     /home/johnny/android-studio/gradle/gradle-2.2.1/lib/plugins/gradle-language-native-2.2.1.jar
7fe1ebc54000-7fe1ebc5f000 r--s 0004d000 00:22 123166                     /home/johnny/android-studio/gradle/gradle-2.2.1/lib/plugins/gradle-platform-native-2.2.1.jar
7fe1ebc5f000-7fe1ebc61000 r--s 00008000 00:22 123137                     /home/johnny/android-studio/gradle/gradle-2.2.1/lib/plugins/gradle-language-groovy-2.2.1.jar
7fe1ebc61000-7fe1ebc66000 r--s 00022000 00:22 123202                     /home/johnny/android-studio/gradle/gradle-2.2.1/lib/plugins/gradle-language-java-2.2.1.jar
7fe1ebc66000-7fe1ebc69000 r--s 00007000 00:22 123171                     /home/johnny/android-studio/gradle/gradle-2.2.1/lib/plugins/gradle-language-jvm-2.2.1.jar
7fe1ebc69000-7fe1ebc6c000 r--s 00009000 00:22 123140                     /home/johnny/android-studio/gradle/gradle-2.2.1/lib/plugins/gradle-platform-jvm-2.2.1.jar
7fe1ebc6c000-7fe1ebc71000 r--s 00018000 00:22 123118                     /home/johnny/android-studio/gradle/gradle-2.2.1/lib/plugins/gradle-platform-base-2.2.1.jar
7fe1ebc71000-7fe1ebc76000 r--s 00026000 00:22 123204                     /home/johnny/android-studio/gradle/gradle-2.2.1/lib/plugins/gradle-build-init-2.2.1.jar
7fe1ebc76000-7fe1ebc79000 r--s 0001d000 00:22 123184                     /home/johnny/android-studio/gradle/gradle-2.2.1/lib/plugins/gradle-jacoco-2.2.1.jar
7fe1ebc79000-7fe1ebc7c000 r--s 0000d000 00:22 123176                     /home/johnny/android-studio/gradle/gradle-2.2.1/lib/plugins/gradle-ivy-2.2.1.jar
7fe1ebc7c000-7fe1ebc7e000 r--s 00002000 00:22 123178                     /home/johnny/android-studio/gradle/gradle-2.2.1/lib/plugins/gradle-publish-2.2.1.jar
7fe1ebc7e000-7fe1ebc80000 r--s 00005000 00:22 123145                     /home/johnny/android-studio/gradle/gradle-2.2.1/lib/plugins/jatl-0.2.2.jar
7fe1ebc80000-7fe1ebc82000 r--s 0000f000 00:22 123173                     /home/johnny/android-studio/gradle/gradle-2.2.1/lib/plugins/gradle-reporting-2.2.1.jar
7fe1ebc82000-7fe1ebc87000 r--s 00034000 00:22 123180                     /home/johnny/android-studio/gradle/gradle-2.2.1/lib/plugins/gradle-diagnostics-2.2.1.jar
7fe1ebc87000-7fe1ebc8e000 r--s 00090000 00:22 123122                     /home/johnny/android-studio/gradle/gradle-2.2.1/lib/plugins/gradle-build-comparison-2.2.1.jar
7fe1ebc8e000-7fe1ebc95000 r--s 00035000 00:22 123161                     /home/johnny/android-studio/gradle/gradle-2.2.1/lib/plugins/simple-4.1.21.jar
7fe1ebc95000-7fe1ebca1000 r--s 00100000 00:22 123192                     /home/johnny/android-studio/gradle/gradle-2.2.1/lib/plugins/rhino-1.7R3.jar
7fe1ebca1000-7fe1ebca6000 r--s 0001f000 00:22 123179                     /home/johnny/android-studio/gradle/gradle-2.2.1/lib/plugins/gradle-javascript-2.2.1.jar
7fe1ebca6000-7fe1ebca8000 r--s 0000e000 00:22 123177                     /home/johnny/android-studio/gradle/gradle-2.2.1/lib/plugins/gradle-ear-2.2.1.jar
7fe1ebca8000-7fe1ebcac000 r--s 00025000 00:22 123114                     /home/johnny/android-studio/gradle/gradle-2.2.1/lib/plugins/bcpg-jdk15-1.46.jar
7fe1ebcac000-7fe1ebcaf000 r--s 0001d000 00:22 123125                     /home/johnny/android-studio/gradle/gradle-2.2.1/lib/plugins/gradle-signing-2.2.1.jar
7fe1ebcaf000-7fe1ebcb0000 r--s 00002000 00:22 123107                     /home/johnny/android-studio/gradle/gradle-2.2.1/lib/plugins/sonar-batch-bootstrapper-2.9.jar
7fe1ebcb0000-7fe1ebcb3000 r--s 00018000 00:22 123151                     /home/johnny/android-studio/gradle/gradle-2.2.1/lib/plugins/gradle-sonar-2.2.1.jar
7fe1ebcb3000-7fe1ebcb6000 r--s 00017000 00:22 123136                     /home/johnny/android-studio/gradle/gradle-2.2.1/lib/plugins/gradle-scala-2.2.1.jar
7fe1ebcb6000-7fe1ebcb8000 r--s 0000e000 00:22 123142                     /home/johnny/android-studio/gradle/gradle-2.2.1/lib/plugins/gradle-announce-2.2.1.jar
7fe1ebcb8000-7fe1ebcc6000 r--s 000bc000 00:22 123119                     /home/johnny/android-studio/gradle/gradle-2.2.1/lib/plugins/gradle-ide-2.2.1.jar
7fe1ebcc6000-7fe1ebcc8000 r--s 00000000 00:22 123185                     /home/johnny/android-studio/gradle/gradle-2.2.1/lib/plugins/plexus-component-annotations-1.5.2.jar
7fe1ebcc8000-7fe1ebccb000 r--s 0000c000 00:22 123141                     /home/johnny/android-studio/gradle/gradle-2.2.1/lib/plugins/pmaven-groovy-0.8-20100325.jar
7fe1ebccb000-7fe1ebccc000 r--s 00004000 00:22 123162                     /home/johnny/android-studio/gradle/gradle-2.2.1/lib/plugins/pmaven-common-0.8-20100325.jar
7fe1ebccc000-7fe1ebcd0000 r--s 0001e000 00:22 123159                     /home/johnny/android-studio/gradle/gradle-2.2.1/lib/plugins/gradle-maven-2.2.1.jar
7fe1ebcd0000-7fe1ebce8000 r--s 0013b000 00:22 123196                     /home/johnny/android-studio/gradle/gradle-2.2.1/lib/plugins/bndlib-2.1.0.jar
7fe1ebce8000-7fe1ebcea000 r--s 00004000 00:22 123129                     /home/johnny/android-studio/gradle/gradle-2.2.1/lib/plugins/gradle-osgi-2.2.1.jar
7fe1ebcea000-7fe1ebcef000 r--s 00068000 00:22 123160                     /home/johnny/android-studio/gradle/gradle-2.2.1/lib/plugins/antlr-2.7.7.jar
7fe1ebcef000-7fe1ebcf0000 r--s 00002000 00:22 123191                     /home/johnny/android-studio/gradle/gradle-2.2.1/lib/plugins/ant-antlr-1.9.3.jar
7fe1ebcf0000-7fe1ebcf2000 r--s 00004000 00:22 123182                     /home/johnny/android-studio/gradle/gradle-2.2.1/lib/plugins/gradle-antlr-2.2.1.jar
7fe1ebcf2000-7fe1ebcf5000 r--s 0001e000 00:22 123155                     /home/johnny/android-studio/gradle/gradle-2.2.1/lib/plugins/jsp-api-2.1-6.1.14.jar
7fe1ebcf5000-7fe1ebd18000 r--s 00344000 00:22 123186                     /home/johnny/android-studio/gradle/gradle-2.2.1/lib/plugins/core-3.1.1.jar
7fe1ebd18000-7fe1ebd19000 r--s 00006000 00:22 123205                     /home/johnny/android-studio/gradle/gradle-2.2.1/lib/plugins/jetty-naming-6.1.25.jar
7fe1ebd19000-7fe1ebd1a000 r--s 00002000 00:22 123134                     /home/johnny/android-studio/gradle/gradle-2.2.1/lib/plugins/geronimo-annotation_1.0_spec-1.0.jar
7fe1ebd1a000-7fe1ebd1c000 r--s 00002000 00:22 123147                     /home/johnny/android-studio/gradle/gradle-2.2.1/lib/plugins/jetty-annotations-6.1.25.jar
7fe1ebd1c000-7fe1ebd2d000 r--s 000ea000 00:22 123167                     /home/johnny/android-studio/gradle/gradle-2.2.1/lib/plugins/jsp-2.1-6.1.14.jar
7fe1ebd2d000-7fe1ebd2f000 r--s 0000d000 00:22 123117                     /home/johnny/android-studio/gradle/gradle-2.2.1/lib/plugins/jetty-plus-6.1.25.jar
7fe1ebd2f000-7fe1ebd31000 r--s 0001f000 00:22 123139                     /home/johnny/android-studio/gradle/gradle-2.2.1/lib/plugins/servlet-api-2.5-20081211.jar
7fe1ebd31000-7fe1ebd35000 r--s 00028000 00:22 123108                     /home/johnny/android-studio/gradle/gradle-2.2.1/lib/plugins/jetty-util-6.1.25.jar
7fe1ebd35000-7fe1ebd3c000 r--s 0007d000 00:22 123169                     /home/johnny/android-studio/gradle/gradle-2.2.1/lib/plugins/jetty-6.1.25.jar
7fe1ebd3c000-7fe1ebd3e000 r--s 00009000 00:22 123128                     /home/johnny/android-studio/gradle/gradle-2.2.1/lib/plugins/gradle-jetty-2.2.1.jar
7fe1ebd3e000-7fe1ebd43000 r--s 00041000 00:22 123131                     /home/johnny/android-studio/gradle/gradle-2.2.1/lib/plugins/gradle-code-quality-2.2.1.jar
7fe1ebd43000-7fe1ebd45000 r--s 00009000 00:22 123135                     /home/johnny/android-studio/gradle/gradle-2.2.1/lib/plugins/hamcrest-core-1.3.jar
7fe1ebd45000-7fe1ebd4b000 r--s 00033000 00:22 123172                     /home/johnny/android-studio/gradle/gradle-2.2.1/lib/plugins/snakeyaml-1.6.jar
7fe1ebd4b000-7fe1ebd4d000 r--s 00006000 00:22 123120                     /home/johnny/android-studio/gradle/gradle-2.2.1/lib/plugins/jcommander-1.12.jar
7fe1ebd4d000-7fe1ebd52000 r--s 00040000 00:22 123181                     /home/johnny/android-studio/gradle/gradle-2.2.1/lib/plugins/bsh-2.0b4.jar
7fe1ebd52000-7fe1ebd54000 r--s 00009000 00:22 123112                     /home/johnny/android-studio/gradle/gradle-2.2.1/lib/plugins/commons-cli-1.2.jar
7fe1ebd54000-7fe1ebd5d000 r--s 00089000 00:22 123132                     /home/johnny/android-studio/gradle/gradle-2.2.1/lib/plugins/testng-6.3.1.jar
7fe1ebd5d000-7fe1ebd63000 r--s 00036000 00:22 123156                     /home/johnny/android-studio/gradle/gradle-2.2.1/lib/plugins/junit-4.11.jar
7fe1ebd63000-7fe1ebd6f000 r--s 00075000 00:22 123126                     /home/johnny/android-studio/gradle/gradle-2.2.1/lib/plugins/gradle-plugins-2.2.1.jar
7fe1ebd6f000-7fe1ebd72000 r--s 00011000 00:22 123109                     /home/johnny/android-studio/gradle/gradle-2.2.1/lib/plugins/gradle-plugin-use-2.2.1.jar
7fe1ebd72000-7fe1ebd8a000 r--s 00115000 00:22 123164                     /home/johnny/android-studio/gradle/gradle-2.2.1/lib/plugins/xercesImpl-2.9.1.jar
7fe1ebd8a000-7fe1ebd92000 r--s 00028000 00:22 123148                     /home/johnny/android-studio/gradle/gradle-2.2.1/lib/plugins/xml-apis-1.3.04.jar
7fe1ebd92000-7fe1ebd98000 r--s 0005b000 00:22 123111                     /home/johnny/android-studio/gradle/gradle-2.2.1/lib/plugins/jcifs-1.3.17.jar
7fe1ebd98000-7fe1ebd9e000 r--s 00031000 00:22 123121                     /home/johnny/android-studio/gradle/gradle-2.2.1/lib/plugins/httpcore-4.2.2.jar
7fe1ebd9e000-7fe1ebda4000 r--s 00033000 00:22 123110                     /home/johnny/android-studio/gradle/gradle-2.2.1/lib/plugins/commons-codec-1.6.jar
7fe1ebda4000-7fe1ebda7000 r--s 0001c000 00:22 123200                     /home/johnny/android-studio/gradle/gradle-2.2.1/lib/plugins/nekohtml-1.9.14.jar
7fe1ebda7000-7fe1ebdb0000 r--s 00060000 00:22 123133                     /home/johnny/android-studio/gradle/gradle-2.2.1/lib/plugins/httpclient-4.2.2.jar
7fe1ebdb0000-7fe1ebdb2000 r--s 00007000 00:22 123190                     /home/johnny/android-studio/gradle/gradle-2.2.1/lib/plugins/gradle-resources-http-2.2.1.jar
7fe1ebdb2000-7fe1ebdda000 r--s 00194000 00:22 123146                     /home/johnny/android-studio/gradle/gradle-2.2.1/lib/plugins/bcprov-jdk15-1.46.jar
7fe1ebdda000-7fe1ebdde000 r--s 0001d000 00:22 123187                     /home/johnny/android-studio/gradle/gradle-2.2.1/lib/plugins/xbean-reflect-3.4.jar
7fe1ebdde000-7fe1ebde3000 r--s 0002a000 00:22 123197                     /home/johnny/android-studio/gradle/gradle-2.2.1/lib/plugins/gson-2.2.4.jar
7fe1ebde3000-7fe1ebde7000 r--s 0003d000 00:22 123152                     /home/johnny/android-studio/gradle/gradle-2.2.1/lib/plugins/jsch-0.1.51.jar
7fe1ebde7000-7fe1ebe00000 r--s 00129000 00:22 123193                     /home/johnny/android-studio/gradle/gradle-2.2.1/lib/plugins/maven-ant-tasks-2.1.3.jar
7fe1ebe00000-7fe1ebe0f000 r--s 000d9000 00:22 123175                     /home/johnny/android-studio/gradle/gradle-2.2.1/lib/plugins/ivy-2.2.0.jar
7fe1ebe0f000-7fe1ebe13000 r--s 0001e000 00:22 123149                     /home/johnny/android-studio/gradle/gradle-2.2.1/lib/plugins/jarjar-aether-impl-1.13.1.jar
7fe1ebe13000-7fe1ebe16000 r--s 00027000 00:22 123154                     /home/johnny/android-studio/gradle/gradle-2.2.1/lib/plugins/jarjar-maven-model-3.0.4.jar
7fe1ebe16000-7fe1ebe19000 r--s 0000b000 00:22 123144                     /home/johnny/android-studio/gradle/gradle-2.2.1/lib/plugins/jarjar-maven-artifact-3.0.4.jar
7fe1ebe19000-7fe1ebe1d000 r--s 0001e000 00:22 123124                     /home/johnny/android-studio/gradle/gradle-2.2.1/lib/plugins/jarjar-aether-util-1.13.1.jar
7fe1ebe1d000-7fe1ebe1f000 r--s 00007000 00:22 123198                     /home/johnny/android-studio/gradle/gradle-2.2.1/lib/plugins/jarjar-wagon-http-shared4-2.4.jar
7fe1ebe1f000-7fe1ebe2c000 r--s 00083000 00:22 123123                     /home/johnny/android-studio/gradle/gradle-2.2.1/lib/plugins/jarjar-maven-core-3.0.4.jar
7fe1ebe2c000-7fe1ebe2e000 r--s 00003000 00:22 123174                     /home/johnny/android-studio/gradle/gradle-2.2.1/lib/plugins/jarjar-aether-spi-1.13.1.jar
7fe1ebe2e000-7fe1ebe30000 r--s 00009000 00:22 123163                     /home/johnny/android-studio/gradle/gradle-2.2.1/lib/plugins/jarjar-maven-settings-builder-3.0.4.jar
7fe1ebe30000-7fe1ebe34000 r--s 00014000 00:22 123138                     /home/johnny/android-studio/gradle/gradle-2.2.1/lib/plugins/jarjar-aether-api-1.13.1.jar
7fe1ebe34000-7fe1ebe35000 r--s 00002000 00:22 123188                     /home/johnny/android-studio/gradle/gradle-2.2.1/lib/plugins/jarjar-wagon-http-2.4.jar
7fe1ebe35000-7fe1ebe3c000 r--s 00042000 00:22 123127                     /home/johnny/android-studio/gradle/gradle-2.2.1/lib/plugins/jarjar-maven-compat-3.0.4.jar
7fe1ebe3c000-7fe1ebe3e000 r--s 00006000 00:22 123143                     /home/johnny/android-studio/gradle/gradle-2.2.1/lib/plugins/jarjar-aether-connector-wagon-1.13.1.jar
7fe1ebe3e000-7fe1ebe40000 r--s 00000000 00:22 123130                     /home/johnny/android-studio/gradle/gradle-2.2.1/lib/plugins/jarjar-plexus-component-annotations-1.5.5.jar
7fe1ebe40000-7fe1ebe42000 r--s 00006000 00:22 123116                     /home/johnny/android-studio/gradle/gradle-2.2.1/lib/plugins/jarjar-plexus-sec-dispatcher-1.3.jar
7fe1ebe42000-7fe1ebe47000 r--s 00022000 00:22 123189                     /home/johnny/android-studio/gradle/gradle-2.2.1/lib/plugins/jarjar-maven-model-builder-3.0.4.jar
7fe1ebe47000-7fe1ebe49000 r--s 0000b000 00:22 123158                     /home/johnny/android-studio/gradle/gradle-2.2.1/lib/plugins/jarjar-maven-plugin-api-3.0.4.jar
7fe1ebe49000-7fe1ebe4c000 r--s 0000a000 00:22 123113                     /home/johnny/android-studio/gradle/gradle-2.2.1/lib/plugins/jarjar-plexus-classworlds-2.4.jar
7fe1ebe4c000-7fe1ebe50000 r--s 00035000 00:22 123199                     /home/johnny/android-studio/gradle/gradle-2.2.1/lib/plugins/jarjar-plexus-utils-2.0.6.jar
7fe1ebe50000-7fe1ebe52000 r--s 0000e000 00:22 123201                     /home/johnny/android-studio/gradle/gradle-2.2.1/lib/plugins/jarjar-plexus-interpolation-1.14.jar
7fe1ebe52000-7fe1ebe54000 r--s 00002000 00:22 123150                     /home/johnny/android-studio/gradle/gradle-2.2.1/lib/plugins/jarjar-plexus-cipher-1.7.jar
7fe1ebe54000-7fe1ebe56000 r--s 0000c000 00:22 123195                     /home/johnny/android-studio/gradle/gradle-2.2.1/lib/plugins/jarjar-wagon-provider-api-2.4.jar
7fe1ebe56000-7fe1ebe58000 r--s 0000d000 00:22 123203                     /home/johnny/android-studio/gradle/gradle-2.2.1/lib/plugins/jarjar-maven-aether-provider-3.0.4.jar
7fe1ebe58000-7fe1ebe60000 r--s 00031000 00:22 123170                     /home/johnny/android-studio/gradle/gradle-2.2.1/lib/plugins/jarjar-plexus-container-default-1.5.5.jar
7fe1ebe60000-7fe1ebe61000 r--s 00007000 00:22 123157                     /home/johnny/android-studio/gradle/gradle-2.2.1/lib/plugins/jarjar-maven-repository-metadata-3.0.4.jar
7fe1ebe61000-7fe1ebe62000 r--s 0000b000 00:22 123168                     /home/johnny/android-studio/gradle/gradle-2.2.1/lib/plugins/jarjar-maven-settings-3.0.4.jar
7fe1ebe62000-7fe1ebe7a000 r--s 000b5000 00:22 123165                     /home/johnny/android-studio/gradle/gradle-2.2.1/lib/plugins/gradle-dependency-management-2.2.1.jar
7fe1ebe7a000-7fe1ebe81000 r--s 00000000 08:01 4075464                    /usr/lib/x86_64-linux-gnu/gconv/gconv-modules.cache
7fe1ebe81000-7fe1ebea7000 r--p 00000000 08:01 4460467                    /usr/share/locale-langpack/ko/LC_MESSAGES/libc.mo
7fe1ebea7000-7fe1ebea8000 r--s 00005000 00:22 118677                     /home/johnny/android-studio/gradle/gradle-2.2.1/lib/gradle-wrapper-2.2.1.jar
7fe1ebea8000-7fe1ebeb1000 r--s 0002c000 00:22 118682                     /home/johnny/android-studio/gradle/gradle-2.2.1/lib/gradle-tooling-api-2.2.1.jar
7fe1ebeb1000-7fe1ebeb3000 r--s 00002000 00:22 118692                     /home/johnny/android-studio/gradle/gradle-2.2.1/lib/gradle-open-api-2.2.1.jar
7fe1ebeb3000-7fe1ebeb9000 r--s 00032000 00:22 118685                     /home/johnny/android-studio/gradle/gradle-2.2.1/lib/jaxen-1.1.jar
7fe1ebeb9000-7fe1ebebe000 r--s 00048000 00:22 118656                     /home/johnny/android-studio/gradle/gradle-2.2.1/lib/dom4j-1.6.1.jar
7fe1ebebe000-7fe1ebec9000 r--s 00059000 00:22 118695                     /home/johnny/android-studio/gradle/gradle-2.2.1/lib/gradle-ui-2.2.1.jar
7fe1ebec9000-7fe1ebecb000 r--s 00006000 00:22 118659                     /home/johnny/android-studio/gradle/gradle-2.2.1/lib/gradle-resources-2.2.1.jar
7fe1ebecb000-7fe1ebecd000 r--s 00007000 00:22 118687                     /home/johnny/android-studio/gradle/gradle-2.2.1/lib/objenesis-1.2.jar
7fe1ebecd000-7fe1ebecf000 r--s 00000000 00:22 118688                     /home/johnny/android-studio/gradle/gradle-2.2.1/lib/minlog-1.2.jar
7fe1ebecf000-7fe1ebed1000 r--s 0000f000 00:22 118693                     /home/johnny/android-studio/gradle/gradle-2.2.1/lib/reflectasm-1.07-shaded.jar
7fe1ebed1000-7fe1ebed5000 r--s 00026000 00:22 118699                     /home/johnny/android-studio/gradle/gradle-2.2.1/lib/kryo-2.20.jar
7fe1ebed5000-7fe1ebede000 r--s 00039000 00:22 118684                     /home/johnny/android-studio/gradle/gradle-2.2.1/lib/gradle-messaging-2.2.1.jar
7fe1ebede000-7fe1ebedf000 r--s 00003000 00:22 118697                     /home/johnny/android-studio/gradle/gradle-2.2.1/lib/native-platform-freebsd-amd64-0.10.jar
7fe1ebedf000-7fe1ebee0000 r--s 00003000 00:22 118679                     /home/johnny/android-studio/gradle/gradle-2.2.1/lib/native-platform-freebsd-i386-0.10.jar
7fe1ebee0000-7fe1ebee1000 r--s 00005000 00:22 118683                     /home/johnny/android-studio/gradle/gradle-2.2.1/lib/native-platform-windows-i386-0.10.jar
7fe1ebee1000-7fe1ebee2000 r--s 00005000 00:22 118652                     /home/johnny/android-studio/gradle/gradle-2.2.1/lib/native-platform-windows-amd64-0.10.jar
7fe1ebee2000-7fe1ebee3000 r--s 00003000 00:22 118655                     /home/johnny/android-studio/gradle/gradle-2.2.1/lib/native-platform-linux-i386-0.10.jar
7fe1ebee3000-7fe1ebee4000 r--s 00003000 00:22 118663                     /home/johnny/android-studio/gradle/gradle-2.2.1/lib/native-platform-linux-amd64-0.10.jar
7fe1ebee4000-7fe1ebee5000 r--s 00002000 00:22 118700                     /home/johnny/android-studio/gradle/gradle-2.2.1/lib/native-platform-osx-amd64-0.10.jar
7fe1ebee5000-7fe1ebee7000 r--s 00008000 00:22 118674                     /home/johnny/android-studio/gradle/gradle-2.2.1/lib/jansi-1.2.1.jar
7fe1ebee7000-7fe1ebeea000 r--s 0000d000 00:22 118689                     /home/johnny/android-studio/gradle/gradle-2.2.1/lib/native-platform-0.10.jar
7fe1ebeea000-7fe1ebeee000 r--s 000e4000 00:22 118654                     /home/johnny/android-studio/gradle/gradle-2.2.1/lib/jna-3.2.7.jar
7fe1ebeee000-7fe1ebef0000 r--s 00008000 00:22 118673                     /home/johnny/android-studio/gradle/gradle-2.2.1/lib/gradle-native-2.2.1.jar
7fe1ebef0000-7fe1ebef2000 r--s 00005000 00:22 118696                     /home/johnny/android-studio/gradle/gradle-2.2.1/lib/gradle-cli-2.2.1.jar
7fe1ebef2000-7fe1ebef4000 r--s 00003000 00:22 118661                     /home/johnny/android-studio/gradle/gradle-2.2.1/lib/gradle-base-services-groovy-2.2.1.jar
7fe1ebef4000-7fe1ebef6000 r--s 0000a000 00:22 118669                     /home/johnny/android-studio/gradle/gradle-2.2.1/lib/gradle-model-groovy-2.2.1.jar
7fe1ebef6000-7fe1ebefa000 r--s 0001b000 00:22 118665                     /home/johnny/android-studio/gradle/gradle-2.2.1/lib/gradle-model-core-2.2.1.jar
7fe1ebefa000-7fe1ebefc000 r--s 00003000 00:22 118662                     /home/johnny/android-studio/gradle/gradle-2.2.1/lib/jcl-over-slf4j-1.7.7.jar
7fe1ebefc000-7fe1ebeff000 r--s 0001b000 00:22 118664                     /home/johnny/android-studio/gradle/gradle-2.2.1/lib/jarjar-1.3.jar
7fe1ebeff000-7fe1ebf00000 ---p 00000000 00:00 0 
7fe1ebf00000-7fe1ec000000 rw-p 00000000 00:00 0                          [stack:17207]
7fe1ec000000-7fe1ec021000 rw-p 00000000 00:00 0 
7fe1ec021000-7fe1f0000000 ---p 00000000 00:00 0 
7fe1f0000000-7fe1f0001000 r--s 00002000 00:22 118675                     /home/johnny/android-studio/gradle/gradle-2.2.1/lib/native-platform-osx-i386-0.10.jar
7fe1f0001000-7fe1f0007000 r--s 0003b000 00:22 118658                     /home/johnny/android-studio/gradle/gradle-2.2.1/lib/logback-classic-1.0.13.jar
7fe1f0007000-7fe1f0011000 r--s 0005d000 00:22 118668                     /home/johnny/android-studio/gradle/gradle-2.2.1/lib/logback-core-1.0.13.jar
7fe1f0011000-7fe1f0016000 r--s 00041000 00:22 118657                     /home/johnny/android-studio/gradle/gradle-2.2.1/lib/commons-lang-2.6.jar
7fe1f0016000-7fe1f0024000 r--s 0007f000 00:22 118691                     /home/johnny/android-studio/gradle/gradle-2.2.1/lib/commons-collections-3.2.1.jar
7fe1f0024000-7fe1f008f000 r--s 00685000 00:22 118653                     /home/johnny/android-studio/gradle/gradle-2.2.1/lib/groovy-all-2.3.6.jar
7fe1f008f000-7fe1f00b7000 r--s 001cf000 00:22 118671                     /home/johnny/android-studio/gradle/gradle-2.2.1/lib/guava-jdk5-17.0.jar
7fe1f00b7000-7fe1f00d6000 r--s 001cc000 00:22 118660                     /home/johnny/android-studio/gradle/gradle-2.2.1/lib/ant-1.9.3.jar
7fe1f00d6000-7fe1f00d9000 ---p 00000000 00:00 0 
7fe1f00d9000-7fe1f01d7000 rw-p 00000000 00:00 0                          [stack:17206]
7fe1f01d7000-7fe1f01da000 ---p 00000000 00:00 0 
7fe1f01da000-7fe1f02d8000 rw-p 00000000 00:00 0                          [stack:17205]
7fe1f02d8000-7fe1f02db000 ---p 00000000 00:00 0 
7fe1f02db000-7fe1f03d9000 rw-p 00000000 00:00 0                          [stack:17204]
7fe1f03d9000-7fe1f03dc000 ---p 00000000 00:00 0 
7fe1f03dc000-7fe1f04da000 rw-p 00000000 00:00 0                          [stack:17203]
7fe1f04da000-7fe1f04dd000 ---p 00000000 00:00 0 
7fe1f04dd000-7fe1f05db000 rw-p 00000000 00:00 0                          [stack:17202]
7fe1f05db000-7fe1f0dee000 r--p 00000000 08:01 3808254                    /usr/lib/locale/locale-archive
7fe1f0dee000-7fe1f0df1000 ---p 00000000 00:00 0 
7fe1f0df1000-7fe1f0eef000 rw-p 00000000 00:00 0                          [stack:17201]
7fe1f0eef000-7fe1f0ef2000 ---p 00000000 00:00 0 
7fe1f0ef2000-7fe1f0ff0000 rw-p 00000000 00:00 0                          [stack:17200]
7fe1f0ff0000-7fe1f0ff1000 ---p 00000000 00:00 0 
7fe1f0ff1000-7fe1f4000000 rw-p 00000000 00:00 0                          [stack:17199]
7fe1f4000000-7fe1f4032000 rw-p 00000000 00:00 0 
7fe1f4032000-7fe1f8000000 ---p 00000000 00:00 0 
7fe1f8000000-7fe1f8001000 r--s 00000000 00:22 118678                     /home/johnny/android-studio/gradle/gradle-2.2.1/lib/gradle-docs-2.2.1.jar
7fe1f8001000-7fe1f801d000 r--s 00393000 08:01 4202836                    /usr/lib/jvm/jdk1.8.0/jre/lib/ext/cldrdata.jar
7fe1f801d000-7fe1f804e000 r--s 00191000 00:22 118666                     /home/johnny/android-studio/gradle/gradle-2.2.1/lib/gradle-core-2.2.1.jar
7fe1f804e000-7fe1f80b1000 rw-p 00000000 00:00 0 
7fe1f80b1000-7fe1f8287000 r--s 03caa000 08:01 3814173                    /usr/lib/jvm/jdk1.8.0/jre/lib/rt.jar
7fe1f8287000-7fe1f8cfd000 rw-p 00000000 00:00 0 
7fe1f8cfd000-7fe1f8cfe000 ---p 00000000 00:00 0 
7fe1f8cfe000-7fe1f8dfe000 rw-p 00000000 00:00 0                          [stack:17198]
7fe1f8dfe000-7fe1f8dff000 ---p 00000000 00:00 0 
7fe1f8dff000-7fe1f8eff000 rw-p 00000000 00:00 0                          [stack:17197]
7fe1f8eff000-7fe1f8f00000 ---p 00000000 00:00 0 
7fe1f8f00000-7fe1f9000000 rw-p 00000000 00:00 0                          [stack:17196]
7fe1f9000000-7fe1fb380000 rwxp 00000000 00:00 0 
7fe1fb380000-7fe208000000 ---p 00000000 00:00 0 
7fe208000000-7fe208af2000 rw-p 00000000 00:00 0 
7fe208af2000-7fe20c000000 ---p 00000000 00:00 0 
7fe20c000000-7fe20c001000 r--s 00005000 00:22 118690                     /home/johnny/android-studio/gradle/gradle-2.2.1/lib/log4j-over-slf4j-1.7.7.jar
7fe20c001000-7fe20c004000 r--s 00018000 00:22 118698                     /home/johnny/android-studio/gradle/gradle-2.2.1/lib/commons-io-1.4.jar
7fe20c004000-7fe20c009000 r--s 00036000 00:22 118680                     /home/johnny/android-studio/gradle/gradle-2.2.1/lib/asm-all-5.0.3.jar
7fe20c009000-7fe20c013000 r--s 00116000 08:01 4202837                    /usr/lib/jvm/jdk1.8.0/jre/lib/ext/localedata.jar
7fe20c013000-7fe20c062000 rw-p 00000000 00:00 0 
7fe20c062000-7fe20c063000 ---p 00000000 00:00 0 
7fe20c063000-7fe20c191000 rw-p 00000000 00:00 0                          [stack:17195]
7fe20c191000-7fe20c2b9000 ---p 00000000 00:00 0 
7fe20c2b9000-7fe20c2e7000 rw-p 00000000 00:00 0 
7fe20c2e7000-7fe20c40e000 ---p 00000000 00:00 0 
7fe20c40e000-7fe20c4b9000 rw-p 00000000 00:00 0 
7fe20c4b9000-7fe20c548000 rw-p 00000000 00:00 0 
7fe20c548000-7fe20c87a000 ---p 00000000 00:00 0 
7fe20c87a000-7fe20c894000 r-xp 00000000 08:01 3814113                    /usr/lib/jvm/jdk1.8.0/jre/lib/amd64/libzip.so
7fe20c894000-7fe20ca94000 ---p 0001a000 08:01 3814113                    /usr/lib/jvm/jdk1.8.0/jre/lib/amd64/libzip.so
7fe20ca94000-7fe20ca95000 rw-p 0001a000 08:01 3814113                    /usr/lib/jvm/jdk1.8.0/jre/lib/amd64/libzip.so
7fe20ca95000-7fe20caa0000 r-xp 00000000 08:01 4609338                    /lib/x86_64-linux-gnu/libnss_files-2.19.so
7fe20caa0000-7fe20cc9f000 ---p 0000b000 08:01 4609338                    /lib/x86_64-linux-gnu/libnss_files-2.19.so
7fe20cc9f000-7fe20cca0000 r--p 0000a000 08:01 4609338                    /lib/x86_64-linux-gnu/libnss_files-2.19.so
7fe20cca0000-7fe20cca1000 rw-p 0000b000 08:01 4609338                    /lib/x86_64-linux-gnu/libnss_files-2.19.so
7fe20cca1000-7fe20ccac000 r-xp 00000000 08:01 4609358                    /lib/x86_64-linux-gnu/libnss_nis-2.19.so
7fe20ccac000-7fe20ceab000 ---p 0000b000 08:01 4609358                    /lib/x86_64-linux-gnu/libnss_nis-2.19.so
7fe20ceab000-7fe20ceac000 r--p 0000a000 08:01 4609358                    /lib/x86_64-linux-gnu/libnss_nis-2.19.so
7fe20ceac000-7fe20cead000 rw-p 0000b000 08:01 4609358                    /lib/x86_64-linux-gnu/libnss_nis-2.19.so
7fe20cead000-7fe20cec4000 r-xp 00000000 08:01 4609347                    /lib/x86_64-linux-gnu/libnsl-2.19.so
7fe20cec4000-7fe20d0c3000 ---p 00017000 08:01 4609347                    /lib/x86_64-linux-gnu/libnsl-2.19.so
7fe20d0c3000-7fe20d0c4000 r--p 00016000 08:01 4609347                    /lib/x86_64-linux-gnu/libnsl-2.19.so
7fe20d0c4000-7fe20d0c5000 rw-p 00017000 08:01 4609347                    /lib/x86_64-linux-gnu/libnsl-2.19.so
7fe20d0c5000-7fe20d0c7000 rw-p 00000000 00:00 0 
7fe20d0c7000-7fe20d0d0000 r-xp 00000000 08:01 4609346                    /lib/x86_64-linux-gnu/libnss_compat-2.19.so
7fe20d0d0000-7fe20d2cf000 ---p 00009000 08:01 4609346                    /lib/x86_64-linux-gnu/libnss_compat-2.19.so
7fe20d2cf000-7fe20d2d0000 r--p 00008000 08:01 4609346                    /lib/x86_64-linux-gnu/libnss_compat-2.19.so
7fe20d2d0000-7fe20d2d1000 rw-p 00009000 08:01 4609346                    /lib/x86_64-linux-gnu/libnss_compat-2.19.so
7fe20d2d1000-7fe20d2fb000 r-xp 00000000 08:01 3814122                    /usr/lib/jvm/jdk1.8.0/jre/lib/amd64/libjava.so
7fe20d2fb000-7fe20d4fb000 ---p 0002a000 08:01 3814122                    /usr/lib/jvm/jdk1.8.0/jre/lib/amd64/libjava.so
7fe20d4fb000-7fe20d4fd000 rw-p 0002a000 08:01 3814122                    /usr/lib/jvm/jdk1.8.0/jre/lib/amd64/libjava.so
7fe20d4fd000-7fe20d50a000 r-xp 00000000 08:01 3814135                    /usr/lib/jvm/jdk1.8.0/jre/lib/amd64/libverify.so
7fe20d50a000-7fe20d70a000 ---p 0000d000 08:01 3814135                    /usr/lib/jvm/jdk1.8.0/jre/lib/amd64/libverify.so
7fe20d70a000-7fe20d70c000 rw-p 0000d000 08:01 3814135                    /usr/lib/jvm/jdk1.8.0/jre/lib/amd64/libverify.so
7fe20d70c000-7fe20d713000 r-xp 00000000 08:01 4609355                    /lib/x86_64-linux-gnu/librt-2.19.so
7fe20d713000-7fe20d912000 ---p 00007000 08:01 4609355                    /lib/x86_64-linux-gnu/librt-2.19.so
7fe20d912000-7fe20d913000 r--p 00006000 08:01 4609355                    /lib/x86_64-linux-gnu/librt-2.19.so
7fe20d913000-7fe20d914000 rw-p 00007000 08:01 4609355                    /lib/x86_64-linux-gnu/librt-2.19.so
7fe20d914000-7fe20da19000 r-xp 00000000 08:01 4594610                    /lib/x86_64-linux-gnu/libm-2.19.so
7fe20da19000-7fe20dc18000 ---p 00105000 08:01 4594610                    /lib/x86_64-linux-gnu/libm-2.19.so
7fe20dc18000-7fe20dc19000 r--p 00104000 08:01 4594610                    /lib/x86_64-linux-gnu/libm-2.19.so
7fe20dc19000-7fe20dc1a000 rw-p 00105000 08:01 4594610                    /lib/x86_64-linux-gnu/libm-2.19.so
7fe20dc1a000-7fe20e887000 r-xp 00000000 08:01 3814109                    /usr/lib/jvm/jdk1.8.0/jre/lib/amd64/server/libjvm.so
7fe20e887000-7fe20ea86000 ---p 00c6d000 08:01 3814109                    /usr/lib/jvm/jdk1.8.0/jre/lib/amd64/server/libjvm.so
7fe20ea86000-7fe20eb5c000 rw-p 00c6c000 08:01 3814109                    /usr/lib/jvm/jdk1.8.0/jre/lib/amd64/server/libjvm.so
7fe20eb5c000-7fe20eb9f000 rw-p 00000000 00:00 0 
7fe20eb9f000-7fe20ed5a000 r-xp 00000000 08:01 4609352                    /lib/x86_64-linux-gnu/libc-2.19.so
7fe20ed5a000-7fe20ef59000 ---p 001bb000 08:01 4609352                    /lib/x86_64-linux-gnu/libc-2.19.so
7fe20ef59000-7fe20ef5d000 r--p 001ba000 08:01 4609352                    /lib/x86_64-linux-gnu/libc-2.19.so
7fe20ef5d000-7fe20ef5f000 rw-p 001be000 08:01 4609352                    /lib/x86_64-linux-gnu/libc-2.19.so
7fe20ef5f000-7fe20ef64000 rw-p 00000000 00:00 0 
7fe20ef64000-7fe20ef67000 r-xp 00000000 08:01 4609341                    /lib/x86_64-linux-gnu/libdl-2.19.so
7fe20ef67000-7fe20f166000 ---p 00003000 08:01 4609341                    /lib/x86_64-linux-gnu/libdl-2.19.so
7fe20f166000-7fe20f167000 r--p 00002000 08:01 4609341                    /lib/x86_64-linux-gnu/libdl-2.19.so
7fe20f167000-7fe20f168000 rw-p 00003000 08:01 4609341                    /lib/x86_64-linux-gnu/libdl-2.19.so
7fe20f168000-7fe20f17d000 r-xp 00000000 08:01 4855115                    /usr/lib/jvm/jdk1.8.0/lib/amd64/jli/libjli.so
7fe20f17d000-7fe20f37c000 ---p 00015000 08:01 4855115                    /usr/lib/jvm/jdk1.8.0/lib/amd64/jli/libjli.so
7fe20f37c000-7fe20f37d000 rw-p 00014000 08:01 4855115                    /usr/lib/jvm/jdk1.8.0/lib/amd64/jli/libjli.so
7fe20f37d000-7fe20f396000 r-xp 00000000 08:01 4609353                    /lib/x86_64-linux-gnu/libpthread-2.19.so
7fe20f396000-7fe20f595000 ---p 00019000 08:01 4609353                    /lib/x86_64-linux-gnu/libpthread-2.19.so
7fe20f595000-7fe20f596000 r--p 00018000 08:01 4609353                    /lib/x86_64-linux-gnu/libpthread-2.19.so
7fe20f596000-7fe20f597000 rw-p 00019000 08:01 4609353                    /lib/x86_64-linux-gnu/libpthread-2.19.so
7fe20f597000-7fe20f59b000 rw-p 00000000 00:00 0 
7fe20f59b000-7fe20f5be000 r-xp 00000000 08:01 4609349                    /lib/x86_64-linux-gnu/ld-2.19.so
7fe20f5be000-7fe20f5c0000 r--s 00000000 00:22 118686                     /home/johnny/android-studio/gradle/gradle-2.2.1/lib/jul-to-slf4j-1.7.7.jar
7fe20f5c0000-7fe20f699000 rw-p 00000000 00:00 0 
7fe20f699000-7fe20f69c000 ---p 00000000 00:00 0 
7fe20f69c000-7fe20f79e000 rw-p 00000000 00:00 0                          [stack:17194]
7fe20f79e000-7fe20f79f000 r--s 00000000 00:22 118681                     /home/johnny/android-studio/gradle/gradle-2.2.1/lib/javax.inject-1.jar
7fe20f79f000-7fe20f7a0000 r--s 00000000 00:22 118672                     /home/johnny/android-studio/gradle/gradle-2.2.1/lib/jcip-annotations-1.0.jar
7fe20f7a0000-7fe20f7a2000 r--s 00006000 00:22 118667                     /home/johnny/android-studio/gradle/gradle-2.2.1/lib/slf4j-api-1.7.7.jar
7fe20f7a2000-7fe20f7a3000 r--s 00004000 00:22 118670                     /home/johnny/android-studio/gradle/gradle-2.2.1/lib/ant-launcher-1.9.3.jar
7fe20f7a3000-7fe20f7a9000 r--s 00026000 00:22 118676                     /home/johnny/android-studio/gradle/gradle-2.2.1/lib/gradle-base-services-2.2.1.jar
7fe20f7a9000-7fe20f7b1000 r--s 0003c000 00:22 118694                     /home/johnny/android-studio/gradle/gradle-2.2.1/lib/gradle-launcher-2.2.1.jar
7fe20f7b1000-7fe20f7b9000 rw-s 00000000 08:01 3285828                    /tmp/hsperfdata_johnny/17192
7fe20f7b9000-7fe20f7ba000 rw-p 00000000 00:00 0 
7fe20f7ba000-7fe20f7bb000 ---p 00000000 00:00 0 
7fe20f7bb000-7fe20f7bd000 rw-p 00000000 00:00 0 
7fe20f7bd000-7fe20f7be000 r--p 00022000 08:01 4609349                    /lib/x86_64-linux-gnu/ld-2.19.so
7fe20f7be000-7fe20f7bf000 rw-p 00023000 08:01 4609349                    /lib/x86_64-linux-gnu/ld-2.19.so
7fe20f7bf000-7fe20f7c0000 rw-p 00000000 00:00 0 
7fff69d2c000-7fff69d4d000 rw-p 00000000 00:00 0                          [stack]
7fff69dc2000-7fff69dc4000 r-xp 00000000 00:00 0                          [vdso]
ffffffffff600000-ffffffffff601000 r-xp 00000000 00:00 0                  [vsyscall]

VM Arguments:
jvm_args: -XX:MaxPermSize=256m -XX:+HeapDumpOnOutOfMemoryError -Xmx1024m -Dfile.encoding=UTF-8 -Duser.country=KR -Duser.language=ko -Duser.variant 
java_command: org.gradle.launcher.daemon.bootstrap.GradleDaemon 2.2.1 /home/johnny/.gradle/daemon 10800000 67f3d669-a256-4d89-b1bd-6e95279f18f1 -XX:MaxPermSize=256m -XX:+HeapDumpOnOutOfMemoryError -Xmx1024m -Dfile.encoding=UTF-8 -Duser.country=KR -Duser.language=ko -Duser.variant
java_class_path (initial): /home/johnny/android-studio/gradle/gradle-2.2.1/lib/gradle-launcher-2.2.1.jar
Launcher Type: SUN_STANDARD

Environment Variables:
CLASSPATH=/home/johnny/android-studio/bin/../lib/bootstrap.jar:/home/johnny/android-studio/bin/../lib/extensions.jar:/home/johnny/android-studio/bin/../lib/util.jar:/home/johnny/android-studio/bin/../lib/jdom.jar:/home/johnny/android-studio/bin/../lib/log4j.jar:/home/johnny/android-studio/bin/../lib/trove4j.jar:/home/johnny/android-studio/bin/../lib/jna.jar:/usr/lib/jvm/java-7-oracle/lib/tools.jar
PATH=/usr/local/sbin:/usr/local/bin:/usr/sbin:/usr/bin:/sbin:/bin:/usr/games:/usr/local/games
LD_LIBRARY_PATH=/home/johnny/android-studio/bin:
SHELL=/bin/bash
DISPLAY=:0

Signal Handlers:
SIGSEGV: [libjvm.so+0xa79a80], sa_mask[0]=11111111011111111101111111111110, sa_flags=SA_RESTART|SA_SIGINFO
SIGBUS: [libjvm.so+0xa79a80], sa_mask[0]=11111111011111111101111111111110, sa_flags=SA_RESTART|SA_SIGINFO
SIGFPE: [libjvm.so+0x8e24e0], sa_mask[0]=11111111011111111101111111111110, sa_flags=SA_RESTART|SA_SIGINFO
SIGPIPE: [libjvm.so+0x8e24e0], sa_mask[0]=11111111011111111101111111111110, sa_flags=SA_RESTART|SA_SIGINFO
SIGXFSZ: [libjvm.so+0x8e24e0], sa_mask[0]=11111111011111111101111111111110, sa_flags=SA_RESTART|SA_SIGINFO
SIGILL: [libjvm.so+0x8e24e0], sa_mask[0]=11111111011111111101111111111110, sa_flags=SA_RESTART|SA_SIGINFO
SIGUSR1: SIG_DFL, sa_mask[0]=00000000000000000000000000000000, sa_flags=none
SIGUSR2: [libjvm.so+0x8e3d10], sa_mask[0]=00100000000000000000000000000000, sa_flags=SA_RESTART|SA_SIGINFO
SIGHUP: [libjvm.so+0x8e50d0], sa_mask[0]=11111111011111111101111111111110, sa_flags=SA_RESTART|SA_SIGINFO
SIGINT: [libjvm.so+0x8e50d0], sa_mask[0]=11111111011111111101111111111110, sa_flags=SA_RESTART|SA_SIGINFO
SIGTERM: [libjvm.so+0x8e50d0], sa_mask[0]=11111111011111111101111111111110, sa_flags=SA_RESTART|SA_SIGINFO
SIGQUIT: [libjvm.so+0x8e50d0], sa_mask[0]=11111111011111111101111111111110, sa_flags=SA_RESTART|SA_SIGINFO


---------------  S Y S T E M  ---------------

OS:DISTRIB_ID=Ubuntu
DISTRIB_RELEASE=14.04
DISTRIB_CODENAME=trusty
DISTRIB_DESCRIPTION="Ubuntu 14.04.2 LTS"

uname:Linux 3.13.0-46-generic #77-Ubuntu SMP Mon Mar 2 18:23:39 UTC 2015 x86_64
libc:glibc 2.19 NPTL 2.19 
rlimit: STACK 8192k, CORE 0k, NPROC 45903, NOFILE 4096, AS infinity
load average:2.37 1.56 1.09

/proc/meminfo:
MemTotal:        5905412 kB
MemFree:          137880 kB
Buffers:            1756 kB
Cached:          1174652 kB
SwapCached:            0 kB
Active:          4402216 kB
Inactive:        1132504 kB
Active(anon):    4386936 kB
Inactive(anon):  1110760 kB
Active(file):      15280 kB
Inactive(file):    21744 kB
Unevictable:          32 kB
Mlocked:              32 kB
SwapTotal:             0 kB
SwapFree:              0 kB
Dirty:               496 kB
Writeback:             0 kB
AnonPages:       4358736 kB
Mapped:           121952 kB
Shmem:           1138992 kB
Slab:             108388 kB
SReclaimable:      45276 kB
SUnreclaim:        63112 kB
KernelStack:        5040 kB
PageTables:        40248 kB
NFS_Unstable:          0 kB
Bounce:                0 kB
WritebackTmp:          0 kB
CommitLimit:     2952704 kB
Committed_AS:   10589788 kB
VmallocTotal:   34359738367 kB
VmallocUsed:      555948 kB
VmallocChunk:   34359173236 kB
HardwareCorrupted:     0 kB
AnonHugePages:   1591296 kB
HugePages_Total:       0
HugePages_Free:        0
HugePages_Rsvd:        0
HugePages_Surp:        0
Hugepagesize:       2048 kB
DirectMap4k:       84224 kB
DirectMap2M:     6000640 kB


CPU:total 4 (2 cores per cpu, 2 threads per core) family 6 model 37 stepping 5, cmov, cx8, fxsr, mmx, sse, sse2, sse3, ssse3, sse4.1, sse4.2, popcnt, ht, tsc, tscinvbit

/proc/cpuinfo:
processor	: 0
vendor_id	: GenuineIntel
cpu family	: 6
model		: 37
model name	: Intel(R) Core(TM) i3 CPU       M 370  @ 2.40GHz
stepping	: 5
microcode	: 0x2
cpu MHz		: 933.000
cache size	: 3072 KB
physical id	: 0
siblings	: 4
core id		: 0
cpu cores	: 2
apicid		: 0
initial apicid	: 0
fpu		: yes
fpu_exception	: yes
cpuid level	: 11
wp		: yes
flags		: fpu vme de pse tsc msr pae mce cx8 apic sep mtrr pge mca cmov pat pse36 clflush dts acpi mmx fxsr sse sse2 ss ht tm pbe syscall nx rdtscp lm constant_tsc arch_perfmon pebs bts rep_good nopl xtopology nonstop_tsc aperfmperf pni dtes64 monitor ds_cpl vmx est tm2 ssse3 cx16 xtpr pdcm pcid sse4_1 sse4_2 popcnt lahf_lm arat dtherm tpr_shadow vnmi flexpriority ept vpid
bogomips	: 4787.59
clflush size	: 64
cache_alignment	: 64
address sizes	: 36 bits physical, 48 bits virtual
power management:

processor	: 1
vendor_id	: GenuineIntel
cpu family	: 6
model		: 37
model name	: Intel(R) Core(TM) i3 CPU       M 370  @ 2.40GHz
stepping	: 5
microcode	: 0x2
cpu MHz		: 2399.000
cache size	: 3072 KB
physical id	: 0
siblings	: 4
core id		: 0
cpu cores	: 2
apicid		: 1
initial apicid	: 1
fpu		: yes
fpu_exception	: yes
cpuid level	: 11
wp		: yes
flags		: fpu vme de pse tsc msr pae mce cx8 apic sep mtrr pge mca cmov pat pse36 clflush dts acpi mmx fxsr sse sse2 ss ht tm pbe syscall nx rdtscp lm constant_tsc arch_perfmon pebs bts rep_good nopl xtopology nonstop_tsc aperfmperf pni dtes64 monitor ds_cpl vmx est tm2 ssse3 cx16 xtpr pdcm pcid sse4_1 sse4_2 popcnt lahf_lm arat dtherm tpr_shadow vnmi flexpriority ept vpid
bogomips	: 4787.59
clflush size	: 64
cache_alignment	: 64
address sizes	: 36 bits physical, 48 bits virtual
power management:

processor	: 2
vendor_id	: GenuineIntel
cpu family	: 6
model		: 37
model name	: Intel(R) Core(TM) i3 CPU       M 370  @ 2.40GHz
stepping	: 5
microcode	: 0x2
cpu MHz		: 2399.000
cache size	: 3072 KB
physical id	: 0
siblings	: 4
core id		: 2
cpu cores	: 2
apicid		: 4
initial apicid	: 4
fpu		: yes
fpu_exception	: yes
cpuid level	: 11
wp		: yes
flags		: fpu vme de pse tsc msr pae mce cx8 apic sep mtrr pge mca cmov pat pse36 clflush dts acpi mmx fxsr sse sse2 ss ht tm pbe syscall nx rdtscp lm constant_tsc arch_perfmon pebs bts rep_good nopl xtopology nonstop_tsc aperfmperf pni dtes64 monitor ds_cpl vmx est tm2 ssse3 cx16 xtpr pdcm pcid sse4_1 sse4_2 popcnt lahf_lm arat dtherm tpr_shadow vnmi flexpriority ept vpid
bogomips	: 4787.59
clflush size	: 64
cache_alignment	: 64
address sizes	: 36 bits physical, 48 bits virtual
power management:

processor	: 3
vendor_id	: GenuineIntel
cpu family	: 6
model		: 37
model name	: Intel(R) Core(TM) i3 CPU       M 370  @ 2.40GHz
stepping	: 5
microcode	: 0x2
cpu MHz		: 933.000
cache size	: 3072 KB
physical id	: 0
siblings	: 4
core id		: 2
cpu cores	: 2
apicid		: 5
initial apicid	: 5
fpu		: yes
fpu_exception	: yes
cpuid level	: 11
wp		: yes
flags		: fpu vme de pse tsc msr pae mce cx8 apic sep mtrr pge mca cmov pat pse36 clflush dts acpi mmx fxsr sse sse2 ss ht tm pbe syscall nx rdtscp lm constant_tsc arch_perfmon pebs bts rep_good nopl xtopology nonstop_tsc aperfmperf pni dtes64 monitor ds_cpl vmx est tm2 ssse3 cx16 xtpr pdcm pcid sse4_1 sse4_2 popcnt lahf_lm arat dtherm tpr_shadow vnmi flexpriority ept vpid
bogomips	: 4787.59
clflush size	: 64
cache_alignment	: 64
address sizes	: 36 bits physical, 48 bits virtual
power management:



Memory: 4k page, physical 5905412k(137880k free), swap 0k(0k free)

vm_info: Java HotSpot(TM) 64-Bit Server VM (25.25-b02) for linux-amd64 JRE (1.8.0_25-b17), built on Sep 17 2014 17:32:11 by "java_re" with gcc 4.3.0 20080428 (Red Hat 4.3.0-8)

time: Wed Mar  4 19:14:22 2015
elapsed time: 154 seconds (0d 0h 2m 34s)

