#
# There is insufficient memory for the Java Runtime Environment to continue.
# Native memory allocation (malloc) failed to allocate 90177536 bytes for committing reserved memory.
# Possible reasons:
#   The system is out of physical RAM or swap space
#   In 32 bit mode, the process size limit was hit
# Possible solutions:
#   Reduce memory load on the system
#   Increase physical memory or swap space
#   Check if swap backing store is full
#   Use 64 bit Java on a 64 bit OS
#   Decrease Java heap size (-Xmx/-Xms)
#   Decrease number of Java threads
#   Decrease Java thread stack sizes (-Xss)
#   Set larger code cache with -XX:ReservedCodeCacheSize=
# This output file may be truncated or incomplete.
#
#  Out of Memory Error (os_linux.cpp:2756), pid=13388, tid=140678374852352
#
# JRE version: Java(TM) SE Runtime Environment (7.0_76-b13) (build 1.7.0_76-b13)
# Java VM: Java HotSpot(TM) 64-Bit Server VM (24.76-b04 mixed mode linux-amd64 compressed oops)
# Failed to write core dump. Core dumps have been disabled. To enable core dumping, try "ulimit -c unlimited" before starting Java again
#

---------------  T H R E A D  ---------------

Current thread (0x00007ff240130800):  VMThread [stack: 0x00007ff23c7f8000,0x00007ff23c8f9000] [id=13402]

Stack: [0x00007ff23c7f8000,0x00007ff23c8f9000],  sp=0x00007ff23c8f7340,  free space=1020k
Native frames: (J=compiled Java code, j=interpreted, Vv=VM code, C=native code)
V  [libjvm.so+0x9a32ba]  VMError::report_and_die()+0x2ea
V  [libjvm.so+0x497f7b]  report_vm_out_of_memory(char const*, int, unsigned long, char const*)+0x9b
V  [libjvm.so+0x81fcce]  os::Linux::commit_memory_impl(char*, unsigned long, bool)+0xfe
V  [libjvm.so+0x820219]  os::pd_commit_memory(char*, unsigned long, unsigned long, bool)+0x29
V  [libjvm.so+0x819faa]  os::commit_memory(char*, unsigned long, unsigned long, bool)+0x2a
V  [libjvm.so+0x88d843]  PSVirtualSpace::expand_by(unsigned long)+0x53
V  [libjvm.so+0x88ec18]  PSYoungGen::resize_generation(unsigned long, unsigned long)+0xf8
V  [libjvm.so+0x88dd82]  PSYoungGen::resize(unsigned long, unsigned long)+0x22
V  [libjvm.so+0x88b13d]  PSScavenge::invoke_no_policy()+0xf3d
V  [libjvm.so+0x88b981]  PSScavenge::invoke()+0x41
V  [libjvm.so+0x842300]  ParallelScavengeHeap::failed_mem_allocate(unsigned long)+0x70
V  [libjvm.so+0x9a4b47]  VM_ParallelGCFailedAllocation::doit()+0x97
V  [libjvm.so+0x9abfe5]  VM_Operation::evaluate()+0x55
V  [libjvm.so+0x9aa3aa]  VMThread::evaluate_operation(VM_Operation*)+0xba
V  [libjvm.so+0x9aa72e]  VMThread::loop()+0x1ce
V  [libjvm.so+0x9aaba0]  VMThread::run()+0x70
V  [libjvm.so+0x821ca8]  java_start(Thread*)+0x108

VM_Operation (0x00007ff2483c9220): ParallelGCFailedAllocation, mode: safepoint, requested by thread 0x00007ff24000a000


---------------  P R O C E S S  ---------------

Java Threads: ( => current thread )
  0x00007ff240167000 JavaThread "Service Thread" daemon [_thread_blocked, id=13408, stack(0x00007ff23c1f2000,0x00007ff23c2f3000)]
  0x00007ff240165000 JavaThread "C2 CompilerThread1" daemon [_thread_blocked, id=13407, stack(0x00007ff23c2f3000,0x00007ff23c3f4000)]
  0x00007ff240162000 JavaThread "C2 CompilerThread0" daemon [_thread_blocked, id=13406, stack(0x00007ff23c3f4000,0x00007ff23c4f5000)]
  0x00007ff240160000 JavaThread "Signal Dispatcher" daemon [_thread_blocked, id=13405, stack(0x00007ff23c4f5000,0x00007ff23c5f6000)]
  0x00007ff240137000 JavaThread "Finalizer" daemon [_thread_blocked, id=13404, stack(0x00007ff23c5f6000,0x00007ff23c6f7000)]
  0x00007ff240135000 JavaThread "Reference Handler" daemon [_thread_blocked, id=13403, stack(0x00007ff23c6f7000,0x00007ff23c7f8000)]
  0x00007ff24000a000 JavaThread "main" [_thread_blocked, id=13397, stack(0x00007ff2482ca000,0x00007ff2483cb000)]

Other Threads:
=>0x00007ff240130800 VMThread [stack: 0x00007ff23c7f8000,0x00007ff23c8f9000] [id=13402]
  0x00007ff240172000 WatcherThread [stack: 0x00007ff23c0f1000,0x00007ff23c1f2000] [id=13409]

VM state:at safepoint (normal execution)

VM Mutex/Monitor currently owned by a thread:  ([mutex/lock_event])
[0x00007ff240006360] Threads_lock - owner thread: 0x00007ff240130800
[0x00007ff240006860] Heap_lock - owner thread: 0x00007ff24000a000

Heap
 PSYoungGen      total 50688K, used 3572K [0x00000000eaa80000, 0x00000000edf80000, 0x0000000100000000)
  eden space 47104K, 0% used [0x00000000eaa80000,0x00000000eaa80000,0x00000000ed880000)
  from space 3584K, 99% used [0x00000000ed880000,0x00000000edbfd268,0x00000000edc00000)
  to   space 3584K, 0% used [0x00000000edc00000,0x00000000edc00000,0x00000000edf80000)
 ParOldGen       total 61440K, used 40691K [0x00000000c0000000, 0x00000000c3c00000, 0x00000000eaa80000)
  object space 61440K, 66% used [0x00000000c0000000,0x00000000c27bcfe8,0x00000000c3c00000)
 PSPermGen       total 21504K, used 6476K [0x00000000bae00000, 0x00000000bc300000, 0x00000000c0000000)
  object space 21504K, 30% used [0x00000000bae00000,0x00000000bb453068,0x00000000bc300000)

Card table byte_map: [0x00007ff24538b000,0x00007ff2455b5000] byte_map_base: 0x00007ff244db4000

Polling page: 0x00007ff2483eb000

Code Cache  [0x00007ff23d000000, 0x00007ff23d270000, 0x00007ff240000000)
 total_blobs=682 nmethods=434 adapters=202 free_code_cache=47924Kb largest_free_block=49031552

Compilation events (10 events):
Event: 5.547 Thread 0x00007ff240162000 nmethod 431 0x00007ff23d129050 code [0x00007ff23d1291a0, 0x00007ff23d129298]
Event: 5.547 Thread 0x00007ff240162000  432             com.android.dex.EncodedValue::asByteInput (12 bytes)
Event: 5.560 Thread 0x00007ff240162000 nmethod 432 0x00007ff23d128d90 code [0x00007ff23d128ee0, 0x00007ff23d128fb8]
Event: 5.560 Thread 0x00007ff240162000  433             com.android.dex.util.ByteArrayByteInput::<init> (10 bytes)
Event: 5.561 Thread 0x00007ff240162000 nmethod 433 0x00007ff23d12c0d0 code [0x00007ff23d12c200, 0x00007ff23d12c278]
Event: 5.561 Thread 0x00007ff240162000  434             java.util.ComparableTimSort::mergeLo (652 bytes)
Event: 5.976 Thread 0x00007ff240165000 nmethod 424% 0x00007ff23d1383d0 code [0x00007ff23d138740, 0x00007ff23d13a4c8]
Event: 5.977 Thread 0x00007ff240162000 nmethod 434 0x00007ff23d132850 code [0x00007ff23d132a80, 0x00007ff23d1342c8]
Event: 6.039 Thread 0x00007ff240162000  435             com.android.dx.merge.DexMerger::access$2200 (5 bytes)
Event: 6.039 Thread 0x00007ff240165000  436             com.android.dex.EncodedValue::writeTo (9 bytes)

GC Heap History (9 events):
Event: 2.039 GC heap before
{Heap before GC invocations=1 (full 0):
 PSYoungGen      total 27136K, used 22523K [0x00000000eaa80000, 0x00000000ec880000, 0x0000000100000000)
  eden space 23552K, 95% used [0x00000000eaa80000,0x00000000ec07ed68,0x00000000ec180000)
  from space 3584K, 0% used [0x00000000ec500000,0x00000000ec500000,0x00000000ec880000)
  to   space 3584K, 0% used [0x00000000ec180000,0x00000000ec180000,0x00000000ec500000)
 ParOldGen       total 61440K, used 0K [0x00000000c0000000, 0x00000000c3c00000, 0x00000000eaa80000)
  object space 61440K, 0% used [0x00000000c0000000,0x00000000c0000000,0x00000000c3c00000)
 PSPermGen       total 21504K, used 4803K [0x00000000bae00000, 0x00000000bc300000, 0x00000000c0000000)
  object space 21504K, 22% used [0x00000000bae00000,0x00000000bb2b0e50,0x00000000bc300000)
Event: 2.054 GC heap after
Heap after GC invocations=1 (full 0):
 PSYoungGen      total 27136K, used 3573K [0x00000000eaa80000, 0x00000000ec880000, 0x0000000100000000)
  eden space 23552K, 0% used [0x00000000eaa80000,0x00000000eaa80000,0x00000000ec180000)
  from space 3584K, 99% used [0x00000000ec180000,0x00000000ec4fd690,0x00000000ec500000)
  to   space 3584K, 0% used [0x00000000ec500000,0x00000000ec500000,0x00000000ec880000)
 ParOldGen       total 61440K, used 4882K [0x00000000c0000000, 0x00000000c3c00000, 0x00000000eaa80000)
  object space 61440K, 7% used [0x00000000c0000000,0x00000000c04c4a60,0x00000000c3c00000)
 PSPermGen       total 21504K, used 4803K [0x00000000bae00000, 0x00000000bc300000, 0x00000000c0000000)
  object space 21504K, 22% used [0x00000000bae00000,0x00000000bb2b0e50,0x00000000bc300000)
}
Event: 3.561 GC heap before
{Heap before GC invocations=2 (full 0):
 PSYoungGen      total 27136K, used 26526K [0x00000000eaa80000, 0x00000000ec880000, 0x0000000100000000)
  eden space 23552K, 97% used [0x00000000eaa80000,0x00000000ec0ea1d0,0x00000000ec180000)
  from space 3584K, 99% used [0x00000000ec180000,0x00000000ec4fd690,0x00000000ec500000)
  to   space 3584K, 0% used [0x00000000ec500000,0x00000000ec500000,0x00000000ec880000)
 ParOldGen       total 61440K, used 4882K [0x00000000c0000000, 0x00000000c3c00000, 0x00000000eaa80000)
  object space 61440K, 7% used [0x00000000c0000000,0x00000000c04c4a60,0x00000000c3c00000)
 PSPermGen       total 21504K, used 6396K [0x00000000bae00000, 0x00000000bc300000, 0x00000000c0000000)
  object space 21504K, 29% used [0x00000000bae00000,0x00000000bb43f388,0x00000000bc300000)
Event: 3.596 GC heap after
Heap after GC invocations=2 (full 0):
 PSYoungGen      total 27136K, used 3170K [0x00000000eaa80000, 0x00000000edf80000, 0x0000000100000000)
  eden space 23552K, 0% used [0x00000000eaa80000,0x00000000eaa80000,0x00000000ec180000)
  from space 3584K, 88% used [0x00000000ec500000,0x00000000ec818b48,0x00000000ec880000)
  to   space 3584K, 0% used [0x00000000ec180000,0x00000000ec180000,0x00000000ec500000)
 ParOldGen       total 61440K, used 7943K [0x00000000c0000000, 0x00000000c3c00000, 0x00000000eaa80000)
  object space 61440K, 12% used [0x00000000c0000000,0x00000000c07c1f98,0x00000000c3c00000)
 PSPermGen       total 21504K, used 6396K [0x00000000bae00000, 0x00000000bc300000, 0x00000000c0000000)
  object space 21504K, 29% used [0x00000000bae00000,0x00000000bb43f388,0x00000000bc300000)
}
Event: 4.174 GC heap before
{Heap before GC invocations=3 (full 0):
 PSYoungGen      total 27136K, used 26037K [0x00000000eaa80000, 0x00000000edf80000, 0x0000000100000000)
  eden space 23552K, 97% used [0x00000000eaa80000,0x00000000ec0d49d0,0x00000000ec180000)
  from space 3584K, 88% used [0x00000000ec500000,0x00000000ec818b48,0x00000000ec880000)
  to   space 3584K, 0% used [0x00000000ec180000,0x00000000ec180000,0x00000000ec500000)
 ParOldGen       total 61440K, used 7943K [0x00000000c0000000, 0x00000000c3c00000, 0x00000000eaa80000)
  object space 61440K, 12% used [0x00000000c0000000,0x00000000c07c1f98,0x00000000c3c00000)
 PSPermGen       total 21504K, used 6437K [0x00000000bae00000, 0x00000000bc300000, 0x00000000c0000000)
  object space 21504K, 29% used [0x00000000bae00000,0x00000000bb449550,0x00000000bc300000)
Event: 4.188 GC heap after
Heap after GC invocations=3 (full 0):
 PSYoungGen      total 27136K, used 3557K [0x00000000eaa80000, 0x00000000edf80000, 0x0000000100000000)
  eden space 23552K, 0% used [0x00000000eaa80000,0x00000000eaa80000,0x00000000ec180000)
  from space 3584K, 99% used [0x00000000ec180000,0x00000000ec4f9418,0x00000000ec500000)
  to   space 3584K, 0% used [0x00000000edc00000,0x00000000edc00000,0x00000000edf80000)
 ParOldGen       total 61440K, used 12846K [0x00000000c0000000, 0x00000000c3c00000, 0x00000000eaa80000)
  object space 61440K, 20% used [0x00000000c0000000,0x00000000c0c8baa8,0x00000000c3c00000)
 PSPermGen       total 21504K, used 6437K [0x00000000bae00000, 0x00000000bc300000, 0x00000000c0000000)
  object space 21504K, 29% used [0x00000000bae00000,0x00000000bb449550,0x00000000bc300000)
}
Event: 4.581 GC heap before
{Heap before GC invocations=4 (full 0):
 PSYoungGen      total 27136K, used 27109K [0x00000000eaa80000, 0x00000000edf80000, 0x0000000100000000)
  eden space 23552K, 100% used [0x00000000eaa80000,0x00000000ec180000,0x00000000ec180000)
  from space 3584K, 99% used [0x00000000ec180000,0x00000000ec4f9418,0x00000000ec500000)
  to   space 3584K, 0% used [0x00000000edc00000,0x00000000edc00000,0x00000000edf80000)
 ParOldGen       total 61440K, used 12846K [0x00000000c0000000, 0x00000000c3c00000, 0x00000000eaa80000)
  object space 61440K, 20% used [0x00000000c0000000,0x00000000c0c8baa8,0x00000000c3c00000)
 PSPermGen       total 21504K, used 6461K [0x00000000bae00000, 0x00000000bc300000, 0x00000000c0000000)
  object space 21504K, 30% used [0x00000000bae00000,0x00000000bb44f4e8,0x00000000bc300000)
Event: 4.634 GC heap after
Heap after GC invocations=4 (full 0):
 PSYoungGen      total 50688K, used 3558K [0x00000000eaa80000, 0x00000000edf80000, 0x0000000100000000)
  eden space 47104K, 0% used [0x00000000eaa80000,0x00000000eaa80000,0x00000000ed880000)
  from space 3584K, 99% used [0x00000000edc00000,0x00000000edf79ae0,0x00000000edf80000)
  to   space 3584K, 0% used [0x00000000ed880000,0x00000000ed880000,0x00000000edc00000)
 ParOldGen       total 61440K, used 19611K [0x00000000c0000000, 0x00000000c3c00000, 0x00000000eaa80000)
  object space 61440K, 31% used [0x00000000c0000000,0x00000000c1326c98,0x00000000c3c00000)
 PSPermGen       total 21504K, used 6461K [0x00000000bae00000, 0x00000000bc300000, 0x00000000c0000000)
  object space 21504K, 30% used [0x00000000bae00000,0x00000000bb44f4e8,0x00000000bc300000)
}
Event: 6.209 GC heap before
{Heap before GC invocations=5 (full 0):
 PSYoungGen      total 50688K, used 50662K [0x00000000eaa80000, 0x00000000edf80000, 0x0000000100000000)
  eden space 47104K, 100% used [0x00000000eaa80000,0x00000000ed880000,0x00000000ed880000)
  from space 3584K, 99% used [0x00000000edc00000,0x00000000edf79ae0,0x00000000edf80000)
  to   space 3584K, 0% used [0x00000000ed880000,0x00000000ed880000,0x00000000edc00000)
 ParOldGen       total 61440K, used 19611K [0x00000000c0000000, 0x00000000c3c00000, 0x00000000eaa80000)
  object space 61440K, 31% used [0x00000000c0000000,0x00000000c1326c98,0x00000000c3c00000)
 PSPermGen       total 21504K, used 6476K [0x00000000bae00000, 0x00000000bc300000, 0x00000000c0000000)
  object space 21504K, 30% used [0x00000000bae00000,0x00000000bb453068,0x00000000bc300000)

Deoptimization events (10 events):
Event: 2.485 Thread 0x00007ff24000a000 Uncommon trap: reason=class_check action=maybe_recompile pc=0x00007ff23d07d6c0 method=com.android.dex.Leb128.writeUnsignedLeb128(Lcom/android/dex/util/ByteOutput;I)V @ 40
Event: 2.485 Thread 0x00007ff24000a000 Uncommon trap: reason=class_check action=maybe_recompile pc=0x00007ff23d07d6c0 method=com.android.dex.Leb128.writeUnsignedLeb128(Lcom/android/dex/util/ByteOutput;I)V @ 40
Event: 2.486 Thread 0x00007ff24000a000 Uncommon trap: reason=class_check action=maybe_recompile pc=0x00007ff23d07d6c0 method=com.android.dex.Leb128.writeUnsignedLeb128(Lcom/android/dex/util/ByteOutput;I)V @ 40
Event: 2.917 Thread 0x00007ff24000a000 Uncommon trap: reason=class_check action=maybe_recompile pc=0x00007ff23d096844 method=com.android.dex.Leb128.readUnsignedLeb128(Lcom/android/dex/util/ByteInput;)I @ 5
Event: 2.917 Thread 0x00007ff24000a000 Uncommon trap: reason=class_check action=maybe_recompile pc=0x00007ff23d096844 method=com.android.dex.Leb128.readUnsignedLeb128(Lcom/android/dex/util/ByteInput;)I @ 5
Event: 2.917 Thread 0x00007ff24000a000 Uncommon trap: reason=class_check action=maybe_recompile pc=0x00007ff23d096844 method=com.android.dex.Leb128.readUnsignedLeb128(Lcom/android/dex/util/ByteInput;)I @ 5
Event: 2.917 Thread 0x00007ff24000a000 Uncommon trap: reason=class_check action=maybe_recompile pc=0x00007ff23d096844 method=com.android.dex.Leb128.readUnsignedLeb128(Lcom/android/dex/util/ByteInput;)I @ 5
Event: 3.276 Thread 0x00007ff24000a000 Uncommon trap: reason=predicate action=maybe_recompile pc=0x00007ff23d0b0d10 method=com.android.dex.Leb128.readUnsignedLeb128(Lcom/android/dex/util/ByteInput;)I @ 41
Event: 5.066 Thread 0x00007ff24000a000 Uncommon trap: reason=predicate action=maybe_recompile pc=0x00007ff23d0fd49c method=java.util.ComparableTimSort.binarySort([Ljava/lang/Object;III)V @ 37
Event: 5.548 Thread 0x00007ff24000a000 Uncommon trap: reason=predicate action=maybe_recompile pc=0x00007ff23d102658 method=java.util.TimSort.binarySort([Ljava/lang/Object;IIILjava/util/Comparator;)V @ 37

Internal exceptions (10 events):
Event: 2.731 Thread 0x00007ff24000a000 Threw 0x00000000eb656c70 at /HUDSON/workspace/7u-2-build-linux-amd64/jdk7u76/1941/hotspot/src/share/vm/prims/jvm.cpp:1304
Event: 2.731 Thread 0x00007ff24000a000 Threw 0x00000000eb659b70 at /HUDSON/workspace/7u-2-build-linux-amd64/jdk7u76/1941/hotspot/src/share/vm/prims/jvm.cpp:1304
Event: 2.732 Thread 0x00007ff24000a000 Threw 0x00000000eb65ce88 at /HUDSON/workspace/7u-2-build-linux-amd64/jdk7u76/1941/hotspot/src/share/vm/prims/jvm.cpp:1304
Event: 2.737 Thread 0x00007ff24000a000 Threw 0x00000000eb663f30 at /HUDSON/workspace/7u-2-build-linux-amd64/jdk7u76/1941/hotspot/src/share/vm/prims/jvm.cpp:1304
Event: 2.738 Thread 0x00007ff24000a000 Threw 0x00000000eb665fb0 at /HUDSON/workspace/7u-2-build-linux-amd64/jdk7u76/1941/hotspot/src/share/vm/prims/jvm.cpp:1304
Event: 2.820 Thread 0x00007ff24000a000 Threw 0x00000000eb705158 at /HUDSON/workspace/7u-2-build-linux-amd64/jdk7u76/1941/hotspot/src/share/vm/prims/jvm.cpp:1304
Event: 2.820 Thread 0x00007ff24000a000 Threw 0x00000000eb705280 at /HUDSON/workspace/7u-2-build-linux-amd64/jdk7u76/1941/hotspot/src/share/vm/prims/jvm.cpp:1304
Event: 2.820 Thread 0x00007ff24000a000 Threw 0x00000000eb7075f0 at /HUDSON/workspace/7u-2-build-linux-amd64/jdk7u76/1941/hotspot/src/share/vm/prims/jvm.cpp:1304
Event: 2.820 Thread 0x00007ff24000a000 Threw 0x00000000eb707718 at /HUDSON/workspace/7u-2-build-linux-amd64/jdk7u76/1941/hotspot/src/share/vm/prims/jvm.cpp:1304
Event: 3.785 Thread 0x00007ff24000a000 Threw 0x00000000eb12afe0 at /HUDSON/workspace/7u-2-build-linux-amd64/jdk7u76/1941/hotspot/src/share/vm/prims/jvm.cpp:1304

Events (10 events):
Event: 4.502 Executing VM operation: EnableBiasedLocking done
Event: 4.581 Executing VM operation: ParallelGCFailedAllocation
Event: 4.634 Executing VM operation: ParallelGCFailedAllocation done
Event: 5.066 Thread 0x00007ff24000a000 Uncommon trap: trap_request=0xffffff86 fr.pc=0x00007ff23d0fd49c
Event: 5.067 Thread 0x00007ff24000a000 DEOPT PACKING pc=0x00007ff23d0fd49c sp=0x00007ff2483c9420
Event: 5.067 Thread 0x00007ff24000a000 DEOPT UNPACKING pc=0x00007ff23d039045 sp=0x00007ff2483c9400 mode 2
Event: 5.539 Thread 0x00007ff24000a000 Uncommon trap: trap_request=0xffffff86 fr.pc=0x00007ff23d102658
Event: 5.548 Thread 0x00007ff24000a000 DEOPT PACKING pc=0x00007ff23d102658 sp=0x00007ff2483c93c0
Event: 5.548 Thread 0x00007ff24000a000 DEOPT UNPACKING pc=0x00007ff23d039045 sp=0x00007ff2483c93b0 mode 2
Event: 6.051 Executing VM operation: ParallelGCFailedAllocation


Dynamic libraries:
00400000-00401000 r-xp 00000000 08:01 3818624                            /usr/lib/jvm/java-7-oracle/jre/bin/java
00600000-00601000 rw-p 00000000 08:01 3818624                            /usr/lib/jvm/java-7-oracle/jre/bin/java
013ff000-01420000 rw-p 00000000 00:00 0                                  [heap]
bae00000-bc300000 rw-p 00000000 00:00 0 
bc300000-c0000000 rw-p 00000000 00:00 0 
c0000000-c3c00000 rw-p 00000000 00:00 0 
c3c00000-eaa80000 rw-p 00000000 00:00 0 
eaa80000-edf80000 rw-p 00000000 00:00 0 
f3580000-100000000 rw-p 00000000 00:00 0 
7ff208000000-7ff208021000 rw-p 00000000 00:00 0 
7ff208021000-7ff20c000000 ---p 00000000 00:00 0 
7ff20c000000-7ff20c858000 rw-p 00000000 00:00 0 
7ff20c858000-7ff210000000 ---p 00000000 00:00 0 
7ff210000000-7ff2107ba000 rw-p 00000000 00:00 0 
7ff2107ba000-7ff214000000 ---p 00000000 00:00 0 
7ff214000000-7ff214021000 rw-p 00000000 00:00 0 
7ff214021000-7ff218000000 ---p 00000000 00:00 0 
7ff218000000-7ff218021000 rw-p 00000000 00:00 0 
7ff218021000-7ff21c000000 ---p 00000000 00:00 0 
7ff21c000000-7ff21c021000 rw-p 00000000 00:00 0 
7ff21c021000-7ff220000000 ---p 00000000 00:00 0 
7ff220000000-7ff2200e5000 rw-p 00000000 00:00 0 
7ff2200e5000-7ff224000000 ---p 00000000 00:00 0 
7ff224000000-7ff224021000 rw-p 00000000 00:00 0 
7ff224021000-7ff228000000 ---p 00000000 00:00 0 
7ff228000000-7ff228021000 rw-p 00000000 00:00 0 
7ff228021000-7ff22c000000 ---p 00000000 00:00 0 
7ff22c000000-7ff22c021000 rw-p 00000000 00:00 0 
7ff22c021000-7ff230000000 ---p 00000000 00:00 0 
7ff230000000-7ff230021000 rw-p 00000000 00:00 0 
7ff230021000-7ff234000000 ---p 00000000 00:00 0 
7ff234fc8000-7ff235135000 rw-p 00000000 00:00 0 
7ff235135000-7ff23514b000 r-xp 00000000 08:01 3818469                    /usr/lib/jvm/java-7-oracle/jre/lib/amd64/libnet.so
7ff23514b000-7ff23534b000 ---p 00016000 08:01 3818469                    /usr/lib/jvm/java-7-oracle/jre/lib/amd64/libnet.so
7ff23534b000-7ff23534c000 rw-p 00016000 08:01 3818469                    /usr/lib/jvm/java-7-oracle/jre/lib/amd64/libnet.so
7ff23534c000-7ff23535c000 r-xp 00000000 08:01 3815879                    /usr/lib/jvm/java-7-oracle/jre/lib/amd64/libnio.so
7ff23535c000-7ff23555c000 ---p 00010000 08:01 3815879                    /usr/lib/jvm/java-7-oracle/jre/lib/amd64/libnio.so
7ff23555c000-7ff23555d000 rw-p 00010000 08:01 3815879                    /usr/lib/jvm/java-7-oracle/jre/lib/amd64/libnio.so
7ff23555d000-7ff235d70000 r--p 00000000 08:01 3808254                    /usr/lib/locale/locale-archive
7ff235d70000-7ff238000000 rw-p 00000000 00:00 0 
7ff238000000-7ff238021000 rw-p 00000000 00:00 0 
7ff238021000-7ff23c000000 ---p 00000000 00:00 0 
7ff23c0f1000-7ff23c0f2000 ---p 00000000 00:00 0 
7ff23c0f2000-7ff23c1f2000 rw-p 00000000 00:00 0                          [stack:13409]
7ff23c1f2000-7ff23c1f5000 ---p 00000000 00:00 0 
7ff23c1f5000-7ff23c2f3000 rw-p 00000000 00:00 0                          [stack:13408]
7ff23c2f3000-7ff23c2f6000 ---p 00000000 00:00 0 
7ff23c2f6000-7ff23c3f4000 rw-p 00000000 00:00 0                          [stack:13407]
7ff23c3f4000-7ff23c3f7000 ---p 00000000 00:00 0 
7ff23c3f7000-7ff23c4f5000 rw-p 00000000 00:00 0                          [stack:13406]
7ff23c4f5000-7ff23c4f8000 ---p 00000000 00:00 0 
7ff23c4f8000-7ff23c5f6000 rw-p 00000000 00:00 0                          [stack:13405]
7ff23c5f6000-7ff23c5f9000 ---p 00000000 00:00 0 
7ff23c5f9000-7ff23c6f7000 rw-p 00000000 00:00 0                          [stack:13404]
7ff23c6f7000-7ff23c6fa000 ---p 00000000 00:00 0 
7ff23c6fa000-7ff23c7f8000 rw-p 00000000 00:00 0                          [stack:13403]
7ff23c7f8000-7ff23c7f9000 ---p 00000000 00:00 0 
7ff23c7f9000-7ff23d000000 rw-p 00000000 00:00 0                          [stack:13402]
7ff23d000000-7ff23d270000 rwxp 00000000 00:00 0 
7ff23d270000-7ff240324000 rw-p 00000000 00:00 0 
7ff240324000-7ff244000000 ---p 00000000 00:00 0 
7ff2440cf000-7ff2440d6000 r--s 00000000 08:01 4071599                    /usr/lib/x86_64-linux-gnu/gconv/gconv-modules.cache
7ff2440d6000-7ff2440fc000 r--p 00000000 08:01 4460467                    /usr/share/locale-langpack/ko/LC_MESSAGES/libc.mo
7ff2440fc000-7ff24494f000 rw-p 00000000 00:00 0 
7ff24494f000-7ff244b0e000 r--s 039f0000 08:01 3815342                    /usr/lib/jvm/java-7-oracle/jre/lib/rt.jar
7ff244b0e000-7ff244e08000 rw-p 00000000 00:00 0 
7ff244e08000-7ff244e09000 ---p 00000000 00:00 0 
7ff244e09000-7ff244f09000 rw-p 00000000 00:00 0                          [stack:13401]
7ff244f09000-7ff244f0a000 ---p 00000000 00:00 0 
7ff244f0a000-7ff24500a000 rw-p 00000000 00:00 0                          [stack:13400]
7ff24500a000-7ff24500b000 ---p 00000000 00:00 0 
7ff24500b000-7ff24510b000 rw-p 00000000 00:00 0                          [stack:13399]
7ff24510b000-7ff24510c000 ---p 00000000 00:00 0 
7ff24510c000-7ff245217000 rw-p 00000000 00:00 0                          [stack:13398]
7ff245217000-7ff245235000 rw-p 00000000 00:00 0 
7ff245235000-7ff245253000 rw-p 00000000 00:00 0 
7ff245253000-7ff24538b000 rw-p 00000000 00:00 0 
7ff24538b000-7ff245396000 rw-p 00000000 00:00 0 
7ff245396000-7ff2453b4000 rw-p 00000000 00:00 0 
7ff2453b4000-7ff2453d2000 rw-p 00000000 00:00 0 
7ff2453d2000-7ff245509000 rw-p 00000000 00:00 0 
7ff245509000-7ff245524000 rw-p 00000000 00:00 0 
7ff245524000-7ff2455b4000 rw-p 00000000 00:00 0 
7ff2455b4000-7ff2455b5000 rw-p 00000000 00:00 0 
7ff2455b5000-7ff2455cf000 r-xp 00000000 08:01 3815891                    /usr/lib/jvm/java-7-oracle/jre/lib/amd64/libzip.so
7ff2455cf000-7ff2457cf000 ---p 0001a000 08:01 3815891                    /usr/lib/jvm/java-7-oracle/jre/lib/amd64/libzip.so
7ff2457cf000-7ff2457d0000 rw-p 0001a000 08:01 3815891                    /usr/lib/jvm/java-7-oracle/jre/lib/amd64/libzip.so
7ff2457d0000-7ff2457db000 r-xp 00000000 08:01 4601829                    /lib/x86_64-linux-gnu/libnss_files-2.19.so
7ff2457db000-7ff2459da000 ---p 0000b000 08:01 4601829                    /lib/x86_64-linux-gnu/libnss_files-2.19.so
7ff2459da000-7ff2459db000 r--p 0000a000 08:01 4601829                    /lib/x86_64-linux-gnu/libnss_files-2.19.so
7ff2459db000-7ff2459dc000 rw-p 0000b000 08:01 4601829                    /lib/x86_64-linux-gnu/libnss_files-2.19.so
7ff2459dc000-7ff2459e7000 r-xp 00000000 08:01 4601826                    /lib/x86_64-linux-gnu/libnss_nis-2.19.so
7ff2459e7000-7ff245be6000 ---p 0000b000 08:01 4601826                    /lib/x86_64-linux-gnu/libnss_nis-2.19.so
7ff245be6000-7ff245be7000 r--p 0000a000 08:01 4601826                    /lib/x86_64-linux-gnu/libnss_nis-2.19.so
7ff245be7000-7ff245be8000 rw-p 0000b000 08:01 4601826                    /lib/x86_64-linux-gnu/libnss_nis-2.19.so
7ff245be8000-7ff245bff000 r-xp 00000000 08:01 4601820                    /lib/x86_64-linux-gnu/libnsl-2.19.so
7ff245bff000-7ff245dfe000 ---p 00017000 08:01 4601820                    /lib/x86_64-linux-gnu/libnsl-2.19.so
7ff245dfe000-7ff245dff000 r--p 00016000 08:01 4601820                    /lib/x86_64-linux-gnu/libnsl-2.19.so
7ff245dff000-7ff245e00000 rw-p 00017000 08:01 4601820                    /lib/x86_64-linux-gnu/libnsl-2.19.so
7ff245e00000-7ff245e02000 rw-p 00000000 00:00 0 
7ff245e02000-7ff245e0b000 r-xp 00000000 08:01 4601817                    /lib/x86_64-linux-gnu/libnss_compat-2.19.so
7ff245e0b000-7ff24600a000 ---p 00009000 08:01 4601817                    /lib/x86_64-linux-gnu/libnss_compat-2.19.so
7ff24600a000-7ff24600b000 r--p 00008000 08:01 4601817                    /lib/x86_64-linux-gnu/libnss_compat-2.19.so
7ff24600b000-7ff24600c000 rw-p 00009000 08:01 4601817                    /lib/x86_64-linux-gnu/libnss_compat-2.19.so
7ff24600c000-7ff246035000 r-xp 00000000 08:01 3815892                    /usr/lib/jvm/java-7-oracle/jre/lib/amd64/libjava.so
7ff246035000-7ff246235000 ---p 00029000 08:01 3815892                    /usr/lib/jvm/java-7-oracle/jre/lib/amd64/libjava.so
7ff246235000-7ff246237000 rw-p 00029000 08:01 3815892                    /usr/lib/jvm/java-7-oracle/jre/lib/amd64/libjava.so
7ff246237000-7ff246244000 r-xp 00000000 08:01 3815883                    /usr/lib/jvm/java-7-oracle/jre/lib/amd64/libverify.so
7ff246244000-7ff246443000 ---p 0000d000 08:01 3815883                    /usr/lib/jvm/java-7-oracle/jre/lib/amd64/libverify.so
7ff246443000-7ff246445000 rw-p 0000c000 08:01 3815883                    /usr/lib/jvm/java-7-oracle/jre/lib/amd64/libverify.so
7ff246445000-7ff24644c000 r-xp 00000000 08:01 4601812                    /lib/x86_64-linux-gnu/librt-2.19.so
7ff24644c000-7ff24664b000 ---p 00007000 08:01 4601812                    /lib/x86_64-linux-gnu/librt-2.19.so
7ff24664b000-7ff24664c000 r--p 00006000 08:01 4601812                    /lib/x86_64-linux-gnu/librt-2.19.so
7ff24664c000-7ff24664d000 rw-p 00007000 08:01 4601812                    /lib/x86_64-linux-gnu/librt-2.19.so
7ff24664d000-7ff246752000 r-xp 00000000 08:01 4601819                    /lib/x86_64-linux-gnu/libm-2.19.so
7ff246752000-7ff246951000 ---p 00105000 08:01 4601819                    /lib/x86_64-linux-gnu/libm-2.19.so
7ff246951000-7ff246952000 r--p 00104000 08:01 4601819                    /lib/x86_64-linux-gnu/libm-2.19.so
7ff246952000-7ff246953000 rw-p 00105000 08:01 4601819                    /lib/x86_64-linux-gnu/libm-2.19.so
7ff246953000-7ff2474c8000 r-xp 00000000 08:01 3818475                    /usr/lib/jvm/java-7-oracle/jre/lib/amd64/server/libjvm.so
7ff2474c8000-7ff2476c8000 ---p 00b75000 08:01 3818475                    /usr/lib/jvm/java-7-oracle/jre/lib/amd64/server/libjvm.so
7ff2476c8000-7ff24778c000 rw-p 00b75000 08:01 3818475                    /usr/lib/jvm/java-7-oracle/jre/lib/amd64/server/libjvm.so
7ff24778c000-7ff2477cd000 rw-p 00000000 00:00 0 
7ff2477cd000-7ff247988000 r-xp 00000000 08:01 4601811                    /lib/x86_64-linux-gnu/libc-2.19.so
7ff247988000-7ff247b88000 ---p 001bb000 08:01 4601811                    /lib/x86_64-linux-gnu/libc-2.19.so
7ff247b88000-7ff247b8c000 r--p 001bb000 08:01 4601811                    /lib/x86_64-linux-gnu/libc-2.19.so
7ff247b8c000-7ff247b8e000 rw-p 001bf000 08:01 4601811                    /lib/x86_64-linux-gnu/libc-2.19.so
7ff247b8e000-7ff247b93000 rw-p 00000000 00:00 0 
7ff247b93000-7ff247b96000 r-xp 00000000 08:01 4601815                    /lib/x86_64-linux-gnu/libdl-2.19.so
7ff247b96000-7ff247d95000 ---p 00003000 08:01 4601815                    /lib/x86_64-linux-gnu/libdl-2.19.so
7ff247d95000-7ff247d96000 r--p 00002000 08:01 4601815                    /lib/x86_64-linux-gnu/libdl-2.19.so
7ff247d96000-7ff247d97000 rw-p 00003000 08:01 4601815                    /lib/x86_64-linux-gnu/libdl-2.19.so
7ff247d97000-7ff247dad000 r-xp 00000000 08:01 3815454                    /usr/lib/jvm/java-7-oracle/jre/lib/amd64/jli/libjli.so
7ff247dad000-7ff247fad000 ---p 00016000 08:01 3815454                    /usr/lib/jvm/java-7-oracle/jre/lib/amd64/jli/libjli.so
7ff247fad000-7ff247fae000 rw-p 00016000 08:01 3815454                    /usr/lib/jvm/java-7-oracle/jre/lib/amd64/jli/libjli.so
7ff247fae000-7ff247fc7000 r-xp 00000000 08:01 4601828                    /lib/x86_64-linux-gnu/libpthread-2.19.so
7ff247fc7000-7ff2481c6000 ---p 00019000 08:01 4601828                    /lib/x86_64-linux-gnu/libpthread-2.19.so
7ff2481c6000-7ff2481c7000 r--p 00018000 08:01 4601828                    /lib/x86_64-linux-gnu/libpthread-2.19.so
7ff2481c7000-7ff2481c8000 rw-p 00019000 08:01 4601828                    /lib/x86_64-linux-gnu/libpthread-2.19.so
7ff2481c8000-7ff2481cc000 rw-p 00000000 00:00 0 
7ff2481cc000-7ff2481ef000 r-xp 00000000 08:01 4601808                    /lib/x86_64-linux-gnu/ld-2.19.so
7ff2481ef000-7ff2481f0000 rw-p 00000000 00:00 0 
7ff2481f0000-7ff2481f4000 r--s 000f7000 08:01 3818490                    /usr/lib/jvm/java-7-oracle/jre/lib/ext/localedata.jar
7ff2481f4000-7ff248214000 rw-p 00000000 00:00 0 
7ff248214000-7ff2482ca000 rw-p 00000000 00:00 0 
7ff2482ca000-7ff2482cd000 ---p 00000000 00:00 0 
7ff2482cd000-7ff2483cf000 rw-p 00000000 00:00 0                          [stack:13397]
7ff2483cf000-7ff2483d3000 r--s 0008b000 08:01 3818495                    /usr/lib/jvm/java-7-oracle/jre/lib/jsse.jar
7ff2483d3000-7ff2483e2000 r--s 000dd000 00:23 156718                     /home/johnny/Android/Sdk/build-tools/21.1.2/lib/dx.jar
7ff2483e2000-7ff2483ea000 rw-s 00000000 08:01 3285546                    /tmp/hsperfdata_johnny/13388
7ff2483ea000-7ff2483eb000 rw-p 00000000 00:00 0 
7ff2483eb000-7ff2483ec000 ---p 00000000 00:00 0 
7ff2483ec000-7ff2483ee000 rw-p 00000000 00:00 0 
7ff2483ee000-7ff2483ef000 r--p 00022000 08:01 4601808                    /lib/x86_64-linux-gnu/ld-2.19.so
7ff2483ef000-7ff2483f0000 rw-p 00023000 08:01 4601808                    /lib/x86_64-linux-gnu/ld-2.19.so
7ff2483f0000-7ff2483f1000 rw-p 00000000 00:00 0 
7fff73505000-7fff73526000 rw-p 00000000 00:00 0                          [stack]
7fff735b8000-7fff735ba000 r-xp 00000000 00:00 0                          [vdso]
ffffffffff600000-ffffffffff601000 r-xp 00000000 00:00 0                  [vsyscall]

VM Arguments:
jvm_args: -Xmx1024M 
java_command: /home/johnny/Android/Sdk/build-tools/21.1.2/lib/dx.jar --dex --no-optimize --output /home/johnny/AndroidStudioProjects/FlagMon5/app/build/intermediates/dex/debug --input-list=/home/johnny/AndroidStudioProjects/FlagMon5/app/build/intermediates/tmp/dex/debug/inputList.txt
Launcher Type: SUN_STANDARD

Environment Variables:
CLASSPATH=/home/johnny/android-studio/bin/../lib/bootstrap.jar:/home/johnny/android-studio/bin/../lib/extensions.jar:/home/johnny/android-studio/bin/../lib/util.jar:/home/johnny/android-studio/bin/../lib/jdom.jar:/home/johnny/android-studio/bin/../lib/log4j.jar:/home/johnny/android-studio/bin/../lib/trove4j.jar:/home/johnny/android-studio/bin/../lib/jna.jar:/usr/lib/jvm/java-7-oracle/lib/tools.jar
PATH=/usr/local/sbin:/usr/local/bin:/usr/sbin:/usr/bin:/sbin:/bin:/usr/games:/usr/local/games
LD_LIBRARY_PATH=/home/johnny/android-studio/bin:
SHELL=/bin/bash
DISPLAY=:0

Signal Handlers:
SIGSEGV: [libjvm.so+0x9a3bd0], sa_mask[0]=0x7ffbfeff, sa_flags=0x10000004
SIGBUS: [libjvm.so+0x9a3bd0], sa_mask[0]=0x7ffbfeff, sa_flags=0x10000004
SIGFPE: [libjvm.so+0x81cb60], sa_mask[0]=0x7ffbfeff, sa_flags=0x10000004
SIGPIPE: [libjvm.so+0x81cb60], sa_mask[0]=0x7ffbfeff, sa_flags=0x10000004
SIGXFSZ: [libjvm.so+0x81cb60], sa_mask[0]=0x7ffbfeff, sa_flags=0x10000004
SIGILL: [libjvm.so+0x81cb60], sa_mask[0]=0x7ffbfeff, sa_flags=0x10000004
SIGUSR1: SIG_DFL, sa_mask[0]=0x00000000, sa_flags=0x00000000
SIGUSR2: [libjvm.so+0x81e360], sa_mask[0]=0x00000004, sa_flags=0x10000004
SIGHUP: [libjvm.so+0x81f480], sa_mask[0]=0x7ffbfeff, sa_flags=0x10000004
SIGINT: [libjvm.so+0x81f480], sa_mask[0]=0x7ffbfeff, sa_flags=0x10000004
SIGTERM: [libjvm.so+0x81f480], sa_mask[0]=0x7ffbfeff, sa_flags=0x10000004
SIGQUIT: [libjvm.so+0x81f480], sa_mask[0]=0x7ffbfeff, sa_flags=0x10000004


---------------  S Y S T E M  ---------------

OS:jessie/sid

uname:Linux 3.13.0-45-generic #74-Ubuntu SMP Tue Jan 13 19:36:28 UTC 2015 x86_64
libc:glibc 2.19 NPTL 2.19 
rlimit: STACK 8192k, CORE 0k, NPROC 45903, NOFILE 4096, AS infinity
load average:7.82 3.85 2.08

/proc/meminfo:
MemTotal:        5905412 kB
MemFree:           99716 kB
Buffers:             156 kB
Cached:          1365140 kB
SwapCached:            0 kB
Active:          4220776 kB
Inactive:        1330076 kB
Active(anon):    4220324 kB
Inactive(anon):  1329044 kB
Active(file):        452 kB
Inactive(file):     1032 kB
Unevictable:          32 kB
Mlocked:              32 kB
SwapTotal:             0 kB
SwapFree:              0 kB
Dirty:                60 kB
Writeback:            72 kB
AnonPages:       4186300 kB
Mapped:            89588 kB
Shmem:           1363100 kB
Slab:             113564 kB
SReclaimable:      40808 kB
SUnreclaim:        72756 kB
KernelStack:        6080 kB
PageTables:        58716 kB
NFS_Unstable:          0 kB
Bounce:                0 kB
WritebackTmp:          0 kB
CommitLimit:     2952704 kB
Committed_AS:   12666904 kB
VmallocTotal:   34359738367 kB
VmallocUsed:      554572 kB
VmallocChunk:   34359174612 kB
HardwareCorrupted:     0 kB
AnonHugePages:   1177600 kB
HugePages_Total:       0
HugePages_Free:        0
HugePages_Rsvd:        0
HugePages_Surp:        0
Hugepagesize:       2048 kB
DirectMap4k:       80128 kB
DirectMap2M:     6004736 kB


CPU:total 4 (2 cores per cpu, 2 threads per core) family 6 model 37 stepping 5, cmov, cx8, fxsr, mmx, sse, sse2, sse3, ssse3, sse4.1, sse4.2, popcnt, ht, tsc, tscinvbit

/proc/cpuinfo:
processor	: 0
vendor_id	: GenuineIntel
cpu family	: 6
model		: 37
model name	: Intel(R) Core(TM) i3 CPU       M 370  @ 2.40GHz
stepping	: 5
microcode	: 0x2
cpu MHz		: 2399.000
cache size	: 3072 KB
physical id	: 0
siblings	: 4
core id		: 0
cpu cores	: 2
apicid		: 0
initial apicid	: 0
fpu		: yes
fpu_exception	: yes
cpuid level	: 11
wp		: yes
flags		: fpu vme de pse tsc msr pae mce cx8 apic sep mtrr pge mca cmov pat pse36 clflush dts acpi mmx fxsr sse sse2 ss ht tm pbe syscall nx rdtscp lm constant_tsc arch_perfmon pebs bts rep_good nopl xtopology nonstop_tsc aperfmperf pni dtes64 monitor ds_cpl vmx est tm2 ssse3 cx16 xtpr pdcm pcid sse4_1 sse4_2 popcnt lahf_lm arat dtherm tpr_shadow vnmi flexpriority ept vpid
bogomips	: 4788.11
clflush size	: 64
cache_alignment	: 64
address sizes	: 36 bits physical, 48 bits virtual
power management:

processor	: 1
vendor_id	: GenuineIntel
cpu family	: 6
model		: 37
model name	: Intel(R) Core(TM) i3 CPU       M 370  @ 2.40GHz
stepping	: 5
microcode	: 0x2
cpu MHz		: 2399.000
cache size	: 3072 KB
physical id	: 0
siblings	: 4
core id		: 0
cpu cores	: 2
apicid		: 1
initial apicid	: 1
fpu		: yes
fpu_exception	: yes
cpuid level	: 11
wp		: yes
flags		: fpu vme de pse tsc msr pae mce cx8 apic sep mtrr pge mca cmov pat pse36 clflush dts acpi mmx fxsr sse sse2 ss ht tm pbe syscall nx rdtscp lm constant_tsc arch_perfmon pebs bts rep_good nopl xtopology nonstop_tsc aperfmperf pni dtes64 monitor ds_cpl vmx est tm2 ssse3 cx16 xtpr pdcm pcid sse4_1 sse4_2 popcnt lahf_lm arat dtherm tpr_shadow vnmi flexpriority ept vpid
bogomips	: 4788.11
clflush size	: 64
cache_alignment	: 64
address sizes	: 36 bits physical, 48 bits virtual
power management:

processor	: 2
vendor_id	: GenuineIntel
cpu family	: 6
model		: 37
model name	: Intel(R) Core(TM) i3 CPU       M 370  @ 2.40GHz
stepping	: 5
microcode	: 0x2
cpu MHz		: 2399.000
cache size	: 3072 KB
physical id	: 0
siblings	: 4
core id		: 2
cpu cores	: 2
apicid		: 4
initial apicid	: 4
fpu		: yes
fpu_exception	: yes
cpuid level	: 11
wp		: yes
flags		: fpu vme de pse tsc msr pae mce cx8 apic sep mtrr pge mca cmov pat pse36 clflush dts acpi mmx fxsr sse sse2 ss ht tm pbe syscall nx rdtscp lm constant_tsc arch_perfmon pebs bts rep_good nopl xtopology nonstop_tsc aperfmperf pni dtes64 monitor ds_cpl vmx est tm2 ssse3 cx16 xtpr pdcm pcid sse4_1 sse4_2 popcnt lahf_lm arat dtherm tpr_shadow vnmi flexpriority ept vpid
bogomips	: 4788.11
clflush size	: 64
cache_alignment	: 64
address sizes	: 36 bits physical, 48 bits virtual
power management:

processor	: 3
vendor_id	: GenuineIntel
cpu family	: 6
model		: 37
model name	: Intel(R) Core(TM) i3 CPU       M 370  @ 2.40GHz
stepping	: 5
microcode	: 0x2
cpu MHz		: 2399.000
cache size	: 3072 KB
physical id	: 0
siblings	: 4
core id		: 2
cpu cores	: 2
apicid		: 5
initial apicid	: 5
fpu		: yes
fpu_exception	: yes
cpuid level	: 11
wp		: yes
flags		: fpu vme de pse tsc msr pae mce cx8 apic sep mtrr pge mca cmov pat pse36 clflush dts acpi mmx fxsr sse sse2 ss ht tm pbe syscall nx rdtscp lm constant_tsc arch_perfmon pebs bts rep_good nopl xtopology nonstop_tsc aperfmperf pni dtes64 monitor ds_cpl vmx est tm2 ssse3 cx16 xtpr pdcm pcid sse4_1 sse4_2 popcnt lahf_lm arat dtherm tpr_shadow vnmi flexpriority ept vpid
bogomips	: 4788.11
clflush size	: 64
cache_alignment	: 64
address sizes	: 36 bits physical, 48 bits virtual
power management:



Memory: 4k page, physical 5905412k(95412k free), swap 0k(0k free)

vm_info: Java HotSpot(TM) 64-Bit Server VM (24.76-b04) for linux-amd64 JRE (1.7.0_76-b13), built on Dec 18 2014 16:58:39 by "java_re" with gcc 4.3.0 20080428 (Red Hat 4.3.0-8)

time: Wed Feb 11 21:08:36 2015
elapsed time: 15 seconds

