#
# There is insufficient memory for the Java Runtime Environment to continue.
# Native memory allocation (malloc) failed to allocate 137363456 bytes for committing reserved memory.
# Possible reasons:
#   The system is out of physical RAM or swap space
#   In 32 bit mode, the process size limit was hit
# Possible solutions:
#   Reduce memory load on the system
#   Increase physical memory or swap space
#   Check if swap backing store is full
#   Use 64 bit Java on a 64 bit OS
#   Decrease Java heap size (-Xmx/-Xms)
#   Decrease number of Java threads
#   Decrease Java thread stack sizes (-Xss)
#   Set larger code cache with -XX:ReservedCodeCacheSize=
# This output file may be truncated or incomplete.
#
#  Out of Memory Error (os_linux.cpp:2756), pid=12940, tid=140041196594944
#
# JRE version: Java(TM) SE Runtime Environment (7.0_76-b13) (build 1.7.0_76-b13)
# Java VM: Java HotSpot(TM) 64-Bit Server VM (24.76-b04 mixed mode linux-amd64 compressed oops)
# Failed to write core dump. Core dumps have been disabled. To enable core dumping, try "ulimit -c unlimited" before starting Java again
#

---------------  T H R E A D  ---------------

Current thread (0x00007f5dec130800):  VMThread [stack: 0x00007f5de1b6e000,0x00007f5de1c6f000] [id=12953]

Stack: [0x00007f5de1b6e000,0x00007f5de1c6f000],  sp=0x00007f5de1c6d340,  free space=1020k
Native frames: (J=compiled Java code, j=interpreted, Vv=VM code, C=native code)
V  [libjvm.so+0x9a32ba]  VMError::report_and_die()+0x2ea
V  [libjvm.so+0x497f7b]  report_vm_out_of_memory(char const*, int, unsigned long, char const*)+0x9b
V  [libjvm.so+0x81fcce]  os::Linux::commit_memory_impl(char*, unsigned long, bool)+0xfe
V  [libjvm.so+0x820219]  os::pd_commit_memory(char*, unsigned long, unsigned long, bool)+0x29
V  [libjvm.so+0x819faa]  os::commit_memory(char*, unsigned long, unsigned long, bool)+0x2a
V  [libjvm.so+0x88d843]  PSVirtualSpace::expand_by(unsigned long)+0x53
V  [libjvm.so+0x88ec18]  PSYoungGen::resize_generation(unsigned long, unsigned long)+0xf8
V  [libjvm.so+0x88dd82]  PSYoungGen::resize(unsigned long, unsigned long)+0x22
V  [libjvm.so+0x88b13d]  PSScavenge::invoke_no_policy()+0xf3d
V  [libjvm.so+0x88b981]  PSScavenge::invoke()+0x41
V  [libjvm.so+0x842300]  ParallelScavengeHeap::failed_mem_allocate(unsigned long)+0x70
V  [libjvm.so+0x9a4b47]  VM_ParallelGCFailedAllocation::doit()+0x97
V  [libjvm.so+0x9abfe5]  VM_Operation::evaluate()+0x55
V  [libjvm.so+0x9aa3aa]  VMThread::evaluate_operation(VM_Operation*)+0xba
V  [libjvm.so+0x9aa72e]  VMThread::loop()+0x1ce
V  [libjvm.so+0x9aaba0]  VMThread::run()+0x70
V  [libjvm.so+0x821ca8]  java_start(Thread*)+0x108

VM_Operation (0x00007f5df39a1230): ParallelGCFailedAllocation, mode: safepoint, requested by thread 0x00007f5dec00a000


---------------  P R O C E S S  ---------------

Java Threads: ( => current thread )
  0x00007f5dec15f000 JavaThread "Service Thread" daemon [_thread_blocked, id=12959, stack(0x00007f5de0d55000,0x00007f5de0e56000)]
  0x00007f5dec15d000 JavaThread "C2 CompilerThread1" daemon [_thread_blocked, id=12958, stack(0x00007f5de0e56000,0x00007f5de0f57000)]
  0x00007f5dec15a000 JavaThread "C2 CompilerThread0" daemon [_thread_blocked, id=12957, stack(0x00007f5de0f57000,0x00007f5de1058000)]
  0x00007f5dec158000 JavaThread "Signal Dispatcher" daemon [_thread_blocked, id=12956, stack(0x00007f5de1058000,0x00007f5de1159000)]
  0x00007f5dec137000 JavaThread "Finalizer" daemon [_thread_blocked, id=12955, stack(0x00007f5de196c000,0x00007f5de1a6d000)]
  0x00007f5dec135000 JavaThread "Reference Handler" daemon [_thread_blocked, id=12954, stack(0x00007f5de1a6d000,0x00007f5de1b6e000)]
  0x00007f5dec00a000 JavaThread "main" [_thread_blocked, id=12948, stack(0x00007f5df38a2000,0x00007f5df39a3000)]

Other Threads:
=>0x00007f5dec130800 VMThread [stack: 0x00007f5de1b6e000,0x00007f5de1c6f000] [id=12953]
  0x00007f5dec169800 WatcherThread [stack: 0x00007f5de0c54000,0x00007f5de0d55000] [id=12960]

VM state:at safepoint (normal execution)

VM Mutex/Monitor currently owned by a thread:  ([mutex/lock_event])
[0x00007f5dec006360] Threads_lock - owner thread: 0x00007f5dec130800
[0x00007f5dec006860] Heap_lock - owner thread: 0x00007f5dec00a000

Heap
 PSYoungGen      total 97792K, used 3582K [0x00000000eaa80000, 0x00000000f0d80000, 0x0000000100000000)
  eden space 94208K, 0% used [0x00000000eaa80000,0x00000000eaa80000,0x00000000f0680000)
  from space 3584K, 99% used [0x00000000f0680000,0x00000000f09ffa30,0x00000000f0a00000)
  to   space 3584K, 0% used [0x00000000f0a00000,0x00000000f0a00000,0x00000000f0d80000)
 ParOldGen       total 61440K, used 46322K [0x00000000c0000000, 0x00000000c3c00000, 0x00000000eaa80000)
  object space 61440K, 75% used [0x00000000c0000000,0x00000000c2d3ca48,0x00000000c3c00000)
 PSPermGen       total 21504K, used 6489K [0x00000000bae00000, 0x00000000bc300000, 0x00000000c0000000)
  object space 21504K, 30% used [0x00000000bae00000,0x00000000bb456458,0x00000000bc300000)

Card table byte_map: [0x00007f5df0963000,0x00007f5df0b8d000] byte_map_base: 0x00007f5df038c000

Polling page: 0x00007f5df39c3000

Code Cache  [0x00007f5de9000000, 0x00007f5de9270000, 0x00007f5dec000000)
 total_blobs=733 nmethods=485 adapters=202 free_code_cache=47784Kb largest_free_block=48897600

Compilation events (10 events):
Event: 4.676 Thread 0x00007f5dec15a000 nmethod 482 0x00007f5de9143590 code [0x00007f5de9143700, 0x00007f5de91439b8]
Event: 4.676 Thread 0x00007f5dec15a000  483             com.android.dx.io.instructions.InstructionCodec$11::decode (38 bytes)
Event: 4.679 Thread 0x00007f5dec15a000 nmethod 483 0x00007f5de9159190 code [0x00007f5de91592e0, 0x00007f5de9159498]
Event: 4.679 Thread 0x00007f5dec15a000  484             com.android.dx.io.instructions.InstructionCodec$11::encode (22 bytes)
Event: 4.682 Thread 0x00007f5dec15a000 nmethod 484 0x00007f5de9140a50 code [0x00007f5de9140bc0, 0x00007f5de9140db8]
Event: 4.682 Thread 0x00007f5dec15a000  485             com.android.dex.Dex::readClassData (28 bytes)
Event: 4.725 Thread 0x00007f5dec15a000 nmethod 485 0x00007f5de915c7d0 code [0x00007f5de915ca20, 0x00007f5de915d448]
Event: 4.725 Thread 0x00007f5dec15a000  486             com.android.dex.Dex$Section::access$800 (5 bytes)
Event: 4.738 Thread 0x00007f5dec15a000 nmethod 486 0x00007f5de9159a10 code [0x00007f5de9159c20, 0x00007f5de915a268]
Event: 4.738 Thread 0x00007f5dec15a000  487             com.android.dex.Dex$Section::readClassData (66 bytes)

GC Heap History (9 events):
Event: 1.043 GC heap before
{Heap before GC invocations=1 (full 0):
 PSYoungGen      total 27136K, used 22523K [0x00000000eaa80000, 0x00000000ec880000, 0x0000000100000000)
  eden space 23552K, 95% used [0x00000000eaa80000,0x00000000ec07eff0,0x00000000ec180000)
  from space 3584K, 0% used [0x00000000ec500000,0x00000000ec500000,0x00000000ec880000)
  to   space 3584K, 0% used [0x00000000ec180000,0x00000000ec180000,0x00000000ec500000)
 ParOldGen       total 61440K, used 0K [0x00000000c0000000, 0x00000000c3c00000, 0x00000000eaa80000)
  object space 61440K, 0% used [0x00000000c0000000,0x00000000c0000000,0x00000000c3c00000)
 PSPermGen       total 21504K, used 4803K [0x00000000bae00000, 0x00000000bc300000, 0x00000000c0000000)
  object space 21504K, 22% used [0x00000000bae00000,0x00000000bb2b0e50,0x00000000bc300000)
Event: 1.074 GC heap after
Heap after GC invocations=1 (full 0):
 PSYoungGen      total 27136K, used 3582K [0x00000000eaa80000, 0x00000000edf80000, 0x0000000100000000)
  eden space 23552K, 0% used [0x00000000eaa80000,0x00000000eaa80000,0x00000000ec180000)
  from space 3584K, 99% used [0x00000000ec180000,0x00000000ec4ff948,0x00000000ec500000)
  to   space 3584K, 0% used [0x00000000edc00000,0x00000000edc00000,0x00000000edf80000)
 ParOldGen       total 61440K, used 4868K [0x00000000c0000000, 0x00000000c3c00000, 0x00000000eaa80000)
  object space 61440K, 7% used [0x00000000c0000000,0x00000000c04c10a8,0x00000000c3c00000)
 PSPermGen       total 21504K, used 4803K [0x00000000bae00000, 0x00000000bc300000, 0x00000000c0000000)
  object space 21504K, 22% used [0x00000000bae00000,0x00000000bb2b0e50,0x00000000bc300000)
}
Event: 2.179 GC heap before
{Heap before GC invocations=2 (full 0):
 PSYoungGen      total 27136K, used 26534K [0x00000000eaa80000, 0x00000000edf80000, 0x0000000100000000)
  eden space 23552K, 97% used [0x00000000eaa80000,0x00000000ec0ea140,0x00000000ec180000)
  from space 3584K, 99% used [0x00000000ec180000,0x00000000ec4ff948,0x00000000ec500000)
  to   space 3584K, 0% used [0x00000000edc00000,0x00000000edc00000,0x00000000edf80000)
 ParOldGen       total 61440K, used 4868K [0x00000000c0000000, 0x00000000c3c00000, 0x00000000eaa80000)
  object space 61440K, 7% used [0x00000000c0000000,0x00000000c04c10a8,0x00000000c3c00000)
 PSPermGen       total 21504K, used 6397K [0x00000000bae00000, 0x00000000bc300000, 0x00000000c0000000)
  object space 21504K, 29% used [0x00000000bae00000,0x00000000bb43f438,0x00000000bc300000)
Event: 2.193 GC heap after
Heap after GC invocations=2 (full 0):
 PSYoungGen      total 50688K, used 3553K [0x00000000eaa80000, 0x00000000edf80000, 0x0000000100000000)
  eden space 47104K, 0% used [0x00000000eaa80000,0x00000000eaa80000,0x00000000ed880000)
  from space 3584K, 99% used [0x00000000edc00000,0x00000000edf78568,0x00000000edf80000)
  to   space 3584K, 0% used [0x00000000ed880000,0x00000000ed880000,0x00000000edc00000)
 ParOldGen       total 61440K, used 8230K [0x00000000c0000000, 0x00000000c3c00000, 0x00000000eaa80000)
  object space 61440K, 13% used [0x00000000c0000000,0x00000000c0809ae8,0x00000000c3c00000)
 PSPermGen       total 21504K, used 6397K [0x00000000bae00000, 0x00000000bc300000, 0x00000000c0000000)
  object space 21504K, 29% used [0x00000000bae00000,0x00000000bb43f438,0x00000000bc300000)
}
Event: 3.215 GC heap before
{Heap before GC invocations=3 (full 0):
 PSYoungGen      total 50688K, used 50657K [0x00000000eaa80000, 0x00000000edf80000, 0x0000000100000000)
  eden space 47104K, 100% used [0x00000000eaa80000,0x00000000ed880000,0x00000000ed880000)
  from space 3584K, 99% used [0x00000000edc00000,0x00000000edf78568,0x00000000edf80000)
  to   space 3584K, 0% used [0x00000000ed880000,0x00000000ed880000,0x00000000edc00000)
 ParOldGen       total 61440K, used 8230K [0x00000000c0000000, 0x00000000c3c00000, 0x00000000eaa80000)
  object space 61440K, 13% used [0x00000000c0000000,0x00000000c0809ae8,0x00000000c3c00000)
 PSPermGen       total 21504K, used 6461K [0x00000000bae00000, 0x00000000bc300000, 0x00000000c0000000)
  object space 21504K, 30% used [0x00000000bae00000,0x00000000bb44f680,0x00000000bc300000)
Event: 3.244 GC heap after
Heap after GC invocations=3 (full 0):
 PSYoungGen      total 50688K, used 3565K [0x00000000eaa80000, 0x00000000f0d80000, 0x0000000100000000)
  eden space 47104K, 0% used [0x00000000eaa80000,0x00000000eaa80000,0x00000000ed880000)
  from space 3584K, 99% used [0x00000000ed880000,0x00000000edbfb548,0x00000000edc00000)
  to   space 3584K, 0% used [0x00000000f0a00000,0x00000000f0a00000,0x00000000f0d80000)
 ParOldGen       total 61440K, used 12144K [0x00000000c0000000, 0x00000000c3c00000, 0x00000000eaa80000)
  object space 61440K, 19% used [0x00000000c0000000,0x00000000c0bdc218,0x00000000c3c00000)
 PSPermGen       total 21504K, used 6461K [0x00000000bae00000, 0x00000000bc300000, 0x00000000c0000000)
  object space 21504K, 30% used [0x00000000bae00000,0x00000000bb44f680,0x00000000bc300000)
}
Event: 3.978 GC heap before
{Heap before GC invocations=4 (full 0):
 PSYoungGen      total 50688K, used 50669K [0x00000000eaa80000, 0x00000000f0d80000, 0x0000000100000000)
  eden space 47104K, 100% used [0x00000000eaa80000,0x00000000ed880000,0x00000000ed880000)
  from space 3584K, 99% used [0x00000000ed880000,0x00000000edbfb548,0x00000000edc00000)
  to   space 3584K, 0% used [0x00000000f0a00000,0x00000000f0a00000,0x00000000f0d80000)
 ParOldGen       total 61440K, used 12144K [0x00000000c0000000, 0x00000000c3c00000, 0x00000000eaa80000)
  object space 61440K, 19% used [0x00000000c0000000,0x00000000c0bdc218,0x00000000c3c00000)
 PSPermGen       total 21504K, used 6476K [0x00000000bae00000, 0x00000000bc300000, 0x00000000c0000000)
  object space 21504K, 30% used [0x00000000bae00000,0x00000000bb4531c0,0x00000000bc300000)
Event: 4.005 GC heap after
Heap after GC invocations=4 (full 0):
 PSYoungGen      total 97792K, used 3582K [0x00000000eaa80000, 0x00000000f0d80000, 0x0000000100000000)
  eden space 94208K, 0% used [0x00000000eaa80000,0x00000000eaa80000,0x00000000f0680000)
  from space 3584K, 99% used [0x00000000f0a00000,0x00000000f0d7fa30,0x00000000f0d80000)
  to   space 3584K, 0% used [0x00000000f0680000,0x00000000f0680000,0x00000000f0a00000)
 ParOldGen       total 61440K, used 32950K [0x00000000c0000000, 0x00000000c3c00000, 0x00000000eaa80000)
  object space 61440K, 53% used [0x00000000c0000000,0x00000000c202d890,0x00000000c3c00000)
 PSPermGen       total 21504K, used 6476K [0x00000000bae00000, 0x00000000bc300000, 0x00000000c0000000)
  object space 21504K, 30% used [0x00000000bae00000,0x00000000bb4531c0,0x00000000bc300000)
}
Event: 4.747 GC heap before
{Heap before GC invocations=5 (full 0):
 PSYoungGen      total 97792K, used 97790K [0x00000000eaa80000, 0x00000000f0d80000, 0x0000000100000000)
  eden space 94208K, 100% used [0x00000000eaa80000,0x00000000f0680000,0x00000000f0680000)
  from space 3584K, 99% used [0x00000000f0a00000,0x00000000f0d7fa30,0x00000000f0d80000)
  to   space 3584K, 0% used [0x00000000f0680000,0x00000000f0680000,0x00000000f0a00000)
 ParOldGen       total 61440K, used 32950K [0x00000000c0000000, 0x00000000c3c00000, 0x00000000eaa80000)
  object space 61440K, 53% used [0x00000000c0000000,0x00000000c202d890,0x00000000c3c00000)
 PSPermGen       total 21504K, used 6489K [0x00000000bae00000, 0x00000000bc300000, 0x00000000c0000000)
  object space 21504K, 30% used [0x00000000bae00000,0x00000000bb456458,0x00000000bc300000)

Deoptimization events (10 events):
Event: 1.795 Thread 0x00007f5dec00a000 Uncommon trap: reason=class_check action=maybe_recompile pc=0x00007f5de9091fc4 method=com.android.dex.Leb128.readUnsignedLeb128(Lcom/android/dex/util/ByteInput;)I @ 5
Event: 1.795 Thread 0x00007f5dec00a000 Uncommon trap: reason=class_check action=maybe_recompile pc=0x00007f5de9091fc4 method=com.android.dex.Leb128.readUnsignedLeb128(Lcom/android/dex/util/ByteInput;)I @ 5
Event: 1.795 Thread 0x00007f5dec00a000 Uncommon trap: reason=class_check action=maybe_recompile pc=0x00007f5de9091fc4 method=com.android.dex.Leb128.readUnsignedLeb128(Lcom/android/dex/util/ByteInput;)I @ 5
Event: 1.795 Thread 0x00007f5dec00a000 Uncommon trap: reason=class_check action=maybe_recompile pc=0x00007f5de9091fc4 method=com.android.dex.Leb128.readUnsignedLeb128(Lcom/android/dex/util/ByteInput;)I @ 5
Event: 2.034 Thread 0x00007f5dec00a000 Uncommon trap: reason=predicate action=maybe_recompile pc=0x00007f5de90ac5d0 method=com.android.dex.Leb128.readUnsignedLeb128(Lcom/android/dex/util/ByteInput;)I @ 41
Event: 3.904 Thread 0x00007f5dec00a000 Uncommon trap: reason=predicate action=maybe_recompile pc=0x00007f5de9103f18 method=java.util.TimSort.binarySort([Ljava/lang/Object;IIILjava/util/Comparator;)V @ 37
Event: 4.494 Thread 0x00007f5dec00a000 Uncommon trap: reason=array_check action=maybe_recompile pc=0x00007f5de9130e08 method=java.util.TimSort.binarySort([Ljava/lang/Object;IIILjava/util/Comparator;)V @ 193
Event: 4.494 Thread 0x00007f5dec00a000 Uncommon trap: reason=array_check action=maybe_recompile pc=0x00007f5de9130ecc method=java.util.TimSort.binarySort([Ljava/lang/Object;IIILjava/util/Comparator;)V @ 183
Event: 4.494 Thread 0x00007f5dec00a000 Uncommon trap: reason=array_check action=maybe_recompile pc=0x00007f5de9130e08 method=java.util.TimSort.binarySort([Ljava/lang/Object;IIILjava/util/Comparator;)V @ 193
Event: 4.494 Thread 0x00007f5dec00a000 Uncommon trap: reason=array_check action=maybe_recompile pc=0x00007f5de9130ecc method=java.util.TimSort.binarySort([Ljava/lang/Object;IIILjava/util/Comparator;)V @ 183

Internal exceptions (10 events):
Event: 1.557 Thread 0x00007f5dec00a000 Threw 0x00000000eb656c70 at /HUDSON/workspace/7u-2-build-linux-amd64/jdk7u76/1941/hotspot/src/share/vm/prims/jvm.cpp:1304
Event: 1.558 Thread 0x00007f5dec00a000 Threw 0x00000000eb659b70 at /HUDSON/workspace/7u-2-build-linux-amd64/jdk7u76/1941/hotspot/src/share/vm/prims/jvm.cpp:1304
Event: 1.559 Thread 0x00007f5dec00a000 Threw 0x00000000eb65ce88 at /HUDSON/workspace/7u-2-build-linux-amd64/jdk7u76/1941/hotspot/src/share/vm/prims/jvm.cpp:1304
Event: 1.563 Thread 0x00007f5dec00a000 Threw 0x00000000eb663f30 at /HUDSON/workspace/7u-2-build-linux-amd64/jdk7u76/1941/hotspot/src/share/vm/prims/jvm.cpp:1304
Event: 1.564 Thread 0x00007f5dec00a000 Threw 0x00000000eb665fb0 at /HUDSON/workspace/7u-2-build-linux-amd64/jdk7u76/1941/hotspot/src/share/vm/prims/jvm.cpp:1304
Event: 1.638 Thread 0x00007f5dec00a000 Threw 0x00000000eb705158 at /HUDSON/workspace/7u-2-build-linux-amd64/jdk7u76/1941/hotspot/src/share/vm/prims/jvm.cpp:1304
Event: 1.638 Thread 0x00007f5dec00a000 Threw 0x00000000eb705280 at /HUDSON/workspace/7u-2-build-linux-amd64/jdk7u76/1941/hotspot/src/share/vm/prims/jvm.cpp:1304
Event: 1.639 Thread 0x00007f5dec00a000 Threw 0x00000000eb7075f0 at /HUDSON/workspace/7u-2-build-linux-amd64/jdk7u76/1941/hotspot/src/share/vm/prims/jvm.cpp:1304
Event: 1.639 Thread 0x00007f5dec00a000 Threw 0x00000000eb707718 at /HUDSON/workspace/7u-2-build-linux-amd64/jdk7u76/1941/hotspot/src/share/vm/prims/jvm.cpp:1304
Event: 2.358 Thread 0x00007f5dec00a000 Threw 0x00000000eb12b1e8 at /HUDSON/workspace/7u-2-build-linux-amd64/jdk7u76/1941/hotspot/src/share/vm/prims/jvm.cpp:1304

Events (10 events):
Event: 4.494 Thread 0x00007f5dec00a000 Uncommon trap: trap_request=0xffffffd6 fr.pc=0x00007f5de9130ecc
Event: 4.494 Thread 0x00007f5dec00a000 DEOPT PACKING pc=0x00007f5de9130ecc sp=0x00007f5df39a13d0
Event: 4.494 Thread 0x00007f5dec00a000 DEOPT UNPACKING pc=0x00007f5de9039045 sp=0x00007f5df39a1398 mode 2
Event: 4.494 Thread 0x00007f5dec00a000 Uncommon trap: trap_request=0xffffffd6 fr.pc=0x00007f5de9130e08
Event: 4.494 Thread 0x00007f5dec00a000 DEOPT PACKING pc=0x00007f5de9130e08 sp=0x00007f5df39a13d0
Event: 4.494 Thread 0x00007f5dec00a000 DEOPT UNPACKING pc=0x00007f5de9039045 sp=0x00007f5df39a1398 mode 2
Event: 4.494 Thread 0x00007f5dec00a000 Uncommon trap: trap_request=0xffffffd6 fr.pc=0x00007f5de9130ecc
Event: 4.494 Thread 0x00007f5dec00a000 DEOPT PACKING pc=0x00007f5de9130ecc sp=0x00007f5df39a13d0
Event: 4.494 Thread 0x00007f5dec00a000 DEOPT UNPACKING pc=0x00007f5de9039045 sp=0x00007f5df39a1398 mode 2
Event: 4.747 Executing VM operation: ParallelGCFailedAllocation


Dynamic libraries:
00400000-00401000 r-xp 00000000 08:01 3818624                            /usr/lib/jvm/java-7-oracle/jre/bin/java
00600000-00601000 rw-p 00000000 08:01 3818624                            /usr/lib/jvm/java-7-oracle/jre/bin/java
00de5000-00e06000 rw-p 00000000 00:00 0                                  [heap]
bae00000-bc300000 rw-p 00000000 00:00 0 
bc300000-c0000000 rw-p 00000000 00:00 0 
c0000000-c3c00000 rw-p 00000000 00:00 0 
c3c00000-eaa80000 rw-p 00000000 00:00 0 
eaa80000-f0d80000 rw-p 00000000 00:00 0 
f9080000-100000000 rw-p 00000000 00:00 0 
7f5dac000000-7f5dac021000 rw-p 00000000 00:00 0 
7f5dac021000-7f5db0000000 ---p 00000000 00:00 0 
7f5db4000000-7f5db45eb000 rw-p 00000000 00:00 0 
7f5db45eb000-7f5db8000000 ---p 00000000 00:00 0 
7f5db8000000-7f5db8021000 rw-p 00000000 00:00 0 
7f5db8021000-7f5dbc000000 ---p 00000000 00:00 0 
7f5dbc000000-7f5dbc021000 rw-p 00000000 00:00 0 
7f5dbc021000-7f5dc0000000 ---p 00000000 00:00 0 
7f5dc0000000-7f5dc08da000 rw-p 00000000 00:00 0 
7f5dc08da000-7f5dc4000000 ---p 00000000 00:00 0 
7f5dc4000000-7f5dc4021000 rw-p 00000000 00:00 0 
7f5dc4021000-7f5dc8000000 ---p 00000000 00:00 0 
7f5dc8000000-7f5dc8021000 rw-p 00000000 00:00 0 
7f5dc8021000-7f5dcc000000 ---p 00000000 00:00 0 
7f5dcc000000-7f5dcc021000 rw-p 00000000 00:00 0 
7f5dcc021000-7f5dd0000000 ---p 00000000 00:00 0 
7f5dd0000000-7f5dd00e5000 rw-p 00000000 00:00 0 
7f5dd00e5000-7f5dd4000000 ---p 00000000 00:00 0 
7f5dd4000000-7f5dd4021000 rw-p 00000000 00:00 0 
7f5dd4021000-7f5dd8000000 ---p 00000000 00:00 0 
7f5ddc000000-7f5ddc021000 rw-p 00000000 00:00 0 
7f5ddc021000-7f5de0000000 ---p 00000000 00:00 0 
7f5de06bf000-7f5de082c000 rw-p 00000000 00:00 0 
7f5de082c000-7f5de0842000 r-xp 00000000 08:01 3818469                    /usr/lib/jvm/java-7-oracle/jre/lib/amd64/libnet.so
7f5de0842000-7f5de0a42000 ---p 00016000 08:01 3818469                    /usr/lib/jvm/java-7-oracle/jre/lib/amd64/libnet.so
7f5de0a42000-7f5de0a43000 rw-p 00016000 08:01 3818469                    /usr/lib/jvm/java-7-oracle/jre/lib/amd64/libnet.so
7f5de0a43000-7f5de0a53000 r-xp 00000000 08:01 3815879                    /usr/lib/jvm/java-7-oracle/jre/lib/amd64/libnio.so
7f5de0a53000-7f5de0c53000 ---p 00010000 08:01 3815879                    /usr/lib/jvm/java-7-oracle/jre/lib/amd64/libnio.so
7f5de0c53000-7f5de0c54000 rw-p 00010000 08:01 3815879                    /usr/lib/jvm/java-7-oracle/jre/lib/amd64/libnio.so
7f5de0c54000-7f5de0c55000 ---p 00000000 00:00 0 
7f5de0c55000-7f5de0d55000 rw-p 00000000 00:00 0                          [stack:12960]
7f5de0d55000-7f5de0d58000 ---p 00000000 00:00 0 
7f5de0d58000-7f5de0e56000 rw-p 00000000 00:00 0                          [stack:12959]
7f5de0e56000-7f5de0e59000 ---p 00000000 00:00 0 
7f5de0e59000-7f5de0f57000 rw-p 00000000 00:00 0                          [stack:12958]
7f5de0f57000-7f5de0f5a000 ---p 00000000 00:00 0 
7f5de0f5a000-7f5de1058000 rw-p 00000000 00:00 0                          [stack:12957]
7f5de1058000-7f5de105b000 ---p 00000000 00:00 0 
7f5de105b000-7f5de1159000 rw-p 00000000 00:00 0                          [stack:12956]
7f5de1159000-7f5de196c000 r--p 00000000 08:01 3808254                    /usr/lib/locale/locale-archive
7f5de196c000-7f5de196f000 ---p 00000000 00:00 0 
7f5de196f000-7f5de1a6d000 rw-p 00000000 00:00 0                          [stack:12955]
7f5de1a6d000-7f5de1a70000 ---p 00000000 00:00 0 
7f5de1a70000-7f5de1b6e000 rw-p 00000000 00:00 0                          [stack:12954]
7f5de1b6e000-7f5de1b6f000 ---p 00000000 00:00 0 
7f5de1b6f000-7f5de4000000 rw-p 00000000 00:00 0                          [stack:12953]
7f5de4000000-7f5de4021000 rw-p 00000000 00:00 0 
7f5de4021000-7f5de8000000 ---p 00000000 00:00 0 
7f5de8033000-7f5de8e41000 rw-p 00000000 00:00 0 
7f5de8e41000-7f5de9000000 r--s 039f0000 08:01 3815342                    /usr/lib/jvm/java-7-oracle/jre/lib/rt.jar
7f5de9000000-7f5de9270000 rwxp 00000000 00:00 0 
7f5de9270000-7f5dec304000 rw-p 00000000 00:00 0 
7f5dec304000-7f5df0000000 ---p 00000000 00:00 0 
7f5df006e000-7f5df0075000 r--s 00000000 08:01 4071599                    /usr/lib/x86_64-linux-gnu/gconv/gconv-modules.cache
7f5df0075000-7f5df009b000 r--p 00000000 08:01 4460467                    /usr/share/locale-langpack/ko/LC_MESSAGES/libc.mo
7f5df009b000-7f5df03e0000 rw-p 00000000 00:00 0 
7f5df03e0000-7f5df03e1000 ---p 00000000 00:00 0 
7f5df03e1000-7f5df04e1000 rw-p 00000000 00:00 0                          [stack:12952]
7f5df04e1000-7f5df04e2000 ---p 00000000 00:00 0 
7f5df04e2000-7f5df05e2000 rw-p 00000000 00:00 0                          [stack:12951]
7f5df05e2000-7f5df05e3000 ---p 00000000 00:00 0 
7f5df05e3000-7f5df06e3000 rw-p 00000000 00:00 0                          [stack:12950]
7f5df06e3000-7f5df06e4000 ---p 00000000 00:00 0 
7f5df06e4000-7f5df07ef000 rw-p 00000000 00:00 0                          [stack:12949]
7f5df07ef000-7f5df080d000 rw-p 00000000 00:00 0 
7f5df080d000-7f5df082b000 rw-p 00000000 00:00 0 
7f5df082b000-7f5df0963000 rw-p 00000000 00:00 0 
7f5df0963000-7f5df096e000 rw-p 00000000 00:00 0 
7f5df096e000-7f5df098c000 rw-p 00000000 00:00 0 
7f5df098c000-7f5df09aa000 rw-p 00000000 00:00 0 
7f5df09aa000-7f5df0ae1000 rw-p 00000000 00:00 0 
7f5df0ae1000-7f5df0b13000 rw-p 00000000 00:00 0 
7f5df0b13000-7f5df0b8c000 rw-p 00000000 00:00 0 
7f5df0b8c000-7f5df0b8d000 rw-p 00000000 00:00 0 
7f5df0b8d000-7f5df0ba7000 r-xp 00000000 08:01 3815891                    /usr/lib/jvm/java-7-oracle/jre/lib/amd64/libzip.so
7f5df0ba7000-7f5df0da7000 ---p 0001a000 08:01 3815891                    /usr/lib/jvm/java-7-oracle/jre/lib/amd64/libzip.so
7f5df0da7000-7f5df0da8000 rw-p 0001a000 08:01 3815891                    /usr/lib/jvm/java-7-oracle/jre/lib/amd64/libzip.so
7f5df0da8000-7f5df0db3000 r-xp 00000000 08:01 4601829                    /lib/x86_64-linux-gnu/libnss_files-2.19.so
7f5df0db3000-7f5df0fb2000 ---p 0000b000 08:01 4601829                    /lib/x86_64-linux-gnu/libnss_files-2.19.so
7f5df0fb2000-7f5df0fb3000 r--p 0000a000 08:01 4601829                    /lib/x86_64-linux-gnu/libnss_files-2.19.so
7f5df0fb3000-7f5df0fb4000 rw-p 0000b000 08:01 4601829                    /lib/x86_64-linux-gnu/libnss_files-2.19.so
7f5df0fb4000-7f5df0fbf000 r-xp 00000000 08:01 4601826                    /lib/x86_64-linux-gnu/libnss_nis-2.19.so
7f5df0fbf000-7f5df11be000 ---p 0000b000 08:01 4601826                    /lib/x86_64-linux-gnu/libnss_nis-2.19.so
7f5df11be000-7f5df11bf000 r--p 0000a000 08:01 4601826                    /lib/x86_64-linux-gnu/libnss_nis-2.19.so
7f5df11bf000-7f5df11c0000 rw-p 0000b000 08:01 4601826                    /lib/x86_64-linux-gnu/libnss_nis-2.19.so
7f5df11c0000-7f5df11d7000 r-xp 00000000 08:01 4601820                    /lib/x86_64-linux-gnu/libnsl-2.19.so
7f5df11d7000-7f5df13d6000 ---p 00017000 08:01 4601820                    /lib/x86_64-linux-gnu/libnsl-2.19.so
7f5df13d6000-7f5df13d7000 r--p 00016000 08:01 4601820                    /lib/x86_64-linux-gnu/libnsl-2.19.so
7f5df13d7000-7f5df13d8000 rw-p 00017000 08:01 4601820                    /lib/x86_64-linux-gnu/libnsl-2.19.so
7f5df13d8000-7f5df13da000 rw-p 00000000 00:00 0 
7f5df13da000-7f5df13e3000 r-xp 00000000 08:01 4601817                    /lib/x86_64-linux-gnu/libnss_compat-2.19.so
7f5df13e3000-7f5df15e2000 ---p 00009000 08:01 4601817                    /lib/x86_64-linux-gnu/libnss_compat-2.19.so
7f5df15e2000-7f5df15e3000 r--p 00008000 08:01 4601817                    /lib/x86_64-linux-gnu/libnss_compat-2.19.so
7f5df15e3000-7f5df15e4000 rw-p 00009000 08:01 4601817                    /lib/x86_64-linux-gnu/libnss_compat-2.19.so
7f5df15e4000-7f5df160d000 r-xp 00000000 08:01 3815892                    /usr/lib/jvm/java-7-oracle/jre/lib/amd64/libjava.so
7f5df160d000-7f5df180d000 ---p 00029000 08:01 3815892                    /usr/lib/jvm/java-7-oracle/jre/lib/amd64/libjava.so
7f5df180d000-7f5df180f000 rw-p 00029000 08:01 3815892                    /usr/lib/jvm/java-7-oracle/jre/lib/amd64/libjava.so
7f5df180f000-7f5df181c000 r-xp 00000000 08:01 3815883                    /usr/lib/jvm/java-7-oracle/jre/lib/amd64/libverify.so
7f5df181c000-7f5df1a1b000 ---p 0000d000 08:01 3815883                    /usr/lib/jvm/java-7-oracle/jre/lib/amd64/libverify.so
7f5df1a1b000-7f5df1a1d000 rw-p 0000c000 08:01 3815883                    /usr/lib/jvm/java-7-oracle/jre/lib/amd64/libverify.so
7f5df1a1d000-7f5df1a24000 r-xp 00000000 08:01 4601812                    /lib/x86_64-linux-gnu/librt-2.19.so
7f5df1a24000-7f5df1c23000 ---p 00007000 08:01 4601812                    /lib/x86_64-linux-gnu/librt-2.19.so
7f5df1c23000-7f5df1c24000 r--p 00006000 08:01 4601812                    /lib/x86_64-linux-gnu/librt-2.19.so
7f5df1c24000-7f5df1c25000 rw-p 00007000 08:01 4601812                    /lib/x86_64-linux-gnu/librt-2.19.so
7f5df1c25000-7f5df1d2a000 r-xp 00000000 08:01 4601819                    /lib/x86_64-linux-gnu/libm-2.19.so
7f5df1d2a000-7f5df1f29000 ---p 00105000 08:01 4601819                    /lib/x86_64-linux-gnu/libm-2.19.so
7f5df1f29000-7f5df1f2a000 r--p 00104000 08:01 4601819                    /lib/x86_64-linux-gnu/libm-2.19.so
7f5df1f2a000-7f5df1f2b000 rw-p 00105000 08:01 4601819                    /lib/x86_64-linux-gnu/libm-2.19.so
7f5df1f2b000-7f5df2aa0000 r-xp 00000000 08:01 3818475                    /usr/lib/jvm/java-7-oracle/jre/lib/amd64/server/libjvm.so
7f5df2aa0000-7f5df2ca0000 ---p 00b75000 08:01 3818475                    /usr/lib/jvm/java-7-oracle/jre/lib/amd64/server/libjvm.so
7f5df2ca0000-7f5df2d64000 rw-p 00b75000 08:01 3818475                    /usr/lib/jvm/java-7-oracle/jre/lib/amd64/server/libjvm.so
7f5df2d64000-7f5df2da5000 rw-p 00000000 00:00 0 
7f5df2da5000-7f5df2f60000 r-xp 00000000 08:01 4601811                    /lib/x86_64-linux-gnu/libc-2.19.so
7f5df2f60000-7f5df3160000 ---p 001bb000 08:01 4601811                    /lib/x86_64-linux-gnu/libc-2.19.so
7f5df3160000-7f5df3164000 r--p 001bb000 08:01 4601811                    /lib/x86_64-linux-gnu/libc-2.19.so
7f5df3164000-7f5df3166000 rw-p 001bf000 08:01 4601811                    /lib/x86_64-linux-gnu/libc-2.19.so
7f5df3166000-7f5df316b000 rw-p 00000000 00:00 0 
7f5df316b000-7f5df316e000 r-xp 00000000 08:01 4601815                    /lib/x86_64-linux-gnu/libdl-2.19.so
7f5df316e000-7f5df336d000 ---p 00003000 08:01 4601815                    /lib/x86_64-linux-gnu/libdl-2.19.so
7f5df336d000-7f5df336e000 r--p 00002000 08:01 4601815                    /lib/x86_64-linux-gnu/libdl-2.19.so
7f5df336e000-7f5df336f000 rw-p 00003000 08:01 4601815                    /lib/x86_64-linux-gnu/libdl-2.19.so
7f5df336f000-7f5df3385000 r-xp 00000000 08:01 3815454                    /usr/lib/jvm/java-7-oracle/jre/lib/amd64/jli/libjli.so
7f5df3385000-7f5df3585000 ---p 00016000 08:01 3815454                    /usr/lib/jvm/java-7-oracle/jre/lib/amd64/jli/libjli.so
7f5df3585000-7f5df3586000 rw-p 00016000 08:01 3815454                    /usr/lib/jvm/java-7-oracle/jre/lib/amd64/jli/libjli.so
7f5df3586000-7f5df359f000 r-xp 00000000 08:01 4601828                    /lib/x86_64-linux-gnu/libpthread-2.19.so
7f5df359f000-7f5df379e000 ---p 00019000 08:01 4601828                    /lib/x86_64-linux-gnu/libpthread-2.19.so
7f5df379e000-7f5df379f000 r--p 00018000 08:01 4601828                    /lib/x86_64-linux-gnu/libpthread-2.19.so
7f5df379f000-7f5df37a0000 rw-p 00019000 08:01 4601828                    /lib/x86_64-linux-gnu/libpthread-2.19.so
7f5df37a0000-7f5df37a4000 rw-p 00000000 00:00 0 
7f5df37a4000-7f5df37c7000 r-xp 00000000 08:01 4601808                    /lib/x86_64-linux-gnu/ld-2.19.so
7f5df37c7000-7f5df37c8000 rw-p 00000000 00:00 0 
7f5df37c8000-7f5df37cc000 r--s 000f7000 08:01 3818490                    /usr/lib/jvm/java-7-oracle/jre/lib/ext/localedata.jar
7f5df37cc000-7f5df37ec000 rw-p 00000000 00:00 0 
7f5df37ec000-7f5df38a2000 rw-p 00000000 00:00 0 
7f5df38a2000-7f5df38a5000 ---p 00000000 00:00 0 
7f5df38a5000-7f5df39a7000 rw-p 00000000 00:00 0                          [stack:12948]
7f5df39a7000-7f5df39ab000 r--s 0008b000 08:01 3818495                    /usr/lib/jvm/java-7-oracle/jre/lib/jsse.jar
7f5df39ab000-7f5df39ba000 r--s 000dd000 00:23 156718                     /home/johnny/Android/Sdk/build-tools/21.1.2/lib/dx.jar
7f5df39ba000-7f5df39c2000 rw-s 00000000 08:01 3285565                    /tmp/hsperfdata_johnny/12940
7f5df39c2000-7f5df39c3000 rw-p 00000000 00:00 0 
7f5df39c3000-7f5df39c4000 ---p 00000000 00:00 0 
7f5df39c4000-7f5df39c6000 rw-p 00000000 00:00 0 
7f5df39c6000-7f5df39c7000 r--p 00022000 08:01 4601808                    /lib/x86_64-linux-gnu/ld-2.19.so
7f5df39c7000-7f5df39c8000 rw-p 00023000 08:01 4601808                    /lib/x86_64-linux-gnu/ld-2.19.so
7f5df39c8000-7f5df39c9000 rw-p 00000000 00:00 0 
7fffbefa7000-7fffbefc8000 rw-p 00000000 00:00 0                          [stack]
7fffbefe6000-7fffbefe8000 r-xp 00000000 00:00 0                          [vdso]
ffffffffff600000-ffffffffff601000 r-xp 00000000 00:00 0                  [vsyscall]

VM Arguments:
jvm_args: -Xmx1024M 
java_command: /home/johnny/Android/Sdk/build-tools/21.1.2/lib/dx.jar --dex --no-optimize --output /home/johnny/AndroidStudioProjects/FlagMon5/app/build/intermediates/dex/debug --input-list=/home/johnny/AndroidStudioProjects/FlagMon5/app/build/intermediates/tmp/dex/debug/inputList.txt
Launcher Type: SUN_STANDARD

Environment Variables:
CLASSPATH=/home/johnny/android-studio/bin/../lib/bootstrap.jar:/home/johnny/android-studio/bin/../lib/extensions.jar:/home/johnny/android-studio/bin/../lib/util.jar:/home/johnny/android-studio/bin/../lib/jdom.jar:/home/johnny/android-studio/bin/../lib/log4j.jar:/home/johnny/android-studio/bin/../lib/trove4j.jar:/home/johnny/android-studio/bin/../lib/jna.jar:/usr/lib/jvm/java-7-oracle/lib/tools.jar
PATH=/usr/local/sbin:/usr/local/bin:/usr/sbin:/usr/bin:/sbin:/bin:/usr/games:/usr/local/games
LD_LIBRARY_PATH=/home/johnny/android-studio/bin:
SHELL=/bin/bash
DISPLAY=:0

Signal Handlers:
SIGSEGV: [libjvm.so+0x9a3bd0], sa_mask[0]=0x7ffbfeff, sa_flags=0x10000004
SIGBUS: [libjvm.so+0x9a3bd0], sa_mask[0]=0x7ffbfeff, sa_flags=0x10000004
SIGFPE: [libjvm.so+0x81cb60], sa_mask[0]=0x7ffbfeff, sa_flags=0x10000004
SIGPIPE: [libjvm.so+0x81cb60], sa_mask[0]=0x7ffbfeff, sa_flags=0x10000004
SIGXFSZ: [libjvm.so+0x81cb60], sa_mask[0]=0x7ffbfeff, sa_flags=0x10000004
SIGILL: [libjvm.so+0x81cb60], sa_mask[0]=0x7ffbfeff, sa_flags=0x10000004
SIGUSR1: SIG_DFL, sa_mask[0]=0x00000000, sa_flags=0x00000000
SIGUSR2: [libjvm.so+0x81e360], sa_mask[0]=0x00000004, sa_flags=0x10000004
SIGHUP: [libjvm.so+0x81f480], sa_mask[0]=0x7ffbfeff, sa_flags=0x10000004
SIGINT: [libjvm.so+0x81f480], sa_mask[0]=0x7ffbfeff, sa_flags=0x10000004
SIGTERM: [libjvm.so+0x81f480], sa_mask[0]=0x7ffbfeff, sa_flags=0x10000004
SIGQUIT: [libjvm.so+0x81f480], sa_mask[0]=0x7ffbfeff, sa_flags=0x10000004


---------------  S Y S T E M  ---------------

OS:jessie/sid

uname:Linux 3.13.0-45-generic #74-Ubuntu SMP Tue Jan 13 19:36:28 UTC 2015 x86_64
libc:glibc 2.19 NPTL 2.19 
rlimit: STACK 8192k, CORE 0k, NPROC 45903, NOFILE 4096, AS infinity
load average:2.92 1.58 1.05

/proc/meminfo:
MemTotal:        5905412 kB
MemFree:          128444 kB
Buffers:            2104 kB
Cached:          1378792 kB
SwapCached:            0 kB
Active:          4211808 kB
Inactive:        1310712 kB
Active(anon):    4171192 kB
Inactive(anon):  1269832 kB
Active(file):      40616 kB
Inactive(file):    40880 kB
Unevictable:          32 kB
Mlocked:              32 kB
SwapTotal:             0 kB
SwapFree:              0 kB
Dirty:              7948 kB
Writeback:             0 kB
AnonPages:       4142392 kB
Mapped:           146064 kB
Shmem:           1298720 kB
Slab:             116116 kB
SReclaimable:      42240 kB
SUnreclaim:        73876 kB
KernelStack:        5960 kB
PageTables:        56848 kB
NFS_Unstable:          0 kB
Bounce:                0 kB
WritebackTmp:          0 kB
CommitLimit:     2952704 kB
Committed_AS:   12326248 kB
VmallocTotal:   34359738367 kB
VmallocUsed:      554572 kB
VmallocChunk:   34359174612 kB
HardwareCorrupted:     0 kB
AnonHugePages:   1251328 kB
HugePages_Total:       0
HugePages_Free:        0
HugePages_Rsvd:        0
HugePages_Surp:        0
Hugepagesize:       2048 kB
DirectMap4k:       80128 kB
DirectMap2M:     6004736 kB


CPU:total 4 (2 cores per cpu, 2 threads per core) family 6 model 37 stepping 5, cmov, cx8, fxsr, mmx, sse, sse2, sse3, ssse3, sse4.1, sse4.2, popcnt, ht, tsc, tscinvbit

/proc/cpuinfo:
processor	: 0
vendor_id	: GenuineIntel
cpu family	: 6
model		: 37
model name	: Intel(R) Core(TM) i3 CPU       M 370  @ 2.40GHz
stepping	: 5
microcode	: 0x2
cpu MHz		: 933.000
cache size	: 3072 KB
physical id	: 0
siblings	: 4
core id		: 0
cpu cores	: 2
apicid		: 0
initial apicid	: 0
fpu		: yes
fpu_exception	: yes
cpuid level	: 11
wp		: yes
flags		: fpu vme de pse tsc msr pae mce cx8 apic sep mtrr pge mca cmov pat pse36 clflush dts acpi mmx fxsr sse sse2 ss ht tm pbe syscall nx rdtscp lm constant_tsc arch_perfmon pebs bts rep_good nopl xtopology nonstop_tsc aperfmperf pni dtes64 monitor ds_cpl vmx est tm2 ssse3 cx16 xtpr pdcm pcid sse4_1 sse4_2 popcnt lahf_lm arat dtherm tpr_shadow vnmi flexpriority ept vpid
bogomips	: 4788.11
clflush size	: 64
cache_alignment	: 64
address sizes	: 36 bits physical, 48 bits virtual
power management:

processor	: 1
vendor_id	: GenuineIntel
cpu family	: 6
model		: 37
model name	: Intel(R) Core(TM) i3 CPU       M 370  @ 2.40GHz
stepping	: 5
microcode	: 0x2
cpu MHz		: 2399.000
cache size	: 3072 KB
physical id	: 0
siblings	: 4
core id		: 0
cpu cores	: 2
apicid		: 1
initial apicid	: 1
fpu		: yes
fpu_exception	: yes
cpuid level	: 11
wp		: yes
flags		: fpu vme de pse tsc msr pae mce cx8 apic sep mtrr pge mca cmov pat pse36 clflush dts acpi mmx fxsr sse sse2 ss ht tm pbe syscall nx rdtscp lm constant_tsc arch_perfmon pebs bts rep_good nopl xtopology nonstop_tsc aperfmperf pni dtes64 monitor ds_cpl vmx est tm2 ssse3 cx16 xtpr pdcm pcid sse4_1 sse4_2 popcnt lahf_lm arat dtherm tpr_shadow vnmi flexpriority ept vpid
bogomips	: 4788.11
clflush size	: 64
cache_alignment	: 64
address sizes	: 36 bits physical, 48 bits virtual
power management:

processor	: 2
vendor_id	: GenuineIntel
cpu family	: 6
model		: 37
model name	: Intel(R) Core(TM) i3 CPU       M 370  @ 2.40GHz
stepping	: 5
microcode	: 0x2
cpu MHz		: 2399.000
cache size	: 3072 KB
physical id	: 0
siblings	: 4
core id		: 2
cpu cores	: 2
apicid		: 4
initial apicid	: 4
fpu		: yes
fpu_exception	: yes
cpuid level	: 11
wp		: yes
flags		: fpu vme de pse tsc msr pae mce cx8 apic sep mtrr pge mca cmov pat pse36 clflush dts acpi mmx fxsr sse sse2 ss ht tm pbe syscall nx rdtscp lm constant_tsc arch_perfmon pebs bts rep_good nopl xtopology nonstop_tsc aperfmperf pni dtes64 monitor ds_cpl vmx est tm2 ssse3 cx16 xtpr pdcm pcid sse4_1 sse4_2 popcnt lahf_lm arat dtherm tpr_shadow vnmi flexpriority ept vpid
bogomips	: 4788.11
clflush size	: 64
cache_alignment	: 64
address sizes	: 36 bits physical, 48 bits virtual
power management:

processor	: 3
vendor_id	: GenuineIntel
cpu family	: 6
model		: 37
model name	: Intel(R) Core(TM) i3 CPU       M 370  @ 2.40GHz
stepping	: 5
microcode	: 0x2
cpu MHz		: 2399.000
cache size	: 3072 KB
physical id	: 0
siblings	: 4
core id		: 2
cpu cores	: 2
apicid		: 5
initial apicid	: 5
fpu		: yes
fpu_exception	: yes
cpuid level	: 11
wp		: yes
flags		: fpu vme de pse tsc msr pae mce cx8 apic sep mtrr pge mca cmov pat pse36 clflush dts acpi mmx fxsr sse sse2 ss ht tm pbe syscall nx rdtscp lm constant_tsc arch_perfmon pebs bts rep_good nopl xtopology nonstop_tsc aperfmperf pni dtes64 monitor ds_cpl vmx est tm2 ssse3 cx16 xtpr pdcm pcid sse4_1 sse4_2 popcnt lahf_lm arat dtherm tpr_shadow vnmi flexpriority ept vpid
bogomips	: 4788.11
clflush size	: 64
cache_alignment	: 64
address sizes	: 36 bits physical, 48 bits virtual
power management:



Memory: 4k page, physical 5905412k(128444k free), swap 0k(0k free)

vm_info: Java HotSpot(TM) 64-Bit Server VM (24.76-b04) for linux-amd64 JRE (1.7.0_76-b13), built on Dec 18 2014 16:58:39 by "java_re" with gcc 4.3.0 20080428 (Red Hat 4.3.0-8)

time: Wed Feb 11 21:03:05 2015
elapsed time: 4 seconds

