#
# There is insufficient memory for the Java Runtime Environment to continue.
# Native memory allocation (malloc) failed to allocate 18874368 bytes for committing reserved memory.
# Possible reasons:
#   The system is out of physical RAM or swap space
#   In 32 bit mode, the process size limit was hit
# Possible solutions:
#   Reduce memory load on the system
#   Increase physical memory or swap space
#   Check if swap backing store is full
#   Use 64 bit Java on a 64 bit OS
#   Decrease Java heap size (-Xmx/-Xms)
#   Decrease number of Java threads
#   Decrease Java thread stack sizes (-Xss)
#   Set larger code cache with -XX:ReservedCodeCacheSize=
# This output file may be truncated or incomplete.
#
#  Out of Memory Error (os_linux.cpp:2756), pid=18449, tid=139792957994752
#
# JRE version: Java(TM) SE Runtime Environment (7.0_76-b13) (build 1.7.0_76-b13)
# Java VM: Java HotSpot(TM) 64-Bit Server VM (24.76-b04 mixed mode linux-amd64 compressed oops)
# Failed to write core dump. Core dumps have been disabled. To enable core dumping, try "ulimit -c unlimited" before starting Java again
#

---------------  T H R E A D  ---------------

Current thread (0x00007f241c130800):  VMThread [stack: 0x00007f24158a7000,0x00007f24159a8000] [id=18462]

Stack: [0x00007f24158a7000,0x00007f24159a8000],  sp=0x00007f24159a60c0,  free space=1020k
Native frames: (J=compiled Java code, j=interpreted, Vv=VM code, C=native code)
V  [libjvm.so+0x9a32ba]  VMError::report_and_die()+0x2ea
V  [libjvm.so+0x497f7b]  report_vm_out_of_memory(char const*, int, unsigned long, char const*)+0x9b
V  [libjvm.so+0x81fcce]  os::Linux::commit_memory_impl(char*, unsigned long, bool)+0xfe
V  [libjvm.so+0x820219]  os::pd_commit_memory(char*, unsigned long, unsigned long, bool)+0x29
V  [libjvm.so+0x819faa]  os::commit_memory(char*, unsigned long, unsigned long, bool)+0x2a
V  [libjvm.so+0x88d843]  PSVirtualSpace::expand_by(unsigned long)+0x53
V  [libjvm.so+0x88ec18]  PSYoungGen::resize_generation(unsigned long, unsigned long)+0xf8
V  [libjvm.so+0x88dd82]  PSYoungGen::resize(unsigned long, unsigned long)+0x22
V  [libjvm.so+0x88b13d]  PSScavenge::invoke_no_policy()+0xf3d
V  [libjvm.so+0x88b981]  PSScavenge::invoke()+0x41
V  [libjvm.so+0x842300]  ParallelScavengeHeap::failed_mem_allocate(unsigned long)+0x70
V  [libjvm.so+0x9a4b47]  VM_ParallelGCFailedAllocation::doit()+0x97
V  [libjvm.so+0x9abfe5]  VM_Operation::evaluate()+0x55
V  [libjvm.so+0x9aa3aa]  VMThread::evaluate_operation(VM_Operation*)+0xba
V  [libjvm.so+0x9aa72e]  VMThread::loop()+0x1ce
V  [libjvm.so+0x9aaba0]  VMThread::run()+0x70
V  [libjvm.so+0x821ca8]  java_start(Thread*)+0x108

VM_Operation (0x00007f24236181d0): ParallelGCFailedAllocation, mode: safepoint, requested by thread 0x00007f241c00a000


---------------  P R O C E S S  ---------------

Java Threads: ( => current thread )
  0x00007f241c15f800 JavaThread "Service Thread" daemon [_thread_blocked, id=18468, stack(0x00007f2414a8e000,0x00007f2414b8f000)]
  0x00007f241c15d000 JavaThread "C2 CompilerThread1" daemon [_thread_in_native, id=18467, stack(0x00007f2414b8f000,0x00007f2414c90000)]
  0x00007f241c15a000 JavaThread "C2 CompilerThread0" daemon [_thread_in_native, id=18466, stack(0x00007f2414c90000,0x00007f2414d91000)]
  0x00007f241c158000 JavaThread "Signal Dispatcher" daemon [_thread_blocked, id=18465, stack(0x00007f2414d91000,0x00007f2414e92000)]
  0x00007f241c137000 JavaThread "Finalizer" daemon [_thread_blocked, id=18464, stack(0x00007f24156a5000,0x00007f24157a6000)]
  0x00007f241c135000 JavaThread "Reference Handler" daemon [_thread_blocked, id=18463, stack(0x00007f24157a6000,0x00007f24158a7000)]
  0x00007f241c00a000 JavaThread "main" [_thread_blocked, id=18457, stack(0x00007f2423519000,0x00007f242361a000)]

Other Threads:
=>0x00007f241c130800 VMThread [stack: 0x00007f24158a7000,0x00007f24159a8000] [id=18462]
  0x00007f241c16a000 WatcherThread [stack: 0x00007f241498d000,0x00007f2414a8e000] [id=18469]

VM state:at safepoint (normal execution)

VM Mutex/Monitor currently owned by a thread:  ([mutex/lock_event])
[0x00007f241c006330] Threads_lock - owner thread: 0x00007f241c130800
[0x00007f241c006830] Heap_lock - owner thread: 0x00007f241c00a000

Heap
 PSYoungGen      total 27136K, used 3555K [0x00000000eaa80000, 0x00000000edf80000, 0x0000000100000000)
  eden space 23552K, 0% used [0x00000000eaa80000,0x00000000eaa80000,0x00000000ec180000)
  from space 3584K, 99% used [0x00000000ec180000,0x00000000ec4f8ce0,0x00000000ec500000)
  to   space 3584K, 0% used [0x00000000edc00000,0x00000000edc00000,0x00000000edf80000)
 ParOldGen       total 61440K, used 24406K [0x00000000c0000000, 0x00000000c3c00000, 0x00000000eaa80000)
  object space 61440K, 39% used [0x00000000c0000000,0x00000000c17d5940,0x00000000c3c00000)
 PSPermGen       total 21504K, used 7120K [0x00000000bae00000, 0x00000000bc300000, 0x00000000c0000000)
  object space 21504K, 33% used [0x00000000bae00000,0x00000000bb4f4158,0x00000000bc300000)

Card table byte_map: [0x00007f24205db000,0x00007f2420805000] byte_map_base: 0x00007f2420004000

Polling page: 0x00007f242363a000

Code Cache  [0x00007f2419000000, 0x00007f2419270000, 0x00007f241c000000)
 total_blobs=926 nmethods=677 adapters=203 free_code_cache=46911Kb largest_free_block=47997632

Compilation events (10 events):
Event: 29.453 Thread 0x00007f241c15d000 nmethod 681 0x00007f2419221290 code [0x00007f24192213c0, 0x00007f2419221418]
Event: 29.453 Thread 0x00007f241c15a000 nmethod 680 0x00007f24191016d0 code [0x00007f2419101820, 0x00007f24191018b8]
Event: 29.453 Thread 0x00007f241c15d000  682             com.android.dx.merge.DexMerger$1::write (9 bytes)
Event: 29.453 Thread 0x00007f241c15a000  683             com.android.dx.merge.DexMerger$1::write (51 bytes)
Event: 29.480 Thread 0x00007f241c15d000 nmethod 682 0x00007f2419238810 code [0x00007f2419238a20, 0x00007f24192390b0]
Event: 29.480 Thread 0x00007f241c15a000 nmethod 683 0x00007f2419237490 code [0x00007f24192376a0, 0x00007f2419237d30]
Event: 29.480 Thread 0x00007f241c15d000  684             com.android.dex.Mutf8::encode (19 bytes)
Event: 29.480 Thread 0x00007f241c15a000  685   !         com.android.dex.Dex$Section::readString (172 bytes)
Event: 29.482 Thread 0x00007f241c15d000 nmethod 684 0x00007f2419101350 code [0x00007f24191014a0, 0x00007f24191015b8]
Event: 29.482 Thread 0x00007f241c15d000  686             com.android.dex.Dex$Section::write (10 bytes)

GC Heap History (9 events):
Event: 3.463 GC heap before
{Heap before GC invocations=1 (full 0):
 PSYoungGen      total 27136K, used 23552K [0x00000000eaa80000, 0x00000000ec880000, 0x0000000100000000)
  eden space 23552K, 100% used [0x00000000eaa80000,0x00000000ec180000,0x00000000ec180000)
  from space 3584K, 0% used [0x00000000ec500000,0x00000000ec500000,0x00000000ec880000)
  to   space 3584K, 0% used [0x00000000ec180000,0x00000000ec180000,0x00000000ec500000)
 ParOldGen       total 61440K, used 0K [0x00000000c0000000, 0x00000000c3c00000, 0x00000000eaa80000)
  object space 61440K, 0% used [0x00000000c0000000,0x00000000c0000000,0x00000000c3c00000)
 PSPermGen       total 21504K, used 4966K [0x00000000bae00000, 0x00000000bc300000, 0x00000000c0000000)
  object space 21504K, 23% used [0x00000000bae00000,0x00000000bb2d9a18,0x00000000bc300000)
Event: 3.506 GC heap after
Heap after GC invocations=1 (full 0):
 PSYoungGen      total 27136K, used 3553K [0x00000000eaa80000, 0x00000000ec880000, 0x0000000100000000)
  eden space 23552K, 0% used [0x00000000eaa80000,0x00000000eaa80000,0x00000000ec180000)
  from space 3584K, 99% used [0x00000000ec180000,0x00000000ec4f8690,0x00000000ec500000)
  to   space 3584K, 0% used [0x00000000ec500000,0x00000000ec500000,0x00000000ec880000)
 ParOldGen       total 61440K, used 2031K [0x00000000c0000000, 0x00000000c3c00000, 0x00000000eaa80000)
  object space 61440K, 3% used [0x00000000c0000000,0x00000000c01fbd70,0x00000000c3c00000)
 PSPermGen       total 21504K, used 4966K [0x00000000bae00000, 0x00000000bc300000, 0x00000000c0000000)
  object space 21504K, 23% used [0x00000000bae00000,0x00000000bb2d9a18,0x00000000bc300000)
}
Event: 7.545 GC heap before
{Heap before GC invocations=2 (full 0):
 PSYoungGen      total 27136K, used 27105K [0x00000000eaa80000, 0x00000000ec880000, 0x0000000100000000)
  eden space 23552K, 100% used [0x00000000eaa80000,0x00000000ec180000,0x00000000ec180000)
  from space 3584K, 99% used [0x00000000ec180000,0x00000000ec4f8690,0x00000000ec500000)
  to   space 3584K, 0% used [0x00000000ec500000,0x00000000ec500000,0x00000000ec880000)
 ParOldGen       total 61440K, used 2031K [0x00000000c0000000, 0x00000000c3c00000, 0x00000000eaa80000)
  object space 61440K, 3% used [0x00000000c0000000,0x00000000c01fbd70,0x00000000c3c00000)
 PSPermGen       total 21504K, used 5088K [0x00000000bae00000, 0x00000000bc300000, 0x00000000c0000000)
  object space 21504K, 23% used [0x00000000bae00000,0x00000000bb2f8220,0x00000000bc300000)
Event: 7.633 GC heap after
Heap after GC invocations=2 (full 0):
 PSYoungGen      total 27136K, used 3553K [0x00000000eaa80000, 0x00000000edf80000, 0x0000000100000000)
  eden space 23552K, 0% used [0x00000000eaa80000,0x00000000eaa80000,0x00000000ec180000)
  from space 3584K, 99% used [0x00000000ec500000,0x00000000ec878680,0x00000000ec880000)
  to   space 3584K, 0% used [0x00000000ec180000,0x00000000ec180000,0x00000000ec500000)
 ParOldGen       total 61440K, used 5763K [0x00000000c0000000, 0x00000000c3c00000, 0x00000000eaa80000)
  object space 61440K, 9% used [0x00000000c0000000,0x00000000c05a0fb0,0x00000000c3c00000)
 PSPermGen       total 21504K, used 5088K [0x00000000bae00000, 0x00000000bc300000, 0x00000000c0000000)
  object space 21504K, 23% used [0x00000000bae00000,0x00000000bb2f8220,0x00000000bc300000)
}
Event: 19.447 GC heap before
{Heap before GC invocations=3 (full 0):
 PSYoungGen      total 27136K, used 26976K [0x00000000eaa80000, 0x00000000edf80000, 0x0000000100000000)
  eden space 23552K, 99% used [0x00000000eaa80000,0x00000000ec15fbd0,0x00000000ec180000)
  from space 3584K, 99% used [0x00000000ec500000,0x00000000ec878680,0x00000000ec880000)
  to   space 3584K, 0% used [0x00000000ec180000,0x00000000ec180000,0x00000000ec500000)
 ParOldGen       total 61440K, used 5763K [0x00000000c0000000, 0x00000000c3c00000, 0x00000000eaa80000)
  object space 61440K, 9% used [0x00000000c0000000,0x00000000c05a0fb0,0x00000000c3c00000)
 PSPermGen       total 21504K, used 5492K [0x00000000bae00000, 0x00000000bc300000, 0x00000000c0000000)
  object space 21504K, 25% used [0x00000000bae00000,0x00000000bb35d138,0x00000000bc300000)
Event: 19.583 GC heap after
Heap after GC invocations=3 (full 0):
 PSYoungGen      total 27136K, used 3569K [0x00000000eaa80000, 0x00000000edf80000, 0x0000000100000000)
  eden space 23552K, 0% used [0x00000000eaa80000,0x00000000eaa80000,0x00000000ec180000)
  from space 3584K, 99% used [0x00000000ec180000,0x00000000ec4fc670,0x00000000ec500000)
  to   space 3584K, 0% used [0x00000000edc00000,0x00000000edc00000,0x00000000edf80000)
 ParOldGen       total 61440K, used 10536K [0x00000000c0000000, 0x00000000c3c00000, 0x00000000eaa80000)
  object space 61440K, 17% used [0x00000000c0000000,0x00000000c0a4a190,0x00000000c3c00000)
 PSPermGen       total 21504K, used 5492K [0x00000000bae00000, 0x00000000bc300000, 0x00000000c0000000)
  object space 21504K, 25% used [0x00000000bae00000,0x00000000bb35d138,0x00000000bc300000)
}
Event: 25.441 GC heap before
{Heap before GC invocations=4 (full 0):
 PSYoungGen      total 27136K, used 27121K [0x00000000eaa80000, 0x00000000edf80000, 0x0000000100000000)
  eden space 23552K, 100% used [0x00000000eaa80000,0x00000000ec180000,0x00000000ec180000)
  from space 3584K, 99% used [0x00000000ec180000,0x00000000ec4fc670,0x00000000ec500000)
  to   space 3584K, 0% used [0x00000000edc00000,0x00000000edc00000,0x00000000edf80000)
 ParOldGen       total 61440K, used 10536K [0x00000000c0000000, 0x00000000c3c00000, 0x00000000eaa80000)
  object space 61440K, 17% used [0x00000000c0000000,0x00000000c0a4a190,0x00000000c3c00000)
 PSPermGen       total 21504K, used 6421K [0x00000000bae00000, 0x00000000bc300000, 0x00000000c0000000)
  object space 21504K, 29% used [0x00000000bae00000,0x00000000bb445470,0x00000000bc300000)
Event: 25.633 GC heap after
Heap after GC invocations=4 (full 0):
 PSYoungGen      total 27136K, used 3569K [0x00000000eaa80000, 0x00000000edf80000, 0x0000000100000000)
  eden space 23552K, 0% used [0x00000000eaa80000,0x00000000eaa80000,0x00000000ec180000)
  from space 3584K, 99% used [0x00000000edc00000,0x00000000edf7c670,0x00000000edf80000)
  to   space 3584K, 0% used [0x00000000ec180000,0x00000000ec180000,0x00000000ec500000)
 ParOldGen       total 61440K, used 17374K [0x00000000c0000000, 0x00000000c3c00000, 0x00000000eaa80000)
  object space 61440K, 28% used [0x00000000c0000000,0x00000000c10f7b58,0x00000000c3c00000)
 PSPermGen       total 21504K, used 6421K [0x00000000bae00000, 0x00000000bc300000, 0x00000000c0000000)
  object space 21504K, 29% used [0x00000000bae00000,0x00000000bb445470,0x00000000bc300000)
}
Event: 29.703 GC heap before
{Heap before GC invocations=5 (full 0):
 PSYoungGen      total 27136K, used 27121K [0x00000000eaa80000, 0x00000000edf80000, 0x0000000100000000)
  eden space 23552K, 100% used [0x00000000eaa80000,0x00000000ec180000,0x00000000ec180000)
  from space 3584K, 99% used [0x00000000edc00000,0x00000000edf7c670,0x00000000edf80000)
  to   space 3584K, 0% used [0x00000000ec180000,0x00000000ec180000,0x00000000ec500000)
 ParOldGen       total 61440K, used 17374K [0x00000000c0000000, 0x00000000c3c00000, 0x00000000eaa80000)
  object space 61440K, 28% used [0x00000000c0000000,0x00000000c10f7b58,0x00000000c3c00000)
 PSPermGen       total 21504K, used 7120K [0x00000000bae00000, 0x00000000bc300000, 0x00000000c0000000)
  object space 21504K, 33% used [0x00000000bae00000,0x00000000bb4f4158,0x00000000bc300000)

Deoptimization events (10 events):
Event: 24.163 Thread 0x00007f241c00a000 Uncommon trap: reason=class_check action=maybe_recompile pc=0x00007f24190beb08 method=java.util.HashMap.put(Ljava/lang/Object;Ljava/lang/Object;)Ljava/lang/Object; @ 137
Event: 24.163 Thread 0x00007f241c00a000 Uncommon trap: reason=class_check action=maybe_recompile pc=0x00007f24190beb08 method=java.util.HashMap.put(Ljava/lang/Object;Ljava/lang/Object;)Ljava/lang/Object; @ 137
Event: 24.163 Thread 0x00007f241c00a000 Uncommon trap: reason=class_check action=maybe_recompile pc=0x00007f24190beb08 method=java.util.HashMap.put(Ljava/lang/Object;Ljava/lang/Object;)Ljava/lang/Object; @ 137
Event: 24.164 Thread 0x00007f241c00a000 Uncommon trap: reason=class_check action=maybe_recompile pc=0x00007f24190cc864 method=java.util.HashMap.<init>(IF)V @ 115
Event: 27.781 Thread 0x00007f241c00a000 Uncommon trap: reason=class_check action=maybe_recompile pc=0x00007f24190ceaf8 method=java.util.HashMap.<init>(IF)V @ 115
Event: 27.784 Thread 0x00007f241c00a000 Uncommon trap: reason=class_check action=maybe_recompile pc=0x00007f24190cc864 method=java.util.HashMap.<init>(IF)V @ 115
Event: 27.841 Thread 0x00007f241c00a000 Uncommon trap: reason=class_check action=maybe_recompile pc=0x00007f24190b6f60 method=java.util.ArrayList.<init>(Ljava/util/Collection;)V @ 6
Event: 28.201 Thread 0x00007f241c00a000 Uncommon trap: reason=class_check action=maybe_recompile pc=0x00007f24190ceaf8 method=java.util.HashMap.<init>(IF)V @ 115
Event: 28.201 Thread 0x00007f241c00a000 Uncommon trap: reason=class_check action=maybe_recompile pc=0x00007f24190b6f60 method=java.util.ArrayList.<init>(Ljava/util/Collection;)V @ 6
Event: 28.583 Thread 0x00007f241c00a000 Uncommon trap: reason=predicate action=maybe_recompile pc=0x00007f2419217084 method=com.android.dex.Leb128.readUnsignedLeb128(Lcom/android/dex/util/ByteInput;)I @ 41

Internal exceptions (10 events):
Event: 26.054 Thread 0x00007f241c00a000 Threw 0x00000000eaae0f60 at /HUDSON/workspace/7u-2-build-linux-amd64/jdk7u76/1941/hotspot/src/share/vm/prims/jvm.cpp:1304
Event: 26.055 Thread 0x00007f241c00a000 Threw 0x00000000eaae3e60 at /HUDSON/workspace/7u-2-build-linux-amd64/jdk7u76/1941/hotspot/src/share/vm/prims/jvm.cpp:1304
Event: 26.056 Thread 0x00007f241c00a000 Threw 0x00000000eaae7178 at /HUDSON/workspace/7u-2-build-linux-amd64/jdk7u76/1941/hotspot/src/share/vm/prims/jvm.cpp:1304
Event: 26.129 Thread 0x00007f241c00a000 Threw 0x00000000eaaee180 at /HUDSON/workspace/7u-2-build-linux-amd64/jdk7u76/1941/hotspot/src/share/vm/prims/jvm.cpp:1304
Event: 26.158 Thread 0x00007f241c00a000 Threw 0x00000000eaaf0200 at /HUDSON/workspace/7u-2-build-linux-amd64/jdk7u76/1941/hotspot/src/share/vm/prims/jvm.cpp:1304
Event: 27.810 Thread 0x00007f241c00a000 Threw 0x00000000eac99730 at /HUDSON/workspace/7u-2-build-linux-amd64/jdk7u76/1941/hotspot/src/share/vm/prims/jvm.cpp:1304
Event: 27.810 Thread 0x00007f241c00a000 Threw 0x00000000eac99858 at /HUDSON/workspace/7u-2-build-linux-amd64/jdk7u76/1941/hotspot/src/share/vm/prims/jvm.cpp:1304
Event: 27.811 Thread 0x00007f241c00a000 Threw 0x00000000eac9bbc8 at /HUDSON/workspace/7u-2-build-linux-amd64/jdk7u76/1941/hotspot/src/share/vm/prims/jvm.cpp:1304
Event: 27.811 Thread 0x00007f241c00a000 Threw 0x00000000eac9bcf0 at /HUDSON/workspace/7u-2-build-linux-amd64/jdk7u76/1941/hotspot/src/share/vm/prims/jvm.cpp:1304
Event: 29.332 Thread 0x00007f241c00a000 Threw 0x00000000eb99e090 at /HUDSON/workspace/7u-2-build-linux-amd64/jdk7u76/1941/hotspot/src/share/vm/prims/jvm.cpp:1304

Events (10 events):
Event: 28.385 loading class 0x00007f23e8340c50 done
Event: 28.385 loading class 0x00007f23e8341bc0
Event: 28.385 loading class 0x00007f23e8341bc0 done
Event: 28.566 Thread 0x00007f241c00a000 Uncommon trap: trap_request=0xffffff86 fr.pc=0x00007f2419217084
Event: 28.583 Thread 0x00007f241c00a000 DEOPT PACKING pc=0x00007f2419217084 sp=0x00007f2423618190
Event: 28.593 Thread 0x00007f241c00a000 DEOPT UNPACKING pc=0x00007f2419039045 sp=0x00007f2423618158 mode 2
Event: 29.139 Thread 0x00007f241c15d000 flushing nmethod 0x00007f24190ff550
Event: 29.332 loading class 0x00007f241c012ff0
Event: 29.332 loading class 0x00007f241c012ff0 done
Event: 29.671 Executing VM operation: ParallelGCFailedAllocation


Dynamic libraries:
00400000-00401000 r-xp 00000000 08:01 3818624                            /usr/lib/jvm/java-7-oracle/jre/bin/java
00600000-00601000 rw-p 00000000 08:01 3818624                            /usr/lib/jvm/java-7-oracle/jre/bin/java
007fc000-0081d000 rw-p 00000000 00:00 0                                  [heap]
bae00000-bc300000 rw-p 00000000 00:00 0 
bc300000-c0000000 rw-p 00000000 00:00 0 
c0000000-c3c00000 rw-p 00000000 00:00 0 
c3c00000-eaa80000 rw-p 00000000 00:00 0 
eaa80000-edf80000 rw-p 00000000 00:00 0 
ef180000-100000000 rw-p 00000000 00:00 0 
7f23e0000000-7f23e0021000 rw-p 00000000 00:00 0 
7f23e0021000-7f23e4000000 ---p 00000000 00:00 0 
7f23e8000000-7f23e8e8b000 rw-p 00000000 00:00 0 
7f23e8e8b000-7f23ec000000 ---p 00000000 00:00 0 
7f23ec000000-7f23ec021000 rw-p 00000000 00:00 0 
7f23ec021000-7f23f0000000 ---p 00000000 00:00 0 
7f23f0000000-7f23f0021000 rw-p 00000000 00:00 0 
7f23f0021000-7f23f4000000 ---p 00000000 00:00 0 
7f23f4000000-7f23f51b1000 rw-p 00000000 00:00 0 
7f23f51b1000-7f23f8000000 ---p 00000000 00:00 0 
7f23f8000000-7f23f8021000 rw-p 00000000 00:00 0 
7f23f8021000-7f23fc000000 ---p 00000000 00:00 0 
7f23fc000000-7f23fc021000 rw-p 00000000 00:00 0 
7f23fc021000-7f2400000000 ---p 00000000 00:00 0 
7f2400000000-7f2400021000 rw-p 00000000 00:00 0 
7f2400021000-7f2404000000 ---p 00000000 00:00 0 
7f2404000000-7f2404251000 rw-p 00000000 00:00 0 
7f2404251000-7f2408000000 ---p 00000000 00:00 0 
7f2408000000-7f2408021000 rw-p 00000000 00:00 0 
7f2408021000-7f240c000000 ---p 00000000 00:00 0 
7f240c000000-7f240c021000 rw-p 00000000 00:00 0 
7f240c021000-7f2410000000 ---p 00000000 00:00 0 
7f2410000000-7f2410021000 rw-p 00000000 00:00 0 
7f2410021000-7f2414000000 ---p 00000000 00:00 0 
7f241453f000-7f2414565000 r--p 00000000 08:01 4460467                    /usr/share/locale-langpack/ko/LC_MESSAGES/libc.mo
7f2414565000-7f241457b000 r-xp 00000000 08:01 3818469                    /usr/lib/jvm/java-7-oracle/jre/lib/amd64/libnet.so
7f241457b000-7f241477b000 ---p 00016000 08:01 3818469                    /usr/lib/jvm/java-7-oracle/jre/lib/amd64/libnet.so
7f241477b000-7f241477c000 rw-p 00016000 08:01 3818469                    /usr/lib/jvm/java-7-oracle/jre/lib/amd64/libnet.so
7f241477c000-7f241478c000 r-xp 00000000 08:01 3815879                    /usr/lib/jvm/java-7-oracle/jre/lib/amd64/libnio.so
7f241478c000-7f241498c000 ---p 00010000 08:01 3815879                    /usr/lib/jvm/java-7-oracle/jre/lib/amd64/libnio.so
7f241498c000-7f241498d000 rw-p 00010000 08:01 3815879                    /usr/lib/jvm/java-7-oracle/jre/lib/amd64/libnio.so
7f241498d000-7f241498e000 ---p 00000000 00:00 0 
7f241498e000-7f2414a8e000 rw-p 00000000 00:00 0                          [stack:18469]
7f2414a8e000-7f2414a91000 ---p 00000000 00:00 0 
7f2414a91000-7f2414b8f000 rw-p 00000000 00:00 0                          [stack:18468]
7f2414b8f000-7f2414b92000 ---p 00000000 00:00 0 
7f2414b92000-7f2414c90000 rw-p 00000000 00:00 0                          [stack:18467]
7f2414c90000-7f2414c93000 ---p 00000000 00:00 0 
7f2414c93000-7f2414d91000 rw-p 00000000 00:00 0                          [stack:18466]
7f2414d91000-7f2414d94000 ---p 00000000 00:00 0 
7f2414d94000-7f2414e92000 rw-p 00000000 00:00 0                          [stack:18465]
7f2414e92000-7f24156a5000 r--p 00000000 08:01 3808254                    /usr/lib/locale/locale-archive
7f24156a5000-7f24156a8000 ---p 00000000 00:00 0 
7f24156a8000-7f24157a6000 rw-p 00000000 00:00 0                          [stack:18464]
7f24157a6000-7f24157a9000 ---p 00000000 00:00 0 
7f24157a9000-7f24158a7000 rw-p 00000000 00:00 0                          [stack:18463]
7f24158a7000-7f24158a8000 ---p 00000000 00:00 0 
7f24158a8000-7f24168b7000 rw-p 00000000 00:00 0                          [stack:18462]
7f24168b7000-7f2416a76000 r--s 039f0000 08:01 3815342                    /usr/lib/jvm/java-7-oracle/jre/lib/rt.jar
7f2416a76000-7f2419000000 rw-p 00000000 00:00 0 
7f2419000000-7f2419270000 rwxp 00000000 00:00 0 
7f2419270000-7f241c2f2000 rw-p 00000000 00:00 0 
7f241c2f2000-7f2420000000 ---p 00000000 00:00 0 
7f2420006000-7f242000d000 r--s 00000000 08:01 4075464                    /usr/lib/x86_64-linux-gnu/gconv/gconv-modules.cache
7f242000d000-7f2420058000 rw-p 00000000 00:00 0 
7f2420058000-7f2420059000 ---p 00000000 00:00 0 
7f2420059000-7f2420159000 rw-p 00000000 00:00 0                          [stack:18461]
7f2420159000-7f242015a000 ---p 00000000 00:00 0 
7f242015a000-7f242025a000 rw-p 00000000 00:00 0                          [stack:18460]
7f242025a000-7f242025b000 ---p 00000000 00:00 0 
7f242025b000-7f242035b000 rw-p 00000000 00:00 0                          [stack:18459]
7f242035b000-7f242035c000 ---p 00000000 00:00 0 
7f242035c000-7f2420467000 rw-p 00000000 00:00 0                          [stack:18458]
7f2420467000-7f2420485000 rw-p 00000000 00:00 0 
7f2420485000-7f24204a3000 rw-p 00000000 00:00 0 
7f24204a3000-7f24205db000 rw-p 00000000 00:00 0 
7f24205db000-7f24205e6000 rw-p 00000000 00:00 0 
7f24205e6000-7f2420604000 rw-p 00000000 00:00 0 
7f2420604000-7f2420622000 rw-p 00000000 00:00 0 
7f2420622000-7f2420759000 rw-p 00000000 00:00 0 
7f2420759000-7f2420774000 rw-p 00000000 00:00 0 
7f2420774000-7f2420804000 rw-p 00000000 00:00 0 
7f2420804000-7f2420805000 rw-p 00000000 00:00 0 
7f2420805000-7f242081f000 r-xp 00000000 08:01 3815891                    /usr/lib/jvm/java-7-oracle/jre/lib/amd64/libzip.so
7f242081f000-7f2420a1f000 ---p 0001a000 08:01 3815891                    /usr/lib/jvm/java-7-oracle/jre/lib/amd64/libzip.so
7f2420a1f000-7f2420a20000 rw-p 0001a000 08:01 3815891                    /usr/lib/jvm/java-7-oracle/jre/lib/amd64/libzip.so
7f2420a20000-7f2420a2b000 r-xp 00000000 08:01 4609338                    /lib/x86_64-linux-gnu/libnss_files-2.19.so
7f2420a2b000-7f2420c2a000 ---p 0000b000 08:01 4609338                    /lib/x86_64-linux-gnu/libnss_files-2.19.so
7f2420c2a000-7f2420c2b000 r--p 0000a000 08:01 4609338                    /lib/x86_64-linux-gnu/libnss_files-2.19.so
7f2420c2b000-7f2420c2c000 rw-p 0000b000 08:01 4609338                    /lib/x86_64-linux-gnu/libnss_files-2.19.so
7f2420c2c000-7f2420c37000 r-xp 00000000 08:01 4609358                    /lib/x86_64-linux-gnu/libnss_nis-2.19.so
7f2420c37000-7f2420e36000 ---p 0000b000 08:01 4609358                    /lib/x86_64-linux-gnu/libnss_nis-2.19.so
7f2420e36000-7f2420e37000 r--p 0000a000 08:01 4609358                    /lib/x86_64-linux-gnu/libnss_nis-2.19.so
7f2420e37000-7f2420e38000 rw-p 0000b000 08:01 4609358                    /lib/x86_64-linux-gnu/libnss_nis-2.19.so
7f2420e38000-7f2420e4f000 r-xp 00000000 08:01 4609347                    /lib/x86_64-linux-gnu/libnsl-2.19.so
7f2420e4f000-7f242104e000 ---p 00017000 08:01 4609347                    /lib/x86_64-linux-gnu/libnsl-2.19.so
7f242104e000-7f242104f000 r--p 00016000 08:01 4609347                    /lib/x86_64-linux-gnu/libnsl-2.19.so
7f242104f000-7f2421050000 rw-p 00017000 08:01 4609347                    /lib/x86_64-linux-gnu/libnsl-2.19.so
7f2421050000-7f2421052000 rw-p 00000000 00:00 0 
7f2421052000-7f242105b000 r-xp 00000000 08:01 4609346                    /lib/x86_64-linux-gnu/libnss_compat-2.19.so
7f242105b000-7f242125a000 ---p 00009000 08:01 4609346                    /lib/x86_64-linux-gnu/libnss_compat-2.19.so
7f242125a000-7f242125b000 r--p 00008000 08:01 4609346                    /lib/x86_64-linux-gnu/libnss_compat-2.19.so
7f242125b000-7f242125c000 rw-p 00009000 08:01 4609346                    /lib/x86_64-linux-gnu/libnss_compat-2.19.so
7f242125c000-7f2421285000 r-xp 00000000 08:01 3815892                    /usr/lib/jvm/java-7-oracle/jre/lib/amd64/libjava.so
7f2421285000-7f2421485000 ---p 00029000 08:01 3815892                    /usr/lib/jvm/java-7-oracle/jre/lib/amd64/libjava.so
7f2421485000-7f2421487000 rw-p 00029000 08:01 3815892                    /usr/lib/jvm/java-7-oracle/jre/lib/amd64/libjava.so
7f2421487000-7f2421494000 r-xp 00000000 08:01 3815883                    /usr/lib/jvm/java-7-oracle/jre/lib/amd64/libverify.so
7f2421494000-7f2421693000 ---p 0000d000 08:01 3815883                    /usr/lib/jvm/java-7-oracle/jre/lib/amd64/libverify.so
7f2421693000-7f2421695000 rw-p 0000c000 08:01 3815883                    /usr/lib/jvm/java-7-oracle/jre/lib/amd64/libverify.so
7f2421695000-7f242169c000 r-xp 00000000 08:01 4609355                    /lib/x86_64-linux-gnu/librt-2.19.so
7f242169c000-7f242189b000 ---p 00007000 08:01 4609355                    /lib/x86_64-linux-gnu/librt-2.19.so
7f242189b000-7f242189c000 r--p 00006000 08:01 4609355                    /lib/x86_64-linux-gnu/librt-2.19.so
7f242189c000-7f242189d000 rw-p 00007000 08:01 4609355                    /lib/x86_64-linux-gnu/librt-2.19.so
7f242189d000-7f24219a2000 r-xp 00000000 08:01 4594610                    /lib/x86_64-linux-gnu/libm-2.19.so
7f24219a2000-7f2421ba1000 ---p 00105000 08:01 4594610                    /lib/x86_64-linux-gnu/libm-2.19.so
7f2421ba1000-7f2421ba2000 r--p 00104000 08:01 4594610                    /lib/x86_64-linux-gnu/libm-2.19.so
7f2421ba2000-7f2421ba3000 rw-p 00105000 08:01 4594610                    /lib/x86_64-linux-gnu/libm-2.19.so
7f2421ba3000-7f2422718000 r-xp 00000000 08:01 3818475                    /usr/lib/jvm/java-7-oracle/jre/lib/amd64/server/libjvm.so
7f2422718000-7f2422918000 ---p 00b75000 08:01 3818475                    /usr/lib/jvm/java-7-oracle/jre/lib/amd64/server/libjvm.so
7f2422918000-7f24229dc000 rw-p 00b75000 08:01 3818475                    /usr/lib/jvm/java-7-oracle/jre/lib/amd64/server/libjvm.so
7f24229dc000-7f2422a1d000 rw-p 00000000 00:00 0 
7f2422a1d000-7f2422bd8000 r-xp 00000000 08:01 4609352                    /lib/x86_64-linux-gnu/libc-2.19.so
7f2422bd8000-7f2422dd7000 ---p 001bb000 08:01 4609352                    /lib/x86_64-linux-gnu/libc-2.19.so
7f2422dd7000-7f2422ddb000 r--p 001ba000 08:01 4609352                    /lib/x86_64-linux-gnu/libc-2.19.so
7f2422ddb000-7f2422ddd000 rw-p 001be000 08:01 4609352                    /lib/x86_64-linux-gnu/libc-2.19.so
7f2422ddd000-7f2422de2000 rw-p 00000000 00:00 0 
7f2422de2000-7f2422de5000 r-xp 00000000 08:01 4609341                    /lib/x86_64-linux-gnu/libdl-2.19.so
7f2422de5000-7f2422fe4000 ---p 00003000 08:01 4609341                    /lib/x86_64-linux-gnu/libdl-2.19.so
7f2422fe4000-7f2422fe5000 r--p 00002000 08:01 4609341                    /lib/x86_64-linux-gnu/libdl-2.19.so
7f2422fe5000-7f2422fe6000 rw-p 00003000 08:01 4609341                    /lib/x86_64-linux-gnu/libdl-2.19.so
7f2422fe6000-7f2422ffc000 r-xp 00000000 08:01 3815454                    /usr/lib/jvm/java-7-oracle/jre/lib/amd64/jli/libjli.so
7f2422ffc000-7f24231fc000 ---p 00016000 08:01 3815454                    /usr/lib/jvm/java-7-oracle/jre/lib/amd64/jli/libjli.so
7f24231fc000-7f24231fd000 rw-p 00016000 08:01 3815454                    /usr/lib/jvm/java-7-oracle/jre/lib/amd64/jli/libjli.so
7f24231fd000-7f2423216000 r-xp 00000000 08:01 4609353                    /lib/x86_64-linux-gnu/libpthread-2.19.so
7f2423216000-7f2423415000 ---p 00019000 08:01 4609353                    /lib/x86_64-linux-gnu/libpthread-2.19.so
7f2423415000-7f2423416000 r--p 00018000 08:01 4609353                    /lib/x86_64-linux-gnu/libpthread-2.19.so
7f2423416000-7f2423417000 rw-p 00019000 08:01 4609353                    /lib/x86_64-linux-gnu/libpthread-2.19.so
7f2423417000-7f242341b000 rw-p 00000000 00:00 0 
7f242341b000-7f242343e000 r-xp 00000000 08:01 4609349                    /lib/x86_64-linux-gnu/ld-2.19.so
7f242343e000-7f242343f000 rw-p 00000000 00:00 0 
7f242343f000-7f2423443000 r--s 000f7000 08:01 3818490                    /usr/lib/jvm/java-7-oracle/jre/lib/ext/localedata.jar
7f2423443000-7f2423463000 rw-p 00000000 00:00 0 
7f2423463000-7f2423519000 rw-p 00000000 00:00 0 
7f2423519000-7f242351c000 ---p 00000000 00:00 0 
7f242351c000-7f242361e000 rw-p 00000000 00:00 0                          [stack:18457]
7f242361e000-7f2423622000 r--s 0008b000 08:01 3818495                    /usr/lib/jvm/java-7-oracle/jre/lib/jsse.jar
7f2423622000-7f2423631000 r--s 000dd000 00:22 156718                     /home/johnny/Android/Sdk/build-tools/21.1.2/lib/dx.jar
7f2423631000-7f2423639000 rw-s 00000000 08:01 3285890                    /tmp/hsperfdata_johnny/18449
7f2423639000-7f242363a000 rw-p 00000000 00:00 0 
7f242363a000-7f242363b000 ---p 00000000 00:00 0 
7f242363b000-7f242363d000 rw-p 00000000 00:00 0 
7f242363d000-7f242363e000 r--p 00022000 08:01 4609349                    /lib/x86_64-linux-gnu/ld-2.19.so
7f242363e000-7f242363f000 rw-p 00023000 08:01 4609349                    /lib/x86_64-linux-gnu/ld-2.19.so
7f242363f000-7f2423640000 rw-p 00000000 00:00 0 
7fffa869f000-7fffa86c0000 rw-p 00000000 00:00 0                          [stack]
7fffa86cd000-7fffa86cf000 r-xp 00000000 00:00 0                          [vdso]
ffffffffff600000-ffffffffff601000 r-xp 00000000 00:00 0                  [vsyscall]

VM Arguments:
jvm_args: -Xmx1024M 
java_command: /home/johnny/Android/Sdk/build-tools/21.1.2/lib/dx.jar --dex --output /home/johnny/AndroidStudioProjects/FlagMon5/app/build/intermediates/dex/release --input-list=/home/johnny/AndroidStudioProjects/FlagMon5/app/build/intermediates/tmp/dex/release/inputList.txt
Launcher Type: SUN_STANDARD

Environment Variables:
CLASSPATH=/home/johnny/android-studio/bin/../lib/bootstrap.jar:/home/johnny/android-studio/bin/../lib/extensions.jar:/home/johnny/android-studio/bin/../lib/util.jar:/home/johnny/android-studio/bin/../lib/jdom.jar:/home/johnny/android-studio/bin/../lib/log4j.jar:/home/johnny/android-studio/bin/../lib/trove4j.jar:/home/johnny/android-studio/bin/../lib/jna.jar:/usr/lib/jvm/java-7-oracle/lib/tools.jar
PATH=/usr/local/sbin:/usr/local/bin:/usr/sbin:/usr/bin:/sbin:/bin:/usr/games:/usr/local/games
LD_LIBRARY_PATH=/home/johnny/android-studio/bin:
SHELL=/bin/bash
DISPLAY=:0

Signal Handlers:
SIGSEGV: [libjvm.so+0x9a3bd0], sa_mask[0]=0x7ffbfeff, sa_flags=0x10000004
SIGBUS: [libjvm.so+0x9a3bd0], sa_mask[0]=0x7ffbfeff, sa_flags=0x10000004
SIGFPE: [libjvm.so+0x81cb60], sa_mask[0]=0x7ffbfeff, sa_flags=0x10000004
SIGPIPE: [libjvm.so+0x81cb60], sa_mask[0]=0x7ffbfeff, sa_flags=0x10000004
SIGXFSZ: [libjvm.so+0x81cb60], sa_mask[0]=0x7ffbfeff, sa_flags=0x10000004
SIGILL: [libjvm.so+0x81cb60], sa_mask[0]=0x7ffbfeff, sa_flags=0x10000004
SIGUSR1: SIG_DFL, sa_mask[0]=0x00000000, sa_flags=0x00000000
SIGUSR2: [libjvm.so+0x81e360], sa_mask[0]=0x00000004, sa_flags=0x10000004
SIGHUP: [libjvm.so+0x81f480], sa_mask[0]=0x7ffbfeff, sa_flags=0x10000004
SIGINT: [libjvm.so+0x81f480], sa_mask[0]=0x7ffbfeff, sa_flags=0x10000004
SIGTERM: [libjvm.so+0x81f480], sa_mask[0]=0x7ffbfeff, sa_flags=0x10000004
SIGQUIT: [libjvm.so+0x81f480], sa_mask[0]=0x7ffbfeff, sa_flags=0x10000004


---------------  S Y S T E M  ---------------

OS:jessie/sid

uname:Linux 3.13.0-46-generic #77-Ubuntu SMP Mon Mar 2 18:23:39 UTC 2015 x86_64
libc:glibc 2.19 NPTL 2.19 
rlimit: STACK 8192k, CORE 0k, NPROC 45903, NOFILE 4096, AS infinity
load average:7.18 2.68 1.52

/proc/meminfo:
MemTotal:        5905412 kB
MemFree:           98172 kB
Buffers:             124 kB
Cached:          1197952 kB
SwapCached:            0 kB
Active:          4418900 kB
Inactive:        1159552 kB
Active(anon):    4418724 kB
Inactive(anon):  1150240 kB
Active(file):        176 kB
Inactive(file):     9312 kB
Unevictable:          32 kB
Mlocked:              32 kB
SwapTotal:             0 kB
SwapFree:              0 kB
Dirty:                 0 kB
Writeback:            28 kB
AnonPages:       4381228 kB
Mapped:           133616 kB
Shmem:           1187768 kB
Slab:             103900 kB
SReclaimable:      41504 kB
SUnreclaim:        62396 kB
KernelStack:        5648 kB
PageTables:        40568 kB
NFS_Unstable:          0 kB
Bounce:                0 kB
WritebackTmp:          0 kB
CommitLimit:     2952704 kB
Committed_AS:   10808148 kB
VmallocTotal:   34359738367 kB
VmallocUsed:      555948 kB
VmallocChunk:   34359173236 kB
HardwareCorrupted:     0 kB
AnonHugePages:   1617920 kB
HugePages_Total:       0
HugePages_Free:        0
HugePages_Rsvd:        0
HugePages_Surp:        0
Hugepagesize:       2048 kB
DirectMap4k:       84224 kB
DirectMap2M:     6000640 kB


CPU:total 4 (2 cores per cpu, 2 threads per core) family 6 model 37 stepping 5, cmov, cx8, fxsr, mmx, sse, sse2, sse3, ssse3, sse4.1, sse4.2, popcnt, ht, tsc, tscinvbit

/proc/cpuinfo:
processor	: 0
vendor_id	: GenuineIntel
cpu family	: 6
model		: 37
model name	: Intel(R) Core(TM) i3 CPU       M 370  @ 2.40GHz
stepping	: 5
microcode	: 0x2
cpu MHz		: 2399.000
cache size	: 3072 KB
physical id	: 0
siblings	: 4
core id		: 0
cpu cores	: 2
apicid		: 0
initial apicid	: 0
fpu		: yes
fpu_exception	: yes
cpuid level	: 11
wp		: yes
flags		: fpu vme de pse tsc msr pae mce cx8 apic sep mtrr pge mca cmov pat pse36 clflush dts acpi mmx fxsr sse sse2 ss ht tm pbe syscall nx rdtscp lm constant_tsc arch_perfmon pebs bts rep_good nopl xtopology nonstop_tsc aperfmperf pni dtes64 monitor ds_cpl vmx est tm2 ssse3 cx16 xtpr pdcm pcid sse4_1 sse4_2 popcnt lahf_lm arat dtherm tpr_shadow vnmi flexpriority ept vpid
bogomips	: 4787.59
clflush size	: 64
cache_alignment	: 64
address sizes	: 36 bits physical, 48 bits virtual
power management:

processor	: 1
vendor_id	: GenuineIntel
cpu family	: 6
model		: 37
model name	: Intel(R) Core(TM) i3 CPU       M 370  @ 2.40GHz
stepping	: 5
microcode	: 0x2
cpu MHz		: 2399.000
cache size	: 3072 KB
physical id	: 0
siblings	: 4
core id		: 0
cpu cores	: 2
apicid		: 1
initial apicid	: 1
fpu		: yes
fpu_exception	: yes
cpuid level	: 11
wp		: yes
flags		: fpu vme de pse tsc msr pae mce cx8 apic sep mtrr pge mca cmov pat pse36 clflush dts acpi mmx fxsr sse sse2 ss ht tm pbe syscall nx rdtscp lm constant_tsc arch_perfmon pebs bts rep_good nopl xtopology nonstop_tsc aperfmperf pni dtes64 monitor ds_cpl vmx est tm2 ssse3 cx16 xtpr pdcm pcid sse4_1 sse4_2 popcnt lahf_lm arat dtherm tpr_shadow vnmi flexpriority ept vpid
bogomips	: 4787.59
clflush size	: 64
cache_alignment	: 64
address sizes	: 36 bits physical, 48 bits virtual
power management:

processor	: 2
vendor_id	: GenuineIntel
cpu family	: 6
model		: 37
model name	: Intel(R) Core(TM) i3 CPU       M 370  @ 2.40GHz
stepping	: 5
microcode	: 0x2
cpu MHz		: 2399.000
cache size	: 3072 KB
physical id	: 0
siblings	: 4
core id		: 2
cpu cores	: 2
apicid		: 4
initial apicid	: 4
fpu		: yes
fpu_exception	: yes
cpuid level	: 11
wp		: yes
flags		: fpu vme de pse tsc msr pae mce cx8 apic sep mtrr pge mca cmov pat pse36 clflush dts acpi mmx fxsr sse sse2 ss ht tm pbe syscall nx rdtscp lm constant_tsc arch_perfmon pebs bts rep_good nopl xtopology nonstop_tsc aperfmperf pni dtes64 monitor ds_cpl vmx est tm2 ssse3 cx16 xtpr pdcm pcid sse4_1 sse4_2 popcnt lahf_lm arat dtherm tpr_shadow vnmi flexpriority ept vpid
bogomips	: 4787.59
clflush size	: 64
cache_alignment	: 64
address sizes	: 36 bits physical, 48 bits virtual
power management:

processor	: 3
vendor_id	: GenuineIntel
cpu family	: 6
model		: 37
model name	: Intel(R) Core(TM) i3 CPU       M 370  @ 2.40GHz
stepping	: 5
microcode	: 0x2
cpu MHz		: 2399.000
cache size	: 3072 KB
physical id	: 0
siblings	: 4
core id		: 2
cpu cores	: 2
apicid		: 5
initial apicid	: 5
fpu		: yes
fpu_exception	: yes
cpuid level	: 11
wp		: yes
flags		: fpu vme de pse tsc msr pae mce cx8 apic sep mtrr pge mca cmov pat pse36 clflush dts acpi mmx fxsr sse sse2 ss ht tm pbe syscall nx rdtscp lm constant_tsc arch_perfmon pebs bts rep_good nopl xtopology nonstop_tsc aperfmperf pni dtes64 monitor ds_cpl vmx est tm2 ssse3 cx16 xtpr pdcm pcid sse4_1 sse4_2 popcnt lahf_lm arat dtherm tpr_shadow vnmi flexpriority ept vpid
bogomips	: 4787.59
clflush size	: 64
cache_alignment	: 64
address sizes	: 36 bits physical, 48 bits virtual
power management:



Memory: 4k page, physical 5905412k(95972k free), swap 0k(0k free)

vm_info: Java HotSpot(TM) 64-Bit Server VM (24.76-b04) for linux-amd64 JRE (1.7.0_76-b13), built on Dec 18 2014 16:58:39 by "java_re" with gcc 4.3.0 20080428 (Red Hat 4.3.0-8)

time: Wed Mar  4 21:51:48 2015
elapsed time: 32 seconds

