#
# There is insufficient memory for the Java Runtime Environment to continue.
# Native memory allocation (malloc) failed to allocate 77594624 bytes for committing reserved memory.
# Possible reasons:
#   The system is out of physical RAM or swap space
#   In 32 bit mode, the process size limit was hit
# Possible solutions:
#   Reduce memory load on the system
#   Increase physical memory or swap space
#   Check if swap backing store is full
#   Use 64 bit Java on a 64 bit OS
#   Decrease Java heap size (-Xmx/-Xms)
#   Decrease number of Java threads
#   Decrease Java thread stack sizes (-Xss)
#   Set larger code cache with -XX:ReservedCodeCacheSize=
# This output file may be truncated or incomplete.
#
#  Out of Memory Error (os_linux.cpp:2756), pid=10026, tid=139916757927680
#
# JRE version: Java(TM) SE Runtime Environment (7.0_76-b13) (build 1.7.0_76-b13)
# Java VM: Java HotSpot(TM) 64-Bit Server VM (24.76-b04 mixed mode linux-amd64 compressed oops)
# Failed to write core dump. Core dumps have been disabled. To enable core dumping, try "ulimit -c unlimited" before starting Java again
#

---------------  T H R E A D  ---------------

Current thread (0x00007f40f4130800):  VMThread [stack: 0x00007f40e8978000,0x00007f40e8a79000] [id=10040]

Stack: [0x00007f40e8978000,0x00007f40e8a79000],  sp=0x00007f40e8a77040,  free space=1020k
Native frames: (J=compiled Java code, j=interpreted, Vv=VM code, C=native code)
V  [libjvm.so+0x9a32ba]  VMError::report_and_die()+0x2ea
V  [libjvm.so+0x497f7b]  report_vm_out_of_memory(char const*, int, unsigned long, char const*)+0x9b
V  [libjvm.so+0x81fcce]  os::Linux::commit_memory_impl(char*, unsigned long, bool)+0xfe
V  [libjvm.so+0x820219]  os::pd_commit_memory(char*, unsigned long, unsigned long, bool)+0x29
V  [libjvm.so+0x819faa]  os::commit_memory(char*, unsigned long, unsigned long, bool)+0x2a
V  [libjvm.so+0x88d843]  PSVirtualSpace::expand_by(unsigned long)+0x53
V  [libjvm.so+0x88ec18]  PSYoungGen::resize_generation(unsigned long, unsigned long)+0xf8
V  [libjvm.so+0x88dd82]  PSYoungGen::resize(unsigned long, unsigned long)+0x22
V  [libjvm.so+0x88b13d]  PSScavenge::invoke_no_policy()+0xf3d
V  [libjvm.so+0x88b981]  PSScavenge::invoke()+0x41
V  [libjvm.so+0x842300]  ParallelScavengeHeap::failed_mem_allocate(unsigned long)+0x70
V  [libjvm.so+0x9a4b47]  VM_ParallelGCFailedAllocation::doit()+0x97
V  [libjvm.so+0x9abfe5]  VM_Operation::evaluate()+0x55
V  [libjvm.so+0x9aa3aa]  VMThread::evaluate_operation(VM_Operation*)+0xba
V  [libjvm.so+0x9aa72e]  VMThread::loop()+0x1ce
V  [libjvm.so+0x9aaba0]  VMThread::run()+0x70
V  [libjvm.so+0x821ca8]  java_start(Thread*)+0x108

VM_Operation (0x00007f40fa6f52e0): ParallelGCFailedAllocation, mode: safepoint, requested by thread 0x00007f40f400a000


---------------  P R O C E S S  ---------------

Java Threads: ( => current thread )
  0x00007f40f415f800 JavaThread "Service Thread" daemon [_thread_blocked, id=10046, stack(0x00007f40e8372000,0x00007f40e8473000)]
  0x00007f40f415d000 JavaThread "C2 CompilerThread1" daemon [_thread_blocked, id=10045, stack(0x00007f40e8473000,0x00007f40e8574000)]
  0x00007f40f415a000 JavaThread "C2 CompilerThread0" daemon [_thread_blocked, id=10044, stack(0x00007f40e8574000,0x00007f40e8675000)]
  0x00007f40f4158000 JavaThread "Signal Dispatcher" daemon [_thread_blocked, id=10043, stack(0x00007f40e8675000,0x00007f40e8776000)]
  0x00007f40f4137000 JavaThread "Finalizer" daemon [_thread_blocked, id=10042, stack(0x00007f40e8776000,0x00007f40e8877000)]
  0x00007f40f4135000 JavaThread "Reference Handler" daemon [_thread_blocked, id=10041, stack(0x00007f40e8877000,0x00007f40e8978000)]
  0x00007f40f400a000 JavaThread "main" [_thread_blocked, id=10035, stack(0x00007f40fa5f6000,0x00007f40fa6f7000)]

Other Threads:
=>0x00007f40f4130800 VMThread [stack: 0x00007f40e8978000,0x00007f40e8a79000] [id=10040]
  0x00007f40f4172000 WatcherThread [stack: 0x00007f40e8271000,0x00007f40e8372000] [id=10047]

VM state:at safepoint (normal execution)

VM Mutex/Monitor currently owned by a thread:  ([mutex/lock_event])
[0x00007f40f4006330] Threads_lock - owner thread: 0x00007f40f4130800
[0x00007f40f4006830] Heap_lock - owner thread: 0x00007f40f400a000

Heap
 PSYoungGen      total 111616K, used 6788K [0x00000000eaa80000, 0x00000000f2b80000, 0x0000000100000000)
  eden space 92672K, 0% used [0x00000000eaa80000,0x00000000eaa80000,0x00000000f0500000)
  from space 18944K, 35% used [0x00000000f0500000,0x00000000f0ba1208,0x00000000f1780000)
  to   space 17408K, 0% used [0x00000000f1780000,0x00000000f1780000,0x00000000f2880000)
 ParOldGen       total 70656K, used 23028K [0x00000000c0000000, 0x00000000c4500000, 0x00000000eaa80000)
  object space 70656K, 32% used [0x00000000c0000000,0x00000000c167d210,0x00000000c4500000)
 PSPermGen       total 21504K, used 7150K [0x00000000bae00000, 0x00000000bc300000, 0x00000000c0000000)
  object space 21504K, 33% used [0x00000000bae00000,0x00000000bb4fb9d8,0x00000000bc300000)

Card table byte_map: [0x00007f40f0589000,0x00007f40f07b3000] byte_map_base: 0x00007f40effb2000

Polling page: 0x00007f40fa717000

Code Cache  [0x00007f40f07b3000, 0x00007f40f0a23000, 0x00007f40f37b3000)
 total_blobs=1056 nmethods=807 adapters=203 free_code_cache=46879Kb largest_free_block=47959424

Compilation events (10 events):
Event: 6.145 Thread 0x00007f40f415d000 nmethod 818 0x00007f40f09d0150 code [0x00007f40f09d0280, 0x00007f40f09d02d8]
Event: 6.145 Thread 0x00007f40f415d000  819             com.android.dex.ClassData::getVirtualMethods (5 bytes)
Event: 6.146 Thread 0x00007f40f415d000 nmethod 819 0x00007f40f09cff50 code [0x00007f40f09d0080, 0x00007f40f09d00d8]
Event: 6.146 Thread 0x00007f40f415d000  820             com.android.dx.io.instructions.DecodedInstruction::getLiteralUnit (55 bytes)
Event: 6.146 Thread 0x00007f40f415d000 nmethod 820 0x00007f40f09cfd10 code [0x00007f40f09cfe40, 0x00007f40f09cfeb8]
Event: 6.146 Thread 0x00007f40f415d000  821             com.android.dx.io.instructions.InstructionCodec$11::decode (38 bytes)
Event: 6.150 Thread 0x00007f40f415d000 nmethod 821 0x00007f40f09cf890 code [0x00007f40f09cf9e0, 0x00007f40f09cfb98]
Event: 6.150 Thread 0x00007f40f415d000  822             com.android.dx.io.instructions.InstructionCodec$11::encode (22 bytes)
Event: 6.153 Thread 0x00007f40f415d000 nmethod 822 0x00007f40f09cf290 code [0x00007f40f09cf400, 0x00007f40f09cf5f8]
Event: 6.153 Thread 0x00007f40f415d000  823             com.android.dex.Dex$Section::access$800 (5 bytes)

GC Heap History (10 events):
Event: 2.906 GC heap after
Heap after GC invocations=3 (full 0):
 PSYoungGen      total 27136K, used 3573K [0x00000000eaa80000, 0x00000000edf80000, 0x0000000100000000)
  eden space 23552K, 0% used [0x00000000eaa80000,0x00000000eaa80000,0x00000000ec180000)
  from space 3584K, 99% used [0x00000000ec180000,0x00000000ec4fd498,0x00000000ec500000)
  to   space 3584K, 0% used [0x00000000edc00000,0x00000000edc00000,0x00000000edf80000)
 ParOldGen       total 61440K, used 13521K [0x00000000c0000000, 0x00000000c3c00000, 0x00000000eaa80000)
  object space 61440K, 22% used [0x00000000c0000000,0x00000000c0d34628,0x00000000c3c00000)
 PSPermGen       total 21504K, used 5474K [0x00000000bae00000, 0x00000000bc300000, 0x00000000c0000000)
  object space 21504K, 25% used [0x00000000bae00000,0x00000000bb358980,0x00000000bc300000)
}
Event: 4.237 GC heap before
{Heap before GC invocations=4 (full 0):
 PSYoungGen      total 27136K, used 27125K [0x00000000eaa80000, 0x00000000edf80000, 0x0000000100000000)
  eden space 23552K, 100% used [0x00000000eaa80000,0x00000000ec180000,0x00000000ec180000)
  from space 3584K, 99% used [0x00000000ec180000,0x00000000ec4fd498,0x00000000ec500000)
  to   space 3584K, 0% used [0x00000000edc00000,0x00000000edc00000,0x00000000edf80000)
 ParOldGen       total 61440K, used 13521K [0x00000000c0000000, 0x00000000c3c00000, 0x00000000eaa80000)
  object space 61440K, 22% used [0x00000000c0000000,0x00000000c0d34628,0x00000000c3c00000)
 PSPermGen       total 21504K, used 7070K [0x00000000bae00000, 0x00000000bc300000, 0x00000000c0000000)
  object space 21504K, 32% used [0x00000000bae00000,0x00000000bb4e7ae0,0x00000000bc300000)
Event: 4.253 GC heap after
Heap after GC invocations=4 (full 0):
 PSYoungGen      total 50688K, used 3553K [0x00000000eaa80000, 0x00000000edf80000, 0x0000000100000000)
  eden space 47104K, 0% used [0x00000000eaa80000,0x00000000eaa80000,0x00000000ed880000)
  from space 3584K, 99% used [0x00000000edc00000,0x00000000edf78668,0x00000000edf80000)
  to   space 3584K, 0% used [0x00000000ed880000,0x00000000ed880000,0x00000000edc00000)
 ParOldGen       total 61440K, used 21109K [0x00000000c0000000, 0x00000000c3c00000, 0x00000000eaa80000)
  object space 61440K, 34% used [0x00000000c0000000,0x00000000c149d480,0x00000000c3c00000)
 PSPermGen       total 21504K, used 7070K [0x00000000bae00000, 0x00000000bc300000, 0x00000000c0000000)
  object space 21504K, 32% used [0x00000000bae00000,0x00000000bb4e7ae0,0x00000000bc300000)
}
Event: 4.835 GC heap before
{Heap before GC invocations=5 (full 0):
 PSYoungGen      total 50688K, used 50657K [0x00000000eaa80000, 0x00000000edf80000, 0x0000000100000000)
  eden space 47104K, 100% used [0x00000000eaa80000,0x00000000ed880000,0x00000000ed880000)
  from space 3584K, 99% used [0x00000000edc00000,0x00000000edf78668,0x00000000edf80000)
  to   space 3584K, 0% used [0x00000000ed880000,0x00000000ed880000,0x00000000edc00000)
 ParOldGen       total 61440K, used 21109K [0x00000000c0000000, 0x00000000c3c00000, 0x00000000eaa80000)
  object space 61440K, 34% used [0x00000000c0000000,0x00000000c149d480,0x00000000c3c00000)
 PSPermGen       total 21504K, used 7131K [0x00000000bae00000, 0x00000000bc300000, 0x00000000c0000000)
  object space 21504K, 33% used [0x00000000bae00000,0x00000000bb4f6ca8,0x00000000bc300000)
Event: 4.858 GC heap after
Heap after GC invocations=5 (full 0):
 PSYoungGen      total 50688K, used 3565K [0x00000000eaa80000, 0x00000000f2880000, 0x0000000100000000)
  eden space 47104K, 0% used [0x00000000eaa80000,0x00000000eaa80000,0x00000000ed880000)
  from space 3584K, 99% used [0x00000000ed880000,0x00000000edbfb558,0x00000000edc00000)
  to   space 17408K, 0% used [0x00000000f1780000,0x00000000f1780000,0x00000000f2880000)
 ParOldGen       total 61440K, used 32674K [0x00000000c0000000, 0x00000000c3c00000, 0x00000000eaa80000)
  object space 61440K, 53% used [0x00000000c0000000,0x00000000c1fe89f8,0x00000000c3c00000)
 PSPermGen       total 21504K, used 7131K [0x00000000bae00000, 0x00000000bc300000, 0x00000000c0000000)
  object space 21504K, 33% used [0x00000000bae00000,0x00000000bb4f6ca8,0x00000000bc300000)
}
Event: 5.248 GC heap before
{Heap before GC invocations=6 (full 0):
 PSYoungGen      total 50688K, used 50669K [0x00000000eaa80000, 0x00000000f2880000, 0x0000000100000000)
  eden space 47104K, 100% used [0x00000000eaa80000,0x00000000ed880000,0x00000000ed880000)
  from space 3584K, 99% used [0x00000000ed880000,0x00000000edbfb558,0x00000000edc00000)
  to   space 17408K, 0% used [0x00000000f1780000,0x00000000f1780000,0x00000000f2880000)
 ParOldGen       total 61440K, used 32674K [0x00000000c0000000, 0x00000000c3c00000, 0x00000000eaa80000)
  object space 61440K, 53% used [0x00000000c0000000,0x00000000c1fe89f8,0x00000000c3c00000)
 PSPermGen       total 21504K, used 7139K [0x00000000bae00000, 0x00000000bc300000, 0x00000000c0000000)
  object space 21504K, 33% used [0x00000000bae00000,0x00000000bb4f8f10,0x00000000bc300000)
Event: 5.600 GC heap after
Heap after GC invocations=6 (full 0):
 PSYoungGen      total 110080K, used 15040K [0x00000000eaa80000, 0x00000000f2b80000, 0x0000000100000000)
  eden space 92672K, 0% used [0x00000000eaa80000,0x00000000eaa80000,0x00000000f0500000)
  from space 17408K, 86% used [0x00000000f1780000,0x00000000f2630318,0x00000000f2880000)
  to   space 18944K, 0% used [0x00000000f0500000,0x00000000f0500000,0x00000000f1780000)
 ParOldGen       total 61440K, used 53272K [0x00000000c0000000, 0x00000000c3c00000, 0x00000000eaa80000)
  object space 61440K, 86% used [0x00000000c0000000,0x00000000c34060a8,0x00000000c3c00000)
 PSPermGen       total 21504K, used 7139K [0x00000000bae00000, 0x00000000bc300000, 0x00000000c0000000)
  object space 21504K, 33% used [0x00000000bae00000,0x00000000bb4f8f10,0x00000000bc300000)
}
Event: 5.601 GC heap before
{Heap before GC invocations=7 (full 1):
 PSYoungGen      total 110080K, used 15040K [0x00000000eaa80000, 0x00000000f2b80000, 0x0000000100000000)
  eden space 92672K, 0% used [0x00000000eaa80000,0x00000000eaa80000,0x00000000f0500000)
  from space 17408K, 86% used [0x00000000f1780000,0x00000000f2630318,0x00000000f2880000)
  to   space 18944K, 0% used [0x00000000f0500000,0x00000000f0500000,0x00000000f1780000)
 ParOldGen       total 61440K, used 53272K [0x00000000c0000000, 0x00000000c3c00000, 0x00000000eaa80000)
  object space 61440K, 86% used [0x00000000c0000000,0x00000000c34060a8,0x00000000c3c00000)
 PSPermGen       total 21504K, used 7139K [0x00000000bae00000, 0x00000000bc300000, 0x00000000c0000000)
  object space 21504K, 33% used [0x00000000bae00000,0x00000000bb4f8f10,0x00000000bc300000)
Event: 5.723 GC heap after
Heap after GC invocations=7 (full 1):
 PSYoungGen      total 110080K, used 0K [0x00000000eaa80000, 0x00000000f2b80000, 0x0000000100000000)
  eden space 92672K, 0% used [0x00000000eaa80000,0x00000000eaa80000,0x00000000f0500000)
  from space 17408K, 0% used [0x00000000f1780000,0x00000000f1780000,0x00000000f2880000)
  to   space 18944K, 0% used [0x00000000f0500000,0x00000000f0500000,0x00000000f1780000)
 ParOldGen       total 70656K, used 23028K [0x00000000c0000000, 0x00000000c4500000, 0x00000000eaa80000)
  object space 70656K, 32% used [0x00000000c0000000,0x00000000c167d210,0x00000000c4500000)
 PSPermGen       total 21504K, used 7136K [0x00000000bae00000, 0x00000000bc300000, 0x00000000c0000000)
  object space 21504K, 33% used [0x00000000bae00000,0x00000000bb4f8200,0x00000000bc300000)
}
Event: 6.159 GC heap before
{Heap before GC invocations=8 (full 1):
 PSYoungGen      total 110080K, used 92672K [0x00000000eaa80000, 0x00000000f2b80000, 0x0000000100000000)
  eden space 92672K, 100% used [0x00000000eaa80000,0x00000000f0500000,0x00000000f0500000)
  from space 17408K, 0% used [0x00000000f1780000,0x00000000f1780000,0x00000000f2880000)
  to   space 18944K, 0% used [0x00000000f0500000,0x00000000f0500000,0x00000000f1780000)
 ParOldGen       total 70656K, used 23028K [0x00000000c0000000, 0x00000000c4500000, 0x00000000eaa80000)
  object space 70656K, 32% used [0x00000000c0000000,0x00000000c167d210,0x00000000c4500000)
 PSPermGen       total 21504K, used 7150K [0x00000000bae00000, 0x00000000bc300000, 0x00000000c0000000)
  object space 21504K, 33% used [0x00000000bae00000,0x00000000bb4fb9d8,0x00000000bc300000)

Deoptimization events (10 events):
Event: 3.921 Thread 0x00007f40f400a000 Uncommon trap: reason=class_check action=maybe_recompile pc=0x00007f40f087bb78 method=java.util.HashMap.<init>(IF)V @ 115
Event: 3.922 Thread 0x00007f40f400a000 Uncommon trap: reason=class_check action=maybe_recompile pc=0x00007f40f085c8a0 method=java.util.ArrayList.<init>(Ljava/util/Collection;)V @ 6
Event: 3.966 Thread 0x00007f40f400a000 Uncommon trap: reason=predicate action=maybe_recompile pc=0x00007f40f0940f08 method=com.android.dex.Leb128.readUnsignedLeb128(Lcom/android/dex/util/ByteInput;)I @ 41
Event: 4.713 Thread 0x00007f40f400a000 Uncommon trap: reason=predicate action=maybe_recompile pc=0x00007f40f08c1bf8 method=java.util.ComparableTimSort.binarySort([Ljava/lang/Object;III)V @ 37
Event: 4.945 Thread 0x00007f40f400a000 Uncommon trap: reason=array_check action=maybe_recompile pc=0x00007f40f08beea0 method=java.util.ComparableTimSort.binarySort([Ljava/lang/Object;III)V @ 193
Event: 5.185 Thread 0x00007f40f400a000 Uncommon trap: reason=predicate action=maybe_recompile pc=0x00007f40f08534d8 method=java.util.TimSort.binarySort([Ljava/lang/Object;IIILjava/util/Comparator;)V @ 37
Event: 5.993 Thread 0x00007f40f400a000 Uncommon trap: reason=array_check action=maybe_recompile pc=0x00007f40f09c20fc method=java.util.TimSort.binarySort([Ljava/lang/Object;IIILjava/util/Comparator;)V @ 193
Event: 5.993 Thread 0x00007f40f400a000 Uncommon trap: reason=array_check action=maybe_recompile pc=0x00007f40f09c21cc method=java.util.TimSort.binarySort([Ljava/lang/Object;IIILjava/util/Comparator;)V @ 183
Event: 5.993 Thread 0x00007f40f400a000 Uncommon trap: reason=array_check action=maybe_recompile pc=0x00007f40f09c20fc method=java.util.TimSort.binarySort([Ljava/lang/Object;IIILjava/util/Comparator;)V @ 193
Event: 5.993 Thread 0x00007f40f400a000 Uncommon trap: reason=array_check action=maybe_recompile pc=0x00007f40f09c21cc method=java.util.TimSort.binarySort([Ljava/lang/Object;IIILjava/util/Comparator;)V @ 183

Internal exceptions (10 events):
Event: 3.790 Thread 0x00007f40f400a000 Threw 0x00000000eb47c960 at /HUDSON/workspace/7u-2-build-linux-amd64/jdk7u76/1941/hotspot/src/share/vm/prims/jvm.cpp:1304
Event: 3.790 Thread 0x00007f40f400a000 Threw 0x00000000eb47f860 at /HUDSON/workspace/7u-2-build-linux-amd64/jdk7u76/1941/hotspot/src/share/vm/prims/jvm.cpp:1304
Event: 3.791 Thread 0x00007f40f400a000 Threw 0x00000000eb482b78 at /HUDSON/workspace/7u-2-build-linux-amd64/jdk7u76/1941/hotspot/src/share/vm/prims/jvm.cpp:1304
Event: 3.793 Thread 0x00007f40f400a000 Threw 0x00000000eb4c9b98 at /HUDSON/workspace/7u-2-build-linux-amd64/jdk7u76/1941/hotspot/src/share/vm/prims/jvm.cpp:1304
Event: 3.794 Thread 0x00007f40f400a000 Threw 0x00000000eb4cbc18 at /HUDSON/workspace/7u-2-build-linux-amd64/jdk7u76/1941/hotspot/src/share/vm/prims/jvm.cpp:1304
Event: 3.899 Thread 0x00007f40f400a000 Threw 0x00000000eb5e2088 at /HUDSON/workspace/7u-2-build-linux-amd64/jdk7u76/1941/hotspot/src/share/vm/prims/jvm.cpp:1304
Event: 3.899 Thread 0x00007f40f400a000 Threw 0x00000000eb5e21b0 at /HUDSON/workspace/7u-2-build-linux-amd64/jdk7u76/1941/hotspot/src/share/vm/prims/jvm.cpp:1304
Event: 3.900 Thread 0x00007f40f400a000 Threw 0x00000000eb5e4520 at /HUDSON/workspace/7u-2-build-linux-amd64/jdk7u76/1941/hotspot/src/share/vm/prims/jvm.cpp:1304
Event: 3.900 Thread 0x00007f40f400a000 Threw 0x00000000eb5e4648 at /HUDSON/workspace/7u-2-build-linux-amd64/jdk7u76/1941/hotspot/src/share/vm/prims/jvm.cpp:1304
Event: 4.342 Thread 0x00007f40f400a000 Threw 0x00000000eb0d5478 at /HUDSON/workspace/7u-2-build-linux-amd64/jdk7u76/1941/hotspot/src/share/vm/prims/jvm.cpp:1304

Events (10 events):
Event: 5.993 Thread 0x00007f40f400a000 Uncommon trap: trap_request=0xffffffd6 fr.pc=0x00007f40f09c21cc
Event: 5.993 Thread 0x00007f40f400a000 DEOPT PACKING pc=0x00007f40f09c21cc sp=0x00007f40fa6f5490
Event: 5.993 Thread 0x00007f40f400a000 DEOPT UNPACKING pc=0x00007f40f07ec045 sp=0x00007f40fa6f5458 mode 2
Event: 5.993 Thread 0x00007f40f400a000 Uncommon trap: trap_request=0xffffffd6 fr.pc=0x00007f40f09c20fc
Event: 5.993 Thread 0x00007f40f400a000 DEOPT PACKING pc=0x00007f40f09c20fc sp=0x00007f40fa6f5490
Event: 5.993 Thread 0x00007f40f400a000 DEOPT UNPACKING pc=0x00007f40f07ec045 sp=0x00007f40fa6f5458 mode 2
Event: 5.993 Thread 0x00007f40f400a000 Uncommon trap: trap_request=0xffffffd6 fr.pc=0x00007f40f09c21cc
Event: 5.993 Thread 0x00007f40f400a000 DEOPT PACKING pc=0x00007f40f09c21cc sp=0x00007f40fa6f5490
Event: 5.993 Thread 0x00007f40f400a000 DEOPT UNPACKING pc=0x00007f40f07ec045 sp=0x00007f40fa6f5458 mode 2
Event: 6.158 Executing VM operation: ParallelGCFailedAllocation


Dynamic libraries:
00400000-00401000 r-xp 00000000 08:01 3818624                            /usr/lib/jvm/java-7-oracle/jre/bin/java
00600000-00601000 rw-p 00000000 08:01 3818624                            /usr/lib/jvm/java-7-oracle/jre/bin/java
025ef000-02610000 rw-p 00000000 00:00 0                                  [heap]
bae00000-bc300000 rw-p 00000000 00:00 0 
bc300000-c0000000 rw-p 00000000 00:00 0 
c0000000-c4500000 rw-p 00000000 00:00 0 
c4500000-eaa80000 rw-p 00000000 00:00 0 
eaa80000-f2b80000 rw-p 00000000 00:00 0 
f7580000-100000000 rw-p 00000000 00:00 0 
7f40b8000000-7f40b8021000 rw-p 00000000 00:00 0 
7f40b8021000-7f40bc000000 ---p 00000000 00:00 0 
7f40bc000000-7f40bc021000 rw-p 00000000 00:00 0 
7f40bc021000-7f40c0000000 ---p 00000000 00:00 0 
7f40c0000000-7f40c0bc9000 rw-p 00000000 00:00 0 
7f40c0bc9000-7f40c4000000 ---p 00000000 00:00 0 
7f40c4000000-7f40c4813000 rw-p 00000000 00:00 0 
7f40c4813000-7f40c8000000 ---p 00000000 00:00 0 
7f40c8000000-7f40c8021000 rw-p 00000000 00:00 0 
7f40c8021000-7f40cc000000 ---p 00000000 00:00 0 
7f40cc000000-7f40cc021000 rw-p 00000000 00:00 0 
7f40cc021000-7f40d0000000 ---p 00000000 00:00 0 
7f40d3469000-7f40d35d6000 rw-p 00000000 00:00 0 
7f40d35d6000-7f40d35ec000 r-xp 00000000 08:01 3818469                    /usr/lib/jvm/java-7-oracle/jre/lib/amd64/libnet.so
7f40d35ec000-7f40d37ec000 ---p 00016000 08:01 3818469                    /usr/lib/jvm/java-7-oracle/jre/lib/amd64/libnet.so
7f40d37ec000-7f40d37ed000 rw-p 00016000 08:01 3818469                    /usr/lib/jvm/java-7-oracle/jre/lib/amd64/libnet.so
7f40d37ed000-7f40d4000000 r--p 00000000 08:01 3808254                    /usr/lib/locale/locale-archive
7f40d4000000-7f40d40e5000 rw-p 00000000 00:00 0 
7f40d40e5000-7f40d8000000 ---p 00000000 00:00 0 
7f40d8000000-7f40d8021000 rw-p 00000000 00:00 0 
7f40d8021000-7f40dc000000 ---p 00000000 00:00 0 
7f40dc000000-7f40dc021000 rw-p 00000000 00:00 0 
7f40dc021000-7f40e0000000 ---p 00000000 00:00 0 
7f40e0000000-7f40e0021000 rw-p 00000000 00:00 0 
7f40e0021000-7f40e4000000 ---p 00000000 00:00 0 
7f40e4000000-7f40e4021000 rw-p 00000000 00:00 0 
7f40e4021000-7f40e8000000 ---p 00000000 00:00 0 
7f40e803a000-7f40e8060000 r--p 00000000 08:01 4460467                    /usr/share/locale-langpack/ko/LC_MESSAGES/libc.mo
7f40e8060000-7f40e8070000 r-xp 00000000 08:01 3815879                    /usr/lib/jvm/java-7-oracle/jre/lib/amd64/libnio.so
7f40e8070000-7f40e8270000 ---p 00010000 08:01 3815879                    /usr/lib/jvm/java-7-oracle/jre/lib/amd64/libnio.so
7f40e8270000-7f40e8271000 rw-p 00010000 08:01 3815879                    /usr/lib/jvm/java-7-oracle/jre/lib/amd64/libnio.so
7f40e8271000-7f40e8272000 ---p 00000000 00:00 0 
7f40e8272000-7f40e8372000 rw-p 00000000 00:00 0                          [stack:10047]
7f40e8372000-7f40e8375000 ---p 00000000 00:00 0 
7f40e8375000-7f40e8473000 rw-p 00000000 00:00 0                          [stack:10046]
7f40e8473000-7f40e8476000 ---p 00000000 00:00 0 
7f40e8476000-7f40e8574000 rw-p 00000000 00:00 0                          [stack:10045]
7f40e8574000-7f40e8577000 ---p 00000000 00:00 0 
7f40e8577000-7f40e8675000 rw-p 00000000 00:00 0                          [stack:10044]
7f40e8675000-7f40e8678000 ---p 00000000 00:00 0 
7f40e8678000-7f40e8776000 rw-p 00000000 00:00 0                          [stack:10043]
7f40e8776000-7f40e8779000 ---p 00000000 00:00 0 
7f40e8779000-7f40e8877000 rw-p 00000000 00:00 0                          [stack:10042]
7f40e8877000-7f40e887a000 ---p 00000000 00:00 0 
7f40e887a000-7f40e8978000 rw-p 00000000 00:00 0                          [stack:10041]
7f40e8978000-7f40e8979000 ---p 00000000 00:00 0 
7f40e8979000-7f40e9988000 rw-p 00000000 00:00 0                          [stack:10040]
7f40e9988000-7f40e9b47000 r--s 039f0000 08:01 3815342                    /usr/lib/jvm/java-7-oracle/jre/lib/rt.jar
7f40e9b47000-7f40ec000000 rw-p 00000000 00:00 0 
7f40ec000000-7f40ec021000 rw-p 00000000 00:00 0 
7f40ec021000-7f40f0000000 ---p 00000000 00:00 0 
7f40f000d000-7f40f0014000 r--s 00000000 08:01 4075464                    /usr/lib/x86_64-linux-gnu/gconv/gconv-modules.cache
7f40f0014000-7f40f0130000 rw-p 00000000 00:00 0 
7f40f0130000-7f40f0131000 ---p 00000000 00:00 0 
7f40f0131000-7f40f0231000 rw-p 00000000 00:00 0                          [stack:10039]
7f40f0231000-7f40f0232000 ---p 00000000 00:00 0 
7f40f0232000-7f40f0332000 rw-p 00000000 00:00 0                          [stack:10038]
7f40f0332000-7f40f0333000 ---p 00000000 00:00 0 
7f40f0333000-7f40f0456000 rw-p 00000000 00:00 0                          [stack:10037]
7f40f0456000-7f40f0589000 rw-p 00000000 00:00 0 
7f40f0589000-7f40f0594000 rw-p 00000000 00:00 0 
7f40f0594000-7f40f05b2000 rw-p 00000000 00:00 0 
7f40f05b2000-7f40f05d5000 rw-p 00000000 00:00 0 
7f40f05d5000-7f40f0707000 rw-p 00000000 00:00 0 
7f40f0707000-7f40f0748000 rw-p 00000000 00:00 0 
7f40f0748000-7f40f07b2000 rw-p 00000000 00:00 0 
7f40f07b2000-7f40f07b3000 rw-p 00000000 00:00 0 
7f40f07b3000-7f40f0a23000 rwxp 00000000 00:00 0 
7f40f0a23000-7f40f37b3000 rw-p 00000000 00:00 0 
7f40f37b3000-7f40f37cd000 r-xp 00000000 08:01 3815891                    /usr/lib/jvm/java-7-oracle/jre/lib/amd64/libzip.so
7f40f37cd000-7f40f39cd000 ---p 0001a000 08:01 3815891                    /usr/lib/jvm/java-7-oracle/jre/lib/amd64/libzip.so
7f40f39cd000-7f40f39ce000 rw-p 0001a000 08:01 3815891                    /usr/lib/jvm/java-7-oracle/jre/lib/amd64/libzip.so
7f40f39ce000-7f40f39d9000 r-xp 00000000 08:01 4609338                    /lib/x86_64-linux-gnu/libnss_files-2.19.so
7f40f39d9000-7f40f3bd8000 ---p 0000b000 08:01 4609338                    /lib/x86_64-linux-gnu/libnss_files-2.19.so
7f40f3bd8000-7f40f3bd9000 r--p 0000a000 08:01 4609338                    /lib/x86_64-linux-gnu/libnss_files-2.19.so
7f40f3bd9000-7f40f3bda000 rw-p 0000b000 08:01 4609338                    /lib/x86_64-linux-gnu/libnss_files-2.19.so
7f40f3bda000-7f40f3be5000 r-xp 00000000 08:01 4609358                    /lib/x86_64-linux-gnu/libnss_nis-2.19.so
7f40f3be5000-7f40f3de4000 ---p 0000b000 08:01 4609358                    /lib/x86_64-linux-gnu/libnss_nis-2.19.so
7f40f3de4000-7f40f3de5000 r--p 0000a000 08:01 4609358                    /lib/x86_64-linux-gnu/libnss_nis-2.19.so
7f40f3de5000-7f40f3de6000 rw-p 0000b000 08:01 4609358                    /lib/x86_64-linux-gnu/libnss_nis-2.19.so
7f40f3de6000-7f40f3dfd000 r-xp 00000000 08:01 4609347                    /lib/x86_64-linux-gnu/libnsl-2.19.so
7f40f3dfd000-7f40f3ffc000 ---p 00017000 08:01 4609347                    /lib/x86_64-linux-gnu/libnsl-2.19.so
7f40f3ffc000-7f40f3ffd000 r--p 00016000 08:01 4609347                    /lib/x86_64-linux-gnu/libnsl-2.19.so
7f40f3ffd000-7f40f3ffe000 rw-p 00017000 08:01 4609347                    /lib/x86_64-linux-gnu/libnsl-2.19.so
7f40f3ffe000-7f40f4000000 rw-p 00000000 00:00 0 
7f40f4000000-7f40f4354000 rw-p 00000000 00:00 0 
7f40f4354000-7f40f8000000 ---p 00000000 00:00 0 
7f40f8005000-7f40f8006000 ---p 00000000 00:00 0 
7f40f8006000-7f40f8111000 rw-p 00000000 00:00 0                          [stack:10036]
7f40f8111000-7f40f812f000 rw-p 00000000 00:00 0 
7f40f812f000-7f40f8138000 r-xp 00000000 08:01 4609346                    /lib/x86_64-linux-gnu/libnss_compat-2.19.so
7f40f8138000-7f40f8337000 ---p 00009000 08:01 4609346                    /lib/x86_64-linux-gnu/libnss_compat-2.19.so
7f40f8337000-7f40f8338000 r--p 00008000 08:01 4609346                    /lib/x86_64-linux-gnu/libnss_compat-2.19.so
7f40f8338000-7f40f8339000 rw-p 00009000 08:01 4609346                    /lib/x86_64-linux-gnu/libnss_compat-2.19.so
7f40f8339000-7f40f8362000 r-xp 00000000 08:01 3815892                    /usr/lib/jvm/java-7-oracle/jre/lib/amd64/libjava.so
7f40f8362000-7f40f8562000 ---p 00029000 08:01 3815892                    /usr/lib/jvm/java-7-oracle/jre/lib/amd64/libjava.so
7f40f8562000-7f40f8564000 rw-p 00029000 08:01 3815892                    /usr/lib/jvm/java-7-oracle/jre/lib/amd64/libjava.so
7f40f8564000-7f40f8571000 r-xp 00000000 08:01 3815883                    /usr/lib/jvm/java-7-oracle/jre/lib/amd64/libverify.so
7f40f8571000-7f40f8770000 ---p 0000d000 08:01 3815883                    /usr/lib/jvm/java-7-oracle/jre/lib/amd64/libverify.so
7f40f8770000-7f40f8772000 rw-p 0000c000 08:01 3815883                    /usr/lib/jvm/java-7-oracle/jre/lib/amd64/libverify.so
7f40f8772000-7f40f8779000 r-xp 00000000 08:01 4609355                    /lib/x86_64-linux-gnu/librt-2.19.so
7f40f8779000-7f40f8978000 ---p 00007000 08:01 4609355                    /lib/x86_64-linux-gnu/librt-2.19.so
7f40f8978000-7f40f8979000 r--p 00006000 08:01 4609355                    /lib/x86_64-linux-gnu/librt-2.19.so
7f40f8979000-7f40f897a000 rw-p 00007000 08:01 4609355                    /lib/x86_64-linux-gnu/librt-2.19.so
7f40f897a000-7f40f8a7f000 r-xp 00000000 08:01 4594610                    /lib/x86_64-linux-gnu/libm-2.19.so
7f40f8a7f000-7f40f8c7e000 ---p 00105000 08:01 4594610                    /lib/x86_64-linux-gnu/libm-2.19.so
7f40f8c7e000-7f40f8c7f000 r--p 00104000 08:01 4594610                    /lib/x86_64-linux-gnu/libm-2.19.so
7f40f8c7f000-7f40f8c80000 rw-p 00105000 08:01 4594610                    /lib/x86_64-linux-gnu/libm-2.19.so
7f40f8c80000-7f40f97f5000 r-xp 00000000 08:01 3818475                    /usr/lib/jvm/java-7-oracle/jre/lib/amd64/server/libjvm.so
7f40f97f5000-7f40f99f5000 ---p 00b75000 08:01 3818475                    /usr/lib/jvm/java-7-oracle/jre/lib/amd64/server/libjvm.so
7f40f99f5000-7f40f9ab9000 rw-p 00b75000 08:01 3818475                    /usr/lib/jvm/java-7-oracle/jre/lib/amd64/server/libjvm.so
7f40f9ab9000-7f40f9afa000 rw-p 00000000 00:00 0 
7f40f9afa000-7f40f9cb5000 r-xp 00000000 08:01 4609352                    /lib/x86_64-linux-gnu/libc-2.19.so
7f40f9cb5000-7f40f9eb4000 ---p 001bb000 08:01 4609352                    /lib/x86_64-linux-gnu/libc-2.19.so
7f40f9eb4000-7f40f9eb8000 r--p 001ba000 08:01 4609352                    /lib/x86_64-linux-gnu/libc-2.19.so
7f40f9eb8000-7f40f9eba000 rw-p 001be000 08:01 4609352                    /lib/x86_64-linux-gnu/libc-2.19.so
7f40f9eba000-7f40f9ebf000 rw-p 00000000 00:00 0 
7f40f9ebf000-7f40f9ec2000 r-xp 00000000 08:01 4609341                    /lib/x86_64-linux-gnu/libdl-2.19.so
7f40f9ec2000-7f40fa0c1000 ---p 00003000 08:01 4609341                    /lib/x86_64-linux-gnu/libdl-2.19.so
7f40fa0c1000-7f40fa0c2000 r--p 00002000 08:01 4609341                    /lib/x86_64-linux-gnu/libdl-2.19.so
7f40fa0c2000-7f40fa0c3000 rw-p 00003000 08:01 4609341                    /lib/x86_64-linux-gnu/libdl-2.19.so
7f40fa0c3000-7f40fa0d9000 r-xp 00000000 08:01 3815454                    /usr/lib/jvm/java-7-oracle/jre/lib/amd64/jli/libjli.so
7f40fa0d9000-7f40fa2d9000 ---p 00016000 08:01 3815454                    /usr/lib/jvm/java-7-oracle/jre/lib/amd64/jli/libjli.so
7f40fa2d9000-7f40fa2da000 rw-p 00016000 08:01 3815454                    /usr/lib/jvm/java-7-oracle/jre/lib/amd64/jli/libjli.so
7f40fa2da000-7f40fa2f3000 r-xp 00000000 08:01 4609353                    /lib/x86_64-linux-gnu/libpthread-2.19.so
7f40fa2f3000-7f40fa4f2000 ---p 00019000 08:01 4609353                    /lib/x86_64-linux-gnu/libpthread-2.19.so
7f40fa4f2000-7f40fa4f3000 r--p 00018000 08:01 4609353                    /lib/x86_64-linux-gnu/libpthread-2.19.so
7f40fa4f3000-7f40fa4f4000 rw-p 00019000 08:01 4609353                    /lib/x86_64-linux-gnu/libpthread-2.19.so
7f40fa4f4000-7f40fa4f8000 rw-p 00000000 00:00 0 
7f40fa4f8000-7f40fa51b000 r-xp 00000000 08:01 4609349                    /lib/x86_64-linux-gnu/ld-2.19.so
7f40fa51b000-7f40fa51c000 rw-p 00000000 00:00 0 
7f40fa51c000-7f40fa520000 r--s 000f7000 08:01 3818490                    /usr/lib/jvm/java-7-oracle/jre/lib/ext/localedata.jar
7f40fa520000-7f40fa540000 rw-p 00000000 00:00 0 
7f40fa540000-7f40fa5f6000 rw-p 00000000 00:00 0 
7f40fa5f6000-7f40fa5f9000 ---p 00000000 00:00 0 
7f40fa5f9000-7f40fa6fb000 rw-p 00000000 00:00 0                          [stack:10035]
7f40fa6fb000-7f40fa6ff000 r--s 0008b000 08:01 3818495                    /usr/lib/jvm/java-7-oracle/jre/lib/jsse.jar
7f40fa6ff000-7f40fa70e000 r--s 000dd000 00:22 156718                     /home/johnny/Android/Sdk/build-tools/21.1.2/lib/dx.jar
7f40fa70e000-7f40fa716000 rw-s 00000000 08:01 3285870                    /tmp/hsperfdata_johnny/10026
7f40fa716000-7f40fa717000 rw-p 00000000 00:00 0 
7f40fa717000-7f40fa718000 ---p 00000000 00:00 0 
7f40fa718000-7f40fa71a000 rw-p 00000000 00:00 0 
7f40fa71a000-7f40fa71b000 r--p 00022000 08:01 4609349                    /lib/x86_64-linux-gnu/ld-2.19.so
7f40fa71b000-7f40fa71c000 rw-p 00023000 08:01 4609349                    /lib/x86_64-linux-gnu/ld-2.19.so
7f40fa71c000-7f40fa71d000 rw-p 00000000 00:00 0 
7fff75dff000-7fff75e20000 rw-p 00000000 00:00 0                          [stack]
7fff75e63000-7fff75e65000 r-xp 00000000 00:00 0                          [vdso]
ffffffffff600000-ffffffffff601000 r-xp 00000000 00:00 0                  [vsyscall]

VM Arguments:
jvm_args: -Xmx1024M 
java_command: /home/johnny/Android/Sdk/build-tools/21.1.2/lib/dx.jar --dex --output /home/johnny/AndroidStudioProjects/FlagMon5/app/build/intermediates/dex/release --input-list=/home/johnny/AndroidStudioProjects/FlagMon5/app/build/intermediates/tmp/dex/release/inputList.txt
Launcher Type: SUN_STANDARD

Environment Variables:
CLASSPATH=/home/johnny/android-studio/bin/../lib/bootstrap.jar:/home/johnny/android-studio/bin/../lib/extensions.jar:/home/johnny/android-studio/bin/../lib/util.jar:/home/johnny/android-studio/bin/../lib/jdom.jar:/home/johnny/android-studio/bin/../lib/log4j.jar:/home/johnny/android-studio/bin/../lib/trove4j.jar:/home/johnny/android-studio/bin/../lib/jna.jar:/usr/lib/jvm/java-7-oracle/lib/tools.jar
PATH=/usr/local/sbin:/usr/local/bin:/usr/sbin:/usr/bin:/sbin:/bin:/usr/games:/usr/local/games
LD_LIBRARY_PATH=/home/johnny/android-studio/bin:
SHELL=/bin/bash
DISPLAY=:0

Signal Handlers:
SIGSEGV: [libjvm.so+0x9a3bd0], sa_mask[0]=0x7ffbfeff, sa_flags=0x10000004
SIGBUS: [libjvm.so+0x9a3bd0], sa_mask[0]=0x7ffbfeff, sa_flags=0x10000004
SIGFPE: [libjvm.so+0x81cb60], sa_mask[0]=0x7ffbfeff, sa_flags=0x10000004
SIGPIPE: [libjvm.so+0x81cb60], sa_mask[0]=0x7ffbfeff, sa_flags=0x10000004
SIGXFSZ: [libjvm.so+0x81cb60], sa_mask[0]=0x7ffbfeff, sa_flags=0x10000004
SIGILL: [libjvm.so+0x81cb60], sa_mask[0]=0x7ffbfeff, sa_flags=0x10000004
SIGUSR1: SIG_DFL, sa_mask[0]=0x00000000, sa_flags=0x00000000
SIGUSR2: [libjvm.so+0x81e360], sa_mask[0]=0x00000004, sa_flags=0x10000004
SIGHUP: [libjvm.so+0x81f480], sa_mask[0]=0x7ffbfeff, sa_flags=0x10000004
SIGINT: [libjvm.so+0x81f480], sa_mask[0]=0x7ffbfeff, sa_flags=0x10000004
SIGTERM: [libjvm.so+0x81f480], sa_mask[0]=0x7ffbfeff, sa_flags=0x10000004
SIGQUIT: [libjvm.so+0x81f480], sa_mask[0]=0x7ffbfeff, sa_flags=0x10000004


---------------  S Y S T E M  ---------------

OS:jessie/sid

uname:Linux 3.13.0-46-generic #76-Ubuntu SMP Thu Feb 26 18:52:13 UTC 2015 x86_64
libc:glibc 2.19 NPTL 2.19 
rlimit: STACK 8192k, CORE 0k, NPROC 45903, NOFILE 4096, AS infinity
load average:1.86 1.05 0.71

/proc/meminfo:
MemTotal:        5905412 kB
MemFree:          107976 kB
Buffers:            1088 kB
Cached:          1020896 kB
SwapCached:            0 kB
Active:          4596224 kB
Inactive:         983304 kB
Active(anon):    4571224 kB
Inactive(anon):   957472 kB
Active(file):      25000 kB
Inactive(file):    25832 kB
Unevictable:          32 kB
Mlocked:              32 kB
SwapTotal:             0 kB
SwapFree:              0 kB
Dirty:              3220 kB
Writeback:             0 kB
AnonPages:       4558404 kB
Mapped:           153352 kB
Shmem:            970384 kB
Slab:             101776 kB
SReclaimable:      43868 kB
SUnreclaim:        57908 kB
KernelStack:        4936 kB
PageTables:        39828 kB
NFS_Unstable:          0 kB
Bounce:                0 kB
WritebackTmp:          0 kB
CommitLimit:     2952704 kB
Committed_AS:   10569228 kB
VmallocTotal:   34359738367 kB
VmallocUsed:      555884 kB
VmallocChunk:   34359166972 kB
HardwareCorrupted:     0 kB
AnonHugePages:   2379776 kB
HugePages_Total:       0
HugePages_Free:        0
HugePages_Rsvd:        0
HugePages_Surp:        0
Hugepagesize:       2048 kB
DirectMap4k:       76032 kB
DirectMap2M:     6008832 kB


CPU:total 4 (2 cores per cpu, 2 threads per core) family 6 model 37 stepping 5, cmov, cx8, fxsr, mmx, sse, sse2, sse3, ssse3, sse4.1, sse4.2, popcnt, ht, tsc, tscinvbit

/proc/cpuinfo:
processor	: 0
vendor_id	: GenuineIntel
cpu family	: 6
model		: 37
model name	: Intel(R) Core(TM) i3 CPU       M 370  @ 2.40GHz
stepping	: 5
microcode	: 0x2
cpu MHz		: 2399.000
cache size	: 3072 KB
physical id	: 0
siblings	: 4
core id		: 0
cpu cores	: 2
apicid		: 0
initial apicid	: 0
fpu		: yes
fpu_exception	: yes
cpuid level	: 11
wp		: yes
flags		: fpu vme de pse tsc msr pae mce cx8 apic sep mtrr pge mca cmov pat pse36 clflush dts acpi mmx fxsr sse sse2 ss ht tm pbe syscall nx rdtscp lm constant_tsc arch_perfmon pebs bts rep_good nopl xtopology nonstop_tsc aperfmperf pni dtes64 monitor ds_cpl vmx est tm2 ssse3 cx16 xtpr pdcm pcid sse4_1 sse4_2 popcnt lahf_lm arat dtherm tpr_shadow vnmi flexpriority ept vpid
bogomips	: 4788.07
clflush size	: 64
cache_alignment	: 64
address sizes	: 36 bits physical, 48 bits virtual
power management:

processor	: 1
vendor_id	: GenuineIntel
cpu family	: 6
model		: 37
model name	: Intel(R) Core(TM) i3 CPU       M 370  @ 2.40GHz
stepping	: 5
microcode	: 0x2
cpu MHz		: 933.000
cache size	: 3072 KB
physical id	: 0
siblings	: 4
core id		: 0
cpu cores	: 2
apicid		: 1
initial apicid	: 1
fpu		: yes
fpu_exception	: yes
cpuid level	: 11
wp		: yes
flags		: fpu vme de pse tsc msr pae mce cx8 apic sep mtrr pge mca cmov pat pse36 clflush dts acpi mmx fxsr sse sse2 ss ht tm pbe syscall nx rdtscp lm constant_tsc arch_perfmon pebs bts rep_good nopl xtopology nonstop_tsc aperfmperf pni dtes64 monitor ds_cpl vmx est tm2 ssse3 cx16 xtpr pdcm pcid sse4_1 sse4_2 popcnt lahf_lm arat dtherm tpr_shadow vnmi flexpriority ept vpid
bogomips	: 4788.07
clflush size	: 64
cache_alignment	: 64
address sizes	: 36 bits physical, 48 bits virtual
power management:

processor	: 2
vendor_id	: GenuineIntel
cpu family	: 6
model		: 37
model name	: Intel(R) Core(TM) i3 CPU       M 370  @ 2.40GHz
stepping	: 5
microcode	: 0x2
cpu MHz		: 1066.000
cache size	: 3072 KB
physical id	: 0
siblings	: 4
core id		: 2
cpu cores	: 2
apicid		: 4
initial apicid	: 4
fpu		: yes
fpu_exception	: yes
cpuid level	: 11
wp		: yes
flags		: fpu vme de pse tsc msr pae mce cx8 apic sep mtrr pge mca cmov pat pse36 clflush dts acpi mmx fxsr sse sse2 ss ht tm pbe syscall nx rdtscp lm constant_tsc arch_perfmon pebs bts rep_good nopl xtopology nonstop_tsc aperfmperf pni dtes64 monitor ds_cpl vmx est tm2 ssse3 cx16 xtpr pdcm pcid sse4_1 sse4_2 popcnt lahf_lm arat dtherm tpr_shadow vnmi flexpriority ept vpid
bogomips	: 4788.07
clflush size	: 64
cache_alignment	: 64
address sizes	: 36 bits physical, 48 bits virtual
power management:

processor	: 3
vendor_id	: GenuineIntel
cpu family	: 6
model		: 37
model name	: Intel(R) Core(TM) i3 CPU       M 370  @ 2.40GHz
stepping	: 5
microcode	: 0x2
cpu MHz		: 2266.000
cache size	: 3072 KB
physical id	: 0
siblings	: 4
core id		: 2
cpu cores	: 2
apicid		: 5
initial apicid	: 5
fpu		: yes
fpu_exception	: yes
cpuid level	: 11
wp		: yes
flags		: fpu vme de pse tsc msr pae mce cx8 apic sep mtrr pge mca cmov pat pse36 clflush dts acpi mmx fxsr sse sse2 ss ht tm pbe syscall nx rdtscp lm constant_tsc arch_perfmon pebs bts rep_good nopl xtopology nonstop_tsc aperfmperf pni dtes64 monitor ds_cpl vmx est tm2 ssse3 cx16 xtpr pdcm pcid sse4_1 sse4_2 popcnt lahf_lm arat dtherm tpr_shadow vnmi flexpriority ept vpid
bogomips	: 4788.07
clflush size	: 64
cache_alignment	: 64
address sizes	: 36 bits physical, 48 bits virtual
power management:



Memory: 4k page, physical 5905412k(111528k free), swap 0k(0k free)

vm_info: Java HotSpot(TM) 64-Bit Server VM (24.76-b04) for linux-amd64 JRE (1.7.0_76-b13), built on Dec 18 2014 16:58:39 by "java_re" with gcc 4.3.0 20080428 (Red Hat 4.3.0-8)

time: Tue Mar  3 22:06:01 2015
elapsed time: 6 seconds

