#
# There is insufficient memory for the Java Runtime Environment to continue.
# Native memory allocation (malloc) failed to allocate 108003328 bytes for committing reserved memory.
# Possible reasons:
#   The system is out of physical RAM or swap space
#   In 32 bit mode, the process size limit was hit
# Possible solutions:
#   Reduce memory load on the system
#   Increase physical memory or swap space
#   Check if swap backing store is full
#   Use 64 bit Java on a 64 bit OS
#   Decrease Java heap size (-Xmx/-Xms)
#   Decrease number of Java threads
#   Decrease Java thread stack sizes (-Xss)
#   Set larger code cache with -XX:ReservedCodeCacheSize=
# This output file may be truncated or incomplete.
#
#  Out of Memory Error (os_linux.cpp:2756), pid=13184, tid=140520620214016
#
# JRE version: Java(TM) SE Runtime Environment (7.0_76-b13) (build 1.7.0_76-b13)
# Java VM: Java HotSpot(TM) 64-Bit Server VM (24.76-b04 mixed mode linux-amd64 compressed oops)
# Failed to write core dump. Core dumps have been disabled. To enable core dumping, try "ulimit -c unlimited" before starting Java again
#

---------------  T H R E A D  ---------------

Current thread (0x00007fcd8c130800):  VMThread [stack: 0x00007fcd8196c000,0x00007fcd81a6d000] [id=13198]

Stack: [0x00007fcd8196c000,0x00007fcd81a6d000],  sp=0x00007fcd81a6b140,  free space=1020k
Native frames: (J=compiled Java code, j=interpreted, Vv=VM code, C=native code)
V  [libjvm.so+0x9a32ba]  VMError::report_and_die()+0x2ea
V  [libjvm.so+0x497f7b]  report_vm_out_of_memory(char const*, int, unsigned long, char const*)+0x9b
V  [libjvm.so+0x81fcce]  os::Linux::commit_memory_impl(char*, unsigned long, bool)+0xfe
V  [libjvm.so+0x820219]  os::pd_commit_memory(char*, unsigned long, unsigned long, bool)+0x29
V  [libjvm.so+0x819faa]  os::commit_memory(char*, unsigned long, unsigned long, bool)+0x2a
V  [libjvm.so+0x88d843]  PSVirtualSpace::expand_by(unsigned long)+0x53
V  [libjvm.so+0x88ec18]  PSYoungGen::resize_generation(unsigned long, unsigned long)+0xf8
V  [libjvm.so+0x88dd82]  PSYoungGen::resize(unsigned long, unsigned long)+0x22
V  [libjvm.so+0x88b13d]  PSScavenge::invoke_no_policy()+0xf3d
V  [libjvm.so+0x88b981]  PSScavenge::invoke()+0x41
V  [libjvm.so+0x842300]  ParallelScavengeHeap::failed_mem_allocate(unsigned long)+0x70
V  [libjvm.so+0x9a4b47]  VM_ParallelGCFailedAllocation::doit()+0x97
V  [libjvm.so+0x9abfe5]  VM_Operation::evaluate()+0x55
V  [libjvm.so+0x9aa3aa]  VMThread::evaluate_operation(VM_Operation*)+0xba
V  [libjvm.so+0x9aa72e]  VMThread::loop()+0x1ce
V  [libjvm.so+0x9aaba0]  VMThread::run()+0x70
V  [libjvm.so+0x821ca8]  java_start(Thread*)+0x108

VM_Operation (0x00007fcd937a8230): ParallelGCFailedAllocation, mode: safepoint, requested by thread 0x00007fcd8c00a000


---------------  P R O C E S S  ---------------

Java Threads: ( => current thread )
  0x00007fcd8c15f800 JavaThread "Service Thread" daemon [_thread_blocked, id=13204, stack(0x00007fcd80b53000,0x00007fcd80c54000)]
  0x00007fcd8c15d000 JavaThread "C2 CompilerThread1" daemon [_thread_blocked, id=13203, stack(0x00007fcd80c54000,0x00007fcd80d55000)]
  0x00007fcd8c15a000 JavaThread "C2 CompilerThread0" daemon [_thread_blocked, id=13202, stack(0x00007fcd80d55000,0x00007fcd80e56000)]
  0x00007fcd8c158000 JavaThread "Signal Dispatcher" daemon [_thread_blocked, id=13201, stack(0x00007fcd80e56000,0x00007fcd80f57000)]
  0x00007fcd8c137000 JavaThread "Finalizer" daemon [_thread_blocked, id=13200, stack(0x00007fcd8176a000,0x00007fcd8186b000)]
  0x00007fcd8c135000 JavaThread "Reference Handler" daemon [_thread_blocked, id=13199, stack(0x00007fcd8186b000,0x00007fcd8196c000)]
  0x00007fcd8c00a000 JavaThread "main" [_thread_blocked, id=13193, stack(0x00007fcd936a9000,0x00007fcd937aa000)]

Other Threads:
=>0x00007fcd8c130800 VMThread [stack: 0x00007fcd8196c000,0x00007fcd81a6d000] [id=13198]
  0x00007fcd8c16a000 WatcherThread [stack: 0x00007fcd80a52000,0x00007fcd80b53000] [id=13205]

VM state:at safepoint (normal execution)

VM Mutex/Monitor currently owned by a thread:  ([mutex/lock_event])
[0x00007fcd8c006360] Threads_lock - owner thread: 0x00007fcd8c130800
[0x00007fcd8c006860] Heap_lock - owner thread: 0x00007fcd8c00a000

Heap
 PSYoungGen      total 97792K, used 2417K [0x00000000eaa80000, 0x00000000f0d80000, 0x0000000100000000)
  eden space 94208K, 0% used [0x00000000eaa80000,0x00000000eaa80000,0x00000000f0680000)
  from space 3584K, 67% used [0x00000000f0680000,0x00000000f08dc668,0x00000000f0a00000)
  to   space 3584K, 0% used [0x00000000f0a00000,0x00000000f0a00000,0x00000000f0d80000)
 ParOldGen       total 79872K, used 32399K [0x00000000c0000000, 0x00000000c4e00000, 0x00000000eaa80000)
  object space 79872K, 40% used [0x00000000c0000000,0x00000000c1fa3db0,0x00000000c4e00000)
 PSPermGen       total 21504K, used 6486K [0x00000000bae00000, 0x00000000bc300000, 0x00000000c0000000)
  object space 21504K, 30% used [0x00000000bae00000,0x00000000bb455ba8,0x00000000bc300000)

Card table byte_map: [0x00007fcd9076a000,0x00007fcd90994000] byte_map_base: 0x00007fcd90193000

Polling page: 0x00007fcd937ca000

Code Cache  [0x00007fcd89000000, 0x00007fcd89270000, 0x00007fcd8c000000)
 total_blobs=735 nmethods=487 adapters=202 free_code_cache=47772Kb largest_free_block=48889408

Compilation events (10 events):
Event: 3.726 Thread 0x00007fcd8c15d000 nmethod 483 0x00007fcd8915d9d0 code [0x00007fcd8915dba0, 0x00007fcd8915e4b8]
Event: 3.730 Thread 0x00007fcd8c15d000  485             com.android.dx.io.instructions.DecodedInstruction::getLiteralUnit (55 bytes)
Event: 3.733 Thread 0x00007fcd8c15a000 nmethod 484 0x00007fcd8915edd0 code [0x00007fcd8915efa0, 0x00007fcd8915f878]
Event: 3.733 Thread 0x00007fcd8c15a000  486             com.android.dx.merge.DexMerger::transformClassDef (160 bytes)
Event: 3.734 Thread 0x00007fcd8c15d000 nmethod 485 0x00007fcd89147e90 code [0x00007fcd89147fc0, 0x00007fcd89148038]
Event: 3.735 Thread 0x00007fcd8c15d000  487             com.android.dx.merge.IndexMap::adjustAnnotationDirectory (18 bytes)
Event: 3.749 Thread 0x00007fcd8c15d000 nmethod 487 0x00007fcd891476d0 code [0x00007fcd89147840, 0x00007fcd89147af8]
Event: 3.749 Thread 0x00007fcd8c15d000  488             com.android.dx.merge.IndexMap::adjustStaticValues (18 bytes)
Event: 3.866 Thread 0x00007fcd8c15d000 nmethod 488 0x00007fcd891597d0 code [0x00007fcd89159940, 0x00007fcd89159bf8]
Event: 3.918 Thread 0x00007fcd8c15d000  489             com.android.dx.io.instructions.InstructionCodec$11::decode (38 bytes)

GC Heap History (10 events):
Event: 1.040 GC heap after
Heap after GC invocations=1 (full 0):
 PSYoungGen      total 27136K, used 3559K [0x00000000eaa80000, 0x00000000edf80000, 0x0000000100000000)
  eden space 23552K, 0% used [0x00000000eaa80000,0x00000000eaa80000,0x00000000ec180000)
  from space 3584K, 99% used [0x00000000ec180000,0x00000000ec4f9ce8,0x00000000ec500000)
  to   space 3584K, 0% used [0x00000000edc00000,0x00000000edc00000,0x00000000edf80000)
 ParOldGen       total 61440K, used 4938K [0x00000000c0000000, 0x00000000c3c00000, 0x00000000eaa80000)
  object space 61440K, 8% used [0x00000000c0000000,0x00000000c04d28d8,0x00000000c3c00000)
 PSPermGen       total 21504K, used 4803K [0x00000000bae00000, 0x00000000bc300000, 0x00000000c0000000)
  object space 21504K, 22% used [0x00000000bae00000,0x00000000bb2b0e70,0x00000000bc300000)
}
Event: 1.917 GC heap before
{Heap before GC invocations=2 (full 0):
 PSYoungGen      total 27136K, used 26508K [0x00000000eaa80000, 0x00000000edf80000, 0x0000000100000000)
  eden space 23552K, 97% used [0x00000000eaa80000,0x00000000ec0e9440,0x00000000ec180000)
  from space 3584K, 99% used [0x00000000ec180000,0x00000000ec4f9ce8,0x00000000ec500000)
  to   space 3584K, 0% used [0x00000000edc00000,0x00000000edc00000,0x00000000edf80000)
 ParOldGen       total 61440K, used 4938K [0x00000000c0000000, 0x00000000c3c00000, 0x00000000eaa80000)
  object space 61440K, 8% used [0x00000000c0000000,0x00000000c04d28d8,0x00000000c3c00000)
 PSPermGen       total 21504K, used 6397K [0x00000000bae00000, 0x00000000bc300000, 0x00000000c0000000)
  object space 21504K, 29% used [0x00000000bae00000,0x00000000bb43f500,0x00000000bc300000)
Event: 1.925 GC heap after
Heap after GC invocations=2 (full 0):
 PSYoungGen      total 50688K, used 3581K [0x00000000eaa80000, 0x00000000edf80000, 0x0000000100000000)
  eden space 47104K, 0% used [0x00000000eaa80000,0x00000000eaa80000,0x00000000ed880000)
  from space 3584K, 99% used [0x00000000edc00000,0x00000000edf7f548,0x00000000edf80000)
  to   space 3584K, 0% used [0x00000000ed880000,0x00000000ed880000,0x00000000edc00000)
 ParOldGen       total 61440K, used 7507K [0x00000000c0000000, 0x00000000c3c00000, 0x00000000eaa80000)
  object space 61440K, 12% used [0x00000000c0000000,0x00000000c0754fc0,0x00000000c3c00000)
 PSPermGen       total 21504K, used 6397K [0x00000000bae00000, 0x00000000bc300000, 0x00000000c0000000)
  object space 21504K, 29% used [0x00000000bae00000,0x00000000bb43f500,0x00000000bc300000)
}
Event: 2.531 GC heap before
{Heap before GC invocations=3 (full 0):
 PSYoungGen      total 50688K, used 50685K [0x00000000eaa80000, 0x00000000edf80000, 0x0000000100000000)
  eden space 47104K, 100% used [0x00000000eaa80000,0x00000000ed880000,0x00000000ed880000)
  from space 3584K, 99% used [0x00000000edc00000,0x00000000edf7f548,0x00000000edf80000)
  to   space 3584K, 0% used [0x00000000ed880000,0x00000000ed880000,0x00000000edc00000)
 ParOldGen       total 61440K, used 7507K [0x00000000c0000000, 0x00000000c3c00000, 0x00000000eaa80000)
  object space 61440K, 12% used [0x00000000c0000000,0x00000000c0754fc0,0x00000000c3c00000)
 PSPermGen       total 21504K, used 6461K [0x00000000bae00000, 0x00000000bc300000, 0x00000000c0000000)
  object space 21504K, 30% used [0x00000000bae00000,0x00000000bb44f6c0,0x00000000bc300000)
Event: 2.543 GC heap after
Heap after GC invocations=3 (full 0):
 PSYoungGen      total 50688K, used 3568K [0x00000000eaa80000, 0x00000000f0d80000, 0x0000000100000000)
  eden space 47104K, 0% used [0x00000000eaa80000,0x00000000eaa80000,0x00000000ed880000)
  from space 3584K, 99% used [0x00000000ed880000,0x00000000edbfc1d8,0x00000000edc00000)
  to   space 3584K, 0% used [0x00000000f0a00000,0x00000000f0a00000,0x00000000f0d80000)
 ParOldGen       total 61440K, used 18343K [0x00000000c0000000, 0x00000000c3c00000, 0x00000000eaa80000)
  object space 61440K, 29% used [0x00000000c0000000,0x00000000c11e9dd8,0x00000000c3c00000)
 PSPermGen       total 21504K, used 6461K [0x00000000bae00000, 0x00000000bc300000, 0x00000000c0000000)
  object space 21504K, 30% used [0x00000000bae00000,0x00000000bb44f6c0,0x00000000bc300000)
}
Event: 3.075 GC heap before
{Heap before GC invocations=4 (full 0):
 PSYoungGen      total 50688K, used 50672K [0x00000000eaa80000, 0x00000000f0d80000, 0x0000000100000000)
  eden space 47104K, 100% used [0x00000000eaa80000,0x00000000ed880000,0x00000000ed880000)
  from space 3584K, 99% used [0x00000000ed880000,0x00000000edbfc1d8,0x00000000edc00000)
  to   space 3584K, 0% used [0x00000000f0a00000,0x00000000f0a00000,0x00000000f0d80000)
 ParOldGen       total 61440K, used 18343K [0x00000000c0000000, 0x00000000c3c00000, 0x00000000eaa80000)
  object space 61440K, 29% used [0x00000000c0000000,0x00000000c11e9dd8,0x00000000c3c00000)
 PSPermGen       total 21504K, used 6476K [0x00000000bae00000, 0x00000000bc300000, 0x00000000c0000000)
  object space 21504K, 30% used [0x00000000bae00000,0x00000000bb453240,0x00000000bc300000)
Event: 3.096 GC heap after
Heap after GC invocations=4 (full 0):
 PSYoungGen      total 97792K, used 3582K [0x00000000eaa80000, 0x00000000f0d80000, 0x0000000100000000)
  eden space 94208K, 0% used [0x00000000eaa80000,0x00000000eaa80000,0x00000000f0680000)
  from space 3584K, 99% used [0x00000000f0a00000,0x00000000f0d7fb80,0x00000000f0d80000)
  to   space 3584K, 0% used [0x00000000f0680000,0x00000000f0680000,0x00000000f0a00000)
 ParOldGen       total 61440K, used 40774K [0x00000000c0000000, 0x00000000c3c00000, 0x00000000eaa80000)
  object space 61440K, 66% used [0x00000000c0000000,0x00000000c27d1b88,0x00000000c3c00000)
 PSPermGen       total 21504K, used 6476K [0x00000000bae00000, 0x00000000bc300000, 0x00000000c0000000)
  object space 21504K, 30% used [0x00000000bae00000,0x00000000bb453240,0x00000000bc300000)
}
Event: 3.097 GC heap before
{Heap before GC invocations=5 (full 1):
 PSYoungGen      total 97792K, used 3582K [0x00000000eaa80000, 0x00000000f0d80000, 0x0000000100000000)
  eden space 94208K, 0% used [0x00000000eaa80000,0x00000000eaa80000,0x00000000f0680000)
  from space 3584K, 99% used [0x00000000f0a00000,0x00000000f0d7fb80,0x00000000f0d80000)
  to   space 3584K, 0% used [0x00000000f0680000,0x00000000f0680000,0x00000000f0a00000)
 ParOldGen       total 61440K, used 40774K [0x00000000c0000000, 0x00000000c3c00000, 0x00000000eaa80000)
  object space 61440K, 66% used [0x00000000c0000000,0x00000000c27d1b88,0x00000000c3c00000)
 PSPermGen       total 21504K, used 6476K [0x00000000bae00000, 0x00000000bc300000, 0x00000000c0000000)
  object space 21504K, 30% used [0x00000000bae00000,0x00000000bb453240,0x00000000bc300000)
Event: 3.173 GC heap after
Heap after GC invocations=5 (full 1):
 PSYoungGen      total 97792K, used 0K [0x00000000eaa80000, 0x00000000f0d80000, 0x0000000100000000)
  eden space 94208K, 0% used [0x00000000eaa80000,0x00000000eaa80000,0x00000000f0680000)
  from space 3584K, 0% used [0x00000000f0a00000,0x00000000f0a00000,0x00000000f0d80000)
  to   space 3584K, 0% used [0x00000000f0680000,0x00000000f0680000,0x00000000f0a00000)
 ParOldGen       total 79872K, used 18715K [0x00000000c0000000, 0x00000000c4e00000, 0x00000000eaa80000)
  object space 79872K, 23% used [0x00000000c0000000,0x00000000c1246f70,0x00000000c4e00000)
 PSPermGen       total 21504K, used 6474K [0x00000000bae00000, 0x00000000bc300000, 0x00000000c0000000)
  object space 21504K, 30% used [0x00000000bae00000,0x00000000bb452910,0x00000000bc300000)
}
Event: 3.943 GC heap before
{Heap before GC invocations=6 (full 1):
 PSYoungGen      total 97792K, used 94208K [0x00000000eaa80000, 0x00000000f0d80000, 0x0000000100000000)
  eden space 94208K, 100% used [0x00000000eaa80000,0x00000000f0680000,0x00000000f0680000)
  from space 3584K, 0% used [0x00000000f0a00000,0x00000000f0a00000,0x00000000f0d80000)
  to   space 3584K, 0% used [0x00000000f0680000,0x00000000f0680000,0x00000000f0a00000)
 ParOldGen       total 79872K, used 18715K [0x00000000c0000000, 0x00000000c4e00000, 0x00000000eaa80000)
  object space 79872K, 23% used [0x00000000c0000000,0x00000000c1246f70,0x00000000c4e00000)
 PSPermGen       total 21504K, used 6486K [0x00000000bae00000, 0x00000000bc300000, 0x00000000c0000000)
  object space 21504K, 30% used [0x00000000bae00000,0x00000000bb455ba8,0x00000000bc300000)

Deoptimization events (10 events):
Event: 1.568 Thread 0x00007fcd8c00a000 Uncommon trap: reason=class_check action=maybe_recompile pc=0x00007fcd89094044 method=com.android.dex.Leb128.readUnsignedLeb128(Lcom/android/dex/util/ByteInput;)I @ 5
Event: 1.568 Thread 0x00007fcd8c00a000 Uncommon trap: reason=class_check action=maybe_recompile pc=0x00007fcd89094044 method=com.android.dex.Leb128.readUnsignedLeb128(Lcom/android/dex/util/ByteInput;)I @ 5
Event: 1.568 Thread 0x00007fcd8c00a000 Uncommon trap: reason=class_check action=maybe_recompile pc=0x00007fcd89094044 method=com.android.dex.Leb128.readUnsignedLeb128(Lcom/android/dex/util/ByteInput;)I @ 5
Event: 1.810 Thread 0x00007fcd8c00a000 Uncommon trap: reason=predicate action=maybe_recompile pc=0x00007fcd890b0dd0 method=com.android.dex.Leb128.readUnsignedLeb128(Lcom/android/dex/util/ByteInput;)I @ 41
Event: 2.666 Thread 0x00007fcd8c00a000 Uncommon trap: reason=predicate action=maybe_recompile pc=0x00007fcd890e4c5c method=java.util.ComparableTimSort.binarySort([Ljava/lang/Object;III)V @ 37
Event: 2.995 Thread 0x00007fcd8c00a000 Uncommon trap: reason=predicate action=maybe_recompile pc=0x00007fcd8910b498 method=java.util.TimSort.binarySort([Ljava/lang/Object;IIILjava/util/Comparator;)V @ 37
Event: 3.452 Thread 0x00007fcd8c00a000 Uncommon trap: reason=array_check action=maybe_recompile pc=0x00007fcd89134d48 method=java.util.TimSort.binarySort([Ljava/lang/Object;IIILjava/util/Comparator;)V @ 193
Event: 3.452 Thread 0x00007fcd8c00a000 Uncommon trap: reason=array_check action=maybe_recompile pc=0x00007fcd89134e0c method=java.util.TimSort.binarySort([Ljava/lang/Object;IIILjava/util/Comparator;)V @ 183
Event: 3.452 Thread 0x00007fcd8c00a000 Uncommon trap: reason=array_check action=maybe_recompile pc=0x00007fcd89134d48 method=java.util.TimSort.binarySort([Ljava/lang/Object;IIILjava/util/Comparator;)V @ 193
Event: 3.452 Thread 0x00007fcd8c00a000 Uncommon trap: reason=array_check action=maybe_recompile pc=0x00007fcd89134e0c method=java.util.TimSort.binarySort([Ljava/lang/Object;IIILjava/util/Comparator;)V @ 183

Internal exceptions (10 events):
Event: 1.438 Thread 0x00007fcd8c00a000 Threw 0x00000000eb656c70 at /HUDSON/workspace/7u-2-build-linux-amd64/jdk7u76/1941/hotspot/src/share/vm/prims/jvm.cpp:1304
Event: 1.438 Thread 0x00007fcd8c00a000 Threw 0x00000000eb659b70 at /HUDSON/workspace/7u-2-build-linux-amd64/jdk7u76/1941/hotspot/src/share/vm/prims/jvm.cpp:1304
Event: 1.439 Thread 0x00007fcd8c00a000 Threw 0x00000000eb65ce88 at /HUDSON/workspace/7u-2-build-linux-amd64/jdk7u76/1941/hotspot/src/share/vm/prims/jvm.cpp:1304
Event: 1.442 Thread 0x00007fcd8c00a000 Threw 0x00000000eb663f30 at /HUDSON/workspace/7u-2-build-linux-amd64/jdk7u76/1941/hotspot/src/share/vm/prims/jvm.cpp:1304
Event: 1.442 Thread 0x00007fcd8c00a000 Threw 0x00000000eb665fb0 at /HUDSON/workspace/7u-2-build-linux-amd64/jdk7u76/1941/hotspot/src/share/vm/prims/jvm.cpp:1304
Event: 1.497 Thread 0x00007fcd8c00a000 Threw 0x00000000eb705158 at /HUDSON/workspace/7u-2-build-linux-amd64/jdk7u76/1941/hotspot/src/share/vm/prims/jvm.cpp:1304
Event: 1.497 Thread 0x00007fcd8c00a000 Threw 0x00000000eb705280 at /HUDSON/workspace/7u-2-build-linux-amd64/jdk7u76/1941/hotspot/src/share/vm/prims/jvm.cpp:1304
Event: 1.497 Thread 0x00007fcd8c00a000 Threw 0x00000000eb7075f0 at /HUDSON/workspace/7u-2-build-linux-amd64/jdk7u76/1941/hotspot/src/share/vm/prims/jvm.cpp:1304
Event: 1.497 Thread 0x00007fcd8c00a000 Threw 0x00000000eb707718 at /HUDSON/workspace/7u-2-build-linux-amd64/jdk7u76/1941/hotspot/src/share/vm/prims/jvm.cpp:1304
Event: 2.054 Thread 0x00007fcd8c00a000 Threw 0x00000000eb12b290 at /HUDSON/workspace/7u-2-build-linux-amd64/jdk7u76/1941/hotspot/src/share/vm/prims/jvm.cpp:1304

Events (10 events):
Event: 3.452 Thread 0x00007fcd8c00a000 Uncommon trap: trap_request=0xffffffd6 fr.pc=0x00007fcd89134e0c
Event: 3.452 Thread 0x00007fcd8c00a000 DEOPT PACKING pc=0x00007fcd89134e0c sp=0x00007fcd937a83d0
Event: 3.452 Thread 0x00007fcd8c00a000 DEOPT UNPACKING pc=0x00007fcd89039045 sp=0x00007fcd937a8398 mode 2
Event: 3.452 Thread 0x00007fcd8c00a000 Uncommon trap: trap_request=0xffffffd6 fr.pc=0x00007fcd89134d48
Event: 3.452 Thread 0x00007fcd8c00a000 DEOPT PACKING pc=0x00007fcd89134d48 sp=0x00007fcd937a83d0
Event: 3.452 Thread 0x00007fcd8c00a000 DEOPT UNPACKING pc=0x00007fcd89039045 sp=0x00007fcd937a8398 mode 2
Event: 3.452 Thread 0x00007fcd8c00a000 Uncommon trap: trap_request=0xffffffd6 fr.pc=0x00007fcd89134e0c
Event: 3.452 Thread 0x00007fcd8c00a000 DEOPT PACKING pc=0x00007fcd89134e0c sp=0x00007fcd937a83d0
Event: 3.452 Thread 0x00007fcd8c00a000 DEOPT UNPACKING pc=0x00007fcd89039045 sp=0x00007fcd937a8398 mode 2
Event: 3.936 Executing VM operation: ParallelGCFailedAllocation


Dynamic libraries:
00400000-00401000 r-xp 00000000 08:01 3818624                            /usr/lib/jvm/java-7-oracle/jre/bin/java
00600000-00601000 rw-p 00000000 08:01 3818624                            /usr/lib/jvm/java-7-oracle/jre/bin/java
00b6a000-00b8b000 rw-p 00000000 00:00 0                                  [heap]
bae00000-bc300000 rw-p 00000000 00:00 0 
bc300000-c0000000 rw-p 00000000 00:00 0 
c0000000-c4e00000 rw-p 00000000 00:00 0 
c4e00000-eaa80000 rw-p 00000000 00:00 0 
eaa80000-f0d80000 rw-p 00000000 00:00 0 
f7480000-100000000 rw-p 00000000 00:00 0 
7fcd54000000-7fcd54021000 rw-p 00000000 00:00 0 
7fcd54021000-7fcd58000000 ---p 00000000 00:00 0 
7fcd58000000-7fcd58021000 rw-p 00000000 00:00 0 
7fcd58021000-7fcd5c000000 ---p 00000000 00:00 0 
7fcd5c000000-7fcd5c703000 rw-p 00000000 00:00 0 
7fcd5c703000-7fcd60000000 ---p 00000000 00:00 0 
7fcd60000000-7fcd60927000 rw-p 00000000 00:00 0 
7fcd60927000-7fcd64000000 ---p 00000000 00:00 0 
7fcd64000000-7fcd64021000 rw-p 00000000 00:00 0 
7fcd64021000-7fcd68000000 ---p 00000000 00:00 0 
7fcd68000000-7fcd68021000 rw-p 00000000 00:00 0 
7fcd68021000-7fcd6c000000 ---p 00000000 00:00 0 
7fcd6c000000-7fcd6c0e5000 rw-p 00000000 00:00 0 
7fcd6c0e5000-7fcd70000000 ---p 00000000 00:00 0 
7fcd70000000-7fcd70021000 rw-p 00000000 00:00 0 
7fcd70021000-7fcd74000000 ---p 00000000 00:00 0 
7fcd74000000-7fcd74021000 rw-p 00000000 00:00 0 
7fcd74021000-7fcd78000000 ---p 00000000 00:00 0 
7fcd78000000-7fcd78021000 rw-p 00000000 00:00 0 
7fcd78021000-7fcd7c000000 ---p 00000000 00:00 0 
7fcd7c000000-7fcd7c021000 rw-p 00000000 00:00 0 
7fcd7c021000-7fcd80000000 ---p 00000000 00:00 0 
7fcd804bd000-7fcd8062a000 rw-p 00000000 00:00 0 
7fcd8062a000-7fcd80640000 r-xp 00000000 08:01 3818469                    /usr/lib/jvm/java-7-oracle/jre/lib/amd64/libnet.so
7fcd80640000-7fcd80840000 ---p 00016000 08:01 3818469                    /usr/lib/jvm/java-7-oracle/jre/lib/amd64/libnet.so
7fcd80840000-7fcd80841000 rw-p 00016000 08:01 3818469                    /usr/lib/jvm/java-7-oracle/jre/lib/amd64/libnet.so
7fcd80841000-7fcd80851000 r-xp 00000000 08:01 3815879                    /usr/lib/jvm/java-7-oracle/jre/lib/amd64/libnio.so
7fcd80851000-7fcd80a51000 ---p 00010000 08:01 3815879                    /usr/lib/jvm/java-7-oracle/jre/lib/amd64/libnio.so
7fcd80a51000-7fcd80a52000 rw-p 00010000 08:01 3815879                    /usr/lib/jvm/java-7-oracle/jre/lib/amd64/libnio.so
7fcd80a52000-7fcd80a53000 ---p 00000000 00:00 0 
7fcd80a53000-7fcd80b53000 rw-p 00000000 00:00 0                          [stack:13205]
7fcd80b53000-7fcd80b56000 ---p 00000000 00:00 0 
7fcd80b56000-7fcd80c54000 rw-p 00000000 00:00 0                          [stack:13204]
7fcd80c54000-7fcd80c57000 ---p 00000000 00:00 0 
7fcd80c57000-7fcd80d55000 rw-p 00000000 00:00 0                          [stack:13203]
7fcd80d55000-7fcd80d58000 ---p 00000000 00:00 0 
7fcd80d58000-7fcd80e56000 rw-p 00000000 00:00 0                          [stack:13202]
7fcd80e56000-7fcd80e59000 ---p 00000000 00:00 0 
7fcd80e59000-7fcd80f57000 rw-p 00000000 00:00 0                          [stack:13201]
7fcd80f57000-7fcd8176a000 r--p 00000000 08:01 3808254                    /usr/lib/locale/locale-archive
7fcd8176a000-7fcd8176d000 ---p 00000000 00:00 0 
7fcd8176d000-7fcd8186b000 rw-p 00000000 00:00 0                          [stack:13200]
7fcd8186b000-7fcd8186e000 ---p 00000000 00:00 0 
7fcd8186e000-7fcd8196c000 rw-p 00000000 00:00 0                          [stack:13199]
7fcd8196c000-7fcd8196d000 ---p 00000000 00:00 0 
7fcd8196d000-7fcd84000000 rw-p 00000000 00:00 0                          [stack:13198]
7fcd84000000-7fcd84021000 rw-p 00000000 00:00 0 
7fcd84021000-7fcd88000000 ---p 00000000 00:00 0 
7fcd8800c000-7fcd88c18000 rw-p 00000000 00:00 0 
7fcd88c18000-7fcd88dd7000 r--s 039f0000 08:01 3815342                    /usr/lib/jvm/java-7-oracle/jre/lib/rt.jar
7fcd88dd7000-7fcd89000000 rw-p 00000000 00:00 0 
7fcd89000000-7fcd89270000 rwxp 00000000 00:00 0 
7fcd89270000-7fcd8c304000 rw-p 00000000 00:00 0 
7fcd8c304000-7fcd90000000 ---p 00000000 00:00 0 
7fcd9009e000-7fcd900a5000 r--s 00000000 08:01 4071599                    /usr/lib/x86_64-linux-gnu/gconv/gconv-modules.cache
7fcd900a5000-7fcd900cb000 r--p 00000000 08:01 4460467                    /usr/share/locale-langpack/ko/LC_MESSAGES/libc.mo
7fcd900cb000-7fcd901e7000 rw-p 00000000 00:00 0 
7fcd901e7000-7fcd901e8000 ---p 00000000 00:00 0 
7fcd901e8000-7fcd902e8000 rw-p 00000000 00:00 0                          [stack:13197]
7fcd902e8000-7fcd902e9000 ---p 00000000 00:00 0 
7fcd902e9000-7fcd903e9000 rw-p 00000000 00:00 0                          [stack:13196]
7fcd903e9000-7fcd903ea000 ---p 00000000 00:00 0 
7fcd903ea000-7fcd904ea000 rw-p 00000000 00:00 0                          [stack:13195]
7fcd904ea000-7fcd904eb000 ---p 00000000 00:00 0 
7fcd904eb000-7fcd905f6000 rw-p 00000000 00:00 0                          [stack:13194]
7fcd905f6000-7fcd90614000 rw-p 00000000 00:00 0 
7fcd90614000-7fcd9063b000 rw-p 00000000 00:00 0 
7fcd9063b000-7fcd9076a000 rw-p 00000000 00:00 0 
7fcd9076a000-7fcd90775000 rw-p 00000000 00:00 0 
7fcd90775000-7fcd90793000 rw-p 00000000 00:00 0 
7fcd90793000-7fcd907ba000 rw-p 00000000 00:00 0 
7fcd907ba000-7fcd908e8000 rw-p 00000000 00:00 0 
7fcd908e8000-7fcd9091a000 rw-p 00000000 00:00 0 
7fcd9091a000-7fcd90993000 rw-p 00000000 00:00 0 
7fcd90993000-7fcd90994000 rw-p 00000000 00:00 0 
7fcd90994000-7fcd909ae000 r-xp 00000000 08:01 3815891                    /usr/lib/jvm/java-7-oracle/jre/lib/amd64/libzip.so
7fcd909ae000-7fcd90bae000 ---p 0001a000 08:01 3815891                    /usr/lib/jvm/java-7-oracle/jre/lib/amd64/libzip.so
7fcd90bae000-7fcd90baf000 rw-p 0001a000 08:01 3815891                    /usr/lib/jvm/java-7-oracle/jre/lib/amd64/libzip.so
7fcd90baf000-7fcd90bba000 r-xp 00000000 08:01 4601829                    /lib/x86_64-linux-gnu/libnss_files-2.19.so
7fcd90bba000-7fcd90db9000 ---p 0000b000 08:01 4601829                    /lib/x86_64-linux-gnu/libnss_files-2.19.so
7fcd90db9000-7fcd90dba000 r--p 0000a000 08:01 4601829                    /lib/x86_64-linux-gnu/libnss_files-2.19.so
7fcd90dba000-7fcd90dbb000 rw-p 0000b000 08:01 4601829                    /lib/x86_64-linux-gnu/libnss_files-2.19.so
7fcd90dbb000-7fcd90dc6000 r-xp 00000000 08:01 4601826                    /lib/x86_64-linux-gnu/libnss_nis-2.19.so
7fcd90dc6000-7fcd90fc5000 ---p 0000b000 08:01 4601826                    /lib/x86_64-linux-gnu/libnss_nis-2.19.so
7fcd90fc5000-7fcd90fc6000 r--p 0000a000 08:01 4601826                    /lib/x86_64-linux-gnu/libnss_nis-2.19.so
7fcd90fc6000-7fcd90fc7000 rw-p 0000b000 08:01 4601826                    /lib/x86_64-linux-gnu/libnss_nis-2.19.so
7fcd90fc7000-7fcd90fde000 r-xp 00000000 08:01 4601820                    /lib/x86_64-linux-gnu/libnsl-2.19.so
7fcd90fde000-7fcd911dd000 ---p 00017000 08:01 4601820                    /lib/x86_64-linux-gnu/libnsl-2.19.so
7fcd911dd000-7fcd911de000 r--p 00016000 08:01 4601820                    /lib/x86_64-linux-gnu/libnsl-2.19.so
7fcd911de000-7fcd911df000 rw-p 00017000 08:01 4601820                    /lib/x86_64-linux-gnu/libnsl-2.19.so
7fcd911df000-7fcd911e1000 rw-p 00000000 00:00 0 
7fcd911e1000-7fcd911ea000 r-xp 00000000 08:01 4601817                    /lib/x86_64-linux-gnu/libnss_compat-2.19.so
7fcd911ea000-7fcd913e9000 ---p 00009000 08:01 4601817                    /lib/x86_64-linux-gnu/libnss_compat-2.19.so
7fcd913e9000-7fcd913ea000 r--p 00008000 08:01 4601817                    /lib/x86_64-linux-gnu/libnss_compat-2.19.so
7fcd913ea000-7fcd913eb000 rw-p 00009000 08:01 4601817                    /lib/x86_64-linux-gnu/libnss_compat-2.19.so
7fcd913eb000-7fcd91414000 r-xp 00000000 08:01 3815892                    /usr/lib/jvm/java-7-oracle/jre/lib/amd64/libjava.so
7fcd91414000-7fcd91614000 ---p 00029000 08:01 3815892                    /usr/lib/jvm/java-7-oracle/jre/lib/amd64/libjava.so
7fcd91614000-7fcd91616000 rw-p 00029000 08:01 3815892                    /usr/lib/jvm/java-7-oracle/jre/lib/amd64/libjava.so
7fcd91616000-7fcd91623000 r-xp 00000000 08:01 3815883                    /usr/lib/jvm/java-7-oracle/jre/lib/amd64/libverify.so
7fcd91623000-7fcd91822000 ---p 0000d000 08:01 3815883                    /usr/lib/jvm/java-7-oracle/jre/lib/amd64/libverify.so
7fcd91822000-7fcd91824000 rw-p 0000c000 08:01 3815883                    /usr/lib/jvm/java-7-oracle/jre/lib/amd64/libverify.so
7fcd91824000-7fcd9182b000 r-xp 00000000 08:01 4601812                    /lib/x86_64-linux-gnu/librt-2.19.so
7fcd9182b000-7fcd91a2a000 ---p 00007000 08:01 4601812                    /lib/x86_64-linux-gnu/librt-2.19.so
7fcd91a2a000-7fcd91a2b000 r--p 00006000 08:01 4601812                    /lib/x86_64-linux-gnu/librt-2.19.so
7fcd91a2b000-7fcd91a2c000 rw-p 00007000 08:01 4601812                    /lib/x86_64-linux-gnu/librt-2.19.so
7fcd91a2c000-7fcd91b31000 r-xp 00000000 08:01 4601819                    /lib/x86_64-linux-gnu/libm-2.19.so
7fcd91b31000-7fcd91d30000 ---p 00105000 08:01 4601819                    /lib/x86_64-linux-gnu/libm-2.19.so
7fcd91d30000-7fcd91d31000 r--p 00104000 08:01 4601819                    /lib/x86_64-linux-gnu/libm-2.19.so
7fcd91d31000-7fcd91d32000 rw-p 00105000 08:01 4601819                    /lib/x86_64-linux-gnu/libm-2.19.so
7fcd91d32000-7fcd928a7000 r-xp 00000000 08:01 3818475                    /usr/lib/jvm/java-7-oracle/jre/lib/amd64/server/libjvm.so
7fcd928a7000-7fcd92aa7000 ---p 00b75000 08:01 3818475                    /usr/lib/jvm/java-7-oracle/jre/lib/amd64/server/libjvm.so
7fcd92aa7000-7fcd92b6b000 rw-p 00b75000 08:01 3818475                    /usr/lib/jvm/java-7-oracle/jre/lib/amd64/server/libjvm.so
7fcd92b6b000-7fcd92bac000 rw-p 00000000 00:00 0 
7fcd92bac000-7fcd92d67000 r-xp 00000000 08:01 4601811                    /lib/x86_64-linux-gnu/libc-2.19.so
7fcd92d67000-7fcd92f67000 ---p 001bb000 08:01 4601811                    /lib/x86_64-linux-gnu/libc-2.19.so
7fcd92f67000-7fcd92f6b000 r--p 001bb000 08:01 4601811                    /lib/x86_64-linux-gnu/libc-2.19.so
7fcd92f6b000-7fcd92f6d000 rw-p 001bf000 08:01 4601811                    /lib/x86_64-linux-gnu/libc-2.19.so
7fcd92f6d000-7fcd92f72000 rw-p 00000000 00:00 0 
7fcd92f72000-7fcd92f75000 r-xp 00000000 08:01 4601815                    /lib/x86_64-linux-gnu/libdl-2.19.so
7fcd92f75000-7fcd93174000 ---p 00003000 08:01 4601815                    /lib/x86_64-linux-gnu/libdl-2.19.so
7fcd93174000-7fcd93175000 r--p 00002000 08:01 4601815                    /lib/x86_64-linux-gnu/libdl-2.19.so
7fcd93175000-7fcd93176000 rw-p 00003000 08:01 4601815                    /lib/x86_64-linux-gnu/libdl-2.19.so
7fcd93176000-7fcd9318c000 r-xp 00000000 08:01 3815454                    /usr/lib/jvm/java-7-oracle/jre/lib/amd64/jli/libjli.so
7fcd9318c000-7fcd9338c000 ---p 00016000 08:01 3815454                    /usr/lib/jvm/java-7-oracle/jre/lib/amd64/jli/libjli.so
7fcd9338c000-7fcd9338d000 rw-p 00016000 08:01 3815454                    /usr/lib/jvm/java-7-oracle/jre/lib/amd64/jli/libjli.so
7fcd9338d000-7fcd933a6000 r-xp 00000000 08:01 4601828                    /lib/x86_64-linux-gnu/libpthread-2.19.so
7fcd933a6000-7fcd935a5000 ---p 00019000 08:01 4601828                    /lib/x86_64-linux-gnu/libpthread-2.19.so
7fcd935a5000-7fcd935a6000 r--p 00018000 08:01 4601828                    /lib/x86_64-linux-gnu/libpthread-2.19.so
7fcd935a6000-7fcd935a7000 rw-p 00019000 08:01 4601828                    /lib/x86_64-linux-gnu/libpthread-2.19.so
7fcd935a7000-7fcd935ab000 rw-p 00000000 00:00 0 
7fcd935ab000-7fcd935ce000 r-xp 00000000 08:01 4601808                    /lib/x86_64-linux-gnu/ld-2.19.so
7fcd935ce000-7fcd935cf000 rw-p 00000000 00:00 0 
7fcd935cf000-7fcd935d3000 r--s 000f7000 08:01 3818490                    /usr/lib/jvm/java-7-oracle/jre/lib/ext/localedata.jar
7fcd935d3000-7fcd935f3000 rw-p 00000000 00:00 0 
7fcd935f3000-7fcd936a9000 rw-p 00000000 00:00 0 
7fcd936a9000-7fcd936ac000 ---p 00000000 00:00 0 
7fcd936ac000-7fcd937ae000 rw-p 00000000 00:00 0                          [stack:13193]
7fcd937ae000-7fcd937b2000 r--s 0008b000 08:01 3818495                    /usr/lib/jvm/java-7-oracle/jre/lib/jsse.jar
7fcd937b2000-7fcd937c1000 r--s 000dd000 00:23 156718                     /home/johnny/Android/Sdk/build-tools/21.1.2/lib/dx.jar
7fcd937c1000-7fcd937c9000 rw-s 00000000 08:01 3285546                    /tmp/hsperfdata_johnny/13184
7fcd937c9000-7fcd937ca000 rw-p 00000000 00:00 0 
7fcd937ca000-7fcd937cb000 ---p 00000000 00:00 0 
7fcd937cb000-7fcd937cd000 rw-p 00000000 00:00 0 
7fcd937cd000-7fcd937ce000 r--p 00022000 08:01 4601808                    /lib/x86_64-linux-gnu/ld-2.19.so
7fcd937ce000-7fcd937cf000 rw-p 00023000 08:01 4601808                    /lib/x86_64-linux-gnu/ld-2.19.so
7fcd937cf000-7fcd937d0000 rw-p 00000000 00:00 0 
7ffffec5e000-7ffffec7f000 rw-p 00000000 00:00 0                          [stack]
7ffffed9b000-7ffffed9d000 r-xp 00000000 00:00 0                          [vdso]
ffffffffff600000-ffffffffff601000 r-xp 00000000 00:00 0                  [vsyscall]

VM Arguments:
jvm_args: -Xmx1024M 
java_command: /home/johnny/Android/Sdk/build-tools/21.1.2/lib/dx.jar --dex --no-optimize --output /home/johnny/AndroidStudioProjects/FlagMon5/app/build/intermediates/dex/debug --input-list=/home/johnny/AndroidStudioProjects/FlagMon5/app/build/intermediates/tmp/dex/debug/inputList.txt
Launcher Type: SUN_STANDARD

Environment Variables:
CLASSPATH=/home/johnny/android-studio/bin/../lib/bootstrap.jar:/home/johnny/android-studio/bin/../lib/extensions.jar:/home/johnny/android-studio/bin/../lib/util.jar:/home/johnny/android-studio/bin/../lib/jdom.jar:/home/johnny/android-studio/bin/../lib/log4j.jar:/home/johnny/android-studio/bin/../lib/trove4j.jar:/home/johnny/android-studio/bin/../lib/jna.jar:/usr/lib/jvm/java-7-oracle/lib/tools.jar
PATH=/usr/local/sbin:/usr/local/bin:/usr/sbin:/usr/bin:/sbin:/bin:/usr/games:/usr/local/games
LD_LIBRARY_PATH=/home/johnny/android-studio/bin:
SHELL=/bin/bash
DISPLAY=:0

Signal Handlers:
SIGSEGV: [libjvm.so+0x9a3bd0], sa_mask[0]=0x7ffbfeff, sa_flags=0x10000004
SIGBUS: [libjvm.so+0x9a3bd0], sa_mask[0]=0x7ffbfeff, sa_flags=0x10000004
SIGFPE: [libjvm.so+0x81cb60], sa_mask[0]=0x7ffbfeff, sa_flags=0x10000004
SIGPIPE: [libjvm.so+0x81cb60], sa_mask[0]=0x7ffbfeff, sa_flags=0x10000004
SIGXFSZ: [libjvm.so+0x81cb60], sa_mask[0]=0x7ffbfeff, sa_flags=0x10000004
SIGILL: [libjvm.so+0x81cb60], sa_mask[0]=0x7ffbfeff, sa_flags=0x10000004
SIGUSR1: SIG_DFL, sa_mask[0]=0x00000000, sa_flags=0x00000000
SIGUSR2: [libjvm.so+0x81e360], sa_mask[0]=0x00000004, sa_flags=0x10000004
SIGHUP: [libjvm.so+0x81f480], sa_mask[0]=0x7ffbfeff, sa_flags=0x10000004
SIGINT: [libjvm.so+0x81f480], sa_mask[0]=0x7ffbfeff, sa_flags=0x10000004
SIGTERM: [libjvm.so+0x81f480], sa_mask[0]=0x7ffbfeff, sa_flags=0x10000004
SIGQUIT: [libjvm.so+0x81f480], sa_mask[0]=0x7ffbfeff, sa_flags=0x10000004


---------------  S Y S T E M  ---------------

OS:jessie/sid

uname:Linux 3.13.0-45-generic #74-Ubuntu SMP Tue Jan 13 19:36:28 UTC 2015 x86_64
libc:glibc 2.19 NPTL 2.19 
rlimit: STACK 8192k, CORE 0k, NPROC 45903, NOFILE 4096, AS infinity
load average:4.86 2.79 1.62

/proc/meminfo:
MemTotal:        5905412 kB
MemFree:           98256 kB
Buffers:             292 kB
Cached:          1370124 kB
SwapCached:            0 kB
Active:          4220176 kB
Inactive:        1334076 kB
Active(anon):    4219000 kB
Inactive(anon):  1322868 kB
Active(file):       1176 kB
Inactive(file):    11208 kB
Unevictable:          32 kB
Mlocked:              32 kB
SwapTotal:             0 kB
SwapFree:              0 kB
Dirty:                36 kB
Writeback:             0 kB
AnonPages:       4184980 kB
Mapped:            92604 kB
Shmem:           1356920 kB
Slab:             113544 kB
SReclaimable:      40680 kB
SUnreclaim:        72864 kB
KernelStack:        5968 kB
PageTables:        57572 kB
NFS_Unstable:          0 kB
Bounce:                0 kB
WritebackTmp:          0 kB
CommitLimit:     2952704 kB
Committed_AS:   12635328 kB
VmallocTotal:   34359738367 kB
VmallocUsed:      554572 kB
VmallocChunk:   34359174612 kB
HardwareCorrupted:     0 kB
AnonHugePages:   1171456 kB
HugePages_Total:       0
HugePages_Free:        0
HugePages_Rsvd:        0
HugePages_Surp:        0
Hugepagesize:       2048 kB
DirectMap4k:       80128 kB
DirectMap2M:     6004736 kB


CPU:total 4 (2 cores per cpu, 2 threads per core) family 6 model 37 stepping 5, cmov, cx8, fxsr, mmx, sse, sse2, sse3, ssse3, sse4.1, sse4.2, popcnt, ht, tsc, tscinvbit

/proc/cpuinfo:
processor	: 0
vendor_id	: GenuineIntel
cpu family	: 6
model		: 37
model name	: Intel(R) Core(TM) i3 CPU       M 370  @ 2.40GHz
stepping	: 5
microcode	: 0x2
cpu MHz		: 2399.000
cache size	: 3072 KB
physical id	: 0
siblings	: 4
core id		: 0
cpu cores	: 2
apicid		: 0
initial apicid	: 0
fpu		: yes
fpu_exception	: yes
cpuid level	: 11
wp		: yes
flags		: fpu vme de pse tsc msr pae mce cx8 apic sep mtrr pge mca cmov pat pse36 clflush dts acpi mmx fxsr sse sse2 ss ht tm pbe syscall nx rdtscp lm constant_tsc arch_perfmon pebs bts rep_good nopl xtopology nonstop_tsc aperfmperf pni dtes64 monitor ds_cpl vmx est tm2 ssse3 cx16 xtpr pdcm pcid sse4_1 sse4_2 popcnt lahf_lm arat dtherm tpr_shadow vnmi flexpriority ept vpid
bogomips	: 4788.11
clflush size	: 64
cache_alignment	: 64
address sizes	: 36 bits physical, 48 bits virtual
power management:

processor	: 1
vendor_id	: GenuineIntel
cpu family	: 6
model		: 37
model name	: Intel(R) Core(TM) i3 CPU       M 370  @ 2.40GHz
stepping	: 5
microcode	: 0x2
cpu MHz		: 2399.000
cache size	: 3072 KB
physical id	: 0
siblings	: 4
core id		: 0
cpu cores	: 2
apicid		: 1
initial apicid	: 1
fpu		: yes
fpu_exception	: yes
cpuid level	: 11
wp		: yes
flags		: fpu vme de pse tsc msr pae mce cx8 apic sep mtrr pge mca cmov pat pse36 clflush dts acpi mmx fxsr sse sse2 ss ht tm pbe syscall nx rdtscp lm constant_tsc arch_perfmon pebs bts rep_good nopl xtopology nonstop_tsc aperfmperf pni dtes64 monitor ds_cpl vmx est tm2 ssse3 cx16 xtpr pdcm pcid sse4_1 sse4_2 popcnt lahf_lm arat dtherm tpr_shadow vnmi flexpriority ept vpid
bogomips	: 4788.11
clflush size	: 64
cache_alignment	: 64
address sizes	: 36 bits physical, 48 bits virtual
power management:

processor	: 2
vendor_id	: GenuineIntel
cpu family	: 6
model		: 37
model name	: Intel(R) Core(TM) i3 CPU       M 370  @ 2.40GHz
stepping	: 5
microcode	: 0x2
cpu MHz		: 2399.000
cache size	: 3072 KB
physical id	: 0
siblings	: 4
core id		: 2
cpu cores	: 2
apicid		: 4
initial apicid	: 4
fpu		: yes
fpu_exception	: yes
cpuid level	: 11
wp		: yes
flags		: fpu vme de pse tsc msr pae mce cx8 apic sep mtrr pge mca cmov pat pse36 clflush dts acpi mmx fxsr sse sse2 ss ht tm pbe syscall nx rdtscp lm constant_tsc arch_perfmon pebs bts rep_good nopl xtopology nonstop_tsc aperfmperf pni dtes64 monitor ds_cpl vmx est tm2 ssse3 cx16 xtpr pdcm pcid sse4_1 sse4_2 popcnt lahf_lm arat dtherm tpr_shadow vnmi flexpriority ept vpid
bogomips	: 4788.11
clflush size	: 64
cache_alignment	: 64
address sizes	: 36 bits physical, 48 bits virtual
power management:

processor	: 3
vendor_id	: GenuineIntel
cpu family	: 6
model		: 37
model name	: Intel(R) Core(TM) i3 CPU       M 370  @ 2.40GHz
stepping	: 5
microcode	: 0x2
cpu MHz		: 2399.000
cache size	: 3072 KB
physical id	: 0
siblings	: 4
core id		: 2
cpu cores	: 2
apicid		: 5
initial apicid	: 5
fpu		: yes
fpu_exception	: yes
cpuid level	: 11
wp		: yes
flags		: fpu vme de pse tsc msr pae mce cx8 apic sep mtrr pge mca cmov pat pse36 clflush dts acpi mmx fxsr sse sse2 ss ht tm pbe syscall nx rdtscp lm constant_tsc arch_perfmon pebs bts rep_good nopl xtopology nonstop_tsc aperfmperf pni dtes64 monitor ds_cpl vmx est tm2 ssse3 cx16 xtpr pdcm pcid sse4_1 sse4_2 popcnt lahf_lm arat dtherm tpr_shadow vnmi flexpriority ept vpid
bogomips	: 4788.11
clflush size	: 64
cache_alignment	: 64
address sizes	: 36 bits physical, 48 bits virtual
power management:



Memory: 4k page, physical 5905412k(106784k free), swap 0k(0k free)

vm_info: Java HotSpot(TM) 64-Bit Server VM (24.76-b04) for linux-amd64 JRE (1.7.0_76-b13), built on Dec 18 2014 16:58:39 by "java_re" with gcc 4.3.0 20080428 (Red Hat 4.3.0-8)

time: Wed Feb 11 21:06:52 2015
elapsed time: 6 seconds

