#
# There is insufficient memory for the Java Runtime Environment to continue.
# Native memory allocation (malloc) failed to allocate 156237824 bytes for committing reserved memory.
# Possible reasons:
#   The system is out of physical RAM or swap space
#   In 32 bit mode, the process size limit was hit
# Possible solutions:
#   Reduce memory load on the system
#   Increase physical memory or swap space
#   Check if swap backing store is full
#   Use 64 bit Java on a 64 bit OS
#   Decrease Java heap size (-Xmx/-Xms)
#   Decrease number of Java threads
#   Decrease Java thread stack sizes (-Xss)
#   Set larger code cache with -XX:ReservedCodeCacheSize=
# This output file may be truncated or incomplete.
#
#  Out of Memory Error (os_linux.cpp:2756), pid=10955, tid=140428461852416
#
# JRE version: Java(TM) SE Runtime Environment (7.0_76-b13) (build 1.7.0_76-b13)
# Java VM: Java HotSpot(TM) 64-Bit Server VM (24.76-b04 mixed mode linux-amd64 compressed oops)
# Failed to write core dump. Core dumps have been disabled. To enable core dumping, try "ulimit -c unlimited" before starting Java again
#

---------------  T H R E A D  ---------------

Current thread (0x00007fb818130800):  VMThread [stack: 0x00007fb80c85c000,0x00007fb80c95d000] [id=10969]

Stack: [0x00007fb80c85c000,0x00007fb80c95d000],  sp=0x00007fb80c95afc0,  free space=1019k
Native frames: (J=compiled Java code, j=interpreted, Vv=VM code, C=native code)
V  [libjvm.so+0x9a32ba]  VMError::report_and_die()+0x2ea
V  [libjvm.so+0x497f7b]  report_vm_out_of_memory(char const*, int, unsigned long, char const*)+0x9b
V  [libjvm.so+0x81fcce]  os::Linux::commit_memory_impl(char*, unsigned long, bool)+0xfe
V  [libjvm.so+0x820219]  os::pd_commit_memory(char*, unsigned long, unsigned long, bool)+0x29
V  [libjvm.so+0x819faa]  os::commit_memory(char*, unsigned long, unsigned long, bool)+0x2a
V  [libjvm.so+0x88d843]  PSVirtualSpace::expand_by(unsigned long)+0x53
V  [libjvm.so+0x88ec18]  PSYoungGen::resize_generation(unsigned long, unsigned long)+0xf8
V  [libjvm.so+0x88dd82]  PSYoungGen::resize(unsigned long, unsigned long)+0x22
V  [libjvm.so+0x88b13d]  PSScavenge::invoke_no_policy()+0xf3d
V  [libjvm.so+0x88b981]  PSScavenge::invoke()+0x41
V  [libjvm.so+0x842300]  ParallelScavengeHeap::failed_mem_allocate(unsigned long)+0x70
V  [libjvm.so+0x9a4b47]  VM_ParallelGCFailedAllocation::doit()+0x97
V  [libjvm.so+0x9abfe5]  VM_Operation::evaluate()+0x55
V  [libjvm.so+0x9aa3aa]  VMThread::evaluate_operation(VM_Operation*)+0xba
V  [libjvm.so+0x9aa72e]  VMThread::loop()+0x1ce
V  [libjvm.so+0x9aaba0]  VMThread::run()+0x70
V  [libjvm.so+0x821ca8]  java_start(Thread*)+0x108

VM_Operation (0x00007fb81e609220): ParallelGCFailedAllocation, mode: safepoint, requested by thread 0x00007fb81800a000


---------------  P R O C E S S  ---------------

Java Threads: ( => current thread )
  0x00007fb81815f800 JavaThread "Service Thread" daemon [_thread_blocked, id=10975, stack(0x00007fb80c256000,0x00007fb80c357000)]
  0x00007fb81815d000 JavaThread "C2 CompilerThread1" daemon [_thread_blocked, id=10974, stack(0x00007fb80c357000,0x00007fb80c458000)]
  0x00007fb81815a000 JavaThread "C2 CompilerThread0" daemon [_thread_blocked, id=10973, stack(0x00007fb80c458000,0x00007fb80c559000)]
  0x00007fb818158000 JavaThread "Signal Dispatcher" daemon [_thread_blocked, id=10972, stack(0x00007fb80c559000,0x00007fb80c65a000)]
  0x00007fb818137000 JavaThread "Finalizer" daemon [_thread_blocked, id=10971, stack(0x00007fb80c65a000,0x00007fb80c75b000)]
  0x00007fb818135000 JavaThread "Reference Handler" daemon [_thread_blocked, id=10970, stack(0x00007fb80c75b000,0x00007fb80c85c000)]
  0x00007fb81800a000 JavaThread "main" [_thread_blocked, id=10964, stack(0x00007fb81e50a000,0x00007fb81e60b000)]

Other Threads:
=>0x00007fb818130800 VMThread [stack: 0x00007fb80c85c000,0x00007fb80c95d000] [id=10969]
  0x00007fb81816a000 WatcherThread [stack: 0x00007fb80c155000,0x00007fb80c256000] [id=10976]

VM state:at safepoint (normal execution)

VM Mutex/Monitor currently owned by a thread:  ([mutex/lock_event])
[0x00007fb818006360] Threads_lock - owner thread: 0x00007fb818130800
[0x00007fb818006860] Heap_lock - owner thread: 0x00007fb81800a000

Heap
 PSYoungGen      total 97792K, used 3579K [0x00000000eaa80000, 0x00000000f0d80000, 0x0000000100000000)
  eden space 94208K, 0% used [0x00000000eaa80000,0x00000000eaa80000,0x00000000f0680000)
  from space 3584K, 99% used [0x00000000f0680000,0x00000000f09fefa8,0x00000000f0a00000)
  to   space 3584K, 0% used [0x00000000f0a00000,0x00000000f0a00000,0x00000000f0d80000)
 ParOldGen       total 61440K, used 57679K [0x00000000c0000000, 0x00000000c3c00000, 0x00000000eaa80000)
  object space 61440K, 93% used [0x00000000c0000000,0x00000000c3853df8,0x00000000c3c00000)
 PSPermGen       total 21504K, used 6489K [0x00000000bae00000, 0x00000000bc300000, 0x00000000c0000000)
  object space 21504K, 30% used [0x00000000bae00000,0x00000000bb456410,0x00000000bc300000)

Card table byte_map: [0x00007fb814589000,0x00007fb8147b3000] byte_map_base: 0x00007fb813fb2000

Polling page: 0x00007fb81e62b000

Code Cache  [0x00007fb8147b3000, 0x00007fb814a23000, 0x00007fb8177b3000)
 total_blobs=729 nmethods=481 adapters=202 free_code_cache=47787Kb largest_free_block=48890048

Compilation events (10 events):
Event: 4.184 Thread 0x00007fb81815a000 nmethod 477 0x00007fb81490c590 code [0x00007fb81490c820, 0x00007fb81490d950]
Event: 4.184 Thread 0x00007fb81815a000  479 %           java.util.TimSort::binarySort @ 69 (223 bytes)
Event: 4.191 Thread 0x00007fb81815d000 nmethod 478 0x00007fb814904010 code [0x00007fb8149041e0, 0x00007fb814904610]
Event: 4.191 Thread 0x00007fb81815d000  480             java.util.TimSort::gallopRight (335 bytes)
Event: 4.218 Thread 0x00007fb81815a000 nmethod 479% 0x00007fb814902fd0 code [0x00007fb814903180, 0x00007fb8149039b8]
Event: 4.218 Thread 0x00007fb81815a000  481             java.util.TimSort::gallopLeft (335 bytes)
Event: 4.219 Thread 0x00007fb81815d000 nmethod 480 0x00007fb814905350 code [0x00007fb814905520, 0x00007fb814905e38]
Event: 4.219 Thread 0x00007fb81815d000  482             com.android.dx.io.instructions.DecodedInstruction::getLiteralUnit (55 bytes)
Event: 4.220 Thread 0x00007fb81815d000 nmethod 482 0x00007fb8148f96d0 code [0x00007fb8148f9800, 0x00007fb8148f9878]
Event: 4.220 Thread 0x00007fb81815d000  483             com.android.dx.merge.DexMerger::transformClassDef (160 bytes)

GC Heap History (9 events):
Event: 0.982 GC heap before
{Heap before GC invocations=1 (full 0):
 PSYoungGen      total 27136K, used 22523K [0x00000000eaa80000, 0x00000000ec880000, 0x0000000100000000)
  eden space 23552K, 95% used [0x00000000eaa80000,0x00000000ec07edf8,0x00000000ec180000)
  from space 3584K, 0% used [0x00000000ec500000,0x00000000ec500000,0x00000000ec880000)
  to   space 3584K, 0% used [0x00000000ec180000,0x00000000ec180000,0x00000000ec500000)
 ParOldGen       total 61440K, used 0K [0x00000000c0000000, 0x00000000c3c00000, 0x00000000eaa80000)
  object space 61440K, 0% used [0x00000000c0000000,0x00000000c0000000,0x00000000c3c00000)
 PSPermGen       total 21504K, used 4803K [0x00000000bae00000, 0x00000000bc300000, 0x00000000c0000000)
  object space 21504K, 22% used [0x00000000bae00000,0x00000000bb2b0e50,0x00000000bc300000)
Event: 1.186 GC heap after
Heap after GC invocations=1 (full 0):
 PSYoungGen      total 27136K, used 3575K [0x00000000eaa80000, 0x00000000edf80000, 0x0000000100000000)
  eden space 23552K, 0% used [0x00000000eaa80000,0x00000000eaa80000,0x00000000ec180000)
  from space 3584K, 99% used [0x00000000ec180000,0x00000000ec4fdf78,0x00000000ec500000)
  to   space 3584K, 0% used [0x00000000edc00000,0x00000000edc00000,0x00000000edf80000)
 ParOldGen       total 61440K, used 4937K [0x00000000c0000000, 0x00000000c3c00000, 0x00000000eaa80000)
  object space 61440K, 8% used [0x00000000c0000000,0x00000000c04d2758,0x00000000c3c00000)
 PSPermGen       total 21504K, used 4803K [0x00000000bae00000, 0x00000000bc300000, 0x00000000c0000000)
  object space 21504K, 22% used [0x00000000bae00000,0x00000000bb2b0e50,0x00000000bc300000)
}
Event: 2.137 GC heap before
{Heap before GC invocations=2 (full 0):
 PSYoungGen      total 27136K, used 26523K [0x00000000eaa80000, 0x00000000edf80000, 0x0000000100000000)
  eden space 23552K, 97% used [0x00000000eaa80000,0x00000000ec0e8ed0,0x00000000ec180000)
  from space 3584K, 99% used [0x00000000ec180000,0x00000000ec4fdf78,0x00000000ec500000)
  to   space 3584K, 0% used [0x00000000edc00000,0x00000000edc00000,0x00000000edf80000)
 ParOldGen       total 61440K, used 4937K [0x00000000c0000000, 0x00000000c3c00000, 0x00000000eaa80000)
  object space 61440K, 8% used [0x00000000c0000000,0x00000000c04d2758,0x00000000c3c00000)
 PSPermGen       total 21504K, used 6397K [0x00000000bae00000, 0x00000000bc300000, 0x00000000c0000000)
  object space 21504K, 29% used [0x00000000bae00000,0x00000000bb43f438,0x00000000bc300000)
Event: 2.146 GC heap after
Heap after GC invocations=2 (full 0):
 PSYoungGen      total 50688K, used 3559K [0x00000000eaa80000, 0x00000000edf80000, 0x0000000100000000)
  eden space 47104K, 0% used [0x00000000eaa80000,0x00000000eaa80000,0x00000000ed880000)
  from space 3584K, 99% used [0x00000000edc00000,0x00000000edf79c78,0x00000000edf80000)
  to   space 3584K, 0% used [0x00000000ed880000,0x00000000ed880000,0x00000000edc00000)
 ParOldGen       total 61440K, used 8250K [0x00000000c0000000, 0x00000000c3c00000, 0x00000000eaa80000)
  object space 61440K, 13% used [0x00000000c0000000,0x00000000c080eb50,0x00000000c3c00000)
 PSPermGen       total 21504K, used 6397K [0x00000000bae00000, 0x00000000bc300000, 0x00000000c0000000)
  object space 21504K, 29% used [0x00000000bae00000,0x00000000bb43f438,0x00000000bc300000)
}
Event: 2.959 GC heap before
{Heap before GC invocations=3 (full 0):
 PSYoungGen      total 50688K, used 50663K [0x00000000eaa80000, 0x00000000edf80000, 0x0000000100000000)
  eden space 47104K, 100% used [0x00000000eaa80000,0x00000000ed880000,0x00000000ed880000)
  from space 3584K, 99% used [0x00000000edc00000,0x00000000edf79c78,0x00000000edf80000)
  to   space 3584K, 0% used [0x00000000ed880000,0x00000000ed880000,0x00000000edc00000)
 ParOldGen       total 61440K, used 8250K [0x00000000c0000000, 0x00000000c3c00000, 0x00000000eaa80000)
  object space 61440K, 13% used [0x00000000c0000000,0x00000000c080eb50,0x00000000c3c00000)
 PSPermGen       total 21504K, used 6461K [0x00000000bae00000, 0x00000000bc300000, 0x00000000c0000000)
  object space 21504K, 30% used [0x00000000bae00000,0x00000000bb44f5f8,0x00000000bc300000)
Event: 3.015 GC heap after
Heap after GC invocations=3 (full 0):
 PSYoungGen      total 50688K, used 3574K [0x00000000eaa80000, 0x00000000f0d80000, 0x0000000100000000)
  eden space 47104K, 0% used [0x00000000eaa80000,0x00000000eaa80000,0x00000000ed880000)
  from space 3584K, 99% used [0x00000000ed880000,0x00000000edbfd8b8,0x00000000edc00000)
  to   space 3584K, 0% used [0x00000000f0a00000,0x00000000f0a00000,0x00000000f0d80000)
 ParOldGen       total 61440K, used 10223K [0x00000000c0000000, 0x00000000c3c00000, 0x00000000eaa80000)
  object space 61440K, 16% used [0x00000000c0000000,0x00000000c09fbee8,0x00000000c3c00000)
 PSPermGen       total 21504K, used 6461K [0x00000000bae00000, 0x00000000bc300000, 0x00000000c0000000)
  object space 21504K, 30% used [0x00000000bae00000,0x00000000bb44f5f8,0x00000000bc300000)
}
Event: 3.514 GC heap before
{Heap before GC invocations=4 (full 0):
 PSYoungGen      total 50688K, used 50678K [0x00000000eaa80000, 0x00000000f0d80000, 0x0000000100000000)
  eden space 47104K, 100% used [0x00000000eaa80000,0x00000000ed880000,0x00000000ed880000)
  from space 3584K, 99% used [0x00000000ed880000,0x00000000edbfd8b8,0x00000000edc00000)
  to   space 3584K, 0% used [0x00000000f0a00000,0x00000000f0a00000,0x00000000f0d80000)
 ParOldGen       total 61440K, used 10223K [0x00000000c0000000, 0x00000000c3c00000, 0x00000000eaa80000)
  object space 61440K, 16% used [0x00000000c0000000,0x00000000c09fbee8,0x00000000c3c00000)
 PSPermGen       total 21504K, used 6475K [0x00000000bae00000, 0x00000000bc300000, 0x00000000c0000000)
  object space 21504K, 30% used [0x00000000bae00000,0x00000000bb452f78,0x00000000bc300000)
Event: 3.559 GC heap after
Heap after GC invocations=4 (full 0):
 PSYoungGen      total 97792K, used 3568K [0x00000000eaa80000, 0x00000000f0d80000, 0x0000000100000000)
  eden space 94208K, 0% used [0x00000000eaa80000,0x00000000eaa80000,0x00000000f0680000)
  from space 3584K, 99% used [0x00000000f0a00000,0x00000000f0d7c098,0x00000000f0d80000)
  to   space 3584K, 0% used [0x00000000f0680000,0x00000000f0680000,0x00000000f0a00000)
 ParOldGen       total 61440K, used 37118K [0x00000000c0000000, 0x00000000c3c00000, 0x00000000eaa80000)
  object space 61440K, 60% used [0x00000000c0000000,0x00000000c243f858,0x00000000c3c00000)
 PSPermGen       total 21504K, used 6475K [0x00000000bae00000, 0x00000000bc300000, 0x00000000c0000000)
  object space 21504K, 30% used [0x00000000bae00000,0x00000000bb452f78,0x00000000bc300000)
}
Event: 4.245 GC heap before
{Heap before GC invocations=5 (full 0):
 PSYoungGen      total 97792K, used 97776K [0x00000000eaa80000, 0x00000000f0d80000, 0x0000000100000000)
  eden space 94208K, 100% used [0x00000000eaa80000,0x00000000f0680000,0x00000000f0680000)
  from space 3584K, 99% used [0x00000000f0a00000,0x00000000f0d7c098,0x00000000f0d80000)
  to   space 3584K, 0% used [0x00000000f0680000,0x00000000f0680000,0x00000000f0a00000)
 ParOldGen       total 61440K, used 37118K [0x00000000c0000000, 0x00000000c3c00000, 0x00000000eaa80000)
  object space 61440K, 60% used [0x00000000c0000000,0x00000000c243f858,0x00000000c3c00000)
 PSPermGen       total 21504K, used 6489K [0x00000000bae00000, 0x00000000bc300000, 0x00000000c0000000)
  object space 21504K, 30% used [0x00000000bae00000,0x00000000bb456410,0x00000000bc300000)

Deoptimization events (10 events):
Event: 1.788 Thread 0x00007fb81800a000 Uncommon trap: reason=class_check action=maybe_recompile pc=0x00007fb814843784 method=com.android.dex.Leb128.readUnsignedLeb128(Lcom/android/dex/util/ByteInput;)I @ 5
Event: 1.788 Thread 0x00007fb81800a000 Uncommon trap: reason=class_check action=maybe_recompile pc=0x00007fb814843784 method=com.android.dex.Leb128.readUnsignedLeb128(Lcom/android/dex/util/ByteInput;)I @ 5
Event: 1.788 Thread 0x00007fb81800a000 Uncommon trap: reason=class_check action=maybe_recompile pc=0x00007fb814843784 method=com.android.dex.Leb128.readUnsignedLeb128(Lcom/android/dex/util/ByteInput;)I @ 5
Event: 2.021 Thread 0x00007fb81800a000 Uncommon trap: reason=predicate action=maybe_recompile pc=0x00007fb814864250 method=com.android.dex.Leb128.readUnsignedLeb128(Lcom/android/dex/util/ByteInput;)I @ 41
Event: 3.166 Thread 0x00007fb81800a000 Uncommon trap: reason=predicate action=maybe_recompile pc=0x00007fb81489acdc method=java.util.ComparableTimSort.binarySort([Ljava/lang/Object;III)V @ 37
Event: 3.426 Thread 0x00007fb81800a000 Uncommon trap: reason=predicate action=maybe_recompile pc=0x00007fb814898498 method=java.util.TimSort.binarySort([Ljava/lang/Object;IIILjava/util/Comparator;)V @ 37
Event: 4.050 Thread 0x00007fb81800a000 Uncommon trap: reason=array_check action=maybe_recompile pc=0x00007fb8148f0488 method=java.util.TimSort.binarySort([Ljava/lang/Object;IIILjava/util/Comparator;)V @ 193
Event: 4.050 Thread 0x00007fb81800a000 Uncommon trap: reason=array_check action=maybe_recompile pc=0x00007fb8148f054c method=java.util.TimSort.binarySort([Ljava/lang/Object;IIILjava/util/Comparator;)V @ 183
Event: 4.050 Thread 0x00007fb81800a000 Uncommon trap: reason=array_check action=maybe_recompile pc=0x00007fb8148f0488 method=java.util.TimSort.binarySort([Ljava/lang/Object;IIILjava/util/Comparator;)V @ 193
Event: 4.050 Thread 0x00007fb81800a000 Uncommon trap: reason=array_check action=maybe_recompile pc=0x00007fb8148f054c method=java.util.TimSort.binarySort([Ljava/lang/Object;IIILjava/util/Comparator;)V @ 183

Internal exceptions (10 events):
Event: 1.642 Thread 0x00007fb81800a000 Threw 0x00000000eb656e40 at /HUDSON/workspace/7u-2-build-linux-amd64/jdk7u76/1941/hotspot/src/share/vm/prims/jvm.cpp:1304
Event: 1.642 Thread 0x00007fb81800a000 Threw 0x00000000eb659d40 at /HUDSON/workspace/7u-2-build-linux-amd64/jdk7u76/1941/hotspot/src/share/vm/prims/jvm.cpp:1304
Event: 1.643 Thread 0x00007fb81800a000 Threw 0x00000000eb65d058 at /HUDSON/workspace/7u-2-build-linux-amd64/jdk7u76/1941/hotspot/src/share/vm/prims/jvm.cpp:1304
Event: 1.647 Thread 0x00007fb81800a000 Threw 0x00000000eb664100 at /HUDSON/workspace/7u-2-build-linux-amd64/jdk7u76/1941/hotspot/src/share/vm/prims/jvm.cpp:1304
Event: 1.648 Thread 0x00007fb81800a000 Threw 0x00000000eb666180 at /HUDSON/workspace/7u-2-build-linux-amd64/jdk7u76/1941/hotspot/src/share/vm/prims/jvm.cpp:1304
Event: 1.721 Thread 0x00007fb81800a000 Threw 0x00000000eb705330 at /HUDSON/workspace/7u-2-build-linux-amd64/jdk7u76/1941/hotspot/src/share/vm/prims/jvm.cpp:1304
Event: 1.721 Thread 0x00007fb81800a000 Threw 0x00000000eb705458 at /HUDSON/workspace/7u-2-build-linux-amd64/jdk7u76/1941/hotspot/src/share/vm/prims/jvm.cpp:1304
Event: 1.721 Thread 0x00007fb81800a000 Threw 0x00000000eb7077c8 at /HUDSON/workspace/7u-2-build-linux-amd64/jdk7u76/1941/hotspot/src/share/vm/prims/jvm.cpp:1304
Event: 1.721 Thread 0x00007fb81800a000 Threw 0x00000000eb7078f0 at /HUDSON/workspace/7u-2-build-linux-amd64/jdk7u76/1941/hotspot/src/share/vm/prims/jvm.cpp:1304
Event: 2.384 Thread 0x00007fb81800a000 Threw 0x00000000eb9ddcf8 at /HUDSON/workspace/7u-2-build-linux-amd64/jdk7u76/1941/hotspot/src/share/vm/prims/jvm.cpp:1304

Events (10 events):
Event: 4.050 Thread 0x00007fb81800a000 Uncommon trap: trap_request=0xffffffd6 fr.pc=0x00007fb8148f054c
Event: 4.050 Thread 0x00007fb81800a000 DEOPT PACKING pc=0x00007fb8148f054c sp=0x00007fb81e6093d0
Event: 4.050 Thread 0x00007fb81800a000 DEOPT UNPACKING pc=0x00007fb8147ec045 sp=0x00007fb81e609398 mode 2
Event: 4.050 Thread 0x00007fb81800a000 Uncommon trap: trap_request=0xffffffd6 fr.pc=0x00007fb8148f0488
Event: 4.050 Thread 0x00007fb81800a000 DEOPT PACKING pc=0x00007fb8148f0488 sp=0x00007fb81e6093d0
Event: 4.050 Thread 0x00007fb81800a000 DEOPT UNPACKING pc=0x00007fb8147ec045 sp=0x00007fb81e609398 mode 2
Event: 4.050 Thread 0x00007fb81800a000 Uncommon trap: trap_request=0xffffffd6 fr.pc=0x00007fb8148f054c
Event: 4.050 Thread 0x00007fb81800a000 DEOPT PACKING pc=0x00007fb8148f054c sp=0x00007fb81e6093d0
Event: 4.050 Thread 0x00007fb81800a000 DEOPT UNPACKING pc=0x00007fb8147ec045 sp=0x00007fb81e609398 mode 2
Event: 4.242 Executing VM operation: ParallelGCFailedAllocation


Dynamic libraries:
00400000-00401000 r-xp 00000000 08:01 3818624                            /usr/lib/jvm/java-7-oracle/jre/bin/java
00600000-00601000 rw-p 00000000 08:01 3818624                            /usr/lib/jvm/java-7-oracle/jre/bin/java
01ca0000-01cc1000 rw-p 00000000 00:00 0                                  [heap]
bae00000-bc300000 rw-p 00000000 00:00 0 
bc300000-c0000000 rw-p 00000000 00:00 0 
c0000000-c3c00000 rw-p 00000000 00:00 0 
c3c00000-eaa80000 rw-p 00000000 00:00 0 
eaa80000-f0d80000 rw-p 00000000 00:00 0 
fa280000-100000000 rw-p 00000000 00:00 0 
7fb7dc000000-7fb7dc021000 rw-p 00000000 00:00 0 
7fb7dc021000-7fb7e0000000 ---p 00000000 00:00 0 
7fb7e0000000-7fb7e0021000 rw-p 00000000 00:00 0 
7fb7e0021000-7fb7e4000000 ---p 00000000 00:00 0 
7fb7e4000000-7fb7e47dc000 rw-p 00000000 00:00 0 
7fb7e47dc000-7fb7e8000000 ---p 00000000 00:00 0 
7fb7e8000000-7fb7e892b000 rw-p 00000000 00:00 0 
7fb7e892b000-7fb7ec000000 ---p 00000000 00:00 0 
7fb7ec000000-7fb7ec021000 rw-p 00000000 00:00 0 
7fb7ec021000-7fb7f0000000 ---p 00000000 00:00 0 
7fb7f0000000-7fb7f0021000 rw-p 00000000 00:00 0 
7fb7f0021000-7fb7f4000000 ---p 00000000 00:00 0 
7fb7f7258000-7fb7f73c5000 rw-p 00000000 00:00 0 
7fb7f73c5000-7fb7f73db000 r-xp 00000000 08:01 3818469                    /usr/lib/jvm/java-7-oracle/jre/lib/amd64/libnet.so
7fb7f73db000-7fb7f75db000 ---p 00016000 08:01 3818469                    /usr/lib/jvm/java-7-oracle/jre/lib/amd64/libnet.so
7fb7f75db000-7fb7f75dc000 rw-p 00016000 08:01 3818469                    /usr/lib/jvm/java-7-oracle/jre/lib/amd64/libnet.so
7fb7f75dc000-7fb7f75ec000 r-xp 00000000 08:01 3815879                    /usr/lib/jvm/java-7-oracle/jre/lib/amd64/libnio.so
7fb7f75ec000-7fb7f77ec000 ---p 00010000 08:01 3815879                    /usr/lib/jvm/java-7-oracle/jre/lib/amd64/libnio.so
7fb7f77ec000-7fb7f77ed000 rw-p 00010000 08:01 3815879                    /usr/lib/jvm/java-7-oracle/jre/lib/amd64/libnio.so
7fb7f77ed000-7fb7f8000000 r--p 00000000 08:01 3808254                    /usr/lib/locale/locale-archive
7fb7f8000000-7fb7f80e5000 rw-p 00000000 00:00 0 
7fb7f80e5000-7fb7fc000000 ---p 00000000 00:00 0 
7fb7fc000000-7fb7fc021000 rw-p 00000000 00:00 0 
7fb7fc021000-7fb800000000 ---p 00000000 00:00 0 
7fb800000000-7fb800021000 rw-p 00000000 00:00 0 
7fb800021000-7fb804000000 ---p 00000000 00:00 0 
7fb804000000-7fb804021000 rw-p 00000000 00:00 0 
7fb804021000-7fb808000000 ---p 00000000 00:00 0 
7fb808000000-7fb808021000 rw-p 00000000 00:00 0 
7fb808021000-7fb80c000000 ---p 00000000 00:00 0 
7fb80c155000-7fb80c156000 ---p 00000000 00:00 0 
7fb80c156000-7fb80c256000 rw-p 00000000 00:00 0                          [stack:10976]
7fb80c256000-7fb80c259000 ---p 00000000 00:00 0 
7fb80c259000-7fb80c357000 rw-p 00000000 00:00 0                          [stack:10975]
7fb80c357000-7fb80c35a000 ---p 00000000 00:00 0 
7fb80c35a000-7fb80c458000 rw-p 00000000 00:00 0                          [stack:10974]
7fb80c458000-7fb80c45b000 ---p 00000000 00:00 0 
7fb80c45b000-7fb80c559000 rw-p 00000000 00:00 0                          [stack:10973]
7fb80c559000-7fb80c55c000 ---p 00000000 00:00 0 
7fb80c55c000-7fb80c65a000 rw-p 00000000 00:00 0                          [stack:10972]
7fb80c65a000-7fb80c65d000 ---p 00000000 00:00 0 
7fb80c65d000-7fb80c75b000 rw-p 00000000 00:00 0                          [stack:10971]
7fb80c75b000-7fb80c75e000 ---p 00000000 00:00 0 
7fb80c75e000-7fb80c85c000 rw-p 00000000 00:00 0                          [stack:10970]
7fb80c85c000-7fb80c85d000 ---p 00000000 00:00 0 
7fb80c85d000-7fb80d8b7000 rw-p 00000000 00:00 0                          [stack:10969]
7fb80d8b7000-7fb80da76000 r--s 039f0000 08:01 3815342                    /usr/lib/jvm/java-7-oracle/jre/lib/rt.jar
7fb80da76000-7fb810000000 rw-p 00000000 00:00 0 
7fb810000000-7fb810021000 rw-p 00000000 00:00 0 
7fb810021000-7fb814000000 ---p 00000000 00:00 0 
7fb814009000-7fb81402f000 r--p 00000000 08:01 4460467                    /usr/share/locale-langpack/ko/LC_MESSAGES/libc.mo
7fb81402f000-7fb814030000 ---p 00000000 00:00 0 
7fb814030000-7fb814130000 rw-p 00000000 00:00 0                          [stack:10968]
7fb814130000-7fb814131000 ---p 00000000 00:00 0 
7fb814131000-7fb814231000 rw-p 00000000 00:00 0                          [stack:10967]
7fb814231000-7fb814232000 ---p 00000000 00:00 0 
7fb814232000-7fb814332000 rw-p 00000000 00:00 0                          [stack:10966]
7fb814332000-7fb814333000 ---p 00000000 00:00 0 
7fb814333000-7fb814451000 rw-p 00000000 00:00 0                          [stack:10965]
7fb814451000-7fb814589000 rw-p 00000000 00:00 0 
7fb814589000-7fb814594000 rw-p 00000000 00:00 0 
7fb814594000-7fb8145b2000 rw-p 00000000 00:00 0 
7fb8145b2000-7fb8145d0000 rw-p 00000000 00:00 0 
7fb8145d0000-7fb814707000 rw-p 00000000 00:00 0 
7fb814707000-7fb814739000 rw-p 00000000 00:00 0 
7fb814739000-7fb8147b2000 rw-p 00000000 00:00 0 
7fb8147b2000-7fb8147b3000 rw-p 00000000 00:00 0 
7fb8147b3000-7fb814a23000 rwxp 00000000 00:00 0 
7fb814a23000-7fb8177b3000 rw-p 00000000 00:00 0 
7fb8177b3000-7fb8177cd000 r-xp 00000000 08:01 3815891                    /usr/lib/jvm/java-7-oracle/jre/lib/amd64/libzip.so
7fb8177cd000-7fb8179cd000 ---p 0001a000 08:01 3815891                    /usr/lib/jvm/java-7-oracle/jre/lib/amd64/libzip.so
7fb8179cd000-7fb8179ce000 rw-p 0001a000 08:01 3815891                    /usr/lib/jvm/java-7-oracle/jre/lib/amd64/libzip.so
7fb8179ce000-7fb8179d9000 r-xp 00000000 08:01 4601829                    /lib/x86_64-linux-gnu/libnss_files-2.19.so
7fb8179d9000-7fb817bd8000 ---p 0000b000 08:01 4601829                    /lib/x86_64-linux-gnu/libnss_files-2.19.so
7fb817bd8000-7fb817bd9000 r--p 0000a000 08:01 4601829                    /lib/x86_64-linux-gnu/libnss_files-2.19.so
7fb817bd9000-7fb817bda000 rw-p 0000b000 08:01 4601829                    /lib/x86_64-linux-gnu/libnss_files-2.19.so
7fb817bda000-7fb817be5000 r-xp 00000000 08:01 4601826                    /lib/x86_64-linux-gnu/libnss_nis-2.19.so
7fb817be5000-7fb817de4000 ---p 0000b000 08:01 4601826                    /lib/x86_64-linux-gnu/libnss_nis-2.19.so
7fb817de4000-7fb817de5000 r--p 0000a000 08:01 4601826                    /lib/x86_64-linux-gnu/libnss_nis-2.19.so
7fb817de5000-7fb817de6000 rw-p 0000b000 08:01 4601826                    /lib/x86_64-linux-gnu/libnss_nis-2.19.so
7fb817de6000-7fb817dfd000 r-xp 00000000 08:01 4601820                    /lib/x86_64-linux-gnu/libnsl-2.19.so
7fb817dfd000-7fb817ffc000 ---p 00017000 08:01 4601820                    /lib/x86_64-linux-gnu/libnsl-2.19.so
7fb817ffc000-7fb817ffd000 r--p 00016000 08:01 4601820                    /lib/x86_64-linux-gnu/libnsl-2.19.so
7fb817ffd000-7fb817ffe000 rw-p 00017000 08:01 4601820                    /lib/x86_64-linux-gnu/libnsl-2.19.so
7fb817ffe000-7fb818000000 rw-p 00000000 00:00 0 
7fb818000000-7fb818323000 rw-p 00000000 00:00 0 
7fb818323000-7fb81c000000 ---p 00000000 00:00 0 
7fb81c012000-7fb81c019000 r--s 00000000 08:01 4071599                    /usr/lib/x86_64-linux-gnu/gconv/gconv-modules.cache
7fb81c019000-7fb81c024000 rw-p 00000000 00:00 0 
7fb81c024000-7fb81c042000 rw-p 00000000 00:00 0 
7fb81c042000-7fb81c04b000 r-xp 00000000 08:01 4601817                    /lib/x86_64-linux-gnu/libnss_compat-2.19.so
7fb81c04b000-7fb81c24a000 ---p 00009000 08:01 4601817                    /lib/x86_64-linux-gnu/libnss_compat-2.19.so
7fb81c24a000-7fb81c24b000 r--p 00008000 08:01 4601817                    /lib/x86_64-linux-gnu/libnss_compat-2.19.so
7fb81c24b000-7fb81c24c000 rw-p 00009000 08:01 4601817                    /lib/x86_64-linux-gnu/libnss_compat-2.19.so
7fb81c24c000-7fb81c275000 r-xp 00000000 08:01 3815892                    /usr/lib/jvm/java-7-oracle/jre/lib/amd64/libjava.so
7fb81c275000-7fb81c475000 ---p 00029000 08:01 3815892                    /usr/lib/jvm/java-7-oracle/jre/lib/amd64/libjava.so
7fb81c475000-7fb81c477000 rw-p 00029000 08:01 3815892                    /usr/lib/jvm/java-7-oracle/jre/lib/amd64/libjava.so
7fb81c477000-7fb81c484000 r-xp 00000000 08:01 3815883                    /usr/lib/jvm/java-7-oracle/jre/lib/amd64/libverify.so
7fb81c484000-7fb81c683000 ---p 0000d000 08:01 3815883                    /usr/lib/jvm/java-7-oracle/jre/lib/amd64/libverify.so
7fb81c683000-7fb81c685000 rw-p 0000c000 08:01 3815883                    /usr/lib/jvm/java-7-oracle/jre/lib/amd64/libverify.so
7fb81c685000-7fb81c68c000 r-xp 00000000 08:01 4601812                    /lib/x86_64-linux-gnu/librt-2.19.so
7fb81c68c000-7fb81c88b000 ---p 00007000 08:01 4601812                    /lib/x86_64-linux-gnu/librt-2.19.so
7fb81c88b000-7fb81c88c000 r--p 00006000 08:01 4601812                    /lib/x86_64-linux-gnu/librt-2.19.so
7fb81c88c000-7fb81c88d000 rw-p 00007000 08:01 4601812                    /lib/x86_64-linux-gnu/librt-2.19.so
7fb81c88d000-7fb81c992000 r-xp 00000000 08:01 4601819                    /lib/x86_64-linux-gnu/libm-2.19.so
7fb81c992000-7fb81cb91000 ---p 00105000 08:01 4601819                    /lib/x86_64-linux-gnu/libm-2.19.so
7fb81cb91000-7fb81cb92000 r--p 00104000 08:01 4601819                    /lib/x86_64-linux-gnu/libm-2.19.so
7fb81cb92000-7fb81cb93000 rw-p 00105000 08:01 4601819                    /lib/x86_64-linux-gnu/libm-2.19.so
7fb81cb93000-7fb81d708000 r-xp 00000000 08:01 3818475                    /usr/lib/jvm/java-7-oracle/jre/lib/amd64/server/libjvm.so
7fb81d708000-7fb81d908000 ---p 00b75000 08:01 3818475                    /usr/lib/jvm/java-7-oracle/jre/lib/amd64/server/libjvm.so
7fb81d908000-7fb81d9cc000 rw-p 00b75000 08:01 3818475                    /usr/lib/jvm/java-7-oracle/jre/lib/amd64/server/libjvm.so
7fb81d9cc000-7fb81da0d000 rw-p 00000000 00:00 0 
7fb81da0d000-7fb81dbc8000 r-xp 00000000 08:01 4601811                    /lib/x86_64-linux-gnu/libc-2.19.so
7fb81dbc8000-7fb81ddc8000 ---p 001bb000 08:01 4601811                    /lib/x86_64-linux-gnu/libc-2.19.so
7fb81ddc8000-7fb81ddcc000 r--p 001bb000 08:01 4601811                    /lib/x86_64-linux-gnu/libc-2.19.so
7fb81ddcc000-7fb81ddce000 rw-p 001bf000 08:01 4601811                    /lib/x86_64-linux-gnu/libc-2.19.so
7fb81ddce000-7fb81ddd3000 rw-p 00000000 00:00 0 
7fb81ddd3000-7fb81ddd6000 r-xp 00000000 08:01 4601815                    /lib/x86_64-linux-gnu/libdl-2.19.so
7fb81ddd6000-7fb81dfd5000 ---p 00003000 08:01 4601815                    /lib/x86_64-linux-gnu/libdl-2.19.so
7fb81dfd5000-7fb81dfd6000 r--p 00002000 08:01 4601815                    /lib/x86_64-linux-gnu/libdl-2.19.so
7fb81dfd6000-7fb81dfd7000 rw-p 00003000 08:01 4601815                    /lib/x86_64-linux-gnu/libdl-2.19.so
7fb81dfd7000-7fb81dfed000 r-xp 00000000 08:01 3815454                    /usr/lib/jvm/java-7-oracle/jre/lib/amd64/jli/libjli.so
7fb81dfed000-7fb81e1ed000 ---p 00016000 08:01 3815454                    /usr/lib/jvm/java-7-oracle/jre/lib/amd64/jli/libjli.so
7fb81e1ed000-7fb81e1ee000 rw-p 00016000 08:01 3815454                    /usr/lib/jvm/java-7-oracle/jre/lib/amd64/jli/libjli.so
7fb81e1ee000-7fb81e207000 r-xp 00000000 08:01 4601828                    /lib/x86_64-linux-gnu/libpthread-2.19.so
7fb81e207000-7fb81e406000 ---p 00019000 08:01 4601828                    /lib/x86_64-linux-gnu/libpthread-2.19.so
7fb81e406000-7fb81e407000 r--p 00018000 08:01 4601828                    /lib/x86_64-linux-gnu/libpthread-2.19.so
7fb81e407000-7fb81e408000 rw-p 00019000 08:01 4601828                    /lib/x86_64-linux-gnu/libpthread-2.19.so
7fb81e408000-7fb81e40c000 rw-p 00000000 00:00 0 
7fb81e40c000-7fb81e42f000 r-xp 00000000 08:01 4601808                    /lib/x86_64-linux-gnu/ld-2.19.so
7fb81e42f000-7fb81e430000 rw-p 00000000 00:00 0 
7fb81e430000-7fb81e434000 r--s 000f7000 08:01 3818490                    /usr/lib/jvm/java-7-oracle/jre/lib/ext/localedata.jar
7fb81e434000-7fb81e454000 rw-p 00000000 00:00 0 
7fb81e454000-7fb81e50a000 rw-p 00000000 00:00 0 
7fb81e50a000-7fb81e50d000 ---p 00000000 00:00 0 
7fb81e50d000-7fb81e60f000 rw-p 00000000 00:00 0                          [stack:10964]
7fb81e60f000-7fb81e613000 r--s 0008b000 08:01 3818495                    /usr/lib/jvm/java-7-oracle/jre/lib/jsse.jar
7fb81e613000-7fb81e622000 r--s 000dd000 00:23 156718                     /home/johnny/Android/Sdk/build-tools/21.1.2/lib/dx.jar
7fb81e622000-7fb81e62a000 rw-s 00000000 08:01 3285567                    /tmp/hsperfdata_johnny/10955
7fb81e62a000-7fb81e62b000 rw-p 00000000 00:00 0 
7fb81e62b000-7fb81e62c000 ---p 00000000 00:00 0 
7fb81e62c000-7fb81e62e000 rw-p 00000000 00:00 0 
7fb81e62e000-7fb81e62f000 r--p 00022000 08:01 4601808                    /lib/x86_64-linux-gnu/ld-2.19.so
7fb81e62f000-7fb81e630000 rw-p 00023000 08:01 4601808                    /lib/x86_64-linux-gnu/ld-2.19.so
7fb81e630000-7fb81e631000 rw-p 00000000 00:00 0 
7fffa8a45000-7fffa8a66000 rw-p 00000000 00:00 0                          [stack]
7fffa8b0c000-7fffa8b0e000 r-xp 00000000 00:00 0                          [vdso]
ffffffffff600000-ffffffffff601000 r-xp 00000000 00:00 0                  [vsyscall]

VM Arguments:
jvm_args: -Xmx1024M 
java_command: /home/johnny/Android/Sdk/build-tools/21.1.2/lib/dx.jar --dex --no-optimize --output /home/johnny/AndroidStudioProjects/FlagMon5/app/build/intermediates/dex/debug --input-list=/home/johnny/AndroidStudioProjects/FlagMon5/app/build/intermediates/tmp/dex/debug/inputList.txt
Launcher Type: SUN_STANDARD

Environment Variables:
CLASSPATH=/home/johnny/android-studio/bin/../lib/bootstrap.jar:/home/johnny/android-studio/bin/../lib/extensions.jar:/home/johnny/android-studio/bin/../lib/util.jar:/home/johnny/android-studio/bin/../lib/jdom.jar:/home/johnny/android-studio/bin/../lib/log4j.jar:/home/johnny/android-studio/bin/../lib/trove4j.jar:/home/johnny/android-studio/bin/../lib/jna.jar:/usr/lib/jvm/java-7-oracle/lib/tools.jar
PATH=/usr/local/sbin:/usr/local/bin:/usr/sbin:/usr/bin:/sbin:/bin:/usr/games:/usr/local/games
LD_LIBRARY_PATH=/home/johnny/android-studio/bin:
SHELL=/bin/bash
DISPLAY=:0

Signal Handlers:
SIGSEGV: [libjvm.so+0x9a3bd0], sa_mask[0]=0x7ffbfeff, sa_flags=0x10000004
SIGBUS: [libjvm.so+0x9a3bd0], sa_mask[0]=0x7ffbfeff, sa_flags=0x10000004
SIGFPE: [libjvm.so+0x81cb60], sa_mask[0]=0x7ffbfeff, sa_flags=0x10000004
SIGPIPE: [libjvm.so+0x81cb60], sa_mask[0]=0x7ffbfeff, sa_flags=0x10000004
SIGXFSZ: [libjvm.so+0x81cb60], sa_mask[0]=0x7ffbfeff, sa_flags=0x10000004
SIGILL: [libjvm.so+0x81cb60], sa_mask[0]=0x7ffbfeff, sa_flags=0x10000004
SIGUSR1: SIG_DFL, sa_mask[0]=0x00000000, sa_flags=0x00000000
SIGUSR2: [libjvm.so+0x81e360], sa_mask[0]=0x00000004, sa_flags=0x10000004
SIGHUP: [libjvm.so+0x81f480], sa_mask[0]=0x7ffbfeff, sa_flags=0x10000004
SIGINT: [libjvm.so+0x81f480], sa_mask[0]=0x7ffbfeff, sa_flags=0x10000004
SIGTERM: [libjvm.so+0x81f480], sa_mask[0]=0x7ffbfeff, sa_flags=0x10000004
SIGQUIT: [libjvm.so+0x81f480], sa_mask[0]=0x7ffbfeff, sa_flags=0x10000004


---------------  S Y S T E M  ---------------

OS:jessie/sid

uname:Linux 3.13.0-45-generic #74-Ubuntu SMP Tue Jan 13 19:36:28 UTC 2015 x86_64
libc:glibc 2.19 NPTL 2.19 
rlimit: STACK 8192k, CORE 0k, NPROC 45903, NOFILE 4096, AS infinity
load average:2.03 1.72 1.47

/proc/meminfo:
MemTotal:        5905412 kB
MemFree:           96776 kB
Buffers:             348 kB
Cached:          1192460 kB
SwapCached:            0 kB
Active:          4396556 kB
Inactive:        1157852 kB
Active(anon):    4395116 kB
Inactive(anon):  1132476 kB
Active(file):       1440 kB
Inactive(file):    25376 kB
Unevictable:          32 kB
Mlocked:              32 kB
SwapTotal:             0 kB
SwapFree:              0 kB
Dirty:               200 kB
Writeback:             0 kB
AnonPages:       4361564 kB
Mapped:            84580 kB
Shmem:           1166060 kB
Slab:             115704 kB
SReclaimable:      42968 kB
SUnreclaim:        72736 kB
KernelStack:        6000 kB
PageTables:        58816 kB
NFS_Unstable:          0 kB
Bounce:                0 kB
WritebackTmp:          0 kB
CommitLimit:     2952704 kB
Committed_AS:   12667772 kB
VmallocTotal:   34359738367 kB
VmallocUsed:      554572 kB
VmallocChunk:   34359174612 kB
HardwareCorrupted:     0 kB
AnonHugePages:   1363968 kB
HugePages_Total:       0
HugePages_Free:        0
HugePages_Rsvd:        0
HugePages_Surp:        0
Hugepagesize:       2048 kB
DirectMap4k:       80128 kB
DirectMap2M:     6004736 kB


CPU:total 4 (2 cores per cpu, 2 threads per core) family 6 model 37 stepping 5, cmov, cx8, fxsr, mmx, sse, sse2, sse3, ssse3, sse4.1, sse4.2, popcnt, ht, tsc, tscinvbit

/proc/cpuinfo:
processor	: 0
vendor_id	: GenuineIntel
cpu family	: 6
model		: 37
model name	: Intel(R) Core(TM) i3 CPU       M 370  @ 2.40GHz
stepping	: 5
microcode	: 0x2
cpu MHz		: 2399.000
cache size	: 3072 KB
physical id	: 0
siblings	: 4
core id		: 0
cpu cores	: 2
apicid		: 0
initial apicid	: 0
fpu		: yes
fpu_exception	: yes
cpuid level	: 11
wp		: yes
flags		: fpu vme de pse tsc msr pae mce cx8 apic sep mtrr pge mca cmov pat pse36 clflush dts acpi mmx fxsr sse sse2 ss ht tm pbe syscall nx rdtscp lm constant_tsc arch_perfmon pebs bts rep_good nopl xtopology nonstop_tsc aperfmperf pni dtes64 monitor ds_cpl vmx est tm2 ssse3 cx16 xtpr pdcm pcid sse4_1 sse4_2 popcnt lahf_lm arat dtherm tpr_shadow vnmi flexpriority ept vpid
bogomips	: 4788.11
clflush size	: 64
cache_alignment	: 64
address sizes	: 36 bits physical, 48 bits virtual
power management:

processor	: 1
vendor_id	: GenuineIntel
cpu family	: 6
model		: 37
model name	: Intel(R) Core(TM) i3 CPU       M 370  @ 2.40GHz
stepping	: 5
microcode	: 0x2
cpu MHz		: 2399.000
cache size	: 3072 KB
physical id	: 0
siblings	: 4
core id		: 0
cpu cores	: 2
apicid		: 1
initial apicid	: 1
fpu		: yes
fpu_exception	: yes
cpuid level	: 11
wp		: yes
flags		: fpu vme de pse tsc msr pae mce cx8 apic sep mtrr pge mca cmov pat pse36 clflush dts acpi mmx fxsr sse sse2 ss ht tm pbe syscall nx rdtscp lm constant_tsc arch_perfmon pebs bts rep_good nopl xtopology nonstop_tsc aperfmperf pni dtes64 monitor ds_cpl vmx est tm2 ssse3 cx16 xtpr pdcm pcid sse4_1 sse4_2 popcnt lahf_lm arat dtherm tpr_shadow vnmi flexpriority ept vpid
bogomips	: 4788.11
clflush size	: 64
cache_alignment	: 64
address sizes	: 36 bits physical, 48 bits virtual
power management:

processor	: 2
vendor_id	: GenuineIntel
cpu family	: 6
model		: 37
model name	: Intel(R) Core(TM) i3 CPU       M 370  @ 2.40GHz
stepping	: 5
microcode	: 0x2
cpu MHz		: 2399.000
cache size	: 3072 KB
physical id	: 0
siblings	: 4
core id		: 2
cpu cores	: 2
apicid		: 4
initial apicid	: 4
fpu		: yes
fpu_exception	: yes
cpuid level	: 11
wp		: yes
flags		: fpu vme de pse tsc msr pae mce cx8 apic sep mtrr pge mca cmov pat pse36 clflush dts acpi mmx fxsr sse sse2 ss ht tm pbe syscall nx rdtscp lm constant_tsc arch_perfmon pebs bts rep_good nopl xtopology nonstop_tsc aperfmperf pni dtes64 monitor ds_cpl vmx est tm2 ssse3 cx16 xtpr pdcm pcid sse4_1 sse4_2 popcnt lahf_lm arat dtherm tpr_shadow vnmi flexpriority ept vpid
bogomips	: 4788.11
clflush size	: 64
cache_alignment	: 64
address sizes	: 36 bits physical, 48 bits virtual
power management:

processor	: 3
vendor_id	: GenuineIntel
cpu family	: 6
model		: 37
model name	: Intel(R) Core(TM) i3 CPU       M 370  @ 2.40GHz
stepping	: 5
microcode	: 0x2
cpu MHz		: 1866.000
cache size	: 3072 KB
physical id	: 0
siblings	: 4
core id		: 2
cpu cores	: 2
apicid		: 5
initial apicid	: 5
fpu		: yes
fpu_exception	: yes
cpuid level	: 11
wp		: yes
flags		: fpu vme de pse tsc msr pae mce cx8 apic sep mtrr pge mca cmov pat pse36 clflush dts acpi mmx fxsr sse sse2 ss ht tm pbe syscall nx rdtscp lm constant_tsc arch_perfmon pebs bts rep_good nopl xtopology nonstop_tsc aperfmperf pni dtes64 monitor ds_cpl vmx est tm2 ssse3 cx16 xtpr pdcm pcid sse4_1 sse4_2 popcnt lahf_lm arat dtherm tpr_shadow vnmi flexpriority ept vpid
bogomips	: 4788.11
clflush size	: 64
cache_alignment	: 64
address sizes	: 36 bits physical, 48 bits virtual
power management:



Memory: 4k page, physical 5905412k(97552k free), swap 0k(0k free)

vm_info: Java HotSpot(TM) 64-Bit Server VM (24.76-b04) for linux-amd64 JRE (1.7.0_76-b13), built on Dec 18 2014 16:58:39 by "java_re" with gcc 4.3.0 20080428 (Red Hat 4.3.0-8)

time: Wed Feb 11 18:55:59 2015
elapsed time: 4 seconds

